2019-11-04 10:57:19 | DEBUG |  ============================================================ 
2019-11-04 10:57:19 | DEBUG | DYNAWO VERSION  :     1.0.1
2019-11-04 10:57:19 | DEBUG | DYNAWO REVISION :  504_dynawo_precision-bacb807
2019-11-04 10:57:19 | DEBUG |  ============================================================ 
2019-11-04 10:57:19 | DEBUG | connecting OMEGA_REF_omega_grp_0 with GEN____1_SM_generator_omegaPu
2019-11-04 10:57:19 | DEBUG | connecting OMEGA_REF_omegaRef_grp_0 with GEN____1_SM_generator_omegaRefPu
2019-11-04 10:57:19 | DEBUG | connecting OMEGA_REF_running_grp_0 with GEN____1_SM_generator_running
2019-11-04 10:57:19 | DEBUG | connecting GEN____1_SM_generator_switchOffSignal1 with NETWORK__BUS____1_TN_switchOff
2019-11-04 10:57:19 | DEBUG | connecting GEN____1_SM_generator_terminal with NETWORK__BUS____1_TN_ACPIN
2019-11-04 10:57:19 | DEBUG | connecting OMEGA_REF_omega_grp_1 with GEN____2_SM_generator_omegaPu
2019-11-04 10:57:19 | DEBUG | connecting OMEGA_REF_omegaRef_grp_1 with GEN____2_SM_generator_omegaRefPu
2019-11-04 10:57:19 | DEBUG | connecting OMEGA_REF_running_grp_1 with GEN____2_SM_generator_running
2019-11-04 10:57:19 | DEBUG | connecting GEN____2_SM_generator_switchOffSignal1 with NETWORK__BUS____2_TN_switchOff
2019-11-04 10:57:19 | DEBUG | connecting GEN____2_SM_generator_terminal with NETWORK__BUS____2_TN_ACPIN
2019-11-04 10:57:19 | DEBUG | connecting OMEGA_REF_omega_grp_2 with GEN____3_SM_generator_omegaPu
2019-11-04 10:57:19 | DEBUG | connecting OMEGA_REF_omegaRef_grp_2 with GEN____3_SM_generator_omegaRefPu
2019-11-04 10:57:19 | DEBUG | connecting OMEGA_REF_running_grp_2 with GEN____3_SM_generator_running
2019-11-04 10:57:19 | DEBUG | connecting GEN____3_SM_generator_switchOffSignal1 with NETWORK__BUS____3_TN_switchOff
2019-11-04 10:57:19 | DEBUG | connecting GEN____3_SM_generator_terminal with NETWORK__BUS____3_TN_ACPIN
2019-11-04 10:57:19 | DEBUG | connecting OMEGA_REF_omega_grp_3 with GEN____6_SM_generator_omegaPu
2019-11-04 10:57:19 | DEBUG | connecting OMEGA_REF_omegaRef_grp_3 with GEN____6_SM_generator_omegaRefPu
2019-11-04 10:57:19 | DEBUG | connecting OMEGA_REF_running_grp_3 with GEN____6_SM_generator_running
2019-11-04 10:57:19 | DEBUG | connecting GEN____6_SM_generator_switchOffSignal1 with NETWORK__BUS____6_TN_switchOff
2019-11-04 10:57:19 | DEBUG | connecting GEN____6_SM_generator_terminal with NETWORK__BUS____6_TN_ACPIN
2019-11-04 10:57:19 | DEBUG | connecting OMEGA_REF_omega_grp_4 with GEN____8_SM_generator_omegaPu
2019-11-04 10:57:19 | DEBUG | connecting OMEGA_REF_omegaRef_grp_4 with GEN____8_SM_generator_omegaRefPu
2019-11-04 10:57:19 | DEBUG | connecting OMEGA_REF_running_grp_4 with GEN____8_SM_generator_running
2019-11-04 10:57:19 | DEBUG | connecting GEN____8_SM_generator_switchOffSignal1 with NETWORK__BUS____8_TN_switchOff
2019-11-04 10:57:19 | DEBUG | connecting GEN____8_SM_generator_terminal with NETWORK__BUS____8_TN_ACPIN
2019-11-04 10:57:19 | DEBUG | connecting LOADVAR_LOAD5_event_state1 with _LOAD___5_EC_load_PRefPu
2019-11-04 10:57:19 | DEBUG | connecting LOADVAR_LOAD5_event_state2 with _LOAD___5_EC_load_QRefPu
2019-11-04 10:57:19 | DEBUG | connecting OMEGA_REF_numcc_node_0 with NETWORK__BUS____1_TN_numcc
2019-11-04 10:57:19 | DEBUG | connecting OMEGA_REF_numcc_node_1 with NETWORK__BUS____2_TN_numcc
2019-11-04 10:57:19 | DEBUG | connecting OMEGA_REF_numcc_node_2 with NETWORK__BUS____3_TN_numcc
2019-11-04 10:57:19 | DEBUG | connecting OMEGA_REF_numcc_node_3 with NETWORK__BUS____6_TN_numcc
2019-11-04 10:57:19 | DEBUG | connecting OMEGA_REF_numcc_node_4 with NETWORK__BUS____8_TN_numcc
2019-11-04 10:57:19 | DEBUG | connecting _LOAD__10_EC_load_terminal with NETWORK__BUS___10_TN_ACPIN
2019-11-04 10:57:19 | DEBUG | connecting _LOAD__11_EC_load_terminal with NETWORK__BUS___11_TN_ACPIN
2019-11-04 10:57:19 | DEBUG | connecting _LOAD__12_EC_load_terminal with NETWORK__BUS___12_TN_ACPIN
2019-11-04 10:57:19 | DEBUG | connecting _LOAD__13_EC_load_terminal with NETWORK__BUS___13_TN_ACPIN
2019-11-04 10:57:19 | DEBUG | connecting _LOAD__14_EC_load_terminal with NETWORK__BUS___14_TN_ACPIN
2019-11-04 10:57:19 | DEBUG | connecting _LOAD___2_EC_load_terminal with NETWORK__BUS____2_TN_ACPIN
2019-11-04 10:57:19 | DEBUG | connecting _LOAD___3_EC_load_terminal with NETWORK__BUS____3_TN_ACPIN
2019-11-04 10:57:19 | DEBUG | connecting _LOAD___4_EC_load_terminal with NETWORK__BUS____4_TN_ACPIN
2019-11-04 10:57:19 | DEBUG | connecting _LOAD___5_EC_load_terminal with NETWORK__BUS____5_TN_ACPIN
2019-11-04 10:57:19 | DEBUG | connecting _LOAD___6_EC_load_terminal with NETWORK__BUS____6_TN_ACPIN
2019-11-04 10:57:19 | DEBUG | connecting _LOAD___9_EC_load_terminal with NETWORK__BUS____9_TN_ACPIN
2019-11-04 10:57:19 | INFO | adding curve : Id: NETWORK; curve: _BUS____1_TN_Upu_value found. (exact name)
2019-11-04 10:57:19 | INFO | adding curve : Id: NETWORK; curve: _BUS____2_TN_Upu_value found. (exact name)
2019-11-04 10:57:19 | INFO | adding curve : Id: NETWORK; curve: _BUS____3_TN_Upu_value found. (exact name)
2019-11-04 10:57:19 | INFO | adding curve : Id: NETWORK; curve: _BUS____4_TN_Upu_value found. (exact name)
2019-11-04 10:57:19 | INFO | adding curve : Id: NETWORK; curve: _BUS____5_TN_Upu_value found. (exact name)
2019-11-04 10:57:19 | INFO | adding curve : Id: NETWORK; curve: _BUS____6_TN_Upu_value found. (exact name)
2019-11-04 10:57:19 | INFO | adding curve : Id: NETWORK; curve: _BUS____7_TN_Upu_value found. (exact name)
2019-11-04 10:57:19 | INFO | adding curve : Id: NETWORK; curve: _BUS____8_TN_Upu_value found. (exact name)
2019-11-04 10:57:19 | INFO | adding curve : Id: NETWORK; curve: _BUS____9_TN_Upu_value found. (exact name)
2019-11-04 10:57:19 | INFO | adding curve : Id: NETWORK; curve: _BUS___10_TN_Upu_value found. (exact name)
2019-11-04 10:57:19 | INFO | adding curve : Id: NETWORK; curve: _BUS___11_TN_Upu_value found. (exact name)
2019-11-04 10:57:19 | INFO | adding curve : Id: NETWORK; curve: _BUS___12_TN_Upu_value found. (exact name)
2019-11-04 10:57:19 | INFO | adding curve : Id: NETWORK; curve: _BUS___13_TN_Upu_value found. (exact name)
2019-11-04 10:57:19 | INFO | adding curve : Id: NETWORK; curve: _BUS___14_TN_Upu_value found. (exact name)
2019-11-04 10:57:19 | INFO | adding curve : Id: GEN____1_SM; output: generator_omegaPu found.( generator_omegaPu_value )
2019-11-04 10:57:19 | INFO | adding curve : Id: GEN____2_SM; output: generator_omegaPu found.( generator_omegaPu_value )
2019-11-04 10:57:19 | INFO | adding curve : Id: GEN____3_SM; output: generator_omegaPu found.( generator_omegaPu_value )
2019-11-04 10:57:19 | INFO | adding curve : Id: GEN____6_SM; output: generator_omegaPu found.( generator_omegaPu_value )
2019-11-04 10:57:19 | INFO | adding curve : Id: GEN____8_SM; output: generator_omegaPu found.( generator_omegaPu_value )
2019-11-04 10:57:19 | INFO | adding curve : Id: GEN____1_SM; curve: generator_PGen found. (exact name)
2019-11-04 10:57:19 | INFO | adding curve : Id: GEN____6_SM; curve: generator_PGen found. (exact name)
2019-11-04 10:57:19 | INFO | adding curve : Id: GEN____2_SM; curve: generator_PGen found. (exact name)
2019-11-04 10:57:19 | INFO | adding curve : Id: GEN____3_SM; curve: generator_PGen found. (exact name)
2019-11-04 10:57:19 | INFO | adding curve : Id: GEN____8_SM; curve: generator_PGen found. (exact name)
2019-11-04 10:57:19 | INFO | adding curve : Id: GEN____1_SM; curve: generator_QGen found. (exact name)
2019-11-04 10:57:19 | INFO | adding curve : Id: GEN____2_SM; curve: generator_QGen found. (exact name)
2019-11-04 10:57:19 | INFO | adding curve : Id: GEN____3_SM; curve: generator_QGen found. (exact name)
2019-11-04 10:57:19 | INFO | adding curve : Id: GEN____6_SM; curve: generator_QGen found. (exact name)
2019-11-04 10:57:19 | INFO | adding curve : Id: GEN____8_SM; curve: generator_QGen found. (exact name)
2019-11-04 10:57:19 | INFO | adding curve : Id: _LOAD___5_EC; curve: load_PPu found. (exact name)
2019-11-04 10:57:19 | INFO | adding curve : Id: _LOAD___5_EC; curve: load_QPu found. (exact name)
2019-11-04 10:57:19 | INFO | adding curve : Id: NETWORK; output: _BUS____5-BUS____6-1_PT_step found.( _BUS____5-BUS____6-1_PT_step_value )
2019-11-04 10:57:19 | DEBUG | nbSubNetwork = 1 nbsub = 1
2019-11-04 10:57:19 | DEBUG | subNetwork[0] nbBus = 14
2019-11-04 10:57:19 | DEBUG | keep SubNetworks num : 0
2019-11-04 10:57:19 | DEBUG | generator_Cm0Pu same value as Pm_Value0
2019-11-04 10:57:19 | DEBUG | generator_Pm0Pu same value as Pm_Value0
2019-11-04 10:57:19 | DEBUG | governor_Pm0Pu same value as Pm_Value0
2019-11-04 10:57:19 | DEBUG | voltageRegulator_UsRef0Pu same value as URef_Value0
2019-11-04 10:57:19 | DEBUG | generator_LambdaQ10Pu same value as generator_LambdaQ20Pu
2019-11-04 10:57:19 | DEBUG | generator_sStator0Pu_im opposite value of generator_QStator0Pu
2019-11-04 10:57:19 | DEBUG | generator_Theta0 same value as generator_ThetaInternal0
2019-11-04 10:57:19 | DEBUG | voltageRegulator_u0_im same value as generator_uStator0Pu_im
2019-11-04 10:57:19 | DEBUG | voltageRegulator_u0_re same value as generator_uStator0Pu_re
2019-11-04 10:57:19 | DEBUG | voltageRegulator_limiterWithLag_y0 same value as voltageRegulator_Efd0Pu
2019-11-04 10:57:19 | DEBUG | generator_Efd0Pu same value as voltageRegulator_Efd0PuLF
2019-11-04 10:57:19 | DEBUG | voltageRegulator_limiterWithLag_u0 same value as voltageRegulator_Efd0PuLF
2019-11-04 10:57:19 | DEBUG | voltageRegulator_limiterWithLag_y0LF same value as voltageRegulator_Efd0PuLF
2019-11-04 10:57:19 | DEBUG | voltageRegulator_tEfdMaxReached0 same value as voltageRegulator_limiterWithLag_tUMaxReached0
2019-11-04 10:57:19 | DEBUG | voltageRegulator_tEfdMinReached0 same value as voltageRegulator_limiterWithLag_tUMinReached0
2019-11-04 10:57:19 | DEBUG | generator_Cm0Pu same value as Pm_Value0
2019-11-04 10:57:19 | DEBUG | generator_Pm0Pu same value as Pm_Value0
2019-11-04 10:57:19 | DEBUG | governor_Pm0Pu same value as Pm_Value0
2019-11-04 10:57:19 | DEBUG | voltageRegulator_UsRef0Pu same value as URef_Value0
2019-11-04 10:57:19 | DEBUG | generator_LambdaQ10Pu same value as generator_LambdaQ20Pu
2019-11-04 10:57:19 | DEBUG | generator_sStator0Pu_im opposite value of generator_QStator0Pu
2019-11-04 10:57:19 | DEBUG | generator_Theta0 same value as generator_ThetaInternal0
2019-11-04 10:57:19 | DEBUG | voltageRegulator_u0_im same value as generator_uStator0Pu_im
2019-11-04 10:57:19 | DEBUG | voltageRegulator_u0_re same value as generator_uStator0Pu_re
2019-11-04 10:57:19 | DEBUG | voltageRegulator_limiterWithLag_y0 same value as voltageRegulator_Efd0Pu
2019-11-04 10:57:19 | DEBUG | generator_Efd0Pu same value as voltageRegulator_Efd0PuLF
2019-11-04 10:57:19 | DEBUG | voltageRegulator_limiterWithLag_u0 same value as voltageRegulator_Efd0PuLF
2019-11-04 10:57:19 | DEBUG | voltageRegulator_limiterWithLag_y0LF same value as voltageRegulator_Efd0PuLF
2019-11-04 10:57:19 | DEBUG | voltageRegulator_tEfdMaxReached0 same value as voltageRegulator_limiterWithLag_tUMaxReached0
2019-11-04 10:57:19 | DEBUG | voltageRegulator_tEfdMinReached0 same value as voltageRegulator_limiterWithLag_tUMinReached0
2019-11-04 10:57:19 | DEBUG | generator_Cm0Pu same value as Pm_Value0
2019-11-04 10:57:19 | DEBUG | generator_Pm0Pu same value as Pm_Value0
2019-11-04 10:57:19 | DEBUG | governor_Pm0Pu same value as Pm_Value0
2019-11-04 10:57:19 | DEBUG | voltageRegulator_UsRef0Pu same value as URef_Value0
2019-11-04 10:57:19 | DEBUG | generator_LambdaQ10Pu same value as generator_LambdaQ20Pu
2019-11-04 10:57:19 | DEBUG | generator_sStator0Pu_im opposite value of generator_QStator0Pu
2019-11-04 10:57:19 | DEBUG | generator_Theta0 same value as generator_ThetaInternal0
2019-11-04 10:57:19 | DEBUG | voltageRegulator_u0_im same value as generator_uStator0Pu_im
2019-11-04 10:57:19 | DEBUG | voltageRegulator_u0_re same value as generator_uStator0Pu_re
2019-11-04 10:57:19 | DEBUG | voltageRegulator_limiterWithLag_y0 same value as voltageRegulator_Efd0Pu
2019-11-04 10:57:19 | DEBUG | generator_Efd0Pu same value as voltageRegulator_Efd0PuLF
2019-11-04 10:57:19 | DEBUG | voltageRegulator_limiterWithLag_u0 same value as voltageRegulator_Efd0PuLF
2019-11-04 10:57:19 | DEBUG | voltageRegulator_limiterWithLag_y0LF same value as voltageRegulator_Efd0PuLF
2019-11-04 10:57:19 | DEBUG | voltageRegulator_tEfdMaxReached0 same value as voltageRegulator_limiterWithLag_tUMaxReached0
2019-11-04 10:57:19 | DEBUG | voltageRegulator_tEfdMinReached0 same value as voltageRegulator_limiterWithLag_tUMinReached0
2019-11-04 10:57:19 | DEBUG | generator_Cm0Pu same value as Pm_Value0
2019-11-04 10:57:19 | DEBUG | generator_Pm0Pu same value as Pm_Value0
2019-11-04 10:57:19 | DEBUG | governor_Pm0Pu same value as Pm_Value0
2019-11-04 10:57:19 | DEBUG | voltageRegulator_UsRef0Pu same value as URef_Value0
2019-11-04 10:57:19 | DEBUG | generator_LambdaQ10Pu same value as generator_LambdaQ20Pu
2019-11-04 10:57:19 | DEBUG | generator_sStator0Pu_im opposite value of generator_QStator0Pu
2019-11-04 10:57:19 | DEBUG | generator_Theta0 same value as generator_ThetaInternal0
2019-11-04 10:57:19 | DEBUG | voltageRegulator_u0_im same value as generator_uStator0Pu_im
2019-11-04 10:57:19 | DEBUG | voltageRegulator_u0_re same value as generator_uStator0Pu_re
2019-11-04 10:57:19 | DEBUG | voltageRegulator_limiterWithLag_y0 same value as voltageRegulator_Efd0Pu
2019-11-04 10:57:19 | DEBUG | generator_Efd0Pu same value as voltageRegulator_Efd0PuLF
2019-11-04 10:57:19 | DEBUG | voltageRegulator_limiterWithLag_u0 same value as voltageRegulator_Efd0PuLF
2019-11-04 10:57:19 | DEBUG | voltageRegulator_limiterWithLag_y0LF same value as voltageRegulator_Efd0PuLF
2019-11-04 10:57:19 | DEBUG | voltageRegulator_tEfdMaxReached0 same value as voltageRegulator_limiterWithLag_tUMaxReached0
2019-11-04 10:57:19 | DEBUG | voltageRegulator_tEfdMinReached0 same value as voltageRegulator_limiterWithLag_tUMinReached0
2019-11-04 10:57:19 | DEBUG | generator_Cm0Pu same value as Pm_Value0
2019-11-04 10:57:19 | DEBUG | generator_Pm0Pu same value as Pm_Value0
2019-11-04 10:57:19 | DEBUG | governor_Pm0Pu same value as Pm_Value0
2019-11-04 10:57:19 | DEBUG | voltageRegulator_UsRef0Pu same value as URef_Value0
2019-11-04 10:57:19 | DEBUG | generator_LambdaQ10Pu same value as generator_LambdaQ20Pu
2019-11-04 10:57:19 | DEBUG | generator_sStator0Pu_im opposite value of generator_QStator0Pu
2019-11-04 10:57:19 | DEBUG | generator_Theta0 same value as generator_ThetaInternal0
2019-11-04 10:57:19 | DEBUG | voltageRegulator_u0_im same value as generator_uStator0Pu_im
2019-11-04 10:57:19 | DEBUG | voltageRegulator_u0_re same value as generator_uStator0Pu_re
2019-11-04 10:57:19 | DEBUG | voltageRegulator_limiterWithLag_y0 same value as voltageRegulator_Efd0Pu
2019-11-04 10:57:19 | DEBUG | generator_Efd0Pu same value as voltageRegulator_Efd0PuLF
2019-11-04 10:57:19 | DEBUG | voltageRegulator_limiterWithLag_u0 same value as voltageRegulator_Efd0PuLF
2019-11-04 10:57:19 | DEBUG | voltageRegulator_limiterWithLag_y0LF same value as voltageRegulator_Efd0PuLF
2019-11-04 10:57:19 | DEBUG | voltageRegulator_tEfdMaxReached0 same value as voltageRegulator_limiterWithLag_tUMaxReached0
2019-11-04 10:57:19 | DEBUG | voltageRegulator_tEfdMinReached0 same value as voltageRegulator_limiterWithLag_tUMinReached0
2019-11-04 10:57:19 | DEBUG | call of SolverReInit ie a new symbolic and numerical factorization will be performed
2019-11-04 10:57:19 | DEBUG | -----------------------------------------------------------------------
2019-11-04 10:57:19 | DEBUG | number of continuous variables : 401 (display limited to 4 variables)
2019-11-04 10:57:19 | DEBUG | number of discrete variables : 233
2019-11-04 10:57:19 | DEBUG | -----------------------------------------------------------------------
2019-11-04 10:57:19 | DEBUG |     t              y1            y2            y3            y4      | nst k      h
2019-11-04 10:57:19 | DEBUG | -----------------------------------------------------------------------
2019-11-04 10:57:19 | DEBUG |        0.000  1.014792e+00 -2.737274e-01 -6.830820e-02  7.559011e-02 |   0 0 3.166228e-04 
2019-11-04 10:57:19 | DEBUG |        0.000  1.014792e+00 -2.737274e-01 -6.830819e-02  7.559010e-02 |   1 1 3.166228e-04 
2019-11-04 10:57:19 | DEBUG |        0.001  1.014791e+00 -2.737274e-01 -6.830819e-02  7.559009e-02 |   2 1 3.166228e-04 
2019-11-04 10:57:19 | DEBUG |        0.001  1.014791e+00 -2.737274e-01 -6.830818e-02  7.559008e-02 |   3 2 6.332455e-04 
2019-11-04 10:57:19 | DEBUG |        0.003  1.014791e+00 -2.737273e-01 -6.830817e-02  7.559005e-02 |   4 2 1.266491e-03 
2019-11-04 10:57:19 | DEBUG |        0.005  1.014790e+00 -2.737273e-01 -6.830815e-02  7.559000e-02 |   5 2 2.532982e-03 
2019-11-04 10:57:19 | DEBUG |        0.010  1.014789e+00 -2.737273e-01 -6.830810e-02  7.558993e-02 |   6 2 5.065964e-03 
2019-11-04 10:57:19 | DEBUG |        0.020  1.014787e+00 -2.737274e-01 -6.830804e-02  7.558983e-02 |   7 2 1.013193e-02 
2019-11-04 10:57:19 | DEBUG | Algebraic mode change for model GEN____3_SM
2019-11-04 10:57:19 | DEBUG |        0.037  1.014787e+00 -2.737277e-01 -6.830799e-02  7.558979e-02 |   8 2 2.026386e-02 
2019-11-04 10:57:19 | DEBUG | calculation of the new starting point of the simulation.
2019-11-04 10:57:19 | DEBUG |        0.037  1.014787e+00 -2.737277e-01 -6.830799e-02  7.558979e-02 |   0 0 0.000000e+00 
2019-11-04 10:57:19 | DEBUG |        0.037  1.014787e+00 -2.737277e-01 -6.830799e-02  7.558979e-02 |   1 1 3.281996e-04 
2019-11-04 10:57:19 | DEBUG |        0.037  1.014787e+00 -2.737277e-01 -6.830799e-02  7.558979e-02 |   2 1 3.281996e-04 
2019-11-04 10:57:19 | DEBUG |        0.038  1.014787e+00 -2.737277e-01 -6.830799e-02  7.558980e-02 |   3 2 6.563993e-04 
2019-11-04 10:57:19 | DEBUG |        0.039  1.014787e+00 -2.737278e-01 -6.830798e-02  7.558980e-02 |   4 2 1.312799e-03 
2019-11-04 10:57:19 | DEBUG |        0.042  1.014787e+00 -2.737278e-01 -6.830798e-02  7.558981e-02 |   5 2 2.625597e-03 
2019-11-04 10:57:19 | DEBUG |        0.047  1.014787e+00 -2.737280e-01 -6.830798e-02  7.558984e-02 |   6 2 5.251194e-03 
2019-11-04 10:57:19 | DEBUG |        0.058  1.014788e+00 -2.737284e-01 -6.830798e-02  7.558993e-02 |   7 2 1.050239e-02 
2019-11-04 10:57:19 | DEBUG |        0.079  1.014790e+00 -2.737294e-01 -6.830799e-02  7.559014e-02 |   8 2 2.100478e-02 
2019-11-04 10:57:19 | DEBUG |        0.121  1.014794e+00 -2.737316e-01 -6.830802e-02  7.559064e-02 |   9 2 4.200955e-02 
2019-11-04 10:57:19 | DEBUG |        0.205  1.014803e+00 -2.737365e-01 -6.830803e-02  7.559166e-02 |  10 2 8.401911e-02 
2019-11-04 10:57:19 | DEBUG |        0.373  1.014812e+00 -2.737457e-01 -6.830776e-02  7.559303e-02 |  11 1 1.680382e-01 
2019-11-04 10:57:19 | DEBUG |        0.709  1.014817e+00 -2.737551e-01 -6.830736e-02  7.559419e-02 |  12 1 3.360764e-01 
2019-11-04 10:57:19 | DEBUG | Algebraic mode change for model GEN____3_SM
2019-11-04 10:57:19 | DEBUG |        1.068  1.014819e+00 -2.737561e-01 -6.830734e-02  7.559437e-02 |  13 1 6.721528e-01 
2019-11-04 10:57:19 | DEBUG | calculation of the new starting point of the simulation.
2019-11-04 10:57:19 | DEBUG |        1.068  1.014819e+00 -2.737561e-01 -6.830734e-02  7.559437e-02 |   0 0 0.000000e+00 
2019-11-04 10:57:19 | DEBUG |        1.069  1.014819e+00 -2.737561e-01 -6.830734e-02  7.559437e-02 |   1 1 6.548735e-04 
2019-11-04 10:57:19 | DEBUG |        1.070  1.014819e+00 -2.737561e-01 -6.830734e-02  7.559437e-02 |   2 1 6.548735e-04 
2019-11-04 10:57:19 | DEBUG |        1.071  1.014819e+00 -2.737562e-01 -6.830734e-02  7.559437e-02 |   3 2 1.309747e-03 
2019-11-04 10:57:19 | DEBUG |        1.074  1.014819e+00 -2.737562e-01 -6.830734e-02  7.559438e-02 |   4 2 2.619494e-03 
2019-11-04 10:57:19 | DEBUG |        1.079  1.014819e+00 -2.737563e-01 -6.830734e-02  7.559439e-02 |   5 2 5.238988e-03 
2019-11-04 10:57:19 | DEBUG |        1.089  1.014819e+00 -2.737564e-01 -6.830733e-02  7.559441e-02 |   6 2 1.047798e-02 
2019-11-04 10:57:19 | DEBUG |        1.110  1.014819e+00 -2.737567e-01 -6.830732e-02  7.559444e-02 |   7 2 2.095595e-02 
2019-11-04 10:57:19 | DEBUG |        1.152  1.014819e+00 -2.737571e-01 -6.830730e-02  7.559450e-02 |   8 2 4.191190e-02 
2019-11-04 10:57:19 | DEBUG |        1.236  1.014820e+00 -2.737578e-01 -6.830727e-02  7.559458e-02 |   9 2 8.382380e-02 
2019-11-04 10:57:19 | DEBUG |        1.404  1.014820e+00 -2.737581e-01 -6.830727e-02  7.559463e-02 |  10 2 1.676476e-01 
2019-11-04 10:57:19 | DEBUG |        1.739  1.014821e+00 -2.737570e-01 -6.830736e-02  7.559457e-02 |  11 2 3.352952e-01 
2019-11-04 10:57:19 | DEBUG |        2.409  1.014820e+00 -2.737572e-01 -6.830733e-02  7.559457e-02 |  12 1 6.705904e-01 
2019-11-04 10:57:19 | DEBUG |        3.751  1.014820e+00 -2.737594e-01 -6.830717e-02  7.559472e-02 |  13 1 1.341181e+00 
2019-11-04 10:57:19 | DEBUG |        6.433  1.014819e+00 -2.737610e-01 -6.830705e-02  7.559482e-02 |  14 1 2.682362e+00 
2019-11-04 10:57:19 | DEBUG |       11.798  1.014819e+00 -2.737619e-01 -6.830698e-02  7.559488e-02 |  15 1 5.364723e+00 
2019-11-04 10:57:19 | DEBUG | Algebraic mode change for model _LOAD___5_EC
2019-11-04 10:57:19 | DEBUG |       20.000  1.014819e+00 -2.737621e-01 -6.830696e-02  7.559490e-02 |  16 1 1.000000e+01 
2019-11-04 10:57:19 | DEBUG | calculation of the new starting point of the simulation.
2019-11-04 10:57:19 | DEBUG | call of SolverReInit ie a new symbolic and numerical factorization will be performed
2019-11-04 10:57:19 | DEBUG |       20.000  9.966660e-01 -2.657199e-01 -6.814960e-02  7.370062e-02 |   0 0 0.000000e+00 
2019-11-04 10:57:19 | DEBUG |       20.004  9.965131e-01 -2.656125e-01 -6.815076e-02  7.368128e-02 |   1 1 3.619498e-03 
2019-11-04 10:57:19 | DEBUG | Algebraic mode change for model GEN____8_SM
2019-11-04 10:57:19 | DEBUG |       20.007  9.964105e-01 -2.655365e-01 -6.815179e-02  7.366797e-02 |   2 1 3.619498e-03 
2019-11-04 10:57:19 | DEBUG | calculation of the new starting point of the simulation.
2019-11-04 10:57:19 | DEBUG |       20.007  9.964105e-01 -2.655365e-01 -6.815179e-02  7.366797e-02 |   0 0 0.000000e+00 
2019-11-04 10:57:19 | DEBUG |       20.011  9.962865e-01 -2.654387e-01 -6.815340e-02  7.365137e-02 |   1 1 4.140833e-03 
2019-11-04 10:57:19 | DEBUG | Algebraic mode change for model GEN____6_SM
2019-11-04 10:57:19 | DEBUG |       20.014  9.962075e-01 -2.653700e-01 -6.815484e-02  7.364024e-02 |   2 1 4.140833e-03 
2019-11-04 10:57:19 | DEBUG | calculation of the new starting point of the simulation.
2019-11-04 10:57:19 | DEBUG |       20.014  9.962075e-01 -2.653700e-01 -6.815484e-02  7.364024e-02 |   0 0 0.000000e+00 
2019-11-04 10:57:19 | DEBUG |       20.019  9.961198e-01 -2.652839e-01 -6.815707e-02  7.362704e-02 |   1 1 4.700890e-03 
2019-11-04 10:57:19 | DEBUG |       20.023  9.960584e-01 -2.652094e-01 -6.815954e-02  7.361658e-02 |   2 1 4.700890e-03 
2019-11-04 10:57:19 | DEBUG |       20.033  9.959880e-01 -2.650823e-01 -6.816504e-02  7.360100e-02 |   3 2 9.401781e-03 
2019-11-04 10:57:19 | DEBUG |       20.052  9.960463e-01 -2.649034e-01 -6.817865e-02  7.358946e-02 |   4 2 1.880356e-02 
2019-11-04 10:57:19 | DEBUG |       20.089  9.966021e-01 -2.646717e-01 -6.821425e-02  7.360625e-02 |   5 2 3.760712e-02 
2019-11-04 10:57:19 | DEBUG |       20.127  9.974758e-01 -2.644929e-01 -6.825834e-02  7.364866e-02 |   6 2 3.760712e-02 
2019-11-04 10:57:19 | DEBUG |       20.164  9.984310e-01 -2.642836e-01 -6.830740e-02  7.369391e-02 |   7 2 3.760712e-02 
2019-11-04 10:57:19 | DEBUG |       20.202  9.993550e-01 -2.640252e-01 -6.835841e-02  7.373290e-02 |   8 2 3.760712e-02 
2019-11-04 10:57:19 | DEBUG |       20.277  1.000957e+00 -2.634424e-01 -6.845544e-02  7.378906e-02 |   9 2 7.521425e-02 
2019-11-04 10:57:19 | DEBUG |       20.352  1.002236e+00 -2.628812e-01 -6.853899e-02  7.382585e-02 |  10 2 7.521425e-02 
2019-11-04 10:57:19 | DEBUG |       20.428  1.003204e+00 -2.624591e-01 -6.860203e-02  7.385402e-02 |  11 2 7.521425e-02 
2019-11-04 10:57:19 | DEBUG | Algebraic mode change for model GEN____3_SM
2019-11-04 10:57:19 | DEBUG |       20.431  1.003240e+00 -2.624455e-01 -6.860424e-02  7.385523e-02 |  12 2 7.521425e-02 
2019-11-04 10:57:19 | DEBUG | calculation of the new starting point of the simulation.
2019-11-04 10:57:19 | DEBUG |       20.431  1.003240e+00 -2.624458e-01 -6.860423e-02  7.385526e-02 |   0 0 0.000000e+00 
2019-11-04 10:57:19 | DEBUG |       20.438  1.003309e+00 -2.624174e-01 -6.860860e-02  7.385741e-02 |   1 1 6.658138e-03 
2019-11-04 10:57:19 | DEBUG |       20.444  1.003376e+00 -2.623911e-01 -6.861276e-02  7.385958e-02 |   2 1 6.658138e-03 
2019-11-04 10:57:19 | DEBUG |       20.458  1.003504e+00 -2.623433e-01 -6.862060e-02  7.386402e-02 |   3 2 1.331628e-02 
2019-11-04 10:57:19 | DEBUG | Algebraic mode change for model GEN____6_SM
2019-11-04 10:57:19 | DEBUG |       20.478  1.003688e+00 -2.622845e-01 -6.863121e-02  7.387122e-02 |   4 2 2.663255e-02 
2019-11-04 10:57:19 | DEBUG | calculation of the new starting point of the simulation.
2019-11-04 10:57:19 | DEBUG |       20.478  1.003688e+00 -2.622845e-01 -6.863121e-02  7.387122e-02 |   0 0 0.000000e+00 
2019-11-04 10:57:19 | DEBUG |       20.485  1.003743e+00 -2.622704e-01 -6.863414e-02  7.387366e-02 |   1 1 6.705723e-03 
2019-11-04 10:57:19 | DEBUG |       20.492  1.003796e+00 -2.622584e-01 -6.863688e-02  7.387613e-02 |   2 1 6.705723e-03 
2019-11-04 10:57:19 | DEBUG |       20.505  1.003897e+00 -2.622389e-01 -6.864190e-02  7.388121e-02 |   3 2 1.341145e-02 
2019-11-04 10:57:19 | DEBUG |       20.532  1.004079e+00 -2.622225e-01 -6.864973e-02  7.389193e-02 |   4 2 2.682289e-02 
2019-11-04 10:57:19 | DEBUG |       20.586  1.004371e+00 -2.622686e-01 -6.865767e-02  7.391536e-02 |   5 2 5.364578e-02 
2019-11-04 10:57:19 | DEBUG |       20.693  1.004746e+00 -2.625653e-01 -6.865267e-02  7.396575e-02 |   6 2 1.072916e-01 
2019-11-04 10:57:19 | DEBUG | Algebraic mode change for model GEN____8_SM
2019-11-04 10:57:19 | DEBUG |       20.701  1.004768e+00 -2.625946e-01 -6.865162e-02  7.396973e-02 |   7 2 1.072916e-01 
2019-11-04 10:57:19 | DEBUG | calculation of the new starting point of the simulation.
2019-11-04 10:57:19 | DEBUG |       20.701  1.004768e+00 -2.625946e-01 -6.865162e-02  7.396973e-02 |   0 0 0.000000e+00 
2019-11-04 10:57:19 | DEBUG |       20.708  1.004781e+00 -2.626243e-01 -6.865018e-02  7.397310e-02 |   1 1 6.796767e-03 
2019-11-04 10:57:19 | DEBUG |       20.715  1.004792e+00 -2.626544e-01 -6.864870e-02  7.397647e-02 |   2 1 6.796767e-03 
2019-11-04 10:57:19 | DEBUG |       20.729  1.004815e+00 -2.627151e-01 -6.864565e-02  7.398315e-02 |   3 2 1.359353e-02 
2019-11-04 10:57:19 | DEBUG |       20.756  1.004853e+00 -2.628377e-01 -6.863926e-02  7.399625e-02 |   4 2 2.718707e-02 
2019-11-04 10:57:19 | DEBUG | Algebraic mode change for model GEN____6_SM
2019-11-04 10:57:19 | DEBUG |       20.757  1.004855e+00 -2.628427e-01 -6.863899e-02  7.399677e-02 |   5 2 5.437414e-02 
2019-11-04 10:57:19 | DEBUG | calculation of the new starting point of the simulation.
2019-11-04 10:57:19 | DEBUG |       20.757  1.004855e+00 -2.628427e-01 -6.863899e-02  7.399677e-02 |   0 0 0.000000e+00 
2019-11-04 10:57:19 | DEBUG |       20.764  1.004863e+00 -2.628735e-01 -6.863733e-02  7.399997e-02 |   1 1 6.817295e-03 
2019-11-04 10:57:19 | DEBUG |       20.771  1.004871e+00 -2.629042e-01 -6.863567e-02  7.400313e-02 |   2 1 6.817295e-03 
2019-11-04 10:57:19 | DEBUG |       20.784  1.004887e+00 -2.629650e-01 -6.863235e-02  7.400936e-02 |   3 2 1.363459e-02 
2019-11-04 10:57:19 | DEBUG |       20.811  1.004914e+00 -2.630819e-01 -6.862592e-02  7.402124e-02 |   4 2 2.726918e-02 
2019-11-04 10:57:19 | DEBUG |       20.866  1.004966e+00 -2.632866e-01 -6.861475e-02  7.404222e-02 |   5 2 5.453836e-02 
2019-11-04 10:57:19 | DEBUG | Algebraic mode change for model GEN____8_SM
2019-11-04 10:57:19 | DEBUG |       20.942  1.005043e+00 -2.634873e-01 -6.860480e-02  7.406458e-02 |   6 2 1.090767e-01 
2019-11-04 10:57:19 | DEBUG | calculation of the new starting point of the simulation.
2019-11-04 10:57:19 | DEBUG | Algebraic mode change for model GEN____8_SM
2019-11-04 10:57:19 | DEBUG |       20.942  1.005043e+00 -2.634873e-01 -6.860480e-02  7.406458e-02 |   0 0 0.000000e+00 
2019-11-04 10:57:19 | DEBUG | Algebraic mode change for model GEN____8_SM
2019-11-04 10:57:19 | DEBUG |       20.942  1.005043e+00 -2.634873e-01 -6.860480e-02  7.406458e-02 |   1 1 6.869676e-03 
2019-11-04 10:57:19 | DEBUG | calculation of the new starting point of the simulation.
2019-11-04 10:57:19 | DEBUG |       20.942  1.005043e+00 -2.634873e-01 -6.860480e-02  7.406458e-02 |   0 0 0.000000e+00 
2019-11-04 10:57:19 | DEBUG |       20.949  1.005050e+00 -2.635011e-01 -6.860417e-02  7.406620e-02 |   1 1 6.869676e-03 
2019-11-04 10:57:19 | DEBUG |       20.956  1.005057e+00 -2.635138e-01 -6.860362e-02  7.406776e-02 |   2 1 6.869676e-03 
2019-11-04 10:57:19 | DEBUG |       20.969  1.005071e+00 -2.635368e-01 -6.860268e-02  7.407069e-02 |   3 2 1.373935e-02 
2019-11-04 10:57:19 | DEBUG |       20.997  1.005103e+00 -2.635710e-01 -6.860166e-02  7.407570e-02 |   4 2 2.747870e-02 
2019-11-04 10:57:19 | DEBUG |       21.052  1.005176e+00 -2.635948e-01 -6.860287e-02  7.408264e-02 |   5 2 5.495741e-02 
2019-11-04 10:57:19 | DEBUG |       21.162  1.005357e+00 -2.635033e-01 -6.861543e-02  7.408680e-02 |   6 2 1.099148e-01 
2019-11-04 10:57:19 | DEBUG |       21.272  1.005558e+00 -2.632848e-01 -6.863689e-02  7.408149e-02 |   7 2 1.099148e-01 
2019-11-04 10:57:19 | DEBUG |       21.381  1.005744e+00 -2.630156e-01 -6.866102e-02  7.407082e-02 |   8 2 1.099148e-01 
2019-11-04 10:57:19 | DEBUG |       21.491  1.005881e+00 -2.627596e-01 -6.868247e-02  7.405801e-02 |   9 2 1.099148e-01 
2019-11-04 10:57:19 | DEBUG |       21.601  1.005948e+00 -2.625591e-01 -6.869780e-02  7.404532e-02 |  10 2 1.099148e-01 
2019-11-04 10:57:19 | DEBUG |       21.711  1.005946e+00 -2.624314e-01 -6.870586e-02  7.403420e-02 |  11 2 1.099148e-01 
2019-11-04 10:57:19 | DEBUG |       21.931  1.005859e+00 -2.623058e-01 -6.871066e-02  7.401765e-02 |  12 2 2.198296e-01 
2019-11-04 10:57:19 | DEBUG |       22.129  1.005804e+00 -2.622157e-01 -6.871435e-02  7.400624e-02 |  13 2 1.978467e-01 
2019-11-04 10:57:19 | DEBUG |       22.327  1.005890e+00 -2.620184e-01 -6.873017e-02  7.399510e-02 |  14 1 1.978467e-01 
2019-11-04 10:57:19 | DEBUG |       22.525  1.005997e+00 -2.618365e-01 -6.874576e-02  7.398663e-02 |  15 1 1.978467e-01 
2019-11-04 10:57:19 | DEBUG |       22.722  1.006063e+00 -2.617433e-01 -6.875417e-02  7.398305e-02 |  16 1 1.978467e-01 
2019-11-04 10:57:19 | DEBUG |       23.118  1.006090e+00 -2.617004e-01 -6.875793e-02  7.398121e-02 |  17 1 3.956933e-01 
2019-11-04 10:57:19 | DEBUG |       23.514  1.006107e+00 -2.616252e-01 -6.876336e-02  7.397589e-02 |  18 1 3.956933e-01 
2019-11-04 10:57:19 | DEBUG |       23.910  1.006132e+00 -2.615189e-01 -6.877109e-02  7.396847e-02 |  19 1 3.956933e-01 
2019-11-04 10:57:19 | DEBUG |       24.701  1.006175e+00 -2.613663e-01 -6.878241e-02  7.395821e-02 |  20 1 7.913867e-01 
2019-11-04 10:57:19 | DEBUG |       26.284  1.006218e+00 -2.612233e-01 -6.879315e-02  7.394885e-02 |  21 1 1.582773e+00 
2019-11-04 10:57:19 | DEBUG |       27.866  1.006241e+00 -2.611479e-01 -6.879883e-02  7.394395e-02 |  22 1 1.582773e+00 
2019-11-04 10:57:19 | DEBUG |       31.032  1.006260e+00 -2.610919e-01 -6.880308e-02  7.394036e-02 |  23 1 3.165547e+00 
2019-11-04 10:57:19 | DEBUG |       34.198  1.006267e+00 -2.610712e-01 -6.880467e-02  7.393908e-02 |  24 1 3.165547e+00 
2019-11-04 10:57:19 | DEBUG |       40.529  1.006271e+00 -2.610621e-01 -6.880540e-02  7.393856e-02 |  25 1 6.331093e+00 
2019-11-04 10:57:19 | DEBUG |       50.529  1.006272e+00 -2.610598e-01 -6.880560e-02  7.393845e-02 |  26 1 1.000000e+01 
2019-11-04 10:57:19 | DEBUG |       60.529  1.006273e+00 -2.610597e-01 -6.880561e-02  7.393846e-02 |  27 1 1.000000e+01 
2019-11-04 10:57:19 | DEBUG |       70.529  1.006273e+00 -2.610598e-01 -6.880561e-02  7.393847e-02 |  28 1 1.000000e+01 
2019-11-04 10:57:19 | DEBUG | tap of Transformer _BUS____5-BUS____6-1_PT change from 3 to 4
2019-11-04 10:57:19 | DEBUG | Algebraic mode change for model NETWORK
2019-11-04 10:57:19 | DEBUG |       80.000  1.006273e+00 -2.610598e-01 -6.880561e-02  7.393847e-02 |  29 1 1.000000e+01 
2019-11-04 10:57:19 | DEBUG | calculation of the new starting point of the simulation.
2019-11-04 10:57:19 | DEBUG |       80.000  1.003630e+00 -2.611281e-01 -6.870285e-02  7.376814e-02 |   0 0 0.000000e+00 
2019-11-04 10:57:19 | DEBUG |       80.012  1.003514e+00 -2.611212e-01 -6.869900e-02  7.375987e-02 |   1 1 1.184219e-02 
2019-11-04 10:57:19 | DEBUG |       80.024  1.003459e+00 -2.611230e-01 -6.869683e-02  7.375636e-02 |   2 1 1.184219e-02 
2019-11-04 10:57:19 | DEBUG |       80.047  1.003441e+00 -2.611436e-01 -6.869483e-02  7.375688e-02 |   3 2 2.368438e-02 
2019-11-04 10:57:19 | DEBUG |       80.071  1.003526e+00 -2.611865e-01 -6.869528e-02  7.376628e-02 |   4 2 2.368438e-02 
2019-11-04 10:57:19 | DEBUG |       80.118  1.003793e+00 -2.613095e-01 -6.869737e-02  7.379459e-02 |   5 2 4.736876e-02 
2019-11-04 10:57:19 | DEBUG |       80.166  1.004088e+00 -2.614664e-01 -6.869834e-02  7.382769e-02 |   6 1 4.736876e-02 
2019-11-04 10:57:19 | DEBUG |       80.261  1.004498e+00 -2.617506e-01 -6.869546e-02  7.387936e-02 |   7 1 9.473752e-02 
2019-11-04 10:57:19 | DEBUG |       80.355  1.004792e+00 -2.619794e-01 -6.869181e-02  7.391859e-02 |   8 1 9.473752e-02 
2019-11-04 10:57:19 | DEBUG |       80.545  1.005148e+00 -2.622102e-01 -6.869029e-02  7.396205e-02 |   9 1 1.894750e-01 
2019-11-04 10:57:19 | DEBUG |       80.734  1.005367e+00 -2.623024e-01 -6.869256e-02  7.398455e-02 |  10 1 1.894750e-01 
2019-11-04 10:57:19 | DEBUG |       80.924  1.005496e+00 -2.623398e-01 -6.869499e-02  7.399639e-02 |  11 1 1.894750e-01 
2019-11-04 10:57:19 | DEBUG |       81.303  1.005587e+00 -2.623947e-01 -6.869488e-02  7.400717e-02 |  12 1 3.789501e-01 
2019-11-04 10:57:19 | DEBUG |       81.682  1.005614e+00 -2.624439e-01 -6.869271e-02  7.401313e-02 |  13 1 3.789501e-01 
2019-11-04 10:57:19 | DEBUG |       82.439  1.005616e+00 -2.625029e-01 -6.868903e-02  7.401836e-02 |  14 1 7.579002e-01 
2019-11-04 10:57:19 | DEBUG |       83.955  1.005606e+00 -2.625561e-01 -6.868525e-02  7.402224e-02 |  15 1 1.515800e+00 
2019-11-04 10:57:19 | DEBUG |       86.987  1.005596e+00 -2.625931e-01 -6.868252e-02  7.402475e-02 |  16 1 3.031601e+00 
2019-11-04 10:57:19 | DEBUG | tap of Transformer _BUS____5-BUS____6-1_PT change from 4 to 5
2019-11-04 10:57:19 | DEBUG | Algebraic mode change for model NETWORK
2019-11-04 10:57:19 | DEBUG |       90.000  1.005594e+00 -2.626017e-01 -6.868188e-02  7.402532e-02 |  17 1 6.063201e+00 
2019-11-04 10:57:19 | DEBUG | calculation of the new starting point of the simulation.
2019-11-04 10:57:19 | DEBUG |       90.000  1.002985e+00 -2.626371e-01 -6.858248e-02  7.385467e-02 |   0 0 0.000000e+00 
2019-11-04 10:57:19 | DEBUG |       90.012  1.002870e+00 -2.626304e-01 -6.857865e-02  7.384648e-02 |   1 1 1.245154e-02 
2019-11-04 10:57:19 | DEBUG |       90.025  1.002818e+00 -2.626329e-01 -6.857655e-02  7.384325e-02 |   2 1 1.245154e-02 
2019-11-04 10:57:19 | DEBUG |       90.050  1.002808e+00 -2.626558e-01 -6.857470e-02  7.384451e-02 |   3 2 2.490307e-02 
2019-11-04 10:57:19 | DEBUG |       90.075  1.002902e+00 -2.627018e-01 -6.857527e-02  7.385472e-02 |   4 2 2.490307e-02 
2019-11-04 10:57:19 | DEBUG |       90.125  1.003178e+00 -2.628309e-01 -6.857730e-02  7.388413e-02 |   5 2 4.980615e-02 
2019-11-04 10:57:19 | DEBUG |       90.174  1.003471e+00 -2.629918e-01 -6.857793e-02  7.391743e-02 |   6 1 4.980615e-02 
2019-11-04 10:57:20 | DEBUG |       90.274  1.003870e+00 -2.632753e-01 -6.857469e-02  7.396833e-02 |   7 1 9.961230e-02 
2019-11-04 10:57:20 | DEBUG |       90.374  1.004155e+00 -2.634955e-01 -6.857120e-02  7.400613e-02 |   8 1 9.961230e-02 
2019-11-04 10:57:20 | DEBUG |       90.573  1.004494e+00 -2.637034e-01 -6.857053e-02  7.404651e-02 |   9 1 1.992246e-01 
2019-11-04 10:57:20 | DEBUG |       90.772  1.004698e+00 -2.637827e-01 -6.857307e-02  7.406692e-02 |  10 1 1.992246e-01 
2019-11-04 10:57:20 | DEBUG |       90.971  1.004815e+00 -2.638179e-01 -6.857515e-02  7.407770e-02 |  11 1 1.992246e-01 
2019-11-04 10:57:20 | DEBUG |       91.370  1.004892e+00 -2.638750e-01 -6.857438e-02  7.408773e-02 |  12 1 3.984492e-01 
2019-11-04 10:57:20 | DEBUG |       91.768  1.004912e+00 -2.639232e-01 -6.857206e-02  7.409323e-02 |  13 1 3.984492e-01 
2019-11-04 10:57:20 | DEBUG |       92.565  1.004913e+00 -2.639787e-01 -6.856851e-02  7.409800e-02 |  14 1 7.968984e-01 
2019-11-04 10:57:20 | DEBUG |       94.159  1.004902e+00 -2.640285e-01 -6.856494e-02  7.410157e-02 |  15 1 1.593797e+00 
2019-11-04 10:57:20 | DEBUG |       97.346  1.004893e+00 -2.640626e-01 -6.856241e-02  7.410387e-02 |  16 1 3.187594e+00 
2019-11-04 10:57:20 | DEBUG |      103.722  1.004888e+00 -2.640780e-01 -6.856126e-02  7.410490e-02 |  17 1 6.375187e+00 
2019-11-04 10:57:20 | DEBUG |      113.722  1.004887e+00 -2.640822e-01 -6.856095e-02  7.410518e-02 |  18 1 1.000000e+01 
2019-11-04 10:57:20 | DEBUG |      123.722  1.004887e+00 -2.640822e-01 -6.856095e-02  7.410518e-02 |  19 1 1.000000e+01 
2019-11-04 10:57:20 | DEBUG |      133.722  1.004887e+00 -2.640827e-01 -6.856092e-02  7.410521e-02 |  20 1 1.000000e+01 
2019-11-04 10:57:20 | DEBUG |      143.722  1.004887e+00 -2.640826e-01 -6.856092e-02  7.410521e-02 |  21 1 1.000000e+01 
2019-11-04 10:57:20 | DEBUG |      150.000  1.004887e+00 -2.640827e-01 -6.856091e-02  7.410521e-02 |  22 1 6.278406e+00 
2019-11-04 10:57:20 | DEBUG | 
2019-11-04 10:57:20 | DEBUG | execution Stats :
2019-11-04 10:57:20 | DEBUG | 
2019-11-04 10:57:20 | DEBUG | number of iterations                     = 144
2019-11-04 10:57:20 | DEBUG | number of Residual evaluations           = 238
2019-11-04 10:57:20 | DEBUG | number of Jacobian evaluations           = 81
2019-11-04 10:57:20 | DEBUG | number of Nonlinear iterations           = 236
2019-11-04 10:57:20 | DEBUG | number of error test failures            = 0
2019-11-04 10:57:20 | DEBUG | number of Nonlinear convergence failures = 0
2019-11-04 10:57:20 | DEBUG | number of root functions evaluations     = 744
2019-11-04 10:57:20 | DEBUG | end of job 'IEEE14 - TapChangerCPP'
