2019-11-04 10:57:16 | DEBUG |  ============================================================ 
2019-11-04 10:57:16 | DEBUG | DYNAWO VERSION  :     1.0.1
2019-11-04 10:57:16 | DEBUG | DYNAWO REVISION :  504_dynawo_precision-bacb807
2019-11-04 10:57:16 | DEBUG |  ============================================================ 
2019-11-04 10:57:16 | DEBUG | connecting DISCONNECT_LINE_event_state1_value with NETWORK__BUS____9-BUS___10-1_AC_state_value
2019-11-04 10:57:16 | DEBUG | connecting OMEGA_REF_omega_grp_0 with GEN____1_SM_generator_omegaPu
2019-11-04 10:57:16 | DEBUG | connecting OMEGA_REF_omegaRef_grp_0 with GEN____1_SM_generator_omegaRefPu
2019-11-04 10:57:16 | DEBUG | connecting OMEGA_REF_running_grp_0 with GEN____1_SM_generator_running
2019-11-04 10:57:16 | DEBUG | connecting GEN____1_SM_generator_switchOffSignal1 with NETWORK__BUS____1_TN_switchOff
2019-11-04 10:57:16 | DEBUG | connecting GEN____1_SM_generator_terminal with NETWORK__BUS____1_TN_ACPIN
2019-11-04 10:57:16 | DEBUG | connecting OMEGA_REF_omega_grp_1 with GEN____2_SM_generator_omegaPu
2019-11-04 10:57:16 | DEBUG | connecting OMEGA_REF_omegaRef_grp_1 with GEN____2_SM_generator_omegaRefPu
2019-11-04 10:57:16 | DEBUG | connecting OMEGA_REF_running_grp_1 with GEN____2_SM_generator_running
2019-11-04 10:57:16 | DEBUG | connecting GEN____2_SM_generator_switchOffSignal1 with NETWORK__BUS____2_TN_switchOff
2019-11-04 10:57:16 | DEBUG | connecting GEN____2_SM_generator_terminal with NETWORK__BUS____2_TN_ACPIN
2019-11-04 10:57:16 | DEBUG | connecting OMEGA_REF_omega_grp_2 with GEN____3_SM_generator_omegaPu
2019-11-04 10:57:16 | DEBUG | connecting OMEGA_REF_omegaRef_grp_2 with GEN____3_SM_generator_omegaRefPu
2019-11-04 10:57:16 | DEBUG | connecting OMEGA_REF_running_grp_2 with GEN____3_SM_generator_running
2019-11-04 10:57:16 | DEBUG | connecting GEN____3_SM_generator_switchOffSignal1 with NETWORK__BUS____3_TN_switchOff
2019-11-04 10:57:16 | DEBUG | connecting GEN____3_SM_generator_terminal with NETWORK__BUS____3_TN_ACPIN
2019-11-04 10:57:16 | DEBUG | connecting OMEGA_REF_omega_grp_3 with GEN____6_SM_generator_omegaPu
2019-11-04 10:57:16 | DEBUG | connecting OMEGA_REF_omegaRef_grp_3 with GEN____6_SM_generator_omegaRefPu
2019-11-04 10:57:16 | DEBUG | connecting OMEGA_REF_running_grp_3 with GEN____6_SM_generator_running
2019-11-04 10:57:16 | DEBUG | connecting GEN____6_SM_generator_switchOffSignal1 with NETWORK__BUS____6_TN_switchOff
2019-11-04 10:57:16 | DEBUG | connecting GEN____6_SM_generator_terminal with NETWORK__BUS____6_TN_ACPIN
2019-11-04 10:57:16 | DEBUG | connecting OMEGA_REF_omega_grp_4 with GEN____8_SM_generator_omegaPu
2019-11-04 10:57:16 | DEBUG | connecting OMEGA_REF_omegaRef_grp_4 with GEN____8_SM_generator_omegaRefPu
2019-11-04 10:57:16 | DEBUG | connecting OMEGA_REF_running_grp_4 with GEN____8_SM_generator_running
2019-11-04 10:57:16 | DEBUG | connecting GEN____8_SM_generator_switchOffSignal1 with NETWORK__BUS____8_TN_switchOff
2019-11-04 10:57:16 | DEBUG | connecting GEN____8_SM_generator_terminal with NETWORK__BUS____8_TN_ACPIN
2019-11-04 10:57:16 | DEBUG | connecting OMEGA_REF_numcc_node_0 with NETWORK__BUS____1_TN_numcc
2019-11-04 10:57:16 | DEBUG | connecting OMEGA_REF_numcc_node_1 with NETWORK__BUS____2_TN_numcc
2019-11-04 10:57:16 | DEBUG | connecting OMEGA_REF_numcc_node_2 with NETWORK__BUS____3_TN_numcc
2019-11-04 10:57:16 | DEBUG | connecting OMEGA_REF_numcc_node_3 with NETWORK__BUS____6_TN_numcc
2019-11-04 10:57:16 | DEBUG | connecting OMEGA_REF_numcc_node_4 with NETWORK__BUS____8_TN_numcc
2019-11-04 10:57:16 | DEBUG | connecting _LOAD__10_EC_load_terminal with NETWORK__BUS___10_TN_ACPIN
2019-11-04 10:57:16 | DEBUG | connecting _LOAD__11_EC_load_terminal with NETWORK__BUS___11_TN_ACPIN
2019-11-04 10:57:16 | DEBUG | connecting _LOAD__12_EC_load_terminal with NETWORK__BUS___12_TN_ACPIN
2019-11-04 10:57:16 | DEBUG | connecting _LOAD__13_EC_load_terminal with NETWORK__BUS___13_TN_ACPIN
2019-11-04 10:57:16 | DEBUG | connecting _LOAD__14_EC_load_terminal with NETWORK__BUS___14_TN_ACPIN
2019-11-04 10:57:16 | DEBUG | connecting _LOAD___2_EC_load_terminal with NETWORK__BUS____2_TN_ACPIN
2019-11-04 10:57:16 | DEBUG | connecting _LOAD___3_EC_load_terminal with NETWORK__BUS____3_TN_ACPIN
2019-11-04 10:57:16 | DEBUG | connecting _LOAD___4_EC_load_terminal with NETWORK__BUS____4_TN_ACPIN
2019-11-04 10:57:16 | DEBUG | connecting PhaseShifter_phaseShifter_PMonitored with NETWORK__BUS____5-BUS____6-1_PS_P1
2019-11-04 10:57:16 | DEBUG | connecting PhaseShifter_phaseShifter_AutomatonExists with NETWORK__BUS____5-BUS____6-1_PS_disable_internal_tapChanger
2019-11-04 10:57:16 | DEBUG | connecting PhaseShifter_phaseShifter_tap with NETWORK__BUS____5-BUS____6-1_PS_step
2019-11-04 10:57:16 | DEBUG | connecting _LOAD___5_EC_load_terminal with NETWORK__BUS____5_TN_ACPIN
2019-11-04 10:57:16 | DEBUG | connecting _LOAD___6_EC_load_terminal with NETWORK__BUS____6_TN_ACPIN
2019-11-04 10:57:16 | DEBUG | connecting _LOAD___9_EC_load_terminal with NETWORK__BUS____9_TN_ACPIN
2019-11-04 10:57:16 | INFO | adding curve : Id: NETWORK; output: _BUS____9-BUS___10-1_AC_P1 found.( _BUS____9-BUS___10-1_AC_P1_value )
2019-11-04 10:57:16 | INFO | adding curve : Id: NETWORK; output: _BUS____5-BUS____6-1_PS_P1 found.( _BUS____5-BUS____6-1_PS_P1_value )
2019-11-04 10:57:16 | INFO | adding curve : Id: NETWORK; output: _BUS____5-BUS____6-1_PS_step found.( _BUS____5-BUS____6-1_PS_step_value )
2019-11-04 10:57:16 | INFO | adding curve : Id: PhaseShifter; curve: phaseShifter_state found. (exact name)
2019-11-04 10:57:16 | INFO | adding parameter curve: Id: PhaseShifter; parameter curve: phaseShifter_valueMax found. (exact name)
2019-11-04 10:57:16 | INFO | adding parameter curve: Id: PhaseShifter; parameter curve: phaseShifter_valueMin found. (exact name)
2019-11-04 10:57:16 | INFO | adding curve : Id: PhaseShifter; output: phaseShifter_PMonitored found.( phaseShifter_PMonitored_value )
2019-11-04 10:57:16 | DEBUG | nbSubNetwork = 1 nbsub = 1
2019-11-04 10:57:16 | DEBUG | subNetwork[0] nbBus = 14
2019-11-04 10:57:16 | DEBUG | keep SubNetworks num : 0
2019-11-04 10:57:16 | DEBUG | generator_Cm0Pu same value as Pm_Value0
2019-11-04 10:57:16 | DEBUG | generator_Pm0Pu same value as Pm_Value0
2019-11-04 10:57:16 | DEBUG | governor_Pm0Pu same value as Pm_Value0
2019-11-04 10:57:16 | DEBUG | voltageRegulator_UsRef0Pu same value as URef_Value0
2019-11-04 10:57:16 | DEBUG | generator_LambdaQ10Pu same value as generator_LambdaQ20Pu
2019-11-04 10:57:16 | DEBUG | generator_sStator0Pu_im opposite value of generator_QStator0Pu
2019-11-04 10:57:16 | DEBUG | generator_Theta0 same value as generator_ThetaInternal0
2019-11-04 10:57:16 | DEBUG | voltageRegulator_u0_im same value as generator_uStator0Pu_im
2019-11-04 10:57:16 | DEBUG | voltageRegulator_u0_re same value as generator_uStator0Pu_re
2019-11-04 10:57:16 | DEBUG | voltageRegulator_limiterWithLag_y0 same value as voltageRegulator_Efd0Pu
2019-11-04 10:57:16 | DEBUG | generator_Efd0Pu same value as voltageRegulator_Efd0PuLF
2019-11-04 10:57:16 | DEBUG | voltageRegulator_limiterWithLag_u0 same value as voltageRegulator_Efd0PuLF
2019-11-04 10:57:16 | DEBUG | voltageRegulator_limiterWithLag_y0LF same value as voltageRegulator_Efd0PuLF
2019-11-04 10:57:16 | DEBUG | voltageRegulator_tEfdMaxReached0 same value as voltageRegulator_limiterWithLag_tUMaxReached0
2019-11-04 10:57:16 | DEBUG | voltageRegulator_tEfdMinReached0 same value as voltageRegulator_limiterWithLag_tUMinReached0
2019-11-04 10:57:16 | DEBUG | generator_Cm0Pu same value as Pm_Value0
2019-11-04 10:57:16 | DEBUG | generator_Pm0Pu same value as Pm_Value0
2019-11-04 10:57:16 | DEBUG | governor_Pm0Pu same value as Pm_Value0
2019-11-04 10:57:16 | DEBUG | voltageRegulator_UsRef0Pu same value as URef_Value0
2019-11-04 10:57:16 | DEBUG | generator_LambdaQ10Pu same value as generator_LambdaQ20Pu
2019-11-04 10:57:16 | DEBUG | generator_sStator0Pu_im opposite value of generator_QStator0Pu
2019-11-04 10:57:16 | DEBUG | generator_Theta0 same value as generator_ThetaInternal0
2019-11-04 10:57:16 | DEBUG | voltageRegulator_u0_im same value as generator_uStator0Pu_im
2019-11-04 10:57:16 | DEBUG | voltageRegulator_u0_re same value as generator_uStator0Pu_re
2019-11-04 10:57:16 | DEBUG | voltageRegulator_limiterWithLag_y0 same value as voltageRegulator_Efd0Pu
2019-11-04 10:57:16 | DEBUG | generator_Efd0Pu same value as voltageRegulator_Efd0PuLF
2019-11-04 10:57:16 | DEBUG | voltageRegulator_limiterWithLag_u0 same value as voltageRegulator_Efd0PuLF
2019-11-04 10:57:16 | DEBUG | voltageRegulator_limiterWithLag_y0LF same value as voltageRegulator_Efd0PuLF
2019-11-04 10:57:16 | DEBUG | voltageRegulator_tEfdMaxReached0 same value as voltageRegulator_limiterWithLag_tUMaxReached0
2019-11-04 10:57:16 | DEBUG | voltageRegulator_tEfdMinReached0 same value as voltageRegulator_limiterWithLag_tUMinReached0
2019-11-04 10:57:16 | DEBUG | generator_Cm0Pu same value as Pm_Value0
2019-11-04 10:57:16 | DEBUG | generator_Pm0Pu same value as Pm_Value0
2019-11-04 10:57:16 | DEBUG | governor_Pm0Pu same value as Pm_Value0
2019-11-04 10:57:16 | DEBUG | voltageRegulator_UsRef0Pu same value as URef_Value0
2019-11-04 10:57:16 | DEBUG | generator_LambdaQ10Pu same value as generator_LambdaQ20Pu
2019-11-04 10:57:16 | DEBUG | generator_sStator0Pu_im opposite value of generator_QStator0Pu
2019-11-04 10:57:16 | DEBUG | generator_Theta0 same value as generator_ThetaInternal0
2019-11-04 10:57:16 | DEBUG | voltageRegulator_u0_im same value as generator_uStator0Pu_im
2019-11-04 10:57:16 | DEBUG | voltageRegulator_u0_re same value as generator_uStator0Pu_re
2019-11-04 10:57:16 | DEBUG | voltageRegulator_limiterWithLag_y0 same value as voltageRegulator_Efd0Pu
2019-11-04 10:57:16 | DEBUG | generator_Efd0Pu same value as voltageRegulator_Efd0PuLF
2019-11-04 10:57:16 | DEBUG | voltageRegulator_limiterWithLag_u0 same value as voltageRegulator_Efd0PuLF
2019-11-04 10:57:16 | DEBUG | voltageRegulator_limiterWithLag_y0LF same value as voltageRegulator_Efd0PuLF
2019-11-04 10:57:16 | DEBUG | voltageRegulator_tEfdMaxReached0 same value as voltageRegulator_limiterWithLag_tUMaxReached0
2019-11-04 10:57:16 | DEBUG | voltageRegulator_tEfdMinReached0 same value as voltageRegulator_limiterWithLag_tUMinReached0
2019-11-04 10:57:16 | DEBUG | generator_Cm0Pu same value as Pm_Value0
2019-11-04 10:57:16 | DEBUG | generator_Pm0Pu same value as Pm_Value0
2019-11-04 10:57:16 | DEBUG | governor_Pm0Pu same value as Pm_Value0
2019-11-04 10:57:16 | DEBUG | voltageRegulator_UsRef0Pu same value as URef_Value0
2019-11-04 10:57:16 | DEBUG | generator_LambdaQ10Pu same value as generator_LambdaQ20Pu
2019-11-04 10:57:16 | DEBUG | generator_sStator0Pu_im opposite value of generator_QStator0Pu
2019-11-04 10:57:16 | DEBUG | generator_Theta0 same value as generator_ThetaInternal0
2019-11-04 10:57:16 | DEBUG | voltageRegulator_u0_im same value as generator_uStator0Pu_im
2019-11-04 10:57:16 | DEBUG | voltageRegulator_u0_re same value as generator_uStator0Pu_re
2019-11-04 10:57:16 | DEBUG | voltageRegulator_limiterWithLag_y0 same value as voltageRegulator_Efd0Pu
2019-11-04 10:57:16 | DEBUG | generator_Efd0Pu same value as voltageRegulator_Efd0PuLF
2019-11-04 10:57:16 | DEBUG | voltageRegulator_limiterWithLag_u0 same value as voltageRegulator_Efd0PuLF
2019-11-04 10:57:16 | DEBUG | voltageRegulator_limiterWithLag_y0LF same value as voltageRegulator_Efd0PuLF
2019-11-04 10:57:16 | DEBUG | voltageRegulator_tEfdMaxReached0 same value as voltageRegulator_limiterWithLag_tUMaxReached0
2019-11-04 10:57:16 | DEBUG | voltageRegulator_tEfdMinReached0 same value as voltageRegulator_limiterWithLag_tUMinReached0
2019-11-04 10:57:16 | DEBUG | generator_Cm0Pu same value as Pm_Value0
2019-11-04 10:57:16 | DEBUG | generator_Pm0Pu same value as Pm_Value0
2019-11-04 10:57:16 | DEBUG | governor_Pm0Pu same value as Pm_Value0
2019-11-04 10:57:16 | DEBUG | voltageRegulator_UsRef0Pu same value as URef_Value0
2019-11-04 10:57:16 | DEBUG | generator_LambdaQ10Pu same value as generator_LambdaQ20Pu
2019-11-04 10:57:16 | DEBUG | generator_sStator0Pu_im opposite value of generator_QStator0Pu
2019-11-04 10:57:16 | DEBUG | generator_Theta0 same value as generator_ThetaInternal0
2019-11-04 10:57:16 | DEBUG | voltageRegulator_u0_im same value as generator_uStator0Pu_im
2019-11-04 10:57:16 | DEBUG | voltageRegulator_u0_re same value as generator_uStator0Pu_re
2019-11-04 10:57:16 | DEBUG | voltageRegulator_limiterWithLag_y0 same value as voltageRegulator_Efd0Pu
2019-11-04 10:57:16 | DEBUG | generator_Efd0Pu same value as voltageRegulator_Efd0PuLF
2019-11-04 10:57:16 | DEBUG | voltageRegulator_limiterWithLag_u0 same value as voltageRegulator_Efd0PuLF
2019-11-04 10:57:16 | DEBUG | voltageRegulator_limiterWithLag_y0LF same value as voltageRegulator_Efd0PuLF
2019-11-04 10:57:16 | DEBUG | voltageRegulator_tEfdMaxReached0 same value as voltageRegulator_limiterWithLag_tUMaxReached0
2019-11-04 10:57:16 | DEBUG | voltageRegulator_tEfdMinReached0 same value as voltageRegulator_limiterWithLag_tUMinReached0
2019-11-04 10:57:16 | DEBUG | _BUS____5-BUS____6-1_PS disable internal tap changer, use external automaton
2019-11-04 10:57:16 | DEBUG | call of SolverReInit ie a new symbolic and numerical factorization will be performed
2019-11-04 10:57:16 | DEBUG | -----------------------------------------------------------------------
2019-11-04 10:57:16 | DEBUG | number of continuous variables : 407 (display limited to 4 variables)
2019-11-04 10:57:16 | DEBUG | number of discrete variables : 248
2019-11-04 10:57:16 | DEBUG | -----------------------------------------------------------------------
2019-11-04 10:57:16 | DEBUG |     t              y1            y2            y3            y4      | nst k      h
2019-11-04 10:57:16 | DEBUG | -----------------------------------------------------------------------
2019-11-04 10:57:16 | DEBUG |        0.000  1.014792e+00 -2.737274e-01 -6.830820e-02  7.559011e-02 |   0 0 3.189828e-04 
2019-11-04 10:57:16 | DEBUG |        0.000  1.014792e+00 -2.737274e-01 -6.830820e-02  7.559011e-02 |   1 1 3.189827e-04 
2019-11-04 10:57:16 | DEBUG |        0.000  1.014792e+00 -2.737274e-01 -6.830819e-02  7.559010e-02 |   1 1 3.189827e-04 
2019-11-04 10:57:16 | DEBUG |        0.001  1.014791e+00 -2.737274e-01 -6.830819e-02  7.559009e-02 |   2 1 3.189827e-04 
2019-11-04 10:57:16 | DEBUG |        0.001  1.014791e+00 -2.737274e-01 -6.830818e-02  7.559008e-02 |   3 2 6.379655e-04 
2019-11-04 10:57:16 | DEBUG |        0.003  1.014791e+00 -2.737273e-01 -6.830817e-02  7.559005e-02 |   4 2 1.275931e-03 
2019-11-04 10:57:16 | DEBUG |        0.005  1.014790e+00 -2.737273e-01 -6.830815e-02  7.559000e-02 |   5 2 2.551862e-03 
2019-11-04 10:57:16 | DEBUG |        0.010  1.014789e+00 -2.737273e-01 -6.830810e-02  7.558992e-02 |   6 2 5.103724e-03 
2019-11-04 10:57:16 | DEBUG |        0.020  1.014787e+00 -2.737274e-01 -6.830804e-02  7.558983e-02 |   7 2 1.020745e-02 
2019-11-04 10:57:16 | DEBUG | Algebraic mode change for model GEN____3_SM
2019-11-04 10:57:16 | DEBUG |        0.037  1.014787e+00 -2.737277e-01 -6.830799e-02  7.558979e-02 |   8 2 2.041489e-02 
2019-11-04 10:57:16 | DEBUG | calculation of the new starting point of the simulation.
2019-11-04 10:57:16 | DEBUG |        0.037  1.014787e+00 -2.737277e-01 -6.830799e-02  7.558979e-02 |   0 0 0.000000e+00 
2019-11-04 10:57:16 | DEBUG |        0.037  1.014787e+00 -2.737277e-01 -6.830799e-02  7.558979e-02 |   1 1 3.306459e-04 
2019-11-04 10:57:16 | DEBUG |        0.037  1.014787e+00 -2.737277e-01 -6.830799e-02  7.558979e-02 |   2 1 3.306459e-04 
2019-11-04 10:57:16 | DEBUG |        0.038  1.014787e+00 -2.737277e-01 -6.830799e-02  7.558980e-02 |   3 2 6.612918e-04 
2019-11-04 10:57:16 | DEBUG |        0.039  1.014787e+00 -2.737278e-01 -6.830798e-02  7.558980e-02 |   4 2 1.322584e-03 
2019-11-04 10:57:16 | DEBUG |        0.042  1.014787e+00 -2.737278e-01 -6.830798e-02  7.558981e-02 |   5 2 2.645167e-03 
2019-11-04 10:57:16 | DEBUG |        0.047  1.014787e+00 -2.737280e-01 -6.830798e-02  7.558984e-02 |   6 2 5.290334e-03 
2019-11-04 10:57:16 | DEBUG |        0.058  1.014788e+00 -2.737284e-01 -6.830798e-02  7.558993e-02 |   7 2 1.058067e-02 
2019-11-04 10:57:16 | DEBUG |        0.079  1.014790e+00 -2.737294e-01 -6.830799e-02  7.559014e-02 |   8 2 2.116134e-02 
2019-11-04 10:57:16 | DEBUG |        0.121  1.014794e+00 -2.737317e-01 -6.830802e-02  7.559065e-02 |   9 2 4.232267e-02 
2019-11-04 10:57:16 | DEBUG |        0.206  1.014803e+00 -2.737366e-01 -6.830803e-02  7.559167e-02 |  10 2 8.464535e-02 
2019-11-04 10:57:16 | DEBUG |        0.375  1.014812e+00 -2.737458e-01 -6.830776e-02  7.559304e-02 |  11 1 1.692907e-01 
2019-11-04 10:57:16 | DEBUG |        0.714  1.014818e+00 -2.737551e-01 -6.830736e-02  7.559420e-02 |  12 1 3.385814e-01 
2019-11-04 10:57:16 | DEBUG | Algebraic mode change for model GEN____3_SM
2019-11-04 10:57:16 | DEBUG |        1.070  1.014819e+00 -2.737561e-01 -6.830734e-02  7.559437e-02 |  13 1 6.771628e-01 
2019-11-04 10:57:16 | DEBUG | calculation of the new starting point of the simulation.
2019-11-04 10:57:16 | DEBUG |        1.070  1.014819e+00 -2.737561e-01 -6.830734e-02  7.559437e-02 |   0 0 0.000000e+00 
2019-11-04 10:57:16 | DEBUG |        1.070  1.014819e+00 -2.737561e-01 -6.830734e-02  7.559437e-02 |   1 1 6.602123e-04 
2019-11-04 10:57:16 | DEBUG |        1.071  1.014819e+00 -2.737561e-01 -6.830734e-02  7.559437e-02 |   2 1 6.602123e-04 
2019-11-04 10:57:16 | DEBUG |        1.072  1.014819e+00 -2.737562e-01 -6.830734e-02  7.559437e-02 |   3 2 1.320425e-03 
2019-11-04 10:57:16 | DEBUG |        1.075  1.014819e+00 -2.737562e-01 -6.830734e-02  7.559438e-02 |   4 2 2.640849e-03 
2019-11-04 10:57:16 | DEBUG |        1.080  1.014819e+00 -2.737563e-01 -6.830734e-02  7.559439e-02 |   5 2 5.281698e-03 
2019-11-04 10:57:16 | DEBUG |        1.091  1.014819e+00 -2.737564e-01 -6.830733e-02  7.559441e-02 |   6 2 1.056340e-02 
2019-11-04 10:57:16 | DEBUG |        1.112  1.014819e+00 -2.737567e-01 -6.830732e-02  7.559444e-02 |   7 2 2.112679e-02 
2019-11-04 10:57:16 | DEBUG |        1.154  1.014819e+00 -2.737572e-01 -6.830730e-02  7.559450e-02 |   8 2 4.225358e-02 
2019-11-04 10:57:16 | DEBUG |        1.239  1.014820e+00 -2.737578e-01 -6.830727e-02  7.559458e-02 |   9 2 8.450717e-02 
2019-11-04 10:57:16 | DEBUG |        1.408  1.014820e+00 -2.737581e-01 -6.830727e-02  7.559463e-02 |  10 2 1.690143e-01 
2019-11-04 10:57:16 | DEBUG |        1.746  1.014821e+00 -2.737569e-01 -6.830736e-02  7.559456e-02 |  11 2 3.380287e-01 
2019-11-04 10:57:16 | DEBUG |        2.422  1.014820e+00 -2.737573e-01 -6.830733e-02  7.559458e-02 |  12 1 6.760574e-01 
2019-11-04 10:57:16 | DEBUG |        3.774  1.014820e+00 -2.737595e-01 -6.830716e-02  7.559472e-02 |  13 1 1.352115e+00 
2019-11-04 10:57:16 | DEBUG |        6.478  1.014819e+00 -2.737610e-01 -6.830704e-02  7.559483e-02 |  14 1 2.704229e+00 
2019-11-04 10:57:16 | DEBUG |       11.887  1.014819e+00 -2.737619e-01 -6.830698e-02  7.559488e-02 |  15 1 5.408459e+00 
2019-11-04 10:57:16 | DEBUG | state of Line _BUS____9-BUS___10-1_AC change from 3 to 2
2019-11-04 10:57:16 | DEBUG | nbSubNetwork = 1 nbsub = 1
2019-11-04 10:57:16 | DEBUG | subNetwork[0] nbBus = 14
2019-11-04 10:57:16 | DEBUG | keep SubNetworks num : 0
2019-11-04 10:57:16 | DEBUG | Algebraic mode (with J recalculation) change for model NETWORK
2019-11-04 10:57:16 | DEBUG |       20.000  1.014819e+00 -2.737621e-01 -6.830696e-02  7.559490e-02 |  16 1 1.000000e+01 
2019-11-04 10:57:16 | DEBUG | calculation of the new starting point of the simulation.
2019-11-04 10:57:16 | DEBUG | call of SolverReInit ie a new symbolic and numerical factorization will be performed
2019-11-04 10:57:16 | DEBUG | call of SolverReInit ie a new symbolic and numerical factorization will be performed
2019-11-04 10:57:16 | DEBUG |       20.000  9.846887e-01 -2.815836e-01 -6.668030e-02  7.428282e-02 |   0 0 0.000000e+00 
2019-11-04 10:57:16 | DEBUG |       20.005  9.845501e-01 -2.817649e-01 -6.666337e-02  7.428947e-02 |   1 1 4.501778e-03 
2019-11-04 10:57:16 | DEBUG | Algebraic mode change for model GEN____8_SM
2019-11-04 10:57:16 | DEBUG |       20.006  9.845136e-01 -2.818147e-01 -6.665877e-02  7.429140e-02 |   2 1 4.501778e-03 
2019-11-04 10:57:16 | DEBUG | calculation of the new starting point of the simulation.
2019-11-04 10:57:16 | DEBUG |       20.006  9.845136e-01 -2.818147e-01 -6.665877e-02  7.429140e-02 |   0 0 0.000000e+00 
2019-11-04 10:57:16 | DEBUG | Algebraic mode change for model GEN____3_SM
2019-11-04 10:57:16 | DEBUG |       20.010  9.844181e-01 -2.819477e-01 -6.664658e-02  7.429669e-02 |   1 1 5.021166e-03 
2019-11-04 10:57:16 | DEBUG | calculation of the new starting point of the simulation.
2019-11-04 10:57:16 | DEBUG |       20.010  9.844181e-01 -2.819477e-01 -6.664658e-02  7.429669e-02 |   0 0 0.000000e+00 
2019-11-04 10:57:16 | DEBUG |       20.015  9.843084e-01 -2.821093e-01 -6.663200e-02  7.430351e-02 |   1 1 5.327381e-03 
2019-11-04 10:57:16 | DEBUG |       20.021  9.842196e-01 -2.822519e-01 -6.661944e-02  7.431006e-02 |   2 1 5.327381e-03 
2019-11-04 10:57:16 | DEBUG |       20.031  9.840809e-01 -2.825046e-01 -6.659787e-02  7.432287e-02 |   3 2 1.065476e-02 
2019-11-04 10:57:16 | DEBUG |       20.052  9.839358e-01 -2.829125e-01 -6.656601e-02  7.434866e-02 |   4 2 2.130952e-02 
2019-11-04 10:57:16 | DEBUG |       20.095  9.838765e-01 -2.836084e-01 -6.651870e-02  7.440486e-02 |   5 2 4.261905e-02 
2019-11-04 10:57:16 | DEBUG |       20.138  9.839442e-01 -2.842702e-01 -6.647835e-02  7.446634e-02 |   6 2 4.261905e-02 
2019-11-04 10:57:16 | DEBUG |       20.180  9.840140e-01 -2.849479e-01 -6.643702e-02  7.452932e-02 |   7 2 4.261905e-02 
2019-11-04 10:57:16 | DEBUG |       20.223  9.840611e-01 -2.856054e-01 -6.639611e-02  7.458909e-02 |   8 2 4.261905e-02 
2019-11-04 10:57:16 | DEBUG |       20.308  9.842200e-01 -2.863474e-01 -6.635390e-02  7.466337e-02 |   9 1 8.523810e-02 
2019-11-04 10:57:16 | DEBUG |       20.385  9.844522e-01 -2.865680e-01 -6.634828e-02  7.469742e-02 |  10 1 7.671429e-02 
2019-11-04 10:57:16 | DEBUG |       20.462  9.847400e-01 -2.864523e-01 -6.636659e-02  7.470606e-02 |  11 1 7.671429e-02 
2019-11-04 10:57:16 | DEBUG | Algebraic mode change for model GEN____6_SM
2019-11-04 10:57:16 | DEBUG |       20.463  9.847437e-01 -2.864485e-01 -6.636698e-02  7.470597e-02 |  12 1 7.671429e-02 
2019-11-04 10:57:16 | DEBUG | calculation of the new starting point of the simulation.
2019-11-04 10:57:16 | DEBUG | Algebraic mode change for model GEN____6_SM
2019-11-04 10:57:16 | DEBUG |       20.463  9.847437e-01 -2.864485e-01 -6.636698e-02  7.470597e-02 |   0 0 0.000000e+00 
2019-11-04 10:57:16 | DEBUG | Algebraic mode change for model GEN____6_SM
2019-11-04 10:57:16 | DEBUG |       20.463  9.847437e-01 -2.864485e-01 -6.636698e-02  7.470597e-02 |   1 1 6.838805e-03 
2019-11-04 10:57:16 | DEBUG | calculation of the new starting point of the simulation.
2019-11-04 10:57:16 | DEBUG |       20.463  9.847437e-01 -2.864485e-01 -6.636698e-02  7.470597e-02 |   0 0 0.000000e+00 
2019-11-04 10:57:16 | DEBUG | Algebraic mode change for model GEN____8_SM
2019-11-04 10:57:16 | DEBUG |       20.465  9.847539e-01 -2.864434e-01 -6.636769e-02  7.470619e-02 |   1 1 6.838805e-03 
2019-11-04 10:57:16 | DEBUG | calculation of the new starting point of the simulation.
2019-11-04 10:57:16 | DEBUG |       20.465  9.847539e-01 -2.864434e-01 -6.636769e-02  7.470619e-02 |   0 0 0.000000e+00 
2019-11-04 10:57:16 | DEBUG |       20.472  9.847801e-01 -2.864294e-01 -6.636959e-02  7.470668e-02 |   1 1 6.839050e-03 
2019-11-04 10:57:16 | DEBUG |       20.479  9.848067e-01 -2.864129e-01 -6.637165e-02  7.470698e-02 |   2 1 6.839050e-03 
2019-11-04 10:57:16 | DEBUG |       20.493  9.848606e-01 -2.863744e-01 -6.637618e-02  7.470715e-02 |   3 2 1.367810e-02 
2019-11-04 10:57:16 | DEBUG |       20.520  9.849715e-01 -2.862729e-01 -6.638693e-02  7.470558e-02 |   4 2 2.735620e-02 
2019-11-04 10:57:16 | DEBUG |       20.575  9.851941e-01 -2.860039e-01 -6.641274e-02  7.469679e-02 |   5 2 5.471240e-02 
2019-11-04 10:57:16 | DEBUG |       20.684  9.855616e-01 -2.854495e-01 -6.646251e-02  7.467281e-02 |   6 2 1.094248e-01 
2019-11-04 10:57:16 | DEBUG | Algebraic mode change for model GEN____3_SM
2019-11-04 10:57:16 | DEBUG |       20.695  9.855724e-01 -2.854326e-01 -6.646402e-02  7.467206e-02 |   7 1 1.094248e-01 
2019-11-04 10:57:16 | DEBUG | calculation of the new starting point of the simulation.
2019-11-04 10:57:16 | DEBUG |       20.695  9.855724e-01 -2.854326e-01 -6.646402e-02  7.467206e-02 |   0 0 0.000000e+00 
2019-11-04 10:57:16 | DEBUG |       20.701  9.855909e-01 -2.853985e-01 -6.646692e-02  7.467031e-02 |   1 1 6.836848e-03 
2019-11-04 10:57:16 | DEBUG |       20.708  9.856085e-01 -2.853657e-01 -6.646971e-02  7.466863e-02 |   2 1 6.836848e-03 
2019-11-04 10:57:16 | DEBUG |       20.722  9.856417e-01 -2.853037e-01 -6.647498e-02  7.466544e-02 |   3 2 1.367370e-02 
2019-11-04 10:57:16 | DEBUG |       20.749  9.856970e-01 -2.851995e-01 -6.648381e-02  7.466004e-02 |   4 2 2.734739e-02 
2019-11-04 10:57:16 | DEBUG |       20.804  9.857613e-01 -2.850843e-01 -6.649371e-02  7.465427e-02 |   5 2 5.469479e-02 
2019-11-04 10:57:16 | DEBUG | Algebraic mode change for model GEN____6_SM
2019-11-04 10:57:16 | DEBUG |       20.808  9.857637e-01 -2.850808e-01 -6.649402e-02  7.465413e-02 |   6 2 1.093896e-01 
2019-11-04 10:57:16 | DEBUG | calculation of the new starting point of the simulation.
2019-11-04 10:57:16 | DEBUG |       20.808  9.857637e-01 -2.850808e-01 -6.649402e-02  7.465413e-02 |   0 0 0.000000e+00 
2019-11-04 10:57:16 | DEBUG |       20.814  9.857665e-01 -2.850772e-01 -6.649436e-02  7.465400e-02 |   1 1 6.934732e-03 
2019-11-04 10:57:16 | DEBUG |       20.821  9.857683e-01 -2.850758e-01 -6.649451e-02  7.465399e-02 |   2 1 6.934732e-03 
2019-11-04 10:57:16 | DEBUG |       20.835  9.857694e-01 -2.850785e-01 -6.649438e-02  7.465430e-02 |   3 2 1.386946e-02 
2019-11-04 10:57:16 | DEBUG |       20.863  9.857607e-01 -2.851100e-01 -6.649201e-02  7.465645e-02 |   4 2 2.773893e-02 
2019-11-04 10:57:16 | DEBUG |       20.918  9.857076e-01 -2.852628e-01 -6.648011e-02  7.466618e-02 |   5 2 5.547786e-02 
2019-11-04 10:57:16 | DEBUG | Algebraic mode change for model GEN____8_SM
2019-11-04 10:57:16 | DEBUG |       21.004  9.855846e-01 -2.856176e-01 -6.645247e-02  7.468879e-02 |   6 2 1.109557e-01 
2019-11-04 10:57:16 | DEBUG | calculation of the new starting point of the simulation.
2019-11-04 10:57:16 | DEBUG | Algebraic mode change for model GEN____8_SM
2019-11-04 10:57:16 | DEBUG |       21.004  9.855846e-01 -2.856176e-01 -6.645247e-02  7.468879e-02 |   0 0 0.000000e+00 
2019-11-04 10:57:16 | DEBUG | Algebraic mode change for model GEN____8_SM
2019-11-04 10:57:16 | DEBUG |       21.004  9.855846e-01 -2.856176e-01 -6.645247e-02  7.468879e-02 |   1 1 6.974369e-03 
2019-11-04 10:57:16 | DEBUG | calculation of the new starting point of the simulation.
2019-11-04 10:57:16 | DEBUG |       21.004  9.855846e-01 -2.856176e-01 -6.645247e-02  7.468879e-02 |   0 0 0.000000e+00 
2019-11-04 10:57:16 | DEBUG |       21.011  9.855705e-01 -2.856572e-01 -6.644937e-02  7.469129e-02 |   1 1 6.974369e-03 
2019-11-04 10:57:16 | DEBUG |       21.018  9.855564e-01 -2.856971e-01 -6.644625e-02  7.469382e-02 |   2 1 6.974369e-03 
2019-11-04 10:57:16 | DEBUG |       21.032  9.855283e-01 -2.857774e-01 -6.643998e-02  7.469892e-02 |   3 2 1.394874e-02 
2019-11-04 10:57:16 | DEBUG |       21.060  9.854737e-01 -2.859368e-01 -6.642758e-02  7.470912e-02 |   4 2 2.789748e-02 
2019-11-04 10:57:16 | DEBUG |       21.116  9.853815e-01 -2.862239e-01 -6.640548e-02  7.472790e-02 |   5 2 5.579495e-02 
2019-11-04 10:57:16 | DEBUG |       21.227  9.853046e-01 -2.865467e-01 -6.638163e-02  7.475075e-02 |   6 2 1.115899e-01 
2019-11-04 10:57:16 | DEBUG |       21.339  9.853704e-01 -2.865011e-01 -6.638706e-02  7.475107e-02 |   7 2 1.115899e-01 
2019-11-04 10:57:16 | DEBUG | Algebraic mode change for model GEN____6_SM
2019-11-04 10:57:16 | DEBUG |       21.365  9.853993e-01 -2.864493e-01 -6.639151e-02  7.474849e-02 |   8 2 1.115899e-01 
2019-11-04 10:57:16 | DEBUG | calculation of the new starting point of the simulation.
2019-11-04 10:57:16 | DEBUG | Algebraic mode change for model GEN____6_SM
2019-11-04 10:57:16 | DEBUG |       21.365  9.853993e-01 -2.864493e-01 -6.639151e-02  7.474849e-02 |   0 0 0.000000e+00 
2019-11-04 10:57:16 | DEBUG | Algebraic mode change for model GEN____6_SM
2019-11-04 10:57:16 | DEBUG |       21.365  9.853993e-01 -2.864493e-01 -6.639151e-02  7.474849e-02 |   1 1 7.125252e-03 
2019-11-04 10:57:16 | DEBUG | calculation of the new starting point of the simulation.
2019-11-04 10:57:16 | DEBUG |       21.365  9.853993e-01 -2.864493e-01 -6.639151e-02  7.474849e-02 |   0 0 0.000000e+00 
2019-11-04 10:57:16 | DEBUG |       21.372  9.854100e-01 -2.864286e-01 -6.639326e-02  7.474739e-02 |   1 1 7.125252e-03 
2019-11-04 10:57:16 | DEBUG |       21.379  9.854212e-01 -2.864065e-01 -6.639511e-02  7.474621e-02 |   2 1 7.125252e-03 
2019-11-04 10:57:16 | DEBUG |       21.394  9.854445e-01 -2.863591e-01 -6.639906e-02  7.474364e-02 |   3 2 1.425050e-02 
2019-11-04 10:57:16 | DEBUG |       21.422  9.854946e-01 -2.862514e-01 -6.640794e-02  7.473760e-02 |   4 2 2.850101e-02 
2019-11-04 10:57:16 | DEBUG | Algebraic mode change for model GEN____8_SM
2019-11-04 10:57:16 | DEBUG |       21.427  9.855042e-01 -2.862302e-01 -6.640967e-02  7.473639e-02 |   5 2 5.700202e-02 
2019-11-04 10:57:16 | DEBUG | calculation of the new starting point of the simulation.
2019-11-04 10:57:16 | DEBUG |       21.427  9.855042e-01 -2.862302e-01 -6.640967e-02  7.473639e-02 |   0 0 0.000000e+00 
2019-11-04 10:57:16 | DEBUG |       21.435  9.855176e-01 -2.861997e-01 -6.641216e-02  7.473463e-02 |   1 1 7.130369e-03 
2019-11-04 10:57:16 | DEBUG |       21.442  9.855312e-01 -2.861685e-01 -6.641469e-02  7.473283e-02 |   2 1 7.130369e-03 
2019-11-04 10:57:16 | DEBUG |       21.456  9.855586e-01 -2.861050e-01 -6.641984e-02  7.472912e-02 |   3 2 1.426074e-02 
2019-11-04 10:57:16 | DEBUG |       21.484  9.856128e-01 -2.859745e-01 -6.643035e-02  7.472139e-02 |   4 2 2.852148e-02 
2019-11-04 10:57:16 | DEBUG |       21.541  9.857103e-01 -2.857252e-01 -6.645019e-02  7.470621e-02 |   5 2 5.704296e-02 
2019-11-04 10:57:16 | DEBUG |       21.656  9.858175e-01 -2.854064e-01 -6.647490e-02  7.468568e-02 |   6 2 1.140859e-01 
2019-11-04 10:57:16 | DEBUG | Algebraic mode change for model GEN____6_SM
2019-11-04 10:57:16 | DEBUG |       21.662  9.858197e-01 -2.853974e-01 -6.647557e-02  7.468505e-02 |   7 2 1.140859e-01 
2019-11-04 10:57:16 | DEBUG | calculation of the new starting point of the simulation.
2019-11-04 10:57:16 | DEBUG |       21.662  9.858197e-01 -2.853974e-01 -6.647557e-02  7.468505e-02 |   0 0 0.000000e+00 
2019-11-04 10:57:16 | DEBUG |       21.669  9.858221e-01 -2.853863e-01 -6.647638e-02  7.468424e-02 |   1 1 7.214640e-03 
2019-11-04 10:57:16 | DEBUG |       21.677  9.858237e-01 -2.853769e-01 -6.647705e-02  7.468354e-02 |   2 1 7.214640e-03 
2019-11-04 10:57:16 | DEBUG |       21.691  9.858253e-01 -2.853621e-01 -6.647807e-02  7.468237e-02 |   3 2 1.442928e-02 
2019-11-04 10:57:16 | DEBUG |       21.720  9.858206e-01 -2.853530e-01 -6.647848e-02  7.468128e-02 |   4 2 2.885856e-02 
2019-11-04 10:57:16 | DEBUG |       21.778  9.857833e-01 -2.854095e-01 -6.647342e-02  7.468373e-02 |   5 2 5.771712e-02 
2019-11-04 10:57:16 | DEBUG |       21.893  9.856497e-01 -2.857077e-01 -6.644906e-02  7.470078e-02 |   6 2 1.154342e-01 
2019-11-04 10:57:16 | DEBUG |       22.008  9.855067e-01 -2.860825e-01 -6.641935e-02  7.472382e-02 |   7 2 1.154342e-01 
2019-11-04 10:57:16 | DEBUG |       22.124  9.854272e-01 -2.863363e-01 -6.639989e-02  7.474055e-02 |   8 2 1.154342e-01 
2019-11-04 10:57:16 | DEBUG |       22.355  9.855224e-01 -2.861633e-01 -6.641470e-02  7.473180e-02 |   9 1 2.308685e-01 
2019-11-04 10:57:16 | DEBUG |       22.552  9.855908e-01 -2.859947e-01 -6.642821e-02  7.472170e-02 |  10 1 1.970502e-01 
2019-11-04 10:57:16 | DEBUG |       22.946  9.856048e-01 -2.859405e-01 -6.643226e-02  7.471794e-02 |  11 1 3.941003e-01 
2019-11-04 10:57:16 | DEBUG |       23.340  9.855942e-01 -2.859629e-01 -6.643041e-02  7.471917e-02 |  12 1 3.941003e-01 
2019-11-04 10:57:16 | DEBUG |       24.128  9.855887e-01 -2.859798e-01 -6.642910e-02  7.472028e-02 |  13 1 7.882007e-01 
2019-11-04 10:57:16 | DEBUG |       25.705  9.855871e-01 -2.859864e-01 -6.642861e-02  7.472075e-02 |  14 1 1.576401e+00 
2019-11-04 10:57:16 | DEBUG |       28.857  9.855859e-01 -2.859908e-01 -6.642829e-02  7.472104e-02 |  15 1 3.152803e+00 
2019-11-04 10:57:16 | DEBUG | tap of Transformer _BUS____5-BUS____6-1_PS change from 7 to 8
2019-11-04 10:57:16 | DEBUG | Algebraic mode change for model NETWORK
2019-11-04 10:57:16 | DEBUG |       30.000  9.855858e-01 -2.859911e-01 -6.642826e-02  7.472107e-02 |  16 1 6.305605e+00 
2019-11-04 10:57:16 | DEBUG | calculation of the new starting point of the simulation.
2019-11-04 10:57:16 | DEBUG |       30.000  9.847925e-01 -2.893295e-01 -6.618147e-02  7.495750e-02 |   0 0 0.000000e+00 
2019-11-04 10:57:16 | DEBUG |       30.005  9.847034e-01 -2.895569e-01 -6.616331e-02  7.497133e-02 |   1 1 5.431003e-03 
2019-11-04 10:57:16 | DEBUG |       30.011  9.846261e-01 -2.897508e-01 -6.614779e-02  7.498305e-02 |   2 1 5.431003e-03 
2019-11-04 10:57:16 | DEBUG |       30.022  9.844929e-01 -2.900789e-01 -6.612143e-02  7.500273e-02 |   3 2 1.086201e-02 
2019-11-04 10:57:16 | DEBUG |       30.043  9.842942e-01 -2.905475e-01 -6.608345e-02  7.503028e-02 |   4 2 2.172401e-02 
2019-11-04 10:57:16 | DEBUG |       30.087  9.840006e-01 -2.912129e-01 -6.602908e-02  7.506869e-02 |   5 2 4.344802e-02 
2019-11-04 10:57:16 | DEBUG |       30.126  9.837838e-01 -2.917052e-01 -6.598885e-02  7.509714e-02 |   6 2 3.910322e-02 
2019-11-04 10:57:16 | DEBUG |       30.165  9.835691e-01 -2.922215e-01 -6.594713e-02  7.512780e-02 |   7 2 3.910322e-02 
2019-11-04 10:57:16 | DEBUG |       30.204  9.833565e-01 -2.927607e-01 -6.590396e-02  7.516058e-02 |   8 2 3.910322e-02 
2019-11-04 10:57:16 | DEBUG |       30.282  9.831011e-01 -2.935167e-01 -6.584503e-02  7.520930e-02 |   9 1 7.820644e-02 
2019-11-04 10:57:16 | DEBUG |       30.361  9.830289e-01 -2.938390e-01 -6.582126e-02  7.523244e-02 |  10 1 7.820644e-02 
2019-11-04 10:57:16 | DEBUG |       30.439  9.831011e-01 -2.937876e-01 -6.582733e-02  7.523265e-02 |  11 1 7.820644e-02 
2019-11-04 10:57:16 | DEBUG | Algebraic mode change for model GEN____6_SM
2019-11-04 10:57:16 | DEBUG |       30.492  9.831768e-01 -2.936680e-01 -6.583798e-02  7.522721e-02 |  12 2 1.564129e-01 
2019-11-04 10:57:16 | DEBUG | calculation of the new starting point of the simulation.
2019-11-04 10:57:16 | DEBUG |       30.492  9.831767e-01 -2.936679e-01 -6.583799e-02  7.522720e-02 |   0 0 0.000000e+00 
2019-11-04 10:57:16 | DEBUG |       30.502  9.831966e-01 -2.936318e-01 -6.584109e-02  7.522537e-02 |   1 1 1.001178e-02 
2019-11-04 10:57:16 | DEBUG |       30.512  9.832181e-01 -2.935912e-01 -6.584455e-02  7.522325e-02 |   2 1 1.001178e-02 
2019-11-04 10:57:16 | DEBUG |       30.532  9.832641e-01 -2.935004e-01 -6.585220e-02  7.521839e-02 |   3 2 2.002356e-02 
2019-11-04 10:57:16 | DEBUG |       30.572  9.833676e-01 -2.932808e-01 -6.587042e-02  7.520613e-02 |   4 2 4.004712e-02 
2019-11-04 10:57:16 | DEBUG |       30.652  9.835793e-01 -2.927867e-01 -6.591062e-02  7.517718e-02 |   5 2 8.009423e-02 
2019-11-04 10:57:16 | DEBUG |       30.732  9.837535e-01 -2.923333e-01 -6.594673e-02  7.514933e-02 |   6 2 8.009423e-02 
2019-11-04 10:57:16 | DEBUG | Algebraic mode change for model GEN____6_SM
2019-11-04 10:57:16 | DEBUG |       30.822  9.837491e-01 -2.922856e-01 -6.594969e-02  7.514493e-02 |   7 1 1.601885e-01 
2019-11-04 10:57:16 | DEBUG | calculation of the new starting point of the simulation.
2019-11-04 10:57:16 | DEBUG |       30.822  9.837492e-01 -2.922856e-01 -6.594969e-02  7.514493e-02 |   0 0 0.000000e+00 
2019-11-04 10:57:16 | DEBUG |       30.832  9.837561e-01 -2.922619e-01 -6.595149e-02  7.514334e-02 |   1 1 1.010271e-02 
2019-11-04 10:57:16 | DEBUG |       30.842  9.837615e-01 -2.922415e-01 -6.595303e-02  7.514193e-02 |   2 1 1.010271e-02 
2019-11-04 10:57:16 | DEBUG |       30.862  9.837692e-01 -2.922085e-01 -6.595547e-02  7.513958e-02 |   3 2 2.020542e-02 
2019-11-04 10:57:16 | DEBUG |       30.903  9.837685e-01 -2.921818e-01 -6.595719e-02  7.513723e-02 |   4 2 4.041084e-02 
2019-11-04 10:57:16 | DEBUG |       30.984  9.837167e-01 -2.922612e-01 -6.595006e-02  7.514073e-02 |   5 2 8.082169e-02 
2019-11-04 10:57:16 | DEBUG |       31.145  9.835461e-01 -2.926456e-01 -6.591858e-02  7.516287e-02 |   6 2 1.616434e-01 
2019-11-04 10:57:16 | DEBUG |       31.307  9.834179e-01 -2.929932e-01 -6.589108e-02  7.518458e-02 |   7 2 1.616434e-01 
2019-11-04 10:57:16 | DEBUG |       31.630  9.834905e-01 -2.928713e-01 -6.590177e-02  7.517875e-02 |   8 1 3.232868e-01 
2019-11-04 10:57:16 | DEBUG |       31.876  9.835386e-01 -2.927575e-01 -6.591100e-02  7.517204e-02 |   9 1 2.459435e-01 
2019-11-04 10:57:16 | DEBUG |       32.368  9.835491e-01 -2.927247e-01 -6.591353e-02  7.516988e-02 |  10 1 4.918869e-01 
2019-11-04 10:57:16 | DEBUG |       32.860  9.835443e-01 -2.927349e-01 -6.591269e-02  7.517046e-02 |  11 1 4.918869e-01 
2019-11-04 10:57:16 | DEBUG |       33.844  9.835426e-01 -2.927399e-01 -6.591230e-02  7.517078e-02 |  12 1 9.837739e-01 
2019-11-04 10:57:16 | DEBUG | tap of Transformer _BUS____5-BUS____6-1_PS change from 8 to 9
2019-11-04 10:57:16 | DEBUG | Algebraic mode change for model NETWORK
2019-11-04 10:57:16 | DEBUG |       35.000  9.835424e-01 -2.927406e-01 -6.591225e-02  7.517082e-02 |  13 1 1.967548e+00 
2019-11-04 10:57:16 | DEBUG | calculation of the new starting point of the simulation.
2019-11-04 10:57:16 | DEBUG |       35.000  9.827193e-01 -2.960721e-01 -6.566366e-02  7.540503e-02 |   0 0 0.000000e+00 
2019-11-04 10:57:16 | DEBUG |       35.006  9.826252e-01 -2.963069e-01 -6.564477e-02  7.541918e-02 |   1 1 5.654405e-03 
2019-11-04 10:57:16 | DEBUG |       35.011  9.825441e-01 -2.965059e-01 -6.562870e-02  7.543112e-02 |   2 1 5.654405e-03 
2019-11-04 10:57:16 | DEBUG |       35.017  9.824754e-01 -2.966725e-01 -6.561522e-02  7.544107e-02 |   3 2 1.130881e-02 
2019-11-04 10:57:16 | DEBUG |       35.017  9.824754e-01 -2.966725e-01 -6.561522e-02  7.544107e-02 |   3 2 1.130881e-02 
2019-11-04 10:57:16 | DEBUG |       35.023  9.824048e-01 -2.968412e-01 -6.560153e-02  7.545107e-02 |   3 2 1.130881e-02 
2019-11-04 10:57:16 | DEBUG |       35.045  9.821983e-01 -2.973176e-01 -6.556259e-02  7.547887e-02 |   4 2 2.261762e-02 
2019-11-04 10:57:16 | DEBUG |       35.090  9.818921e-01 -2.979996e-01 -6.550643e-02  7.551799e-02 |   5 2 4.523524e-02 
2019-11-04 10:57:16 | DEBUG |       35.131  9.816639e-01 -2.985128e-01 -6.546424e-02  7.554758e-02 |   6 2 4.071172e-02 
2019-11-04 10:57:16 | DEBUG |       35.172  9.814361e-01 -2.990556e-01 -6.542010e-02  7.557976e-02 |   7 2 4.071172e-02 
2019-11-04 10:57:16 | DEBUG |       35.253  9.811110e-01 -2.999446e-01 -6.534959e-02  7.563556e-02 |   8 1 8.142344e-02 
2019-11-04 10:57:16 | DEBUG |       35.335  9.809716e-01 -3.004190e-01 -6.531321e-02  7.566751e-02 |   9 1 8.142344e-02 
2019-11-04 10:57:16 | DEBUG |       35.416  9.809967e-01 -3.004894e-01 -6.530953e-02  7.567518e-02 |  10 1 8.142344e-02 
2019-11-04 10:57:16 | DEBUG | Algebraic mode change for model GEN____6_SM
2019-11-04 10:57:16 | DEBUG |       35.507  9.811000e-01 -3.003515e-01 -6.532246e-02  7.566992e-02 |  11 2 1.628469e-01 
2019-11-04 10:57:16 | DEBUG | calculation of the new starting point of the simulation.
2019-11-04 10:57:16 | DEBUG |       35.507  9.811001e-01 -3.003514e-01 -6.532248e-02  7.566991e-02 |   0 0 0.000000e+00 
2019-11-04 10:57:16 | DEBUG |       35.518  9.811239e-01 -3.003078e-01 -6.532623e-02  7.566768e-02 |   1 1 1.158744e-02 
2019-11-04 10:57:16 | DEBUG |       35.530  9.811495e-01 -3.002587e-01 -6.533041e-02  7.566510e-02 |   2 1 1.158744e-02 
2019-11-04 10:57:16 | DEBUG |       35.553  9.812045e-01 -3.001493e-01 -6.533965e-02  7.565919e-02 |   3 2 2.317488e-02 
2019-11-04 10:57:16 | DEBUG |       35.599  9.813255e-01 -2.998900e-01 -6.536122e-02  7.564459e-02 |   4 2 4.634976e-02 
2019-11-04 10:57:16 | DEBUG |       35.692  9.815544e-01 -2.993498e-01 -6.540524e-02  7.561271e-02 |   5 2 9.269953e-02 
2019-11-04 10:57:16 | DEBUG | Algebraic mode change for model GEN____6_SM
2019-11-04 10:57:16 | DEBUG |       35.822  9.816033e-01 -2.991629e-01 -6.541933e-02  7.559973e-02 |   6 1 1.853991e-01 
2019-11-04 10:57:16 | DEBUG | calculation of the new starting point of the simulation.
2019-11-04 10:57:16 | DEBUG |       35.822  9.816033e-01 -2.991629e-01 -6.541933e-02  7.559973e-02 |   0 0 0.000000e+00 
2019-11-04 10:57:16 | DEBUG |       35.834  9.816135e-01 -2.991327e-01 -6.542170e-02  7.559778e-02 |   1 1 1.166913e-02 
2019-11-04 10:57:16 | DEBUG |       35.845  9.816222e-01 -2.991059e-01 -6.542378e-02  7.559603e-02 |   2 1 1.166913e-02 
2019-11-04 10:57:16 | DEBUG |       35.869  9.816357e-01 -2.990607e-01 -6.542725e-02  7.559300e-02 |   3 2 2.333826e-02 
2019-11-04 10:57:16 | DEBUG |       35.915  9.816443e-01 -2.990135e-01 -6.543067e-02  7.558948e-02 |   4 2 4.667652e-02 
2019-11-04 10:57:16 | DEBUG |       36.009  9.816028e-01 -2.990677e-01 -6.542556e-02  7.559150e-02 |   5 2 9.335304e-02 
2019-11-04 10:57:16 | DEBUG |       36.195  9.814466e-01 -2.994137e-01 -6.539701e-02  7.561130e-02 |   6 2 1.867061e-01 
2019-11-04 10:57:16 | DEBUG |       36.382  9.813808e-01 -2.996140e-01 -6.538140e-02  7.562434e-02 |   7 1 1.867061e-01 
2019-11-04 10:57:16 | DEBUG |       36.569  9.814033e-01 -2.995877e-01 -6.538397e-02  7.562352e-02 |   8 1 1.867061e-01 
2019-11-04 10:57:16 | DEBUG |       36.756  9.814376e-01 -2.995126e-01 -6.539018e-02  7.561925e-02 |   9 1 1.867061e-01 
2019-11-04 10:57:16 | DEBUG |       37.129  9.814546e-01 -2.994675e-01 -6.539378e-02  7.561645e-02 |  10 1 3.734122e-01 
2019-11-04 10:57:16 | DEBUG |       37.502  9.814523e-01 -2.994708e-01 -6.539348e-02  7.561659e-02 |  11 1 3.734122e-01 
2019-11-04 10:57:16 | DEBUG |       38.249  9.814495e-01 -2.994780e-01 -6.539290e-02  7.561702e-02 |  12 1 7.468244e-01 
2019-11-04 10:57:16 | DEBUG |       39.743  9.814489e-01 -2.994799e-01 -6.539275e-02  7.561715e-02 |  13 1 1.493649e+00 
2019-11-04 10:57:16 | DEBUG |       42.730  9.814486e-01 -2.994808e-01 -6.539268e-02  7.561722e-02 |  14 1 2.987297e+00 
2019-11-04 10:57:16 | DEBUG | tap of Transformer _BUS____5-BUS____6-1_PS change from 9 to 10
2019-11-04 10:57:16 | DEBUG | Algebraic mode change for model NETWORK
2019-11-04 10:57:16 | DEBUG |       45.017  9.814486e-01 -2.994810e-01 -6.539266e-02  7.561723e-02 |  15 1 5.974595e+00 
2019-11-04 10:57:16 | DEBUG | calculation of the new starting point of the simulation.
2019-11-04 10:57:16 | DEBUG |       45.017  9.805957e-01 -3.028054e-01 -6.514232e-02  7.584921e-02 |   0 0 0.000000e+00 
2019-11-04 10:57:16 | DEBUG |       45.023  9.804957e-01 -3.030494e-01 -6.512251e-02  7.586377e-02 |   1 1 5.938167e-03 
2019-11-04 10:57:16 | DEBUG |       45.028  9.804100e-01 -3.032549e-01 -6.510578e-02  7.587600e-02 |   2 1 5.938167e-03 
2019-11-04 10:57:16 | DEBUG |       45.040  9.802637e-01 -3.035992e-01 -6.507764e-02  7.589632e-02 |   3 2 1.187633e-02 
2019-11-04 10:57:16 | DEBUG |       45.064  9.800483e-01 -3.040854e-01 -6.503755e-02  7.592446e-02 |   4 2 2.375267e-02 
2019-11-04 10:57:16 | DEBUG |       45.088  9.798885e-01 -3.044304e-01 -6.500885e-02  7.594398e-02 |   5 2 2.375267e-02 
2019-11-04 10:57:16 | DEBUG |       45.112  9.797477e-01 -3.047337e-01 -6.498359e-02  7.596113e-02 |   6 2 2.375267e-02 
2019-11-04 10:57:16 | DEBUG |       45.153  9.794999e-01 -3.052909e-01 -6.493760e-02  7.599334e-02 |   7 2 4.750534e-02 
2019-11-04 10:57:16 | DEBUG |       45.153  9.794999e-01 -3.052909e-01 -6.493760e-02  7.599334e-02 |   7 2 4.750534e-02 
2019-11-04 10:57:16 | DEBUG |       45.159  9.794649e-01 -3.053720e-01 -6.493093e-02  7.599810e-02 |   7 2 4.750534e-02 
2019-11-04 10:57:16 | DEBUG |       45.207  9.792044e-01 -3.060162e-01 -6.487870e-02  7.603700e-02 |   8 1 4.750534e-02 
2019-11-04 10:57:16 | DEBUG |       45.302  9.789077e-01 -3.068563e-01 -6.481217e-02  7.609048e-02 |   9 1 9.501068e-02 
2019-11-04 10:57:16 | DEBUG |       45.397  9.788474e-01 -3.071509e-01 -6.479046e-02  7.611203e-02 |  10 1 9.501068e-02 
2019-11-04 10:57:16 | DEBUG |       45.492  9.789509e-01 -3.070252e-01 -6.480265e-02  7.610779e-02 |  11 1 9.501068e-02 
2019-11-04 10:57:16 | DEBUG | Algebraic mode change for model GEN____6_SM
2019-11-04 10:57:16 | DEBUG |       45.555  9.790382e-01 -3.068759e-01 -6.481577e-02  7.610049e-02 |  12 2 1.900214e-01 
2019-11-04 10:57:16 | DEBUG | calculation of the new starting point of the simulation.
2019-11-04 10:57:16 | DEBUG |       45.555  9.790380e-01 -3.068757e-01 -6.481577e-02  7.610047e-02 |   0 0 0.000000e+00 
2019-11-04 10:57:16 | DEBUG |       45.569  9.790671e-01 -3.068196e-01 -6.482057e-02  7.609749e-02 |   1 1 1.471656e-02 
2019-11-04 10:57:16 | DEBUG |       45.584  9.790981e-01 -3.067576e-01 -6.482582e-02  7.609412e-02 |   2 1 1.471656e-02 
2019-11-04 10:57:16 | DEBUG |       45.613  9.791630e-01 -3.066230e-01 -6.483714e-02  7.608665e-02 |   3 2 2.943311e-02 
2019-11-04 10:57:16 | DEBUG |       45.672  9.792958e-01 -3.063280e-01 -6.486157e-02  7.606970e-02 |   4 2 5.886623e-02 
2019-11-04 10:57:16 | DEBUG |       45.790  9.794942e-01 -3.058375e-01 -6.490136e-02  7.604008e-02 |   5 2 1.177325e-01 
2019-11-04 10:57:16 | DEBUG | Algebraic mode change for model GEN____6_SM
2019-11-04 10:57:16 | DEBUG |       45.824  9.794902e-01 -3.058295e-01 -6.490173e-02  7.603913e-02 |   6 1 1.455454e-01 
2019-11-04 10:57:16 | DEBUG | calculation of the new starting point of the simulation.
2019-11-04 10:57:16 | DEBUG |       45.824  9.794902e-01 -3.058295e-01 -6.490173e-02  7.603913e-02 |   0 0 0.000000e+00 
2019-11-04 10:57:16 | DEBUG |       45.839  9.795029e-01 -3.057910e-01 -6.490475e-02  7.603662e-02 |   1 1 1.475794e-02 
2019-11-04 10:57:16 | DEBUG |       45.854  9.795127e-01 -3.057589e-01 -6.490723e-02  7.603449e-02 |   2 1 1.475794e-02 
2019-11-04 10:57:16 | DEBUG |       45.883  9.795254e-01 -3.057103e-01 -6.491091e-02  7.603111e-02 |   3 2 2.951587e-02 
2019-11-04 10:57:16 | DEBUG |       45.942  9.795189e-01 -3.056891e-01 -6.491206e-02  7.602887e-02 |   4 2 5.903174e-02 
2019-11-04 10:57:16 | DEBUG |       46.060  9.794237e-01 -3.058631e-01 -6.489702e-02  7.603779e-02 |   5 2 1.180635e-01 
2019-11-04 10:57:16 | DEBUG |       46.179  9.792863e-01 -3.061770e-01 -6.487117e-02  7.605608e-02 |   6 2 1.180635e-01 
2019-11-04 10:57:16 | DEBUG |       46.297  9.791867e-01 -3.064380e-01 -6.485022e-02  7.607222e-02 |   7 2 1.180635e-01 
2019-11-04 10:57:16 | DEBUG |       46.533  9.792363e-01 -3.063717e-01 -6.485646e-02  7.606967e-02 |   8 1 2.361270e-01 
2019-11-04 10:57:16 | DEBUG |       46.745  9.792925e-01 -3.062480e-01 -6.486673e-02  7.606259e-02 |   9 1 2.119491e-01 
2019-11-04 10:57:16 | DEBUG |       47.169  9.793129e-01 -3.061924e-01 -6.487116e-02  7.605910e-02 |  10 1 4.238981e-01 
2019-11-04 10:57:16 | DEBUG |       47.592  9.793086e-01 -3.062000e-01 -6.487049e-02  7.605948e-02 |  11 1 4.238981e-01 
2019-11-04 10:57:16 | DEBUG |       48.440  9.793055e-01 -3.062078e-01 -6.486986e-02  7.605996e-02 |  12 1 8.477962e-01 
2019-11-04 10:57:16 | DEBUG |       50.136  9.793050e-01 -3.062095e-01 -6.486973e-02  7.606007e-02 |  13 1 1.695592e+00 
2019-11-04 10:57:16 | DEBUG |       53.527  9.793047e-01 -3.062103e-01 -6.486967e-02  7.606013e-02 |  14 1 3.391185e+00 
2019-11-04 10:57:16 | DEBUG | tap of Transformer _BUS____5-BUS____6-1_PS change from 10 to 11
2019-11-04 10:57:16 | DEBUG | Algebraic mode change for model NETWORK
2019-11-04 10:57:16 | DEBUG |       55.153  9.793047e-01 -3.062104e-01 -6.486966e-02  7.606013e-02 |  15 1 6.782370e+00 
2019-11-04 10:57:16 | DEBUG | calculation of the new starting point of the simulation.
2019-11-04 10:57:16 | DEBUG |       55.153  9.784220e-01 -3.095275e-01 -6.461758e-02  7.628990e-02 |   0 0 0.000000e+00 
2019-11-04 10:57:16 | DEBUG |       55.159  9.783178e-01 -3.097764e-01 -6.459719e-02  7.630458e-02 |   1 1 6.101266e-03 
2019-11-04 10:57:16 | DEBUG |       55.165  9.782289e-01 -3.099852e-01 -6.458004e-02  7.631691e-02 |   2 1 6.101266e-03 
2019-11-04 10:57:16 | DEBUG |       55.178  9.780775e-01 -3.103340e-01 -6.455129e-02  7.633735e-02 |   3 2 1.220253e-02 
2019-11-04 10:57:16 | DEBUG |       55.202  9.778553e-01 -3.108253e-01 -6.451046e-02  7.636556e-02 |   4 2 2.440506e-02 
2019-11-04 10:57:16 | DEBUG |       55.226  9.776905e-01 -3.111751e-01 -6.448113e-02  7.638523e-02 |   5 2 2.440506e-02 
2019-11-04 10:57:16 | DEBUG |       55.235  9.776394e-01 -3.112837e-01 -6.447202e-02  7.639134e-02 |   6 2 2.440506e-02 
2019-11-04 10:57:16 | DEBUG |       55.235  9.776394e-01 -3.112837e-01 -6.447202e-02  7.639134e-02 |   6 2 2.440506e-02 
2019-11-04 10:57:16 | DEBUG |       55.251  9.775444e-01 -3.114857e-01 -6.445509e-02  7.640271e-02 |   6 2 2.440506e-02 
2019-11-04 10:57:16 | DEBUG |       55.300  9.772501e-01 -3.121425e-01 -6.440055e-02  7.644062e-02 |   7 2 4.881012e-02 
2019-11-04 10:57:16 | DEBUG |       55.348  9.769817e-01 -3.127991e-01 -6.434697e-02  7.648018e-02 |   8 1 4.881012e-02 
2019-11-04 10:57:17 | DEBUG |       55.446  9.766916e-01 -3.136187e-01 -6.428175e-02  7.653241e-02 |   9 1 9.762025e-02 
2019-11-04 10:57:17 | DEBUG |       55.544  9.766499e-01 -3.138694e-01 -6.426356e-02  7.655137e-02 |  10 1 9.762025e-02 
2019-11-04 10:57:17 | DEBUG |       55.641  9.767710e-01 -3.137038e-01 -6.427910e-02  7.654477e-02 |  11 1 9.762025e-02 
2019-11-04 10:57:17 | DEBUG | Algebraic mode change for model GEN____6_SM
2019-11-04 10:57:17 | DEBUG |       55.701  9.768718e-01 -3.135206e-01 -6.429502e-02  7.653537e-02 |  12 2 9.762025e-02 
2019-11-04 10:57:17 | DEBUG | calculation of the new starting point of the simulation.
2019-11-04 10:57:17 | DEBUG | Algebraic mode change for model GEN____6_SM
2019-11-04 10:57:17 | DEBUG |       55.701  9.768717e-01 -3.135205e-01 -6.429503e-02  7.653536e-02 |   0 0 0.000000e+00 
2019-11-04 10:57:17 | DEBUG | Algebraic mode change for model GEN____6_SM
2019-11-04 10:57:17 | DEBUG |       55.701  9.768717e-01 -3.135205e-01 -6.429503e-02  7.653536e-02 |   1 1 1.781837e-02 
2019-11-04 10:57:17 | DEBUG | calculation of the new starting point of the simulation.
2019-11-04 10:57:17 | DEBUG |       55.701  9.768717e-01 -3.135205e-01 -6.429503e-02  7.653536e-02 |   0 0 0.000000e+00 
2019-11-04 10:57:17 | DEBUG |       55.718  9.769077e-01 -3.134500e-01 -6.430105e-02  7.653157e-02 |   1 1 1.781837e-02 
2019-11-04 10:57:17 | DEBUG |       55.736  9.769456e-01 -3.133729e-01 -6.430758e-02  7.652734e-02 |   2 1 1.781837e-02 
2019-11-04 10:57:17 | DEBUG |       55.772  9.770237e-01 -3.132086e-01 -6.432141e-02  7.651813e-02 |   3 2 3.563674e-02 
2019-11-04 10:57:17 | DEBUG |       55.843  9.771715e-01 -3.128742e-01 -6.434912e-02  7.649869e-02 |   4 2 7.127348e-02 
2019-11-04 10:57:17 | DEBUG | Algebraic mode change for model GEN____6_SM
2019-11-04 10:57:17 | DEBUG |       55.950  9.773125e-01 -3.125208e-01 -6.437783e-02  7.647719e-02 |   5 2 1.425470e-01 
2019-11-04 10:57:17 | DEBUG | calculation of the new starting point of the simulation.
2019-11-04 10:57:17 | DEBUG |       55.950  9.773125e-01 -3.125208e-01 -6.437783e-02  7.647719e-02 |   0 0 0.000000e+00 
2019-11-04 10:57:17 | DEBUG |       55.968  9.773282e-01 -3.124736e-01 -6.438154e-02  7.647411e-02 |   1 1 1.781258e-02 
2019-11-04 10:57:17 | DEBUG |       55.986  9.773392e-01 -3.124365e-01 -6.438441e-02  7.647161e-02 |   2 1 1.781258e-02 
2019-11-04 10:57:17 | DEBUG |       56.021  9.773505e-01 -3.123865e-01 -6.438815e-02  7.646802e-02 |   3 2 3.562516e-02 
2019-11-04 10:57:17 | DEBUG |       56.093  9.773261e-01 -3.123988e-01 -6.438642e-02  7.646753e-02 |   4 2 7.125033e-02 
2019-11-04 10:57:17 | DEBUG |       56.235  9.771828e-01 -3.126829e-01 -6.436222e-02  7.648292e-02 |   5 2 1.425007e-01 
2019-11-04 10:57:17 | DEBUG |       56.378  9.770267e-01 -3.130539e-01 -6.433177e-02  7.650499e-02 |   6 2 1.425007e-01 
2019-11-04 10:57:17 | DEBUG |       56.663  9.770408e-01 -3.130828e-01 -6.433038e-02  7.650837e-02 |   7 1 2.850013e-01 
2019-11-04 10:57:17 | DEBUG |       56.897  9.770924e-01 -3.129772e-01 -6.433932e-02  7.650255e-02 |   8 1 2.342705e-01 
2019-11-04 10:57:17 | DEBUG |       57.365  9.771161e-01 -3.129177e-01 -6.434415e-02  7.649892e-02 |   9 1 4.685409e-01 
2019-11-04 10:57:17 | DEBUG |       57.834  9.771140e-01 -3.129203e-01 -6.434390e-02  7.649901e-02 |  10 1 4.685409e-01 
2019-11-04 10:57:17 | DEBUG |       58.771  9.771113e-01 -3.129270e-01 -6.434336e-02  7.649942e-02 |  11 1 9.370819e-01 
2019-11-04 10:57:17 | DEBUG |       60.645  9.771108e-01 -3.129286e-01 -6.434324e-02  7.649952e-02 |  12 1 1.874164e+00 
2019-11-04 10:57:17 | DEBUG |       64.394  9.771106e-01 -3.129294e-01 -6.434317e-02  7.649958e-02 |  13 1 3.748327e+00 
2019-11-04 10:57:17 | DEBUG |       71.890  9.771105e-01 -3.129297e-01 -6.434315e-02  7.649960e-02 |  14 1 7.496655e+00 
2019-11-04 10:57:17 | DEBUG |       81.890  9.771104e-01 -3.129298e-01 -6.434314e-02  7.649960e-02 |  15 1 1.000000e+01 
2019-11-04 10:57:17 | DEBUG |       91.890  9.771104e-01 -3.129298e-01 -6.434314e-02  7.649960e-02 |  16 1 1.000000e+01 
2019-11-04 10:57:17 | DEBUG |      100.000  9.771104e-01 -3.129298e-01 -6.434314e-02  7.649960e-02 |  17 1 8.109750e+00 
2019-11-04 10:57:17 | DEBUG | get parameter value in model multi : phaseShifter_valueMax value: 0.445 in submodel: PhaseShifter
2019-11-04 10:57:17 | INFO | parameter curve:PhaseShifter curve variable:phaseShifter_valueMax updated.
2019-11-04 10:57:17 | DEBUG | get parameter value in model multi : phaseShifter_valueMin value: 0.435 in submodel: PhaseShifter
2019-11-04 10:57:17 | INFO | parameter curve:PhaseShifter curve variable:phaseShifter_valueMin updated.
2019-11-04 10:57:17 | DEBUG | 
2019-11-04 10:57:17 | DEBUG | execution Stats :
2019-11-04 10:57:17 | DEBUG | 
2019-11-04 10:57:17 | DEBUG | number of iterations                     = 243
2019-11-04 10:57:17 | DEBUG | number of Residual evaluations           = 446
2019-11-04 10:57:17 | DEBUG | number of Jacobian evaluations           = 142
2019-11-04 10:57:17 | DEBUG | number of Nonlinear iterations           = 444
2019-11-04 10:57:17 | DEBUG | number of error test failures            = 1
2019-11-04 10:57:17 | DEBUG | number of Nonlinear convergence failures = 0
2019-11-04 10:57:17 | DEBUG | number of root functions evaluations     = 1723
2019-11-04 10:57:17 | DEBUG | end of job 'IEEE14 - PhaseShifterP'
