2019-11-04 10:57:13 | DEBUG |  ============================================================ 
2019-11-04 10:57:13 | DEBUG | DYNAWO VERSION  :     1.0.1
2019-11-04 10:57:13 | DEBUG | DYNAWO REVISION :  504_dynawo_precision-bacb807
2019-11-04 10:57:13 | DEBUG |  ============================================================ 
2019-11-04 10:57:13 | DEBUG | connecting DISCONNECT_LINE_event_state1_value with NETWORK__BUS____9-BUS___10-1_AC_state_value
2019-11-04 10:57:13 | DEBUG | connecting OMEGA_REF_omega_grp_0 with GEN____1_SM_generator_omegaPu
2019-11-04 10:57:13 | DEBUG | connecting OMEGA_REF_omegaRef_grp_0 with GEN____1_SM_generator_omegaRefPu
2019-11-04 10:57:13 | DEBUG | connecting OMEGA_REF_running_grp_0 with GEN____1_SM_generator_running
2019-11-04 10:57:13 | DEBUG | connecting GEN____1_SM_generator_switchOffSignal1 with NETWORK__BUS____1_TN_switchOff
2019-11-04 10:57:13 | DEBUG | connecting GEN____1_SM_generator_terminal with NETWORK__BUS____1_TN_ACPIN
2019-11-04 10:57:13 | DEBUG | connecting OMEGA_REF_omega_grp_1 with GEN____2_SM_generator_omegaPu
2019-11-04 10:57:13 | DEBUG | connecting OMEGA_REF_omegaRef_grp_1 with GEN____2_SM_generator_omegaRefPu
2019-11-04 10:57:13 | DEBUG | connecting OMEGA_REF_running_grp_1 with GEN____2_SM_generator_running
2019-11-04 10:57:13 | DEBUG | connecting GEN____2_SM_generator_switchOffSignal1 with NETWORK__BUS____2_TN_switchOff
2019-11-04 10:57:13 | DEBUG | connecting GEN____2_SM_generator_terminal with NETWORK__BUS____2_TN_ACPIN
2019-11-04 10:57:13 | DEBUG | connecting OMEGA_REF_omega_grp_2 with GEN____3_SM_generator_omegaPu
2019-11-04 10:57:13 | DEBUG | connecting OMEGA_REF_omegaRef_grp_2 with GEN____3_SM_generator_omegaRefPu
2019-11-04 10:57:13 | DEBUG | connecting OMEGA_REF_running_grp_2 with GEN____3_SM_generator_running
2019-11-04 10:57:13 | DEBUG | connecting GEN____3_SM_generator_switchOffSignal1 with NETWORK__BUS____3_TN_switchOff
2019-11-04 10:57:13 | DEBUG | connecting GEN____3_SM_generator_terminal with NETWORK__BUS____3_TN_ACPIN
2019-11-04 10:57:13 | DEBUG | connecting OMEGA_REF_omega_grp_3 with GEN____6_SM_generator_omegaPu
2019-11-04 10:57:13 | DEBUG | connecting OMEGA_REF_omegaRef_grp_3 with GEN____6_SM_generator_omegaRefPu
2019-11-04 10:57:13 | DEBUG | connecting OMEGA_REF_running_grp_3 with GEN____6_SM_generator_running
2019-11-04 10:57:13 | DEBUG | connecting GEN____6_SM_generator_switchOffSignal1 with NETWORK__BUS____6_TN_switchOff
2019-11-04 10:57:13 | DEBUG | connecting GEN____6_SM_generator_terminal with NETWORK__BUS____6_TN_ACPIN
2019-11-04 10:57:13 | DEBUG | connecting OMEGA_REF_omega_grp_4 with GEN____8_SM_generator_omegaPu
2019-11-04 10:57:13 | DEBUG | connecting OMEGA_REF_omegaRef_grp_4 with GEN____8_SM_generator_omegaRefPu
2019-11-04 10:57:13 | DEBUG | connecting OMEGA_REF_running_grp_4 with GEN____8_SM_generator_running
2019-11-04 10:57:13 | DEBUG | connecting GEN____8_SM_generator_switchOffSignal1 with NETWORK__BUS____8_TN_switchOff
2019-11-04 10:57:13 | DEBUG | connecting GEN____8_SM_generator_terminal with NETWORK__BUS____8_TN_ACPIN
2019-11-04 10:57:13 | DEBUG | connecting OMEGA_REF_numcc_node_0 with NETWORK__BUS____1_TN_numcc
2019-11-04 10:57:13 | DEBUG | connecting OMEGA_REF_numcc_node_1 with NETWORK__BUS____2_TN_numcc
2019-11-04 10:57:13 | DEBUG | connecting OMEGA_REF_numcc_node_2 with NETWORK__BUS____3_TN_numcc
2019-11-04 10:57:13 | DEBUG | connecting OMEGA_REF_numcc_node_3 with NETWORK__BUS____6_TN_numcc
2019-11-04 10:57:13 | DEBUG | connecting OMEGA_REF_numcc_node_4 with NETWORK__BUS____8_TN_numcc
2019-11-04 10:57:13 | DEBUG | connecting _LOAD__10_EC_load_terminal with NETWORK__BUS___10_TN_ACPIN
2019-11-04 10:57:13 | DEBUG | connecting _LOAD__11_EC_load_terminal with NETWORK__BUS___11_TN_ACPIN
2019-11-04 10:57:13 | DEBUG | connecting _LOAD__12_EC_load_terminal with NETWORK__BUS___12_TN_ACPIN
2019-11-04 10:57:13 | DEBUG | connecting _LOAD__13_EC_load_terminal with NETWORK__BUS___13_TN_ACPIN
2019-11-04 10:57:13 | DEBUG | connecting _LOAD__14_EC_load_terminal with NETWORK__BUS___14_TN_ACPIN
2019-11-04 10:57:13 | DEBUG | connecting _LOAD___2_EC_load_terminal with NETWORK__BUS____2_TN_ACPIN
2019-11-04 10:57:13 | DEBUG | connecting _LOAD___3_EC_load_terminal with NETWORK__BUS____3_TN_ACPIN
2019-11-04 10:57:13 | DEBUG | connecting _LOAD___4_EC_load_terminal with NETWORK__BUS____4_TN_ACPIN
2019-11-04 10:57:13 | DEBUG | connecting PhaseShifter_phaseShifter_AutomatonExists with NETWORK__BUS____5-BUS____6-1_PS_disable_internal_tapChanger
2019-11-04 10:57:13 | DEBUG | connecting PhaseShifter_phaseShifter_iMonitored with NETWORK__BUS____5-BUS____6-1_PS_i1
2019-11-04 10:57:13 | DEBUG | connecting PhaseShifter_phaseShifter_tap with NETWORK__BUS____5-BUS____6-1_PS_step
2019-11-04 10:57:13 | DEBUG | connecting _LOAD___5_EC_load_terminal with NETWORK__BUS____5_TN_ACPIN
2019-11-04 10:57:13 | DEBUG | connecting _LOAD___6_EC_load_terminal with NETWORK__BUS____6_TN_ACPIN
2019-11-04 10:57:13 | DEBUG | connecting _LOAD___9_EC_load_terminal with NETWORK__BUS____9_TN_ACPIN
2019-11-04 10:57:13 | INFO | adding curve : Id: NETWORK; output: _BUS____9-BUS___10-1_AC_iSide2 found.( _BUS____9-BUS___10-1_AC_iSide2_value )
2019-11-04 10:57:13 | INFO | adding curve : Id: NETWORK; output: _BUS____5-BUS____6-1_PS_iSide2 found.( _BUS____5-BUS____6-1_PS_iSide2_value )
2019-11-04 10:57:13 | INFO | adding curve : Id: NETWORK; output: _BUS____5-BUS____6-1_PS_step found.( _BUS____5-BUS____6-1_PS_step_value )
2019-11-04 10:57:13 | INFO | adding curve : Id: NETWORK; output: _BUS____5-BUS____6-1_PS_i1 found.( _BUS____5-BUS____6-1_PS_i1_value )
2019-11-04 10:57:13 | INFO | adding curve : Id: PhaseShifter; curve: phaseShifter_state found. (exact name)
2019-11-04 10:57:13 | INFO | adding parameter curve: Id: PhaseShifter; parameter curve: phaseShifter_iMax found. (exact name)
2019-11-04 10:57:13 | INFO | adding parameter curve: Id: PhaseShifter; parameter curve: phaseShifter_iStop found. (exact name)
2019-11-04 10:57:13 | INFO | adding curve : Id: PhaseShifter; output: phaseShifter_iMonitored found.( phaseShifter_iMonitored_value )
2019-11-04 10:57:13 | DEBUG | nbSubNetwork = 1 nbsub = 1
2019-11-04 10:57:13 | DEBUG | subNetwork[0] nbBus = 14
2019-11-04 10:57:13 | DEBUG | keep SubNetworks num : 0
2019-11-04 10:57:13 | DEBUG | generator_Cm0Pu same value as Pm_Value0
2019-11-04 10:57:13 | DEBUG | generator_Pm0Pu same value as Pm_Value0
2019-11-04 10:57:13 | DEBUG | governor_Pm0Pu same value as Pm_Value0
2019-11-04 10:57:13 | DEBUG | voltageRegulator_UsRef0Pu same value as URef_Value0
2019-11-04 10:57:13 | DEBUG | generator_LambdaQ10Pu same value as generator_LambdaQ20Pu
2019-11-04 10:57:13 | DEBUG | generator_sStator0Pu_im opposite value of generator_QStator0Pu
2019-11-04 10:57:13 | DEBUG | generator_Theta0 same value as generator_ThetaInternal0
2019-11-04 10:57:13 | DEBUG | voltageRegulator_u0_im same value as generator_uStator0Pu_im
2019-11-04 10:57:13 | DEBUG | voltageRegulator_u0_re same value as generator_uStator0Pu_re
2019-11-04 10:57:13 | DEBUG | voltageRegulator_limiterWithLag_y0 same value as voltageRegulator_Efd0Pu
2019-11-04 10:57:13 | DEBUG | generator_Efd0Pu same value as voltageRegulator_Efd0PuLF
2019-11-04 10:57:13 | DEBUG | voltageRegulator_limiterWithLag_u0 same value as voltageRegulator_Efd0PuLF
2019-11-04 10:57:13 | DEBUG | voltageRegulator_limiterWithLag_y0LF same value as voltageRegulator_Efd0PuLF
2019-11-04 10:57:13 | DEBUG | voltageRegulator_tEfdMaxReached0 same value as voltageRegulator_limiterWithLag_tUMaxReached0
2019-11-04 10:57:13 | DEBUG | voltageRegulator_tEfdMinReached0 same value as voltageRegulator_limiterWithLag_tUMinReached0
2019-11-04 10:57:13 | DEBUG | generator_Cm0Pu same value as Pm_Value0
2019-11-04 10:57:13 | DEBUG | generator_Pm0Pu same value as Pm_Value0
2019-11-04 10:57:13 | DEBUG | governor_Pm0Pu same value as Pm_Value0
2019-11-04 10:57:13 | DEBUG | voltageRegulator_UsRef0Pu same value as URef_Value0
2019-11-04 10:57:13 | DEBUG | generator_LambdaQ10Pu same value as generator_LambdaQ20Pu
2019-11-04 10:57:13 | DEBUG | generator_sStator0Pu_im opposite value of generator_QStator0Pu
2019-11-04 10:57:13 | DEBUG | generator_Theta0 same value as generator_ThetaInternal0
2019-11-04 10:57:13 | DEBUG | voltageRegulator_u0_im same value as generator_uStator0Pu_im
2019-11-04 10:57:13 | DEBUG | voltageRegulator_u0_re same value as generator_uStator0Pu_re
2019-11-04 10:57:13 | DEBUG | voltageRegulator_limiterWithLag_y0 same value as voltageRegulator_Efd0Pu
2019-11-04 10:57:13 | DEBUG | generator_Efd0Pu same value as voltageRegulator_Efd0PuLF
2019-11-04 10:57:13 | DEBUG | voltageRegulator_limiterWithLag_u0 same value as voltageRegulator_Efd0PuLF
2019-11-04 10:57:13 | DEBUG | voltageRegulator_limiterWithLag_y0LF same value as voltageRegulator_Efd0PuLF
2019-11-04 10:57:13 | DEBUG | voltageRegulator_tEfdMaxReached0 same value as voltageRegulator_limiterWithLag_tUMaxReached0
2019-11-04 10:57:13 | DEBUG | voltageRegulator_tEfdMinReached0 same value as voltageRegulator_limiterWithLag_tUMinReached0
2019-11-04 10:57:13 | DEBUG | generator_Cm0Pu same value as Pm_Value0
2019-11-04 10:57:13 | DEBUG | generator_Pm0Pu same value as Pm_Value0
2019-11-04 10:57:13 | DEBUG | governor_Pm0Pu same value as Pm_Value0
2019-11-04 10:57:13 | DEBUG | voltageRegulator_UsRef0Pu same value as URef_Value0
2019-11-04 10:57:13 | DEBUG | generator_LambdaQ10Pu same value as generator_LambdaQ20Pu
2019-11-04 10:57:13 | DEBUG | generator_sStator0Pu_im opposite value of generator_QStator0Pu
2019-11-04 10:57:13 | DEBUG | generator_Theta0 same value as generator_ThetaInternal0
2019-11-04 10:57:13 | DEBUG | voltageRegulator_u0_im same value as generator_uStator0Pu_im
2019-11-04 10:57:13 | DEBUG | voltageRegulator_u0_re same value as generator_uStator0Pu_re
2019-11-04 10:57:13 | DEBUG | voltageRegulator_limiterWithLag_y0 same value as voltageRegulator_Efd0Pu
2019-11-04 10:57:13 | DEBUG | generator_Efd0Pu same value as voltageRegulator_Efd0PuLF
2019-11-04 10:57:13 | DEBUG | voltageRegulator_limiterWithLag_u0 same value as voltageRegulator_Efd0PuLF
2019-11-04 10:57:13 | DEBUG | voltageRegulator_limiterWithLag_y0LF same value as voltageRegulator_Efd0PuLF
2019-11-04 10:57:13 | DEBUG | voltageRegulator_tEfdMaxReached0 same value as voltageRegulator_limiterWithLag_tUMaxReached0
2019-11-04 10:57:13 | DEBUG | voltageRegulator_tEfdMinReached0 same value as voltageRegulator_limiterWithLag_tUMinReached0
2019-11-04 10:57:13 | DEBUG | generator_Cm0Pu same value as Pm_Value0
2019-11-04 10:57:13 | DEBUG | generator_Pm0Pu same value as Pm_Value0
2019-11-04 10:57:13 | DEBUG | governor_Pm0Pu same value as Pm_Value0
2019-11-04 10:57:13 | DEBUG | voltageRegulator_UsRef0Pu same value as URef_Value0
2019-11-04 10:57:13 | DEBUG | generator_LambdaQ10Pu same value as generator_LambdaQ20Pu
2019-11-04 10:57:13 | DEBUG | generator_sStator0Pu_im opposite value of generator_QStator0Pu
2019-11-04 10:57:13 | DEBUG | generator_Theta0 same value as generator_ThetaInternal0
2019-11-04 10:57:13 | DEBUG | voltageRegulator_u0_im same value as generator_uStator0Pu_im
2019-11-04 10:57:13 | DEBUG | voltageRegulator_u0_re same value as generator_uStator0Pu_re
2019-11-04 10:57:13 | DEBUG | voltageRegulator_limiterWithLag_y0 same value as voltageRegulator_Efd0Pu
2019-11-04 10:57:13 | DEBUG | generator_Efd0Pu same value as voltageRegulator_Efd0PuLF
2019-11-04 10:57:13 | DEBUG | voltageRegulator_limiterWithLag_u0 same value as voltageRegulator_Efd0PuLF
2019-11-04 10:57:13 | DEBUG | voltageRegulator_limiterWithLag_y0LF same value as voltageRegulator_Efd0PuLF
2019-11-04 10:57:13 | DEBUG | voltageRegulator_tEfdMaxReached0 same value as voltageRegulator_limiterWithLag_tUMaxReached0
2019-11-04 10:57:13 | DEBUG | voltageRegulator_tEfdMinReached0 same value as voltageRegulator_limiterWithLag_tUMinReached0
2019-11-04 10:57:13 | DEBUG | generator_Cm0Pu same value as Pm_Value0
2019-11-04 10:57:13 | DEBUG | generator_Pm0Pu same value as Pm_Value0
2019-11-04 10:57:13 | DEBUG | governor_Pm0Pu same value as Pm_Value0
2019-11-04 10:57:13 | DEBUG | voltageRegulator_UsRef0Pu same value as URef_Value0
2019-11-04 10:57:13 | DEBUG | generator_LambdaQ10Pu same value as generator_LambdaQ20Pu
2019-11-04 10:57:13 | DEBUG | generator_sStator0Pu_im opposite value of generator_QStator0Pu
2019-11-04 10:57:13 | DEBUG | generator_Theta0 same value as generator_ThetaInternal0
2019-11-04 10:57:13 | DEBUG | voltageRegulator_u0_im same value as generator_uStator0Pu_im
2019-11-04 10:57:13 | DEBUG | voltageRegulator_u0_re same value as generator_uStator0Pu_re
2019-11-04 10:57:13 | DEBUG | voltageRegulator_limiterWithLag_y0 same value as voltageRegulator_Efd0Pu
2019-11-04 10:57:13 | DEBUG | generator_Efd0Pu same value as voltageRegulator_Efd0PuLF
2019-11-04 10:57:13 | DEBUG | voltageRegulator_limiterWithLag_u0 same value as voltageRegulator_Efd0PuLF
2019-11-04 10:57:13 | DEBUG | voltageRegulator_limiterWithLag_y0LF same value as voltageRegulator_Efd0PuLF
2019-11-04 10:57:13 | DEBUG | voltageRegulator_tEfdMaxReached0 same value as voltageRegulator_limiterWithLag_tUMaxReached0
2019-11-04 10:57:13 | DEBUG | voltageRegulator_tEfdMinReached0 same value as voltageRegulator_limiterWithLag_tUMinReached0
2019-11-04 10:57:13 | DEBUG | _BUS____5-BUS____6-1_PS disable internal tap changer, use external automaton
2019-11-04 10:57:13 | DEBUG | call of SolverReInit ie a new symbolic and numerical factorization will be performed
2019-11-04 10:57:13 | DEBUG | -----------------------------------------------------------------------
2019-11-04 10:57:13 | DEBUG | number of continuous variables : 407 (display limited to 4 variables)
2019-11-04 10:57:13 | DEBUG | number of discrete variables : 245
2019-11-04 10:57:13 | DEBUG | -----------------------------------------------------------------------
2019-11-04 10:57:13 | DEBUG |     t              y1            y2            y3            y4      | nst k      h
2019-11-04 10:57:13 | DEBUG | -----------------------------------------------------------------------
2019-11-04 10:57:13 | DEBUG |        0.000  1.014792e+00 -2.737274e-01 -6.830820e-02  7.559011e-02 |   0 0 3.189828e-04 
2019-11-04 10:57:13 | DEBUG |        0.000  1.014792e+00 -2.737274e-01 -6.830820e-02  7.559011e-02 |   1 1 3.189827e-04 
2019-11-04 10:57:13 | DEBUG |        0.000  1.014792e+00 -2.737274e-01 -6.830819e-02  7.559010e-02 |   1 1 3.189827e-04 
2019-11-04 10:57:13 | DEBUG |        0.001  1.014791e+00 -2.737274e-01 -6.830819e-02  7.559009e-02 |   2 1 3.189827e-04 
2019-11-04 10:57:13 | DEBUG |        0.001  1.014791e+00 -2.737274e-01 -6.830818e-02  7.559008e-02 |   3 2 6.379655e-04 
2019-11-04 10:57:13 | DEBUG |        0.003  1.014791e+00 -2.737273e-01 -6.830817e-02  7.559005e-02 |   4 2 1.275931e-03 
2019-11-04 10:57:13 | DEBUG |        0.005  1.014790e+00 -2.737273e-01 -6.830815e-02  7.559000e-02 |   5 2 2.551862e-03 
2019-11-04 10:57:13 | DEBUG |        0.010  1.014789e+00 -2.737273e-01 -6.830810e-02  7.558992e-02 |   6 2 5.103724e-03 
2019-11-04 10:57:13 | DEBUG |        0.020  1.014787e+00 -2.737274e-01 -6.830804e-02  7.558983e-02 |   7 2 1.020745e-02 
2019-11-04 10:57:13 | DEBUG | Algebraic mode change for model GEN____3_SM
2019-11-04 10:57:13 | DEBUG |        0.037  1.014787e+00 -2.737277e-01 -6.830799e-02  7.558979e-02 |   8 2 2.041489e-02 
2019-11-04 10:57:13 | DEBUG | calculation of the new starting point of the simulation.
2019-11-04 10:57:13 | DEBUG |        0.037  1.014787e+00 -2.737277e-01 -6.830799e-02  7.558979e-02 |   0 0 0.000000e+00 
2019-11-04 10:57:13 | DEBUG |        0.037  1.014787e+00 -2.737277e-01 -6.830799e-02  7.558979e-02 |   1 1 3.306459e-04 
2019-11-04 10:57:13 | DEBUG |        0.037  1.014787e+00 -2.737277e-01 -6.830799e-02  7.558979e-02 |   2 1 3.306459e-04 
2019-11-04 10:57:13 | DEBUG |        0.038  1.014787e+00 -2.737277e-01 -6.830799e-02  7.558980e-02 |   3 2 6.612918e-04 
2019-11-04 10:57:13 | DEBUG |        0.039  1.014787e+00 -2.737278e-01 -6.830798e-02  7.558980e-02 |   4 2 1.322584e-03 
2019-11-04 10:57:13 | DEBUG |        0.042  1.014787e+00 -2.737278e-01 -6.830798e-02  7.558981e-02 |   5 2 2.645167e-03 
2019-11-04 10:57:13 | DEBUG |        0.047  1.014787e+00 -2.737280e-01 -6.830798e-02  7.558984e-02 |   6 2 5.290334e-03 
2019-11-04 10:57:13 | DEBUG |        0.058  1.014788e+00 -2.737284e-01 -6.830798e-02  7.558993e-02 |   7 2 1.058067e-02 
2019-11-04 10:57:13 | DEBUG |        0.079  1.014790e+00 -2.737294e-01 -6.830799e-02  7.559014e-02 |   8 2 2.116134e-02 
2019-11-04 10:57:13 | DEBUG |        0.121  1.014794e+00 -2.737317e-01 -6.830802e-02  7.559065e-02 |   9 2 4.232267e-02 
2019-11-04 10:57:13 | DEBUG |        0.206  1.014803e+00 -2.737366e-01 -6.830803e-02  7.559167e-02 |  10 2 8.464535e-02 
2019-11-04 10:57:13 | DEBUG |        0.375  1.014812e+00 -2.737458e-01 -6.830776e-02  7.559304e-02 |  11 1 1.692907e-01 
2019-11-04 10:57:13 | DEBUG |        0.714  1.014818e+00 -2.737551e-01 -6.830736e-02  7.559420e-02 |  12 1 3.385814e-01 
2019-11-04 10:57:13 | DEBUG | Algebraic mode change for model GEN____3_SM
2019-11-04 10:57:13 | DEBUG |        1.070  1.014819e+00 -2.737561e-01 -6.830734e-02  7.559437e-02 |  13 1 6.771628e-01 
2019-11-04 10:57:13 | DEBUG | calculation of the new starting point of the simulation.
2019-11-04 10:57:13 | DEBUG |        1.070  1.014819e+00 -2.737561e-01 -6.830734e-02  7.559437e-02 |   0 0 0.000000e+00 
2019-11-04 10:57:13 | DEBUG |        1.070  1.014819e+00 -2.737561e-01 -6.830734e-02  7.559437e-02 |   1 1 6.602123e-04 
2019-11-04 10:57:13 | DEBUG |        1.071  1.014819e+00 -2.737561e-01 -6.830734e-02  7.559437e-02 |   2 1 6.602123e-04 
2019-11-04 10:57:13 | DEBUG |        1.072  1.014819e+00 -2.737562e-01 -6.830734e-02  7.559437e-02 |   3 2 1.320425e-03 
2019-11-04 10:57:13 | DEBUG |        1.075  1.014819e+00 -2.737562e-01 -6.830734e-02  7.559438e-02 |   4 2 2.640849e-03 
2019-11-04 10:57:13 | DEBUG |        1.080  1.014819e+00 -2.737563e-01 -6.830734e-02  7.559439e-02 |   5 2 5.281698e-03 
2019-11-04 10:57:13 | DEBUG |        1.091  1.014819e+00 -2.737564e-01 -6.830733e-02  7.559441e-02 |   6 2 1.056340e-02 
2019-11-04 10:57:13 | DEBUG |        1.112  1.014819e+00 -2.737567e-01 -6.830732e-02  7.559444e-02 |   7 2 2.112679e-02 
2019-11-04 10:57:13 | DEBUG |        1.154  1.014819e+00 -2.737572e-01 -6.830730e-02  7.559450e-02 |   8 2 4.225358e-02 
2019-11-04 10:57:13 | DEBUG |        1.239  1.014820e+00 -2.737578e-01 -6.830727e-02  7.559458e-02 |   9 2 8.450717e-02 
2019-11-04 10:57:13 | DEBUG |        1.408  1.014820e+00 -2.737581e-01 -6.830727e-02  7.559463e-02 |  10 2 1.690143e-01 
2019-11-04 10:57:13 | DEBUG |        1.746  1.014821e+00 -2.737569e-01 -6.830736e-02  7.559456e-02 |  11 2 3.380287e-01 
2019-11-04 10:57:13 | DEBUG |        2.422  1.014820e+00 -2.737573e-01 -6.830733e-02  7.559458e-02 |  12 1 6.760574e-01 
2019-11-04 10:57:13 | DEBUG |        3.774  1.014820e+00 -2.737595e-01 -6.830716e-02  7.559472e-02 |  13 1 1.352115e+00 
2019-11-04 10:57:13 | DEBUG |        6.478  1.014819e+00 -2.737610e-01 -6.830704e-02  7.559483e-02 |  14 1 2.704229e+00 
2019-11-04 10:57:13 | DEBUG |       11.887  1.014819e+00 -2.737619e-01 -6.830698e-02  7.559488e-02 |  15 1 5.408459e+00 
2019-11-04 10:57:13 | DEBUG | state of Line _BUS____9-BUS___10-1_AC change from 3 to 2
2019-11-04 10:57:13 | DEBUG | nbSubNetwork = 1 nbsub = 1
2019-11-04 10:57:13 | DEBUG | subNetwork[0] nbBus = 14
2019-11-04 10:57:13 | DEBUG | keep SubNetworks num : 0
2019-11-04 10:57:13 | DEBUG | Algebraic mode (with J recalculation) change for model NETWORK
2019-11-04 10:57:13 | DEBUG |       20.000  1.014819e+00 -2.737621e-01 -6.830696e-02  7.559490e-02 |  16 1 1.000000e+01 
2019-11-04 10:57:13 | DEBUG | calculation of the new starting point of the simulation.
2019-11-04 10:57:13 | DEBUG | call of SolverReInit ie a new symbolic and numerical factorization will be performed
2019-11-04 10:57:13 | DEBUG | call of SolverReInit ie a new symbolic and numerical factorization will be performed
2019-11-04 10:57:13 | DEBUG |       20.000  9.846887e-01 -2.815836e-01 -6.668030e-02  7.428282e-02 |   0 0 0.000000e+00 
2019-11-04 10:57:13 | DEBUG |       20.005  9.845501e-01 -2.817649e-01 -6.666337e-02  7.428947e-02 |   1 1 4.501778e-03 
2019-11-04 10:57:13 | DEBUG | Algebraic mode change for model GEN____8_SM
2019-11-04 10:57:13 | DEBUG |       20.006  9.845136e-01 -2.818147e-01 -6.665877e-02  7.429140e-02 |   2 1 4.501778e-03 
2019-11-04 10:57:13 | DEBUG | calculation of the new starting point of the simulation.
2019-11-04 10:57:13 | DEBUG |       20.006  9.845136e-01 -2.818147e-01 -6.665877e-02  7.429140e-02 |   0 0 0.000000e+00 
2019-11-04 10:57:13 | DEBUG | Algebraic mode change for model GEN____3_SM
2019-11-04 10:57:13 | DEBUG |       20.010  9.844181e-01 -2.819477e-01 -6.664658e-02  7.429669e-02 |   1 1 5.021166e-03 
2019-11-04 10:57:13 | DEBUG | calculation of the new starting point of the simulation.
2019-11-04 10:57:13 | DEBUG |       20.010  9.844181e-01 -2.819477e-01 -6.664658e-02  7.429669e-02 |   0 0 0.000000e+00 
2019-11-04 10:57:13 | DEBUG |       20.015  9.843084e-01 -2.821093e-01 -6.663200e-02  7.430351e-02 |   1 1 5.327381e-03 
2019-11-04 10:57:13 | DEBUG |       20.021  9.842196e-01 -2.822519e-01 -6.661944e-02  7.431006e-02 |   2 1 5.327381e-03 
2019-11-04 10:57:13 | DEBUG |       20.031  9.840809e-01 -2.825046e-01 -6.659787e-02  7.432287e-02 |   3 2 1.065476e-02 
2019-11-04 10:57:13 | DEBUG |       20.052  9.839358e-01 -2.829125e-01 -6.656601e-02  7.434866e-02 |   4 2 2.130952e-02 
2019-11-04 10:57:13 | DEBUG |       20.088  9.838652e-01 -2.835063e-01 -6.652489e-02  7.439532e-02 |   5 2 4.261905e-02 
2019-11-04 10:57:13 | DEBUG |       20.088  9.838652e-01 -2.835063e-01 -6.652489e-02  7.439532e-02 |   5 2 4.261905e-02 
2019-11-04 10:57:13 | DEBUG |       20.095  9.838765e-01 -2.836084e-01 -6.651870e-02  7.440486e-02 |   5 2 4.261905e-02 
2019-11-04 10:57:13 | DEBUG |       20.138  9.839442e-01 -2.842702e-01 -6.647835e-02  7.446634e-02 |   6 2 4.261905e-02 
2019-11-04 10:57:13 | DEBUG |       20.180  9.840140e-01 -2.849479e-01 -6.643702e-02  7.452932e-02 |   7 2 4.261905e-02 
2019-11-04 10:57:13 | DEBUG |       20.223  9.840611e-01 -2.856054e-01 -6.639611e-02  7.458909e-02 |   8 2 4.261905e-02 
2019-11-04 10:57:13 | DEBUG |       20.308  9.842200e-01 -2.863474e-01 -6.635390e-02  7.466337e-02 |   9 1 8.523810e-02 
2019-11-04 10:57:13 | DEBUG |       20.385  9.844522e-01 -2.865680e-01 -6.634828e-02  7.469742e-02 |  10 1 7.671429e-02 
2019-11-04 10:57:13 | DEBUG |       20.462  9.847400e-01 -2.864523e-01 -6.636659e-02  7.470606e-02 |  11 1 7.671429e-02 
2019-11-04 10:57:13 | DEBUG | Algebraic mode change for model GEN____6_SM
2019-11-04 10:57:13 | DEBUG |       20.463  9.847437e-01 -2.864485e-01 -6.636698e-02  7.470597e-02 |  12 1 7.671429e-02 
2019-11-04 10:57:13 | DEBUG | calculation of the new starting point of the simulation.
2019-11-04 10:57:13 | DEBUG |       20.463  9.847437e-01 -2.864485e-01 -6.636698e-02  7.470597e-02 |   0 0 0.000000e+00 
2019-11-04 10:57:13 | DEBUG | Algebraic mode change for model GEN____8_SM
2019-11-04 10:57:13 | DEBUG |       20.465  9.847539e-01 -2.864434e-01 -6.636769e-02  7.470619e-02 |   1 1 6.838805e-03 
2019-11-04 10:57:13 | DEBUG | calculation of the new starting point of the simulation.
2019-11-04 10:57:13 | DEBUG |       20.465  9.847539e-01 -2.864434e-01 -6.636769e-02  7.470619e-02 |   0 0 0.000000e+00 
2019-11-04 10:57:13 | DEBUG |       20.472  9.847801e-01 -2.864294e-01 -6.636959e-02  7.470668e-02 |   1 1 6.839050e-03 
2019-11-04 10:57:13 | DEBUG |       20.479  9.848067e-01 -2.864129e-01 -6.637165e-02  7.470698e-02 |   2 1 6.839050e-03 
2019-11-04 10:57:13 | DEBUG |       20.493  9.848606e-01 -2.863744e-01 -6.637618e-02  7.470715e-02 |   3 2 1.367810e-02 
2019-11-04 10:57:13 | DEBUG |       20.520  9.849715e-01 -2.862729e-01 -6.638693e-02  7.470558e-02 |   4 2 2.735620e-02 
2019-11-04 10:57:13 | DEBUG |       20.575  9.851941e-01 -2.860039e-01 -6.641274e-02  7.469679e-02 |   5 2 5.471240e-02 
2019-11-04 10:57:13 | DEBUG |       20.684  9.855616e-01 -2.854495e-01 -6.646251e-02  7.467281e-02 |   6 2 1.094248e-01 
2019-11-04 10:57:13 | DEBUG | Algebraic mode change for model GEN____3_SM
2019-11-04 10:57:13 | DEBUG |       20.695  9.855724e-01 -2.854326e-01 -6.646402e-02  7.467206e-02 |   7 1 1.094248e-01 
2019-11-04 10:57:13 | DEBUG | calculation of the new starting point of the simulation.
2019-11-04 10:57:13 | DEBUG |       20.695  9.855724e-01 -2.854326e-01 -6.646402e-02  7.467206e-02 |   0 0 0.000000e+00 
2019-11-04 10:57:13 | DEBUG |       20.701  9.855909e-01 -2.853985e-01 -6.646692e-02  7.467031e-02 |   1 1 6.836848e-03 
2019-11-04 10:57:13 | DEBUG |       20.708  9.856085e-01 -2.853657e-01 -6.646971e-02  7.466863e-02 |   2 1 6.836848e-03 
2019-11-04 10:57:13 | DEBUG |       20.722  9.856417e-01 -2.853037e-01 -6.647498e-02  7.466544e-02 |   3 2 1.367370e-02 
2019-11-04 10:57:13 | DEBUG |       20.749  9.856970e-01 -2.851995e-01 -6.648381e-02  7.466004e-02 |   4 2 2.734739e-02 
2019-11-04 10:57:13 | DEBUG |       20.804  9.857613e-01 -2.850843e-01 -6.649371e-02  7.465427e-02 |   5 2 5.469479e-02 
2019-11-04 10:57:13 | DEBUG | Algebraic mode change for model GEN____6_SM
2019-11-04 10:57:13 | DEBUG |       20.808  9.857637e-01 -2.850808e-01 -6.649402e-02  7.465413e-02 |   6 2 1.093896e-01 
2019-11-04 10:57:13 | DEBUG | calculation of the new starting point of the simulation.
2019-11-04 10:57:13 | DEBUG |       20.808  9.857637e-01 -2.850808e-01 -6.649402e-02  7.465413e-02 |   0 0 0.000000e+00 
2019-11-04 10:57:13 | DEBUG |       20.814  9.857665e-01 -2.850772e-01 -6.649436e-02  7.465400e-02 |   1 1 6.934732e-03 
2019-11-04 10:57:13 | DEBUG |       20.821  9.857683e-01 -2.850758e-01 -6.649451e-02  7.465399e-02 |   2 1 6.934732e-03 
2019-11-04 10:57:13 | DEBUG |       20.835  9.857694e-01 -2.850785e-01 -6.649438e-02  7.465430e-02 |   3 2 1.386946e-02 
2019-11-04 10:57:13 | DEBUG |       20.863  9.857607e-01 -2.851100e-01 -6.649201e-02  7.465645e-02 |   4 2 2.773893e-02 
2019-11-04 10:57:13 | DEBUG |       20.918  9.857076e-01 -2.852628e-01 -6.648011e-02  7.466618e-02 |   5 2 5.547786e-02 
2019-11-04 10:57:13 | DEBUG | Algebraic mode change for model GEN____8_SM
2019-11-04 10:57:13 | DEBUG |       21.004  9.855846e-01 -2.856176e-01 -6.645247e-02  7.468879e-02 |   6 2 1.109557e-01 
2019-11-04 10:57:13 | DEBUG | calculation of the new starting point of the simulation.
2019-11-04 10:57:13 | DEBUG |       21.004  9.855846e-01 -2.856176e-01 -6.645247e-02  7.468879e-02 |   0 0 0.000000e+00 
2019-11-04 10:57:13 | DEBUG |       21.011  9.855705e-01 -2.856572e-01 -6.644937e-02  7.469129e-02 |   1 1 6.974369e-03 
2019-11-04 10:57:13 | DEBUG |       21.018  9.855564e-01 -2.856971e-01 -6.644625e-02  7.469382e-02 |   2 1 6.974369e-03 
2019-11-04 10:57:13 | DEBUG |       21.032  9.855283e-01 -2.857774e-01 -6.643998e-02  7.469892e-02 |   3 2 1.394874e-02 
2019-11-04 10:57:13 | DEBUG |       21.060  9.854737e-01 -2.859368e-01 -6.642758e-02  7.470912e-02 |   4 2 2.789748e-02 
2019-11-04 10:57:13 | DEBUG |       21.116  9.853815e-01 -2.862239e-01 -6.640548e-02  7.472790e-02 |   5 2 5.579495e-02 
2019-11-04 10:57:13 | DEBUG |       21.227  9.853046e-01 -2.865467e-01 -6.638163e-02  7.475075e-02 |   6 2 1.115899e-01 
2019-11-04 10:57:13 | DEBUG |       21.339  9.853704e-01 -2.865011e-01 -6.638706e-02  7.475107e-02 |   7 2 1.115899e-01 
2019-11-04 10:57:13 | DEBUG | Algebraic mode change for model GEN____6_SM
2019-11-04 10:57:13 | DEBUG |       21.365  9.853993e-01 -2.864493e-01 -6.639151e-02  7.474849e-02 |   8 2 1.115899e-01 
2019-11-04 10:57:13 | DEBUG | calculation of the new starting point of the simulation.
2019-11-04 10:57:13 | DEBUG |       21.365  9.853993e-01 -2.864493e-01 -6.639151e-02  7.474849e-02 |   0 0 0.000000e+00 
2019-11-04 10:57:13 | DEBUG |       21.372  9.854100e-01 -2.864286e-01 -6.639326e-02  7.474739e-02 |   1 1 7.125252e-03 
2019-11-04 10:57:13 | DEBUG |       21.379  9.854212e-01 -2.864065e-01 -6.639511e-02  7.474621e-02 |   2 1 7.125252e-03 
2019-11-04 10:57:13 | DEBUG |       21.394  9.854445e-01 -2.863591e-01 -6.639906e-02  7.474364e-02 |   3 2 1.425050e-02 
2019-11-04 10:57:13 | DEBUG |       21.422  9.854946e-01 -2.862514e-01 -6.640794e-02  7.473760e-02 |   4 2 2.850101e-02 
2019-11-04 10:57:13 | DEBUG | Algebraic mode change for model GEN____8_SM
2019-11-04 10:57:13 | DEBUG |       21.427  9.855042e-01 -2.862302e-01 -6.640967e-02  7.473639e-02 |   5 2 5.700202e-02 
2019-11-04 10:57:13 | DEBUG | calculation of the new starting point of the simulation.
2019-11-04 10:57:13 | DEBUG |       21.427  9.855042e-01 -2.862302e-01 -6.640967e-02  7.473639e-02 |   0 0 0.000000e+00 
2019-11-04 10:57:13 | DEBUG |       21.435  9.855176e-01 -2.861997e-01 -6.641216e-02  7.473463e-02 |   1 1 7.130369e-03 
2019-11-04 10:57:13 | DEBUG |       21.442  9.855312e-01 -2.861685e-01 -6.641469e-02  7.473283e-02 |   2 1 7.130369e-03 
2019-11-04 10:57:13 | DEBUG |       21.456  9.855586e-01 -2.861050e-01 -6.641984e-02  7.472912e-02 |   3 2 1.426074e-02 
2019-11-04 10:57:13 | DEBUG |       21.484  9.856128e-01 -2.859745e-01 -6.643035e-02  7.472139e-02 |   4 2 2.852148e-02 
2019-11-04 10:57:13 | DEBUG |       21.541  9.857103e-01 -2.857252e-01 -6.645019e-02  7.470621e-02 |   5 2 5.704296e-02 
2019-11-04 10:57:13 | DEBUG |       21.656  9.858175e-01 -2.854064e-01 -6.647490e-02  7.468568e-02 |   6 2 1.140859e-01 
2019-11-04 10:57:13 | DEBUG | Algebraic mode change for model GEN____6_SM
2019-11-04 10:57:13 | DEBUG |       21.662  9.858197e-01 -2.853974e-01 -6.647557e-02  7.468505e-02 |   7 2 1.140859e-01 
2019-11-04 10:57:13 | DEBUG | calculation of the new starting point of the simulation.
2019-11-04 10:57:13 | DEBUG |       21.662  9.858197e-01 -2.853974e-01 -6.647557e-02  7.468505e-02 |   0 0 0.000000e+00 
2019-11-04 10:57:13 | DEBUG |       21.669  9.858221e-01 -2.853863e-01 -6.647638e-02  7.468424e-02 |   1 1 7.214640e-03 
2019-11-04 10:57:13 | DEBUG |       21.677  9.858237e-01 -2.853769e-01 -6.647705e-02  7.468354e-02 |   2 1 7.214640e-03 
2019-11-04 10:57:13 | DEBUG |       21.691  9.858253e-01 -2.853621e-01 -6.647807e-02  7.468237e-02 |   3 2 1.442928e-02 
2019-11-04 10:57:13 | DEBUG |       21.720  9.858206e-01 -2.853530e-01 -6.647848e-02  7.468128e-02 |   4 2 2.885856e-02 
2019-11-04 10:57:13 | DEBUG |       21.778  9.857833e-01 -2.854095e-01 -6.647342e-02  7.468373e-02 |   5 2 5.771712e-02 
2019-11-04 10:57:13 | DEBUG |       21.893  9.856497e-01 -2.857077e-01 -6.644906e-02  7.470078e-02 |   6 2 1.154342e-01 
2019-11-04 10:57:13 | DEBUG |       22.008  9.855067e-01 -2.860825e-01 -6.641935e-02  7.472382e-02 |   7 2 1.154342e-01 
2019-11-04 10:57:13 | DEBUG |       22.124  9.854272e-01 -2.863363e-01 -6.639989e-02  7.474055e-02 |   8 2 1.154342e-01 
2019-11-04 10:57:13 | DEBUG |       22.355  9.855224e-01 -2.861633e-01 -6.641470e-02  7.473180e-02 |   9 1 2.308685e-01 
2019-11-04 10:57:13 | DEBUG |       22.552  9.855908e-01 -2.859947e-01 -6.642821e-02  7.472170e-02 |  10 1 1.970502e-01 
2019-11-04 10:57:13 | DEBUG |       22.946  9.856048e-01 -2.859405e-01 -6.643226e-02  7.471794e-02 |  11 1 3.941003e-01 
2019-11-04 10:57:13 | DEBUG |       23.340  9.855942e-01 -2.859629e-01 -6.643041e-02  7.471917e-02 |  12 1 3.941003e-01 
2019-11-04 10:57:13 | DEBUG |       24.128  9.855887e-01 -2.859798e-01 -6.642910e-02  7.472028e-02 |  13 1 7.882007e-01 
2019-11-04 10:57:13 | DEBUG |       25.705  9.855871e-01 -2.859864e-01 -6.642861e-02  7.472075e-02 |  14 1 1.576401e+00 
2019-11-04 10:57:13 | DEBUG |       28.857  9.855859e-01 -2.859908e-01 -6.642829e-02  7.472104e-02 |  15 1 3.152803e+00 
2019-11-04 10:57:13 | DEBUG | tap of Transformer _BUS____5-BUS____6-1_PS change from 7 to 8
2019-11-04 10:57:13 | DEBUG | Algebraic mode change for model NETWORK
2019-11-04 10:57:13 | DEBUG |       30.088  9.855858e-01 -2.859911e-01 -6.642826e-02  7.472107e-02 |  16 1 6.305605e+00 
2019-11-04 10:57:13 | DEBUG | calculation of the new starting point of the simulation.
2019-11-04 10:57:13 | DEBUG |       30.088  9.847925e-01 -2.893295e-01 -6.618146e-02  7.495750e-02 |   0 0 0.000000e+00 
2019-11-04 10:57:13 | DEBUG |       30.094  9.847033e-01 -2.895571e-01 -6.616330e-02  7.497134e-02 |   1 1 5.435649e-03 
2019-11-04 10:57:13 | DEBUG |       30.099  9.846260e-01 -2.897511e-01 -6.614777e-02  7.498307e-02 |   2 1 5.435649e-03 
2019-11-04 10:57:13 | DEBUG |       30.110  9.844927e-01 -2.900794e-01 -6.612139e-02  7.500276e-02 |   3 2 1.087130e-02 
2019-11-04 10:57:13 | DEBUG |       30.132  9.842939e-01 -2.905482e-01 -6.608340e-02  7.503032e-02 |   4 2 2.174259e-02 
2019-11-04 10:57:13 | DEBUG |       30.175  9.840002e-01 -2.912139e-01 -6.602899e-02  7.506875e-02 |   5 2 4.348519e-02 
2019-11-04 10:57:13 | DEBUG |       30.214  9.837832e-01 -2.917067e-01 -6.598873e-02  7.509723e-02 |   6 2 3.913667e-02 
2019-11-04 10:57:13 | DEBUG |       30.253  9.835683e-01 -2.922235e-01 -6.594697e-02  7.512792e-02 |   7 2 3.913667e-02 
2019-11-04 10:57:13 | DEBUG |       30.293  9.833556e-01 -2.927631e-01 -6.590378e-02  7.516073e-02 |   8 2 3.913667e-02 
2019-11-04 10:57:13 | DEBUG |       30.355  9.831533e-01 -2.933622e-01 -6.585707e-02  7.519935e-02 |   9 1 7.827334e-02 
2019-11-04 10:57:13 | DEBUG |       30.371  9.831005e-01 -2.935186e-01 -6.584488e-02  7.520942e-02 |   9 1 7.827334e-02 
2019-11-04 10:57:13 | DEBUG |       30.449  9.830289e-01 -2.938396e-01 -6.582122e-02  7.523249e-02 |  10 1 7.827334e-02 
2019-11-04 10:57:13 | DEBUG |       30.527  9.831016e-01 -2.937868e-01 -6.582740e-02  7.523261e-02 |  11 1 7.827334e-02 
2019-11-04 10:57:13 | DEBUG | Algebraic mode change for model GEN____6_SM
2019-11-04 10:57:13 | DEBUG |       30.580  9.831770e-01 -2.936674e-01 -6.583803e-02  7.522718e-02 |  12 2 1.565467e-01 
2019-11-04 10:57:13 | DEBUG | calculation of the new starting point of the simulation.
2019-11-04 10:57:13 | DEBUG |       30.580  9.831770e-01 -2.936673e-01 -6.583804e-02  7.522716e-02 |   0 0 0.000000e+00 
2019-11-04 10:57:13 | DEBUG |       30.590  9.831969e-01 -2.936311e-01 -6.584115e-02  7.522533e-02 |   1 1 1.003964e-02 
2019-11-04 10:57:13 | DEBUG |       30.600  9.832184e-01 -2.935904e-01 -6.584462e-02  7.522320e-02 |   2 1 1.003964e-02 
2019-11-04 10:57:13 | DEBUG |       30.620  9.832646e-01 -2.934993e-01 -6.585230e-02  7.521833e-02 |   3 2 2.007927e-02 
2019-11-04 10:57:13 | DEBUG |       30.622  9.832689e-01 -2.934905e-01 -6.585303e-02  7.521785e-02 |   4 2 4.015855e-02 
2019-11-04 10:57:13 | DEBUG |       30.660  9.833684e-01 -2.932790e-01 -6.587057e-02  7.520602e-02 |   4 2 4.015855e-02 
2019-11-04 10:57:13 | DEBUG |       30.740  9.835805e-01 -2.927838e-01 -6.591085e-02  7.517701e-02 |   5 2 8.031709e-02 
2019-11-04 10:57:13 | DEBUG |       30.821  9.837545e-01 -2.923304e-01 -6.594696e-02  7.514914e-02 |   6 2 8.031709e-02 
2019-11-04 10:57:13 | DEBUG | Algebraic mode change for model GEN____6_SM
2019-11-04 10:57:13 | DEBUG |       30.910  9.837493e-01 -2.922851e-01 -6.594973e-02  7.514490e-02 |   7 1 1.606342e-01 
2019-11-04 10:57:13 | DEBUG | calculation of the new starting point of the simulation.
2019-11-04 10:57:13 | DEBUG |       30.910  9.837494e-01 -2.922851e-01 -6.594973e-02  7.514491e-02 |   0 0 0.000000e+00 
2019-11-04 10:57:13 | DEBUG |       30.921  9.837563e-01 -2.922614e-01 -6.595154e-02  7.514330e-02 |   1 1 1.013048e-02 
2019-11-04 10:57:13 | DEBUG |       30.931  9.837618e-01 -2.922409e-01 -6.595307e-02  7.514190e-02 |   2 1 1.013048e-02 
2019-11-04 10:57:13 | DEBUG |       30.951  9.837694e-01 -2.922080e-01 -6.595551e-02  7.513955e-02 |   3 2 2.026097e-02 
2019-11-04 10:57:13 | DEBUG |       30.991  9.837686e-01 -2.921814e-01 -6.595721e-02  7.513721e-02 |   4 2 4.052193e-02 
2019-11-04 10:57:13 | DEBUG |       31.072  9.837163e-01 -2.922618e-01 -6.595001e-02  7.514076e-02 |   5 2 8.104386e-02 
2019-11-04 10:57:13 | DEBUG |       31.235  9.835451e-01 -2.926478e-01 -6.591840e-02  7.516301e-02 |   6 2 1.620877e-01 
2019-11-04 10:57:13 | DEBUG |       31.397  9.834174e-01 -2.929950e-01 -6.589095e-02  7.518470e-02 |   7 2 1.620877e-01 
2019-11-04 10:57:13 | DEBUG |       31.721  9.834908e-01 -2.928707e-01 -6.590182e-02  7.517872e-02 |   8 1 3.241755e-01 
2019-11-04 10:57:13 | DEBUG |       31.967  9.835388e-01 -2.927570e-01 -6.591104e-02  7.517201e-02 |   9 1 2.463903e-01 
2019-11-04 10:57:13 | DEBUG |       32.460  9.835491e-01 -2.927247e-01 -6.591353e-02  7.516988e-02 |  10 1 4.927807e-01 
2019-11-04 10:57:13 | DEBUG |       32.953  9.835443e-01 -2.927350e-01 -6.591268e-02  7.517046e-02 |  11 1 4.927807e-01 
2019-11-04 10:57:13 | DEBUG |       33.938  9.835426e-01 -2.927399e-01 -6.591230e-02  7.517078e-02 |  12 1 9.855614e-01 
2019-11-04 10:57:13 | DEBUG | tap of Transformer _BUS____5-BUS____6-1_PS change from 8 to 9
2019-11-04 10:57:13 | DEBUG | Algebraic mode change for model NETWORK
2019-11-04 10:57:13 | DEBUG |       35.088  9.835424e-01 -2.927406e-01 -6.591225e-02  7.517082e-02 |  13 1 1.971123e+00 
2019-11-04 10:57:13 | DEBUG | calculation of the new starting point of the simulation.
2019-11-04 10:57:13 | DEBUG |       35.088  9.827193e-01 -2.960721e-01 -6.566366e-02  7.540503e-02 |   0 0 0.000000e+00 
2019-11-04 10:57:13 | DEBUG |       35.094  9.826251e-01 -2.963070e-01 -6.564476e-02  7.541919e-02 |   1 1 5.657753e-03 
2019-11-04 10:57:13 | DEBUG |       35.099  9.825440e-01 -2.965061e-01 -6.562869e-02  7.543113e-02 |   2 1 5.657753e-03 
2019-11-04 10:57:13 | DEBUG |       35.111  9.824046e-01 -2.968415e-01 -6.560150e-02  7.545109e-02 |   3 2 1.131551e-02 
2019-11-04 10:57:13 | DEBUG |       35.133  9.821981e-01 -2.973181e-01 -6.556255e-02  7.547889e-02 |   4 2 2.263101e-02 
2019-11-04 10:57:13 | DEBUG |       35.179  9.818918e-01 -2.980004e-01 -6.550637e-02  7.551804e-02 |   5 2 4.526203e-02 
2019-11-04 10:57:13 | DEBUG |       35.219  9.816635e-01 -2.985138e-01 -6.546415e-02  7.554764e-02 |   6 2 4.073583e-02 
2019-11-04 10:57:13 | DEBUG |       35.260  9.814355e-01 -2.990570e-01 -6.541999e-02  7.557985e-02 |   7 2 4.073583e-02 
2019-11-04 10:57:13 | DEBUG |       35.342  9.811106e-01 -2.999460e-01 -6.534948e-02  7.563564e-02 |   8 1 8.147165e-02 
2019-11-04 10:57:13 | DEBUG |       35.423  9.809715e-01 -3.004196e-01 -6.531317e-02  7.566756e-02 |   9 1 8.147165e-02 
2019-11-04 10:57:13 | DEBUG |       35.505  9.809969e-01 -3.004891e-01 -6.530956e-02  7.567517e-02 |  10 1 8.147165e-02 
2019-11-04 10:57:13 | DEBUG | Algebraic mode change for model GEN____6_SM
2019-11-04 10:57:13 | DEBUG |       35.595  9.811002e-01 -3.003510e-01 -6.532250e-02  7.566989e-02 |  11 2 1.629433e-01 
2019-11-04 10:57:13 | DEBUG | calculation of the new starting point of the simulation.
2019-11-04 10:57:13 | DEBUG |       35.595  9.811003e-01 -3.003509e-01 -6.532252e-02  7.566989e-02 |   0 0 0.000000e+00 
2019-11-04 10:57:13 | DEBUG |       35.606  9.811242e-01 -3.003072e-01 -6.532628e-02  7.566765e-02 |   1 1 1.161517e-02 
2019-11-04 10:57:13 | DEBUG |       35.618  9.811499e-01 -3.002580e-01 -6.533047e-02  7.566505e-02 |   2 1 1.161517e-02 
2019-11-04 10:57:13 | DEBUG |       35.641  9.812049e-01 -3.001483e-01 -6.533974e-02  7.565913e-02 |   3 2 2.323034e-02 
2019-11-04 10:57:13 | DEBUG |       35.688  9.813262e-01 -2.998883e-01 -6.536135e-02  7.564449e-02 |   4 2 4.646067e-02 
2019-11-04 10:57:13 | DEBUG |       35.781  9.815553e-01 -2.993474e-01 -6.540543e-02  7.561256e-02 |   5 2 9.292134e-02 
2019-11-04 10:57:13 | DEBUG | Algebraic mode change for model GEN____6_SM
2019-11-04 10:57:13 | DEBUG |       35.910  9.816033e-01 -2.991630e-01 -6.541933e-02  7.559974e-02 |   6 1 1.858427e-01 
2019-11-04 10:57:13 | DEBUG | calculation of the new starting point of the simulation.
2019-11-04 10:57:13 | DEBUG |       35.910  9.816033e-01 -2.991630e-01 -6.541933e-02  7.559974e-02 |   0 0 0.000000e+00 
2019-11-04 10:57:13 | DEBUG |       35.922  9.816135e-01 -2.991327e-01 -6.542170e-02  7.559778e-02 |   1 1 1.169679e-02 
2019-11-04 10:57:13 | DEBUG |       35.934  9.816221e-01 -2.991059e-01 -6.542378e-02  7.559603e-02 |   2 1 1.169679e-02 
2019-11-04 10:57:13 | DEBUG |       35.957  9.816357e-01 -2.990607e-01 -6.542725e-02  7.559299e-02 |   3 2 2.339357e-02 
2019-11-04 10:57:13 | DEBUG |       36.004  9.816442e-01 -2.990135e-01 -6.543067e-02  7.558948e-02 |   4 2 4.678715e-02 
2019-11-04 10:57:13 | DEBUG |       36.098  9.816025e-01 -2.990684e-01 -6.542550e-02  7.559153e-02 |   5 2 9.357430e-02 
2019-11-04 10:57:13 | DEBUG |       36.285  9.814460e-01 -2.994152e-01 -6.539688e-02  7.561139e-02 |   6 2 1.871486e-01 
2019-11-04 10:57:13 | DEBUG |       36.472  9.813807e-01 -2.996144e-01 -6.538137e-02  7.562438e-02 |   7 1 1.871486e-01 
2019-11-04 10:57:13 | DEBUG |       36.659  9.814035e-01 -2.995873e-01 -6.538400e-02  7.562350e-02 |   8 1 1.871486e-01 
2019-11-04 10:57:13 | DEBUG |       36.846  9.814379e-01 -2.995121e-01 -6.539022e-02  7.561922e-02 |   9 1 1.871486e-01 
2019-11-04 10:57:13 | DEBUG |       37.220  9.814546e-01 -2.994674e-01 -6.539378e-02  7.561645e-02 |  10 1 3.742972e-01 
2019-11-04 10:57:13 | DEBUG |       37.595  9.814523e-01 -2.994708e-01 -6.539347e-02  7.561659e-02 |  11 1 3.742972e-01 
2019-11-04 10:57:13 | DEBUG |       38.343  9.814495e-01 -2.994780e-01 -6.539290e-02  7.561702e-02 |  12 1 7.485944e-01 
2019-11-04 10:57:13 | DEBUG |       39.841  9.814489e-01 -2.994799e-01 -6.539275e-02  7.561715e-02 |  13 1 1.497189e+00 
2019-11-04 10:57:13 | DEBUG | tap of Transformer _BUS____5-BUS____6-1_PS change from 9 to 10
2019-11-04 10:57:13 | DEBUG | Algebraic mode change for model NETWORK
2019-11-04 10:57:13 | DEBUG |       40.088  9.814489e-01 -2.994799e-01 -6.539275e-02  7.561716e-02 |  14 1 2.994377e+00 
2019-11-04 10:57:13 | DEBUG | calculation of the new starting point of the simulation.
2019-11-04 10:57:13 | DEBUG |       40.088  9.805960e-01 -3.028044e-01 -6.514240e-02  7.584914e-02 |   0 0 0.000000e+00 
2019-11-04 10:57:13 | DEBUG |       40.094  9.804977e-01 -3.030442e-01 -6.512293e-02  7.586345e-02 |   1 1 5.818350e-03 
2019-11-04 10:57:13 | DEBUG |       40.100  9.804133e-01 -3.032467e-01 -6.510644e-02  7.587551e-02 |   2 1 5.818350e-03 
2019-11-04 10:57:13 | DEBUG |       40.111  9.802689e-01 -3.035869e-01 -6.507864e-02  7.589560e-02 |   3 2 1.163670e-02 
2019-11-04 10:57:13 | DEBUG |       40.119  9.801886e-01 -3.037724e-01 -6.506343e-02  7.590645e-02 |   4 2 2.327340e-02 
2019-11-04 10:57:13 | DEBUG |       40.135  9.800558e-01 -3.040685e-01 -6.503895e-02  7.592348e-02 |   4 2 2.327340e-02 
2019-11-04 10:57:13 | DEBUG |       40.181  9.797389e-01 -3.047626e-01 -6.498136e-02  7.596306e-02 |   5 2 4.654680e-02 
2019-11-04 10:57:13 | DEBUG |       40.223  9.795045e-01 -3.052837e-01 -6.493824e-02  7.599301e-02 |   6 2 4.136169e-02 
2019-11-04 10:57:13 | DEBUG |       40.264  9.792701e-01 -3.058359e-01 -6.489305e-02  7.602565e-02 |   7 2 4.136169e-02 
2019-11-04 10:57:13 | DEBUG |       40.347  9.789444e-01 -3.067182e-01 -6.482265e-02  7.608092e-02 |   8 1 8.272338e-02 
2019-11-04 10:57:13 | DEBUG |       40.429  9.788142e-01 -3.071672e-01 -6.478813e-02  7.611133e-02 |   9 1 8.272338e-02 
2019-11-04 10:57:13 | DEBUG |       40.512  9.788523e-01 -3.072072e-01 -6.478693e-02  7.611719e-02 |  10 1 8.272338e-02 
2019-11-04 10:57:13 | DEBUG | Algebraic mode change for model GEN____6_SM
2019-11-04 10:57:13 | DEBUG |       40.600  9.789615e-01 -3.070539e-01 -6.480114e-02  7.611094e-02 |  11 2 1.654468e-01 
2019-11-04 10:57:13 | DEBUG | calculation of the new starting point of the simulation.
2019-11-04 10:57:13 | DEBUG | Algebraic mode change for model GEN____6_SM
2019-11-04 10:57:13 | DEBUG |       40.600  9.789615e-01 -3.070538e-01 -6.480116e-02  7.611093e-02 |   0 0 0.000000e+00 
2019-11-04 10:57:13 | DEBUG | Algebraic mode change for model GEN____6_SM
2019-11-04 10:57:13 | DEBUG |       40.600  9.789615e-01 -3.070538e-01 -6.480116e-02  7.611093e-02 |   1 1 1.317593e-02 
2019-11-04 10:57:13 | DEBUG | calculation of the new starting point of the simulation.
2019-11-04 10:57:13 | DEBUG |       40.600  9.789615e-01 -3.070538e-01 -6.480116e-02  7.611093e-02 |   0 0 0.000000e+00 
2019-11-04 10:57:13 | DEBUG |       40.614  9.789898e-01 -3.070018e-01 -6.480565e-02  7.610825e-02 |   1 1 1.317593e-02 
2019-11-04 10:57:13 | DEBUG |       40.627  9.790203e-01 -3.069432e-01 -6.481066e-02  7.610515e-02 |   2 1 1.317593e-02 
2019-11-04 10:57:13 | DEBUG |       40.653  9.790854e-01 -3.068130e-01 -6.482169e-02  7.609808e-02 |   3 2 2.635186e-02 
2019-11-04 10:57:13 | DEBUG |       40.706  9.792258e-01 -3.065108e-01 -6.484688e-02  7.608099e-02 |   4 2 5.270371e-02 
2019-11-04 10:57:13 | DEBUG |       40.811  9.794688e-01 -3.059328e-01 -6.489411e-02  7.604668e-02 |   5 2 1.054074e-01 
2019-11-04 10:57:13 | DEBUG | Algebraic mode change for model GEN____6_SM
2019-11-04 10:57:13 | DEBUG |       40.896  9.795009e-01 -3.058034e-01 -6.490385e-02  7.603756e-02 |   6 1 1.325103e-01 
2019-11-04 10:57:13 | DEBUG | calculation of the new starting point of the simulation.
2019-11-04 10:57:13 | DEBUG |       40.896  9.795009e-01 -3.058034e-01 -6.490385e-02  7.603756e-02 |   0 0 0.000000e+00 
2019-11-04 10:57:13 | DEBUG |       40.909  9.795121e-01 -3.057688e-01 -6.490655e-02  7.603531e-02 |   1 1 1.323603e-02 
2019-11-04 10:57:13 | DEBUG |       40.922  9.795209e-01 -3.057397e-01 -6.490880e-02  7.603336e-02 |   2 1 1.323603e-02 
2019-11-04 10:57:13 | DEBUG |       40.949  9.795328e-01 -3.056944e-01 -6.491224e-02  7.603021e-02 |   3 2 2.647206e-02 
2019-11-04 10:57:13 | DEBUG |       41.002  9.795295e-01 -3.056677e-01 -6.491387e-02  7.602770e-02 |   4 2 5.294412e-02 
2019-11-04 10:57:13 | DEBUG |       41.108  9.794477e-01 -3.058096e-01 -6.490145e-02  7.603471e-02 |   5 2 1.058882e-01 
2019-11-04 10:57:13 | DEBUG |       41.214  9.793172e-01 -3.060999e-01 -6.487741e-02  7.605141e-02 |   6 2 1.058882e-01 
2019-11-04 10:57:13 | DEBUG |       41.320  9.792055e-01 -3.063805e-01 -6.485472e-02  7.606846e-02 |   7 2 1.058882e-01 
2019-11-04 10:57:13 | DEBUG |       41.531  9.792218e-01 -3.063975e-01 -6.485421e-02  7.607097e-02 |   8 1 2.117765e-01 
2019-11-04 10:57:13 | DEBUG |       41.722  9.792775e-01 -3.062828e-01 -6.486387e-02  7.606464e-02 |   9 1 1.905988e-01 
2019-11-04 10:57:13 | DEBUG |       42.103  9.793119e-01 -3.061963e-01 -6.487085e-02  7.605938e-02 |  10 1 3.811977e-01 
2019-11-04 10:57:13 | DEBUG |       42.484  9.793104e-01 -3.061960e-01 -6.487082e-02  7.605925e-02 |  11 1 3.811977e-01 
2019-11-04 10:57:13 | DEBUG |       43.247  9.793059e-01 -3.062065e-01 -6.486996e-02  7.605987e-02 |  12 1 7.623953e-01 
2019-11-04 10:57:13 | DEBUG |       44.772  9.793051e-01 -3.062091e-01 -6.486976e-02  7.606004e-02 |  13 1 1.524791e+00 
2019-11-04 10:57:13 | DEBUG |       47.821  9.793048e-01 -3.062101e-01 -6.486968e-02  7.606011e-02 |  14 1 3.049581e+00 
2019-11-04 10:57:13 | DEBUG |       53.920  9.793047e-01 -3.062106e-01 -6.486964e-02  7.606015e-02 |  15 1 6.099163e+00 
2019-11-04 10:57:13 | DEBUG |       63.920  9.793046e-01 -3.062108e-01 -6.486963e-02  7.606016e-02 |  16 1 1.000000e+01 
2019-11-04 10:57:13 | DEBUG |       73.920  9.793046e-01 -3.062108e-01 -6.486963e-02  7.606016e-02 |  17 1 1.000000e+01 
2019-11-04 10:57:13 | DEBUG |       83.920  9.793046e-01 -3.062108e-01 -6.486963e-02  7.606016e-02 |  18 1 1.000000e+01 
2019-11-04 10:57:13 | DEBUG |       93.920  9.793046e-01 -3.062108e-01 -6.486963e-02  7.606016e-02 |  19 1 1.000000e+01 
2019-11-04 10:57:13 | DEBUG |      100.000  9.793046e-01 -3.062108e-01 -6.486963e-02  7.606016e-02 |  20 1 6.079727e+00 
2019-11-04 10:57:13 | DEBUG | get parameter value in model multi : phaseShifter_iMax value: 0.475 in submodel: PhaseShifter
2019-11-04 10:57:13 | INFO | parameter curve:PhaseShifter curve variable:phaseShifter_iMax updated.
2019-11-04 10:57:13 | DEBUG | get parameter value in model multi : phaseShifter_iStop value: 0.45 in submodel: PhaseShifter
2019-11-04 10:57:13 | INFO | parameter curve:PhaseShifter curve variable:phaseShifter_iStop updated.
2019-11-04 10:57:13 | DEBUG | 
2019-11-04 10:57:13 | DEBUG | execution Stats :
2019-11-04 10:57:13 | DEBUG | 
2019-11-04 10:57:13 | DEBUG | number of iterations                     = 209
2019-11-04 10:57:13 | DEBUG | number of Residual evaluations           = 379
2019-11-04 10:57:13 | DEBUG | number of Jacobian evaluations           = 123
2019-11-04 10:57:13 | DEBUG | number of Nonlinear iterations           = 377
2019-11-04 10:57:13 | DEBUG | number of error test failures            = 1
2019-11-04 10:57:13 | DEBUG | number of Nonlinear convergence failures = 0
2019-11-04 10:57:13 | DEBUG | number of root functions evaluations     = 1473
2019-11-04 10:57:13 | DEBUG | end of job 'IEEE14 - PhaseShifterI'
