2019-11-04 10:57:19 | DEBUG |  ============================================================ 
2019-11-04 10:57:19 | DEBUG | DYNAWO VERSION  :     1.0.1
2019-11-04 10:57:19 | DEBUG | DYNAWO REVISION :  504_dynawo_precision-bacb807
2019-11-04 10:57:19 | DEBUG |  ============================================================ 
2019-11-04 10:57:19 | DEBUG | connecting OMEGA_REF_omega_grp_0 with GEN____1_SM_generator_omegaPu
2019-11-04 10:57:19 | DEBUG | connecting OMEGA_REF_omegaRef_grp_0 with GEN____1_SM_generator_omegaRefPu
2019-11-04 10:57:19 | DEBUG | connecting OMEGA_REF_running_grp_0 with GEN____1_SM_generator_running
2019-11-04 10:57:19 | DEBUG | connecting GEN____1_SM_generator_switchOffSignal1 with NETWORK__BUS____1_TN_switchOff
2019-11-04 10:57:19 | DEBUG | connecting GEN____1_SM_generator_terminal with NETWORK__BUS____1_TN_ACPIN
2019-11-04 10:57:19 | DEBUG | connecting OMEGA_REF_omega_grp_1 with GEN____2_SM_generator_omegaPu
2019-11-04 10:57:19 | DEBUG | connecting OMEGA_REF_omegaRef_grp_1 with GEN____2_SM_generator_omegaRefPu
2019-11-04 10:57:19 | DEBUG | connecting OMEGA_REF_running_grp_1 with GEN____2_SM_generator_running
2019-11-04 10:57:19 | DEBUG | connecting GEN____2_SM_generator_switchOffSignal1 with NETWORK__BUS____2_TN_switchOff
2019-11-04 10:57:19 | DEBUG | connecting GEN____2_SM_generator_terminal with NETWORK__BUS____2_TN_ACPIN
2019-11-04 10:57:19 | DEBUG | connecting OMEGA_REF_omega_grp_2 with GEN____3_SM_generator_omegaPu
2019-11-04 10:57:19 | DEBUG | connecting OMEGA_REF_omegaRef_grp_2 with GEN____3_SM_generator_omegaRefPu
2019-11-04 10:57:19 | DEBUG | connecting OMEGA_REF_running_grp_2 with GEN____3_SM_generator_running
2019-11-04 10:57:19 | DEBUG | connecting GEN____3_SM_generator_switchOffSignal1 with NETWORK__BUS____3_TN_switchOff
2019-11-04 10:57:19 | DEBUG | connecting GEN____3_SM_generator_terminal with NETWORK__BUS____3_TN_ACPIN
2019-11-04 10:57:19 | DEBUG | connecting OMEGA_REF_omega_grp_3 with GEN____6_SM_generator_omegaPu
2019-11-04 10:57:19 | DEBUG | connecting OMEGA_REF_omegaRef_grp_3 with GEN____6_SM_generator_omegaRefPu
2019-11-04 10:57:19 | DEBUG | connecting OMEGA_REF_running_grp_3 with GEN____6_SM_generator_running
2019-11-04 10:57:19 | DEBUG | connecting GEN____6_SM_generator_switchOffSignal1 with NETWORK__BUS____6_TN_switchOff
2019-11-04 10:57:19 | DEBUG | connecting GEN____6_SM_generator_terminal with NETWORK__BUS____6_TN_ACPIN
2019-11-04 10:57:19 | DEBUG | connecting OMEGA_REF_omega_grp_4 with GEN____8_SM_generator_omegaPu
2019-11-04 10:57:19 | DEBUG | connecting OMEGA_REF_omegaRef_grp_4 with GEN____8_SM_generator_omegaRefPu
2019-11-04 10:57:19 | DEBUG | connecting OMEGA_REF_running_grp_4 with GEN____8_SM_generator_running
2019-11-04 10:57:19 | DEBUG | connecting GEN____8_SM_generator_switchOffSignal1 with NETWORK__BUS____8_TN_switchOff
2019-11-04 10:57:19 | DEBUG | connecting GEN____8_SM_generator_terminal with NETWORK__BUS____8_TN_ACPIN
2019-11-04 10:57:19 | DEBUG | connecting LOADVAR_LOAD2_event_state1 with _LOAD___2_EC_load_PRefPu
2019-11-04 10:57:19 | DEBUG | connecting LOADVAR_LOAD2_event_state2 with _LOAD___2_EC_load_QRefPu
2019-11-04 10:57:19 | DEBUG | connecting LOADVAR_LOAD3_event_state1 with _LOAD___3_EC_load_PRefPu
2019-11-04 10:57:19 | DEBUG | connecting LOADVAR_LOAD3_event_state2 with _LOAD___3_EC_load_QRefPu
2019-11-04 10:57:19 | DEBUG | connecting OMEGA_REF_numcc_node_0 with NETWORK__BUS____1_TN_numcc
2019-11-04 10:57:19 | DEBUG | connecting OMEGA_REF_numcc_node_1 with NETWORK__BUS____2_TN_numcc
2019-11-04 10:57:19 | DEBUG | connecting OMEGA_REF_numcc_node_2 with NETWORK__BUS____3_TN_numcc
2019-11-04 10:57:19 | DEBUG | connecting OMEGA_REF_numcc_node_3 with NETWORK__BUS____6_TN_numcc
2019-11-04 10:57:19 | DEBUG | connecting OMEGA_REF_numcc_node_4 with NETWORK__BUS____8_TN_numcc
2019-11-04 10:57:19 | DEBUG | connecting _LOAD__10_EC_load_terminal with NETWORK__BUS___10_TN_ACPIN
2019-11-04 10:57:19 | DEBUG | connecting _LOAD__11_EC_load_terminal with NETWORK__BUS___11_TN_ACPIN
2019-11-04 10:57:19 | DEBUG | connecting _LOAD__12_EC_load_terminal with NETWORK__BUS___12_TN_ACPIN
2019-11-04 10:57:19 | DEBUG | connecting _LOAD__13_EC_load_terminal with NETWORK__BUS___13_TN_ACPIN
2019-11-04 10:57:19 | DEBUG | connecting _LOAD__14_EC_load_terminal with NETWORK__BUS___14_TN_ACPIN
2019-11-04 10:57:19 | DEBUG | connecting _LOAD___2_EC_transformer_terminal1 with NETWORK__BUS____2_TN_ACPIN
2019-11-04 10:57:19 | DEBUG | connecting _LOAD___3_EC_transformer_terminal1 with NETWORK__BUS____3_TN_ACPIN
2019-11-04 10:57:19 | DEBUG | connecting TAP_CHANGER_LOCK_tapChangerLock_UMonitored with NETWORK__BUS____3_TN_U
2019-11-04 10:57:19 | DEBUG | connecting _LOAD___4_EC_load_terminal with NETWORK__BUS____4_TN_ACPIN
2019-11-04 10:57:19 | DEBUG | connecting _LOAD___5_EC_load_terminal with NETWORK__BUS____5_TN_ACPIN
2019-11-04 10:57:19 | DEBUG | connecting _LOAD___6_EC_load_terminal with NETWORK__BUS____6_TN_ACPIN
2019-11-04 10:57:19 | DEBUG | connecting _LOAD___9_EC_load_terminal with NETWORK__BUS____9_TN_ACPIN
2019-11-04 10:57:19 | DEBUG | connecting _LOAD___2_EC_transformer_U2Pu with TAP_CHANGER_LOAD_2_tapChanger_UMonitored
2019-11-04 10:57:19 | DEBUG | connecting TAP_CHANGER_LOCK_tapChangerLock_lockedT with TAP_CHANGER_LOAD_2_tapChanger_locked
2019-11-04 10:57:19 | DEBUG | connecting _LOAD___2_EC_transformer_tap with TAP_CHANGER_LOAD_2_tapChanger_tap
2019-11-04 10:57:19 | DEBUG | connecting _LOAD___3_EC_transformer_U2Pu with TAP_CHANGER_LOAD_3_tapChanger_UMonitored
2019-11-04 10:57:19 | DEBUG | connecting TAP_CHANGER_LOCK_tapChangerLock_lockedT with TAP_CHANGER_LOAD_3_tapChanger_locked
2019-11-04 10:57:19 | DEBUG | connecting _LOAD___3_EC_transformer_tap with TAP_CHANGER_LOAD_3_tapChanger_tap
2019-11-04 10:57:19 | INFO | adding curve : Id: NETWORK; curve: _BUS____1_TN_Upu_value found. (exact name)
2019-11-04 10:57:19 | INFO | adding curve : Id: NETWORK; curve: _BUS____2_TN_Upu_value found. (exact name)
2019-11-04 10:57:19 | INFO | adding curve : Id: NETWORK; curve: _BUS____3_TN_U_value found. (exact name)
2019-11-04 10:57:19 | INFO | adding curve : Id: NETWORK; curve: _BUS____3_TN_Upu_value found. (exact name)
2019-11-04 10:57:19 | INFO | adding curve : Id: NETWORK; curve: _BUS____4_TN_Upu_value found. (exact name)
2019-11-04 10:57:19 | INFO | adding curve : Id: NETWORK; curve: _BUS____5_TN_Upu_value found. (exact name)
2019-11-04 10:57:19 | INFO | adding curve : Id: NETWORK; curve: _BUS____6_TN_Upu_value found. (exact name)
2019-11-04 10:57:19 | INFO | adding curve : Id: NETWORK; curve: _BUS____7_TN_Upu_value found. (exact name)
2019-11-04 10:57:19 | INFO | adding curve : Id: NETWORK; curve: _BUS____8_TN_Upu_value found. (exact name)
2019-11-04 10:57:19 | INFO | adding curve : Id: NETWORK; curve: _BUS____9_TN_Upu_value found. (exact name)
2019-11-04 10:57:19 | INFO | adding curve : Id: NETWORK; curve: _BUS___10_TN_Upu_value found. (exact name)
2019-11-04 10:57:19 | INFO | adding curve : Id: NETWORK; curve: _BUS___11_TN_Upu_value found. (exact name)
2019-11-04 10:57:19 | INFO | adding curve : Id: NETWORK; curve: _BUS___12_TN_Upu_value found. (exact name)
2019-11-04 10:57:19 | INFO | adding curve : Id: NETWORK; curve: _BUS___13_TN_Upu_value found. (exact name)
2019-11-04 10:57:19 | INFO | adding curve : Id: NETWORK; curve: _BUS___14_TN_Upu_value found. (exact name)
2019-11-04 10:57:19 | INFO | adding curve : Id: GEN____1_SM; output: generator_omegaPu found.( generator_omegaPu_value )
2019-11-04 10:57:19 | INFO | adding curve : Id: GEN____2_SM; output: generator_omegaPu found.( generator_omegaPu_value )
2019-11-04 10:57:19 | INFO | adding curve : Id: GEN____3_SM; output: generator_omegaPu found.( generator_omegaPu_value )
2019-11-04 10:57:19 | INFO | adding curve : Id: GEN____6_SM; output: generator_omegaPu found.( generator_omegaPu_value )
2019-11-04 10:57:19 | INFO | adding curve : Id: GEN____8_SM; output: generator_omegaPu found.( generator_omegaPu_value )
2019-11-04 10:57:19 | INFO | adding curve : Id: GEN____1_SM; curve: generator_PGen found. (exact name)
2019-11-04 10:57:19 | INFO | adding curve : Id: GEN____2_SM; curve: generator_PGen found. (exact name)
2019-11-04 10:57:19 | INFO | adding curve : Id: GEN____3_SM; curve: generator_PGen found. (exact name)
2019-11-04 10:57:19 | INFO | adding curve : Id: GEN____6_SM; curve: generator_PGen found. (exact name)
2019-11-04 10:57:19 | INFO | adding curve : Id: GEN____8_SM; curve: generator_PGen found. (exact name)
2019-11-04 10:57:19 | INFO | adding curve : Id: GEN____1_SM; curve: generator_QGen found. (exact name)
2019-11-04 10:57:19 | INFO | adding curve : Id: GEN____2_SM; curve: generator_QGen found. (exact name)
2019-11-04 10:57:19 | INFO | adding curve : Id: GEN____3_SM; curve: generator_QGen found. (exact name)
2019-11-04 10:57:19 | INFO | adding curve : Id: GEN____6_SM; curve: generator_QGen found. (exact name)
2019-11-04 10:57:19 | INFO | adding curve : Id: GEN____8_SM; curve: generator_QGen found. (exact name)
2019-11-04 10:57:19 | INFO | adding curve : Id: _LOAD___2_EC; curve: load_PPu found. (exact name)
2019-11-04 10:57:19 | INFO | adding curve : Id: _LOAD___2_EC; curve: load_QPu found. (exact name)
2019-11-04 10:57:19 | INFO | adding curve : Id: _LOAD___2_EC; output: load_UPu found.( load_UPu_value )
2019-11-04 10:57:19 | INFO | adding curve : Id: _LOAD___2_EC; output: transformer_U1Pu found.( transformer_U1Pu_value )
2019-11-04 10:57:19 | INFO | adding curve : Id: _LOAD___2_EC; output: transformer_U2Pu found.( transformer_U2Pu_value )
2019-11-04 10:57:19 | INFO | adding curve : Id: _LOAD___2_EC; output: transformer_tap found.( transformer_tap_value )
2019-11-04 10:57:19 | INFO | adding curve : Id: _LOAD___3_EC; curve: load_PPu found. (exact name)
2019-11-04 10:57:19 | INFO | adding curve : Id: _LOAD___3_EC; curve: load_QPu found. (exact name)
2019-11-04 10:57:19 | INFO | adding curve : Id: _LOAD___3_EC; output: load_UPu found.( load_UPu_value )
2019-11-04 10:57:19 | INFO | adding curve : Id: _LOAD___3_EC; output: transformer_U1Pu found.( transformer_U1Pu_value )
2019-11-04 10:57:19 | INFO | adding curve : Id: _LOAD___3_EC; output: transformer_U2Pu found.( transformer_U2Pu_value )
2019-11-04 10:57:19 | INFO | adding curve : Id: _LOAD___3_EC; output: transformer_tap found.( transformer_tap_value )
2019-11-04 10:57:19 | INFO | adding parameter curve: Id: TAP_CHANGER_LOAD_2; parameter curve: tapChanger_valueMin found. (exact name)
2019-11-04 10:57:19 | INFO | adding parameter curve: Id: TAP_CHANGER_LOAD_2; parameter curve: tapChanger_valueMax found. (exact name)
2019-11-04 10:57:19 | INFO | adding parameter curve: Id: TAP_CHANGER_LOAD_3; parameter curve: tapChanger_valueMin found. (exact name)
2019-11-04 10:57:19 | INFO | adding parameter curve: Id: TAP_CHANGER_LOAD_3; parameter curve: tapChanger_valueMax found. (exact name)
2019-11-04 10:57:19 | INFO | adding curve : Id: TAP_CHANGER_LOCK; curve: tapChangerLock_locked found. (exact name)
2019-11-04 10:57:19 | INFO | adding curve : Id: TAP_CHANGER_LOCK; curve: tapChangerLock_lockedT found. (exact name)
2019-11-04 10:57:19 | INFO | adding parameter curve: Id: TAP_CHANGER_LOCK; parameter curve: tapChangerLock_UMin found. (exact name)
2019-11-04 10:57:19 | DEBUG | nbSubNetwork = 1 nbsub = 1
2019-11-04 10:57:19 | DEBUG | subNetwork[0] nbBus = 14
2019-11-04 10:57:19 | DEBUG | keep SubNetworks num : 0
2019-11-04 10:57:19 | DEBUG | generator_Cm0Pu same value as Pm_Value0
2019-11-04 10:57:19 | DEBUG | generator_Pm0Pu same value as Pm_Value0
2019-11-04 10:57:19 | DEBUG | governor_Pm0Pu same value as Pm_Value0
2019-11-04 10:57:19 | DEBUG | voltageRegulator_UsRef0Pu same value as URef_Value0
2019-11-04 10:57:19 | DEBUG | generator_LambdaQ10Pu same value as generator_LambdaQ20Pu
2019-11-04 10:57:19 | DEBUG | generator_sStator0Pu_im opposite value of generator_QStator0Pu
2019-11-04 10:57:19 | DEBUG | generator_Theta0 same value as generator_ThetaInternal0
2019-11-04 10:57:19 | DEBUG | voltageRegulator_u0_im same value as generator_uStator0Pu_im
2019-11-04 10:57:19 | DEBUG | voltageRegulator_u0_re same value as generator_uStator0Pu_re
2019-11-04 10:57:19 | DEBUG | voltageRegulator_limiterWithLag_y0 same value as voltageRegulator_Efd0Pu
2019-11-04 10:57:19 | DEBUG | generator_Efd0Pu same value as voltageRegulator_Efd0PuLF
2019-11-04 10:57:19 | DEBUG | voltageRegulator_limiterWithLag_u0 same value as voltageRegulator_Efd0PuLF
2019-11-04 10:57:19 | DEBUG | voltageRegulator_limiterWithLag_y0LF same value as voltageRegulator_Efd0PuLF
2019-11-04 10:57:19 | DEBUG | voltageRegulator_tEfdMaxReached0 same value as voltageRegulator_limiterWithLag_tUMaxReached0
2019-11-04 10:57:19 | DEBUG | voltageRegulator_tEfdMinReached0 same value as voltageRegulator_limiterWithLag_tUMinReached0
2019-11-04 10:57:19 | DEBUG | generator_Cm0Pu same value as Pm_Value0
2019-11-04 10:57:19 | DEBUG | generator_Pm0Pu same value as Pm_Value0
2019-11-04 10:57:19 | DEBUG | governor_Pm0Pu same value as Pm_Value0
2019-11-04 10:57:19 | DEBUG | voltageRegulator_UsRef0Pu same value as URef_Value0
2019-11-04 10:57:19 | DEBUG | generator_LambdaQ10Pu same value as generator_LambdaQ20Pu
2019-11-04 10:57:19 | DEBUG | generator_sStator0Pu_im opposite value of generator_QStator0Pu
2019-11-04 10:57:19 | DEBUG | generator_Theta0 same value as generator_ThetaInternal0
2019-11-04 10:57:19 | DEBUG | voltageRegulator_u0_im same value as generator_uStator0Pu_im
2019-11-04 10:57:19 | DEBUG | voltageRegulator_u0_re same value as generator_uStator0Pu_re
2019-11-04 10:57:19 | DEBUG | voltageRegulator_limiterWithLag_y0 same value as voltageRegulator_Efd0Pu
2019-11-04 10:57:19 | DEBUG | generator_Efd0Pu same value as voltageRegulator_Efd0PuLF
2019-11-04 10:57:19 | DEBUG | voltageRegulator_limiterWithLag_u0 same value as voltageRegulator_Efd0PuLF
2019-11-04 10:57:19 | DEBUG | voltageRegulator_limiterWithLag_y0LF same value as voltageRegulator_Efd0PuLF
2019-11-04 10:57:19 | DEBUG | voltageRegulator_tEfdMaxReached0 same value as voltageRegulator_limiterWithLag_tUMaxReached0
2019-11-04 10:57:19 | DEBUG | voltageRegulator_tEfdMinReached0 same value as voltageRegulator_limiterWithLag_tUMinReached0
2019-11-04 10:57:19 | DEBUG | generator_Cm0Pu same value as Pm_Value0
2019-11-04 10:57:19 | DEBUG | generator_Pm0Pu same value as Pm_Value0
2019-11-04 10:57:19 | DEBUG | governor_Pm0Pu same value as Pm_Value0
2019-11-04 10:57:19 | DEBUG | voltageRegulator_UsRef0Pu same value as URef_Value0
2019-11-04 10:57:19 | DEBUG | generator_LambdaQ10Pu same value as generator_LambdaQ20Pu
2019-11-04 10:57:19 | DEBUG | generator_sStator0Pu_im opposite value of generator_QStator0Pu
2019-11-04 10:57:19 | DEBUG | generator_Theta0 same value as generator_ThetaInternal0
2019-11-04 10:57:19 | DEBUG | voltageRegulator_u0_im same value as generator_uStator0Pu_im
2019-11-04 10:57:19 | DEBUG | voltageRegulator_u0_re same value as generator_uStator0Pu_re
2019-11-04 10:57:19 | DEBUG | voltageRegulator_limiterWithLag_y0 same value as voltageRegulator_Efd0Pu
2019-11-04 10:57:19 | DEBUG | generator_Efd0Pu same value as voltageRegulator_Efd0PuLF
2019-11-04 10:57:19 | DEBUG | voltageRegulator_limiterWithLag_u0 same value as voltageRegulator_Efd0PuLF
2019-11-04 10:57:19 | DEBUG | voltageRegulator_limiterWithLag_y0LF same value as voltageRegulator_Efd0PuLF
2019-11-04 10:57:19 | DEBUG | voltageRegulator_tEfdMaxReached0 same value as voltageRegulator_limiterWithLag_tUMaxReached0
2019-11-04 10:57:19 | DEBUG | voltageRegulator_tEfdMinReached0 same value as voltageRegulator_limiterWithLag_tUMinReached0
2019-11-04 10:57:19 | DEBUG | generator_Cm0Pu same value as Pm_Value0
2019-11-04 10:57:19 | DEBUG | generator_Pm0Pu same value as Pm_Value0
2019-11-04 10:57:19 | DEBUG | governor_Pm0Pu same value as Pm_Value0
2019-11-04 10:57:19 | DEBUG | voltageRegulator_UsRef0Pu same value as URef_Value0
2019-11-04 10:57:19 | DEBUG | generator_LambdaQ10Pu same value as generator_LambdaQ20Pu
2019-11-04 10:57:19 | DEBUG | generator_sStator0Pu_im opposite value of generator_QStator0Pu
2019-11-04 10:57:19 | DEBUG | generator_Theta0 same value as generator_ThetaInternal0
2019-11-04 10:57:19 | DEBUG | voltageRegulator_u0_im same value as generator_uStator0Pu_im
2019-11-04 10:57:19 | DEBUG | voltageRegulator_u0_re same value as generator_uStator0Pu_re
2019-11-04 10:57:19 | DEBUG | voltageRegulator_limiterWithLag_y0 same value as voltageRegulator_Efd0Pu
2019-11-04 10:57:19 | DEBUG | generator_Efd0Pu same value as voltageRegulator_Efd0PuLF
2019-11-04 10:57:19 | DEBUG | voltageRegulator_limiterWithLag_u0 same value as voltageRegulator_Efd0PuLF
2019-11-04 10:57:19 | DEBUG | voltageRegulator_limiterWithLag_y0LF same value as voltageRegulator_Efd0PuLF
2019-11-04 10:57:19 | DEBUG | voltageRegulator_tEfdMaxReached0 same value as voltageRegulator_limiterWithLag_tUMaxReached0
2019-11-04 10:57:19 | DEBUG | voltageRegulator_tEfdMinReached0 same value as voltageRegulator_limiterWithLag_tUMinReached0
2019-11-04 10:57:19 | DEBUG | generator_Cm0Pu same value as Pm_Value0
2019-11-04 10:57:19 | DEBUG | generator_Pm0Pu same value as Pm_Value0
2019-11-04 10:57:19 | DEBUG | governor_Pm0Pu same value as Pm_Value0
2019-11-04 10:57:19 | DEBUG | voltageRegulator_UsRef0Pu same value as URef_Value0
2019-11-04 10:57:19 | DEBUG | generator_LambdaQ10Pu same value as generator_LambdaQ20Pu
2019-11-04 10:57:19 | DEBUG | generator_sStator0Pu_im opposite value of generator_QStator0Pu
2019-11-04 10:57:19 | DEBUG | generator_Theta0 same value as generator_ThetaInternal0
2019-11-04 10:57:19 | DEBUG | voltageRegulator_u0_im same value as generator_uStator0Pu_im
2019-11-04 10:57:19 | DEBUG | voltageRegulator_u0_re same value as generator_uStator0Pu_re
2019-11-04 10:57:19 | DEBUG | voltageRegulator_limiterWithLag_y0 same value as voltageRegulator_Efd0Pu
2019-11-04 10:57:19 | DEBUG | generator_Efd0Pu same value as voltageRegulator_Efd0PuLF
2019-11-04 10:57:19 | DEBUG | voltageRegulator_limiterWithLag_u0 same value as voltageRegulator_Efd0PuLF
2019-11-04 10:57:19 | DEBUG | voltageRegulator_limiterWithLag_y0LF same value as voltageRegulator_Efd0PuLF
2019-11-04 10:57:19 | DEBUG | voltageRegulator_tEfdMaxReached0 same value as voltageRegulator_limiterWithLag_tUMaxReached0
2019-11-04 10:57:19 | DEBUG | voltageRegulator_tEfdMinReached0 same value as voltageRegulator_limiterWithLag_tUMinReached0
2019-11-04 10:57:19 | DEBUG | transformer_i20Pu_im opposite value of load_i0Pu_im
2019-11-04 10:57:19 | DEBUG | transformer_i20Pu_re opposite value of load_i0Pu_re
2019-11-04 10:57:19 | DEBUG | transformer_u20Pu_im same value as load_u0Pu_im
2019-11-04 10:57:19 | DEBUG | transformer_u20Pu_re same value as load_u0Pu_re
2019-11-04 10:57:19 | DEBUG | transformer_i20Pu_im opposite value of load_i0Pu_im
2019-11-04 10:57:19 | DEBUG | transformer_i20Pu_re opposite value of load_i0Pu_re
2019-11-04 10:57:19 | DEBUG | transformer_u20Pu_im same value as load_u0Pu_im
2019-11-04 10:57:19 | DEBUG | transformer_u20Pu_re same value as load_u0Pu_re
2019-11-04 10:57:19 | DEBUG | call of SolverReInit ie a new symbolic and numerical factorization will be performed
2019-11-04 10:57:19 | DEBUG | -----------------------------------------------------------------------
2019-11-04 10:57:19 | DEBUG | number of continuous variables : 425 (display limited to 4 variables)
2019-11-04 10:57:19 | DEBUG | number of discrete variables : 282
2019-11-04 10:57:19 | DEBUG | -----------------------------------------------------------------------
2019-11-04 10:57:19 | DEBUG |     t              y1            y2            y3            y4      | nst k      h
2019-11-04 10:57:19 | DEBUG | -----------------------------------------------------------------------
2019-11-04 10:57:19 | DEBUG |        0.000  1.014792e+00 -2.737274e-01 -6.830820e-02  7.559011e-02 |   0 0 3.259601e-04 
2019-11-04 10:57:19 | DEBUG |        0.000  1.014792e+00 -2.737274e-01 -6.830820e-02  7.559011e-02 |   1 1 3.259601e-04 
2019-11-04 10:57:19 | DEBUG |        0.000  1.014792e+00 -2.737274e-01 -6.830819e-02  7.559010e-02 |   1 1 3.259601e-04 
2019-11-04 10:57:19 | DEBUG |        0.001  1.014791e+00 -2.737274e-01 -6.830819e-02  7.559009e-02 |   2 1 3.259601e-04 
2019-11-04 10:57:19 | DEBUG |        0.001  1.014791e+00 -2.737274e-01 -6.830818e-02  7.559008e-02 |   3 2 6.519202e-04 
2019-11-04 10:57:19 | DEBUG |        0.003  1.014791e+00 -2.737273e-01 -6.830817e-02  7.559005e-02 |   4 2 1.303840e-03 
2019-11-04 10:57:19 | DEBUG |        0.005  1.014790e+00 -2.737273e-01 -6.830814e-02  7.559000e-02 |   5 2 2.607681e-03 
2019-11-04 10:57:19 | DEBUG |        0.010  1.014789e+00 -2.737273e-01 -6.830810e-02  7.558992e-02 |   6 2 5.215361e-03 
2019-11-04 10:57:19 | DEBUG |        0.021  1.014787e+00 -2.737274e-01 -6.830804e-02  7.558983e-02 |   7 2 1.043072e-02 
2019-11-04 10:57:19 | DEBUG | Algebraic mode change for model GEN____3_SM
2019-11-04 10:57:19 | DEBUG |        0.037  1.014787e+00 -2.737277e-01 -6.830799e-02  7.558979e-02 |   8 2 2.086145e-02 
2019-11-04 10:57:19 | DEBUG | calculation of the new starting point of the simulation.
2019-11-04 10:57:19 | DEBUG |        0.037  1.014787e+00 -2.737277e-01 -6.830799e-02  7.558979e-02 |   0 0 0.000000e+00 
2019-11-04 10:57:19 | DEBUG |        0.037  1.014787e+00 -2.737277e-01 -6.830799e-02  7.558979e-02 |   1 1 3.378787e-04 
2019-11-04 10:57:19 | DEBUG |        0.037  1.014787e+00 -2.737277e-01 -6.830799e-02  7.558979e-02 |   2 1 3.378787e-04 
2019-11-04 10:57:19 | DEBUG |        0.038  1.014787e+00 -2.737277e-01 -6.830799e-02  7.558980e-02 |   3 2 6.757573e-04 
2019-11-04 10:57:19 | DEBUG |        0.039  1.014787e+00 -2.737278e-01 -6.830798e-02  7.558980e-02 |   4 2 1.351515e-03 
2019-11-04 10:57:19 | DEBUG |        0.042  1.014787e+00 -2.737279e-01 -6.830798e-02  7.558981e-02 |   5 2 2.703029e-03 
2019-11-04 10:57:19 | DEBUG |        0.047  1.014787e+00 -2.737280e-01 -6.830798e-02  7.558985e-02 |   6 2 5.406059e-03 
2019-11-04 10:57:19 | DEBUG |        0.058  1.014788e+00 -2.737285e-01 -6.830798e-02  7.558993e-02 |   7 2 1.081212e-02 
2019-11-04 10:57:19 | DEBUG |        0.080  1.014790e+00 -2.737295e-01 -6.830799e-02  7.559015e-02 |   8 2 2.162423e-02 
2019-11-04 10:57:19 | DEBUG |        0.123  1.014794e+00 -2.737318e-01 -6.830802e-02  7.559067e-02 |   9 2 4.324847e-02 
2019-11-04 10:57:19 | DEBUG |        0.210  1.014804e+00 -2.737368e-01 -6.830803e-02  7.559171e-02 |  10 2 8.649694e-02 
2019-11-04 10:57:19 | DEBUG |        0.383  1.014812e+00 -2.737462e-01 -6.830775e-02  7.559309e-02 |  11 1 1.729939e-01 
2019-11-04 10:57:19 | DEBUG |        0.729  1.014818e+00 -2.737553e-01 -6.830735e-02  7.559423e-02 |  12 1 3.459878e-01 
2019-11-04 10:57:19 | DEBUG | Algebraic mode change for model GEN____3_SM
2019-11-04 10:57:19 | DEBUG |        1.073  1.014819e+00 -2.737562e-01 -6.830734e-02  7.559437e-02 |  13 1 6.919755e-01 
2019-11-04 10:57:19 | DEBUG | calculation of the new starting point of the simulation.
2019-11-04 10:57:19 | DEBUG |        1.073  1.014819e+00 -2.737562e-01 -6.830734e-02  7.559437e-02 |   0 0 0.000000e+00 
2019-11-04 10:57:19 | DEBUG |        1.074  1.014819e+00 -2.737562e-01 -6.830734e-02  7.559438e-02 |   1 1 6.757539e-04 
2019-11-04 10:57:19 | DEBUG |        1.074  1.014819e+00 -2.737562e-01 -6.830734e-02  7.559438e-02 |   2 1 6.757539e-04 
2019-11-04 10:57:19 | DEBUG |        1.076  1.014819e+00 -2.737562e-01 -6.830734e-02  7.559438e-02 |   3 2 1.351508e-03 
2019-11-04 10:57:19 | DEBUG |        1.079  1.014819e+00 -2.737563e-01 -6.830734e-02  7.559438e-02 |   4 2 2.703016e-03 
2019-11-04 10:57:19 | DEBUG |        1.084  1.014819e+00 -2.737563e-01 -6.830733e-02  7.559439e-02 |   5 2 5.406032e-03 
2019-11-04 10:57:19 | DEBUG |        1.095  1.014819e+00 -2.737565e-01 -6.830733e-02  7.559441e-02 |   6 2 1.081206e-02 
2019-11-04 10:57:19 | DEBUG |        1.116  1.014819e+00 -2.737567e-01 -6.830732e-02  7.559445e-02 |   7 2 2.162413e-02 
2019-11-04 10:57:19 | DEBUG |        1.160  1.014819e+00 -2.737572e-01 -6.830730e-02  7.559451e-02 |   8 2 4.324825e-02 
2019-11-04 10:57:19 | DEBUG |        1.246  1.014820e+00 -2.737578e-01 -6.830727e-02  7.559458e-02 |   9 2 8.649651e-02 
2019-11-04 10:57:19 | DEBUG |        1.419  1.014820e+00 -2.737581e-01 -6.830727e-02  7.559463e-02 |  10 2 1.729930e-01 
2019-11-04 10:57:19 | DEBUG |        1.765  1.014821e+00 -2.737569e-01 -6.830736e-02  7.559456e-02 |  11 2 3.459860e-01 
2019-11-04 10:57:19 | DEBUG |        2.457  1.014820e+00 -2.737573e-01 -6.830733e-02  7.559458e-02 |  12 1 6.919720e-01 
2019-11-04 10:57:19 | DEBUG |        3.841  1.014820e+00 -2.737595e-01 -6.830716e-02  7.559473e-02 |  13 1 1.383944e+00 
2019-11-04 10:57:19 | DEBUG |        6.609  1.014819e+00 -2.737611e-01 -6.830704e-02  7.559483e-02 |  14 1 2.767888e+00 
2019-11-04 10:57:19 | DEBUG |       12.145  1.014819e+00 -2.737619e-01 -6.830698e-02  7.559488e-02 |  15 1 5.535776e+00 
2019-11-04 10:57:19 | DEBUG | Algebraic mode change for model _LOAD___2_EC
2019-11-04 10:57:19 | DEBUG | Algebraic mode change for model _LOAD___3_EC
2019-11-04 10:57:19 | DEBUG |       20.000  1.014819e+00 -2.737621e-01 -6.830696e-02  7.559490e-02 |  16 1 1.000000e+01 
2019-11-04 10:57:19 | DEBUG | calculation of the new starting point of the simulation.
2019-11-04 10:57:19 | DEBUG | call of SolverReInit ie a new symbolic and numerical factorization will be performed
2019-11-04 10:57:19 | DEBUG |       20.000  9.999766e-01 -2.701518e-01 -6.798904e-02  7.430016e-02 |   0 0 0.000000e+00 
2019-11-04 10:57:19 | DEBUG | Algebraic mode change for model GEN____3_SM
2019-11-04 10:57:19 | DEBUG |       20.000  9.999572e-01 -2.701479e-01 -6.798856e-02  7.429854e-02 |   1 1 3.433553e-03 
2019-11-04 10:57:19 | DEBUG | calculation of the new starting point of the simulation.
2019-11-04 10:57:19 | DEBUG |       20.000  9.999570e-01 -2.701479e-01 -6.798856e-02  7.429852e-02 |   0 0 0.000000e+00 
2019-11-04 10:57:19 | DEBUG |       20.004  9.996985e-01 -2.700960e-01 -6.798226e-02  7.427699e-02 |   1 1 3.446835e-03 
2019-11-04 10:57:19 | DEBUG |       20.007  9.994659e-01 -2.700468e-01 -6.797674e-02  7.425740e-02 |   2 1 3.446835e-03 
2019-11-04 10:57:19 | DEBUG |       20.014  9.990552e-01 -2.699551e-01 -6.796732e-02  7.422240e-02 |   3 2 6.893670e-03 
2019-11-04 10:57:19 | DEBUG |       20.028  9.984646e-01 -2.698045e-01 -6.795496e-02  7.417046e-02 |   4 2 1.378734e-02 
2019-11-04 10:57:19 | DEBUG |       20.055  9.979243e-01 -2.696199e-01 -6.794666e-02  7.411894e-02 |   5 2 2.757468e-02 
2019-11-04 10:57:19 | DEBUG |       20.083  9.979875e-01 -2.695667e-01 -6.795243e-02  7.411854e-02 |   6 2 2.757468e-02 
2019-11-04 10:57:19 | DEBUG | Algebraic mode change for model GEN____8_SM
2019-11-04 10:57:19 | DEBUG |       20.102  9.982259e-01 -2.695854e-01 -6.796013e-02  7.413588e-02 |   7 2 2.757468e-02 
2019-11-04 10:57:19 | DEBUG | calculation of the new starting point of the simulation.
2019-11-04 10:57:19 | DEBUG | Algebraic mode change for model GEN____8_SM
2019-11-04 10:57:19 | DEBUG |       20.102  9.982259e-01 -2.695853e-01 -6.796014e-02  7.413587e-02 |   0 0 0.000000e+00 
2019-11-04 10:57:19 | DEBUG | Algebraic mode change for model GEN____8_SM
2019-11-04 10:57:19 | DEBUG |       20.102  9.982259e-01 -2.695853e-01 -6.796014e-02  7.413587e-02 |   1 1 6.163746e-03 
2019-11-04 10:57:19 | DEBUG | calculation of the new starting point of the simulation.
2019-11-04 10:57:19 | DEBUG |       20.102  9.982259e-01 -2.695853e-01 -6.796014e-02  7.413587e-02 |   0 0 0.000000e+00 
2019-11-04 10:57:19 | DEBUG |       20.108  9.983503e-01 -2.696040e-01 -6.796358e-02  7.414569e-02 |   1 1 6.163746e-03 
2019-11-04 10:57:19 | DEBUG |       20.114  9.984795e-01 -2.696254e-01 -6.796702e-02  7.415606e-02 |   2 1 6.163746e-03 
2019-11-04 10:57:19 | DEBUG |       20.126  9.987467e-01 -2.696736e-01 -6.797389e-02  7.417784e-02 |   3 2 1.232749e-02 
2019-11-04 10:57:19 | DEBUG |       20.151  9.993099e-01 -2.697892e-01 -6.798747e-02  7.422497e-02 |   4 2 2.465498e-02 
2019-11-04 10:57:19 | DEBUG |       20.200  1.000465e+00 -2.700429e-01 -6.801422e-02  7.432309e-02 |   5 2 4.930997e-02 
2019-11-04 10:57:19 | DEBUG | Algebraic mode change for model GEN____6_SM
2019-11-04 10:57:19 | DEBUG |       20.203  1.000527e+00 -2.700559e-01 -6.801569e-02  7.432828e-02 |   6 2 4.930997e-02 
2019-11-04 10:57:19 | DEBUG | calculation of the new starting point of the simulation.
2019-11-04 10:57:19 | DEBUG |       20.203  1.000527e+00 -2.700559e-01 -6.801569e-02  7.432828e-02 |   0 0 0.000000e+00 
2019-11-04 10:57:19 | DEBUG |       20.209  1.000676e+00 -2.700903e-01 -6.801905e-02  7.434112e-02 |   1 1 6.269513e-03 
2019-11-04 10:57:19 | DEBUG |       20.216  1.000824e+00 -2.701237e-01 -6.802243e-02  7.435379e-02 |   2 1 6.269513e-03 
2019-11-04 10:57:19 | DEBUG |       20.228  1.001117e+00 -2.701879e-01 -6.802921e-02  7.437868e-02 |   3 2 1.253903e-02 
2019-11-04 10:57:19 | DEBUG |       20.253  1.001686e+00 -2.702997e-01 -6.804320e-02  7.442587e-02 |   4 2 2.507805e-02 
2019-11-04 10:57:19 | DEBUG |       20.303  1.002755e+00 -2.704295e-01 -6.807464e-02  7.450779e-02 |   5 2 5.015610e-02 
2019-11-04 10:57:19 | DEBUG |       20.404  1.004670e+00 -2.702159e-01 -6.815958e-02  7.461644e-02 |   6 2 1.003122e-01 
2019-11-04 10:57:19 | DEBUG |       20.504  1.006336e+00 -2.693895e-01 -6.827454e-02  7.465620e-02 |   7 2 1.003122e-01 
2019-11-04 10:57:19 | DEBUG |       20.604  1.007774e+00 -2.681172e-01 -6.840962e-02  7.464294e-02 |   8 2 1.003122e-01 
2019-11-04 10:57:19 | DEBUG |       20.705  1.008965e+00 -2.666909e-01 -6.854527e-02  7.460024e-02 |   9 2 1.003122e-01 
2019-11-04 10:57:19 | DEBUG |       20.805  1.009872e+00 -2.654172e-01 -6.866055e-02  7.455182e-02 |  10 2 1.003122e-01 
2019-11-04 10:57:19 | DEBUG |       20.905  1.010478e+00 -2.645129e-01 -6.874095e-02  7.451494e-02 |  11 2 1.003122e-01 
2019-11-04 10:57:19 | DEBUG |       21.006  1.010803e+00 -2.640466e-01 -6.878292e-02  7.449678e-02 |  12 2 1.003122e-01 
2019-11-04 10:57:19 | DEBUG |       21.106  1.010912e+00 -2.639380e-01 -6.879393e-02  7.449471e-02 |  13 2 1.003122e-01 
2019-11-04 10:57:19 | DEBUG |       21.206  1.010896e+00 -2.640074e-01 -6.878894e-02  7.449956e-02 |  14 2 1.003122e-01 
2019-11-04 10:57:19 | DEBUG |       21.306  1.010857e+00 -2.640484e-01 -6.878486e-02  7.450042e-02 |  15 2 1.003122e-01 
2019-11-04 10:57:19 | DEBUG |       21.407  1.010877e+00 -2.638981e-01 -6.879520e-02  7.448891e-02 |  16 2 1.003122e-01 
2019-11-04 10:57:19 | DEBUG |       21.507  1.011003e+00 -2.634818e-01 -6.882651e-02  7.446182e-02 |  17 2 1.003122e-01 
2019-11-04 10:57:19 | DEBUG |       21.607  1.011239e+00 -2.628235e-01 -6.887734e-02  7.442135e-02 |  18 2 1.003122e-01 
2019-11-04 10:57:19 | DEBUG |       21.708  1.011547e+00 -2.620260e-01 -6.893973e-02  7.437385e-02 |  19 2 1.003122e-01 
2019-11-04 10:57:19 | DEBUG |       21.808  1.011868e+00 -2.612321e-01 -6.900233e-02  7.432748e-02 |  20 2 1.003122e-01 
2019-11-04 10:57:19 | DEBUG |       21.827  1.011924e+00 -2.610959e-01 -6.901310e-02  7.431958e-02 |  21 2 1.003122e-01 
2019-11-04 10:57:19 | DEBUG |       21.827  1.011924e+00 -2.610959e-01 -6.901310e-02  7.431958e-02 |  21 2 1.003122e-01 
2019-11-04 10:57:19 | DEBUG |       21.908  1.012138e+00 -2.605805e-01 -6.905396e-02  7.428989e-02 |  21 2 1.003122e-01 
2019-11-04 10:57:19 | DEBUG |       22.009  1.012311e+00 -2.601687e-01 -6.908669e-02  7.426628e-02 |  22 2 1.003122e-01 
2019-11-04 10:57:19 | DEBUG |       22.109  1.012369e+00 -2.600302e-01 -6.909769e-02  7.425826e-02 |  23 2 1.003122e-01 
2019-11-04 10:57:19 | DEBUG |       22.209  1.012323e+00 -2.601307e-01 -6.908960e-02  7.426373e-02 |  24 2 1.003122e-01 
2019-11-04 10:57:19 | DEBUG |       22.410  1.012141e+00 -2.605403e-01 -6.905669e-02  7.428655e-02 |  25 2 2.006244e-01 
2019-11-04 10:57:19 | DEBUG |       22.611  1.012120e+00 -2.605796e-01 -6.905341e-02  7.428852e-02 |  26 1 2.006244e-01 
2019-11-04 10:57:19 | DEBUG |       22.811  1.012260e+00 -2.602017e-01 -6.908271e-02  7.426559e-02 |  27 1 2.006244e-01 
2019-11-04 10:57:19 | DEBUG |       23.012  1.012412e+00 -2.597500e-01 -6.911719e-02  7.423719e-02 |  28 1 2.006244e-01 
2019-11-04 10:57:19 | DEBUG |       23.212  1.012520e+00 -2.593908e-01 -6.914412e-02  7.421373e-02 |  29 1 2.006244e-01 
2019-11-04 10:57:19 | DEBUG |       23.614  1.012617e+00 -2.590400e-01 -6.917008e-02  7.419022e-02 |  30 1 4.012488e-01 
2019-11-04 10:57:19 | DEBUG |       24.015  1.012682e+00 -2.588299e-01 -6.918588e-02  7.417663e-02 |  31 1 4.012488e-01 
2019-11-04 10:57:19 | DEBUG |       24.817  1.012782e+00 -2.585326e-01 -6.920858e-02  7.415798e-02 |  32 1 8.024977e-01 
2019-11-04 10:57:19 | DEBUG |       25.620  1.012856e+00 -2.583163e-01 -6.922510e-02  7.414445e-02 |  33 1 8.024977e-01 
2019-11-04 10:57:19 | DEBUG |       26.422  1.012909e+00 -2.581656e-01 -6.923667e-02  7.413511e-02 |  34 1 8.024977e-01 
2019-11-04 10:57:19 | DEBUG |       28.027  1.012984e+00 -2.579615e-01 -6.925246e-02  7.412272e-02 |  35 2 1.604995e+00 
2019-11-04 10:57:19 | DEBUG |       29.632  1.013025e+00 -2.578652e-01 -6.926012e-02  7.411724e-02 |  36 2 1.604995e+00 
2019-11-04 10:57:19 | DEBUG |       32.842  1.013067e+00 -2.577792e-01 -6.926717e-02  7.411273e-02 |  37 2 3.209991e+00 
2019-11-04 10:57:19 | DEBUG |       36.052  1.013081e+00 -2.577649e-01 -6.926858e-02  7.411241e-02 |  38 2 3.209991e+00 
2019-11-04 10:57:19 | DEBUG |       39.262  1.013085e+00 -2.577659e-01 -6.926866e-02  7.411277e-02 |  39 2 3.209991e+00 
2019-11-04 10:57:19 | DEBUG |       42.472  1.013086e+00 -2.577675e-01 -6.926861e-02  7.411300e-02 |  40 2 3.209991e+00 
2019-11-04 10:57:19 | DEBUG |       45.682  1.013087e+00 -2.577680e-01 -6.926860e-02  7.411307e-02 |  41 2 3.209991e+00 
2019-11-04 10:57:19 | DEBUG |       52.102  1.013087e+00 -2.577678e-01 -6.926863e-02  7.411309e-02 |  42 2 6.419981e+00 
2019-11-04 10:57:19 | DEBUG |       62.102  1.013087e+00 -2.577677e-01 -6.926863e-02  7.411307e-02 |  43 1 1.000000e+01 
2019-11-04 10:57:19 | DEBUG |       72.102  1.013087e+00 -2.577678e-01 -6.926862e-02  7.411307e-02 |  44 1 1.000000e+01 
2019-11-04 10:57:19 | DEBUG | Algebraic mode change for model _LOAD___2_EC
2019-11-04 10:57:19 | DEBUG | Algebraic mode change for model _LOAD___3_EC
2019-11-04 10:57:19 | DEBUG |       80.000  1.013087e+00 -2.577678e-01 -6.926862e-02  7.411307e-02 |  45 1 1.000000e+01 
2019-11-04 10:57:19 | DEBUG | calculation of the new starting point of the simulation.
2019-11-04 10:57:19 | DEBUG |       80.000  1.012670e+00 -2.577771e-01 -6.925257e-02  7.408586e-02 |   0 0 0.000000e+00 
2019-11-04 10:57:19 | DEBUG |       80.026  1.012636e+00 -2.577902e-01 -6.925047e-02  7.408469e-02 |   1 1 2.581948e-02 
2019-11-04 10:57:19 | DEBUG |       80.052  1.012621e+00 -2.578001e-01 -6.924926e-02  7.408450e-02 |   2 1 2.581948e-02 
2019-11-04 10:57:19 | DEBUG |       80.103  1.012614e+00 -2.578172e-01 -6.924793e-02  7.408551e-02 |   3 2 5.163896e-02 
2019-11-04 10:57:19 | DEBUG |       80.207  1.012652e+00 -2.578430e-01 -6.924771e-02  7.409028e-02 |   4 2 1.032779e-01 
2019-11-04 10:57:19 | DEBUG |       80.413  1.012747e+00 -2.578637e-01 -6.924991e-02  7.409845e-02 |   5 2 2.065558e-01 
2019-11-04 10:57:19 | DEBUG |       80.826  1.012825e+00 -2.578697e-01 -6.925242e-02  7.410419e-02 |   6 1 4.131117e-01 
2019-11-04 10:57:19 | DEBUG |       81.239  1.012845e+00 -2.579097e-01 -6.925062e-02  7.410897e-02 |   7 1 4.131117e-01 
2019-11-04 10:57:19 | DEBUG |       82.066  1.012844e+00 -2.579709e-01 -6.924667e-02  7.411411e-02 |   8 1 8.262233e-01 
2019-11-04 10:57:19 | DEBUG |       83.718  1.012835e+00 -2.580146e-01 -6.924355e-02  7.411723e-02 |   9 1 1.652447e+00 
2019-11-04 10:57:19 | DEBUG |       87.023  1.012826e+00 -2.580405e-01 -6.924158e-02  7.411886e-02 |  10 1 3.304893e+00 
2019-11-04 10:57:19 | DEBUG | Algebraic mode change for model _LOAD___2_EC
2019-11-04 10:57:19 | DEBUG | Algebraic mode change for model _LOAD___3_EC
2019-11-04 10:57:19 | DEBUG |       90.000  1.012824e+00 -2.580454e-01 -6.924117e-02  7.411913e-02 |  11 1 6.609787e+00 
2019-11-04 10:57:19 | DEBUG | calculation of the new starting point of the simulation.
2019-11-04 10:57:19 | DEBUG |       90.000  1.012402e+00 -2.580540e-01 -6.922500e-02  7.409155e-02 |   0 0 0.000000e+00 
2019-11-04 10:57:19 | DEBUG |       90.029  1.012366e+00 -2.580683e-01 -6.922274e-02  7.409034e-02 |   1 1 2.883087e-02 
2019-11-04 10:57:19 | DEBUG |       90.058  1.012352e+00 -2.580792e-01 -6.922150e-02  7.409029e-02 |   2 1 2.883087e-02 
2019-11-04 10:57:19 | DEBUG |       90.115  1.012349e+00 -2.580980e-01 -6.922021e-02  7.409172e-02 |   3 2 5.766174e-02 
2019-11-04 10:57:19 | DEBUG |       90.231  1.012404e+00 -2.581188e-01 -6.922093e-02  7.409720e-02 |   4 1 1.153235e-01 
2019-11-04 10:57:19 | DEBUG |       90.461  1.012486e+00 -2.581280e-01 -6.922340e-02  7.410351e-02 |   5 1 2.306470e-01 
2019-11-04 10:57:19 | DEBUG |       90.923  1.012554e+00 -2.581590e-01 -6.922393e-02  7.411073e-02 |   6 1 4.612939e-01 
2019-11-04 10:57:19 | DEBUG |       91.384  1.012574e+00 -2.582047e-01 -6.922176e-02  7.411598e-02 |   7 1 4.612939e-01 
2019-11-04 10:57:19 | DEBUG |       92.306  1.012574e+00 -2.582604e-01 -6.921821e-02  7.412073e-02 |   8 1 9.225878e-01 
2019-11-04 10:57:19 | DEBUG |       92.464  1.012573e+00 -2.582639e-01 -6.921796e-02  7.412098e-02 |   9 1 1.845176e+00 
2019-11-04 10:57:19 | DEBUG |       92.464  1.012573e+00 -2.582639e-01 -6.921796e-02  7.412098e-02 |   9 1 1.845176e+00 
2019-11-04 10:57:19 | DEBUG |       92.464  1.012573e+00 -2.582639e-01 -6.921796e-02  7.412098e-02 |   9 1 1.845176e+00 
2019-11-04 10:57:19 | DEBUG |       94.152  1.012565e+00 -2.583016e-01 -6.921524e-02  7.412364e-02 |   9 1 1.845176e+00 
2019-11-04 10:57:19 | DEBUG |       97.842  1.012556e+00 -2.583258e-01 -6.921337e-02  7.412511e-02 |  10 1 3.690351e+00 
2019-11-04 10:57:19 | DEBUG | Algebraic mode change for model _LOAD___2_EC
2019-11-04 10:57:19 | DEBUG | Algebraic mode change for model _LOAD___3_EC
2019-11-04 10:57:19 | DEBUG |      100.000  1.012555e+00 -2.583288e-01 -6.921312e-02  7.412526e-02 |  11 1 7.380703e+00 
2019-11-04 10:57:19 | DEBUG | calculation of the new starting point of the simulation.
2019-11-04 10:57:19 | DEBUG |      100.000  1.012128e+00 -2.583366e-01 -6.919682e-02  7.409731e-02 |   0 0 0.000000e+00 
2019-11-04 10:57:19 | DEBUG |      100.032  1.012090e+00 -2.583520e-01 -6.919443e-02  7.409607e-02 |   1 1 3.177752e-02 
2019-11-04 10:57:19 | DEBUG |      100.064  1.012077e+00 -2.583637e-01 -6.919318e-02  7.409617e-02 |   2 1 3.177752e-02 
2019-11-04 10:57:19 | DEBUG |      100.127  1.012079e+00 -2.583838e-01 -6.919197e-02  7.409801e-02 |   3 2 6.355504e-02 
2019-11-04 10:57:19 | DEBUG |      100.254  1.012140e+00 -2.584038e-01 -6.919299e-02  7.410387e-02 |   4 1 1.271101e-01 
2019-11-04 10:57:19 | DEBUG |      100.508  1.012225e+00 -2.584114e-01 -6.919565e-02  7.411022e-02 |   5 1 2.542201e-01 
2019-11-04 10:57:19 | DEBUG |      101.017  1.012288e+00 -2.584492e-01 -6.919557e-02  7.411767e-02 |   6 1 5.084403e-01 
2019-11-04 10:57:19 | DEBUG |      101.525  1.012304e+00 -2.584971e-01 -6.919310e-02  7.412282e-02 |   7 1 5.084403e-01 
2019-11-04 10:57:19 | DEBUG |      102.542  1.012302e+00 -2.585492e-01 -6.918969e-02  7.412711e-02 |   8 1 1.016881e+00 
2019-11-04 10:57:19 | DEBUG |      104.576  1.012292e+00 -2.585869e-01 -6.918693e-02  7.412970e-02 |   9 1 2.033761e+00 
2019-11-04 10:57:19 | DEBUG |      108.643  1.012284e+00 -2.586083e-01 -6.918525e-02  7.413096e-02 |  10 1 4.067522e+00 
2019-11-04 10:57:19 | DEBUG | Algebraic mode change for model _LOAD___2_EC
2019-11-04 10:57:19 | DEBUG | Algebraic mode change for model _LOAD___3_EC
2019-11-04 10:57:19 | DEBUG |      110.000  1.012283e+00 -2.586098e-01 -6.918513e-02  7.413103e-02 |  11 1 8.135045e+00 
2019-11-04 10:57:19 | DEBUG | calculation of the new starting point of the simulation.
2019-11-04 10:57:19 | DEBUG |      110.000  1.011852e+00 -2.586168e-01 -6.916870e-02  7.410270e-02 |   0 0 0.000000e+00 
2019-11-04 10:57:19 | DEBUG |      110.035  1.011812e+00 -2.586332e-01 -6.916619e-02  7.410146e-02 |   1 1 3.465302e-02 
2019-11-04 10:57:19 | DEBUG |      110.069  1.011800e+00 -2.586457e-01 -6.916494e-02  7.410170e-02 |   2 1 3.465302e-02 
2019-11-04 10:57:19 | DEBUG |      110.139  1.011806e+00 -2.586669e-01 -6.916381e-02  7.410393e-02 |   3 2 6.930605e-02 
2019-11-04 10:57:19 | DEBUG |      110.277  1.011874e+00 -2.586856e-01 -6.916514e-02  7.411008e-02 |   4 1 1.386121e-01 
2019-11-04 10:57:19 | DEBUG |      110.554  1.011961e+00 -2.586923e-01 -6.916792e-02  7.411647e-02 |   5 1 2.772242e-01 
2019-11-04 10:57:19 | DEBUG |      111.109  1.012018e+00 -2.587362e-01 -6.916726e-02  7.412409e-02 |   6 1 5.544484e-01 
2019-11-04 10:57:19 | DEBUG |      111.663  1.012031e+00 -2.587849e-01 -6.916462e-02  7.412908e-02 |   7 1 5.544484e-01 
2019-11-04 10:57:19 | DEBUG |      112.772  1.012027e+00 -2.588334e-01 -6.916138e-02  7.413297e-02 |   8 1 1.108897e+00 
2019-11-04 10:57:19 | DEBUG |      114.990  1.012017e+00 -2.588678e-01 -6.915883e-02  7.413528e-02 |   9 1 2.217793e+00 
2019-11-04 10:57:19 | DEBUG |      119.426  1.012009e+00 -2.588867e-01 -6.915733e-02  7.413636e-02 |  10 1 4.435587e+00 
2019-11-04 10:57:19 | DEBUG |      120.000  1.012009e+00 -2.588875e-01 -6.915726e-02  7.413640e-02 |  11 1 4.435587e+00 
2019-11-04 10:57:19 | DEBUG | Algebraic mode change for model _LOAD___2_EC
2019-11-04 10:57:19 | DEBUG | Algebraic mode change for model _LOAD___3_EC
2019-11-04 10:57:19 | DEBUG |      120.000  1.012009e+00 -2.588875e-01 -6.915726e-02  7.413640e-02 |  11 1 4.435587e+00 
2019-11-04 10:57:19 | DEBUG | calculation of the new starting point of the simulation.
2019-11-04 10:57:19 | DEBUG |      120.000  1.011573e+00 -2.588938e-01 -6.914070e-02  7.410771e-02 |   0 0 0.000000e+00 
2019-11-04 10:57:19 | DEBUG |      120.037  1.011532e+00 -2.589112e-01 -6.913808e-02  7.410645e-02 |   1 1 3.745100e-02 
2019-11-04 10:57:19 | DEBUG |      120.075  1.011522e+00 -2.589243e-01 -6.913684e-02  7.410686e-02 |   2 1 3.745100e-02 
2019-11-04 10:57:19 | DEBUG |      120.150  1.011532e+00 -2.589466e-01 -6.913581e-02  7.410946e-02 |   3 2 7.490200e-02 
2019-11-04 10:57:19 | DEBUG |      120.300  1.011605e+00 -2.589636e-01 -6.913744e-02  7.411583e-02 |   4 1 1.498040e-01 
2019-11-04 10:57:19 | DEBUG |      120.599  1.011693e+00 -2.589701e-01 -6.914027e-02  7.412225e-02 |   5 1 2.996080e-01 
2019-11-04 10:57:19 | DEBUG |      121.198  1.011746e+00 -2.590191e-01 -6.913911e-02  7.413000e-02 |   6 1 5.992160e-01 
2019-11-04 10:57:19 | DEBUG |      121.798  1.011755e+00 -2.590676e-01 -6.913638e-02  7.413478e-02 |   7 1 5.992160e-01 
2019-11-04 10:57:19 | DEBUG |      122.996  1.011751e+00 -2.591128e-01 -6.913331e-02  7.413832e-02 |   8 1 1.198432e+00 
2019-11-04 10:57:19 | DEBUG |      125.393  1.011741e+00 -2.591443e-01 -6.913096e-02  7.414039e-02 |   9 1 2.396864e+00 
2019-11-04 10:57:19 | DEBUG |      130.000  1.011734e+00 -2.591604e-01 -6.912966e-02  7.414129e-02 |  10 1 4.793728e+00 
2019-11-04 10:57:19 | DEBUG |      130.000  1.011734e+00 -2.591604e-01 -6.912966e-02  7.414129e-02 |  10 1 4.793728e+00 
2019-11-04 10:57:19 | DEBUG |      130.187  1.011734e+00 -2.591611e-01 -6.912961e-02  7.414133e-02 |  10 1 4.793728e+00 
2019-11-04 10:57:19 | DEBUG |      134.980  1.011731e+00 -2.591664e-01 -6.912916e-02  7.414158e-02 |  11 1 4.793728e+00 
2019-11-04 10:57:19 | DEBUG |      144.568  1.011729e+00 -2.591691e-01 -6.912892e-02  7.414168e-02 |  12 1 9.587455e+00 
2019-11-04 10:57:19 | DEBUG |      154.568  1.011728e+00 -2.591699e-01 -6.912885e-02  7.414171e-02 |  13 1 1.000000e+01 
2019-11-04 10:57:19 | DEBUG |      164.568  1.011728e+00 -2.591701e-01 -6.912883e-02  7.414172e-02 |  14 1 1.000000e+01 
2019-11-04 10:57:19 | DEBUG |      170.000  1.011728e+00 -2.591702e-01 -6.912882e-02  7.414172e-02 |  15 1 5.432146e+00 
2019-11-04 10:57:19 | DEBUG | get parameter value in model multi : tapChanger_valueMin value: 0.99 in submodel: TAP_CHANGER_LOAD_2
2019-11-04 10:57:19 | INFO | parameter curve:TAP_CHANGER_LOAD_2 curve variable:tapChanger_valueMin updated.
2019-11-04 10:57:19 | DEBUG | get parameter value in model multi : tapChanger_valueMax value: 1.01 in submodel: TAP_CHANGER_LOAD_2
2019-11-04 10:57:19 | INFO | parameter curve:TAP_CHANGER_LOAD_2 curve variable:tapChanger_valueMax updated.
2019-11-04 10:57:19 | DEBUG | get parameter value in model multi : tapChanger_valueMin value: 0.99 in submodel: TAP_CHANGER_LOAD_3
2019-11-04 10:57:19 | INFO | parameter curve:TAP_CHANGER_LOAD_3 curve variable:tapChanger_valueMin updated.
2019-11-04 10:57:19 | DEBUG | get parameter value in model multi : tapChanger_valueMax value: 1.01 in submodel: TAP_CHANGER_LOAD_3
2019-11-04 10:57:19 | INFO | parameter curve:TAP_CHANGER_LOAD_3 curve variable:tapChanger_valueMax updated.
2019-11-04 10:57:19 | DEBUG | get parameter value in model multi : tapChangerLock_UMin value: 68.24 in submodel: TAP_CHANGER_LOCK
2019-11-04 10:57:19 | INFO | parameter curve:TAP_CHANGER_LOCK curve variable:tapChangerLock_UMin updated.
2019-11-04 10:57:20 | DEBUG | 
2019-11-04 10:57:20 | DEBUG | execution Stats :
2019-11-04 10:57:20 | DEBUG | 
2019-11-04 10:57:20 | DEBUG | number of iterations                     = 156
2019-11-04 10:57:20 | DEBUG | number of Residual evaluations           = 255
2019-11-04 10:57:20 | DEBUG | number of Jacobian evaluations           = 91
2019-11-04 10:57:20 | DEBUG | number of Nonlinear iterations           = 253
2019-11-04 10:57:20 | DEBUG | number of error test failures            = 0
2019-11-04 10:57:20 | DEBUG | number of Nonlinear convergence failures = 0
2019-11-04 10:57:20 | DEBUG | number of root functions evaluations     = 970
2019-11-04 10:57:20 | DEBUG | end of job 'IEEE14 - TapChangerLock'
