2019-11-04 10:57:16 | DEBUG |  ============================================================ 
2019-11-04 10:57:16 | DEBUG | DYNAWO VERSION  :     1.0.1
2019-11-04 10:57:16 | DEBUG | DYNAWO REVISION :  504_dynawo_precision-bacb807
2019-11-04 10:57:16 | DEBUG |  ============================================================ 
2019-11-04 10:57:17 | DEBUG | connecting CLA_2_4_currentLimitAutomaton_AutomatonExists with NETWORK__BUS____4-BUS____5-1_AC_desactivate_currentLimits
2019-11-04 10:57:17 | DEBUG | connecting CLA_2_4_currentLimitAutomaton_IMonitored with NETWORK__BUS____2-BUS____4-1_AC_iSide2
2019-11-04 10:57:17 | DEBUG | connecting CLA_2_4_currentLimitAutomaton_order with NETWORK__BUS____2-BUS____4-1_AC_state
2019-11-04 10:57:17 | DEBUG | connecting CLA_2_5_currentLimitAutomaton_AutomatonExists with NETWORK__BUS____2-BUS____5-1_AC_desactivate_currentLimits
2019-11-04 10:57:17 | DEBUG | connecting CLA_2_5_currentLimitAutomaton_IMonitored with NETWORK__BUS____2-BUS____5-1_AC_iSide2
2019-11-04 10:57:17 | DEBUG | connecting CLA_2_5_currentLimitAutomaton_order with NETWORK__BUS____2-BUS____5-1_AC_state
2019-11-04 10:57:17 | DEBUG | connecting DISCONNECT_LINE_event_state1_value with NETWORK__BUS____1-BUS____5-1_AC_state_value
2019-11-04 10:57:17 | DEBUG | connecting OMEGA_REF_omega_grp_0 with GEN____1_SM_generator_omegaPu
2019-11-04 10:57:17 | DEBUG | connecting OMEGA_REF_omegaRef_grp_0 with GEN____1_SM_generator_omegaRefPu
2019-11-04 10:57:17 | DEBUG | connecting OMEGA_REF_running_grp_0 with GEN____1_SM_generator_running
2019-11-04 10:57:17 | DEBUG | connecting GEN____1_SM_generator_switchOffSignal1 with NETWORK__BUS____1_TN_switchOff
2019-11-04 10:57:17 | DEBUG | connecting GEN____1_SM_generator_terminal with NETWORK__BUS____1_TN_ACPIN
2019-11-04 10:57:17 | DEBUG | connecting OMEGA_REF_omega_grp_1 with GEN____2_SM_generator_omegaPu
2019-11-04 10:57:17 | DEBUG | connecting OMEGA_REF_omegaRef_grp_1 with GEN____2_SM_generator_omegaRefPu
2019-11-04 10:57:17 | DEBUG | connecting OMEGA_REF_running_grp_1 with GEN____2_SM_generator_running
2019-11-04 10:57:17 | DEBUG | connecting GEN____2_SM_generator_switchOffSignal1 with NETWORK__BUS____2_TN_switchOff
2019-11-04 10:57:17 | DEBUG | connecting GEN____2_SM_generator_terminal with NETWORK__BUS____2_TN_ACPIN
2019-11-04 10:57:17 | DEBUG | connecting OMEGA_REF_omega_grp_2 with GEN____3_SM_generator_omegaPu
2019-11-04 10:57:17 | DEBUG | connecting OMEGA_REF_omegaRef_grp_2 with GEN____3_SM_generator_omegaRefPu
2019-11-04 10:57:17 | DEBUG | connecting OMEGA_REF_running_grp_2 with GEN____3_SM_generator_running
2019-11-04 10:57:17 | DEBUG | connecting GEN____3_SM_generator_switchOffSignal1 with NETWORK__BUS____3_TN_switchOff
2019-11-04 10:57:17 | DEBUG | connecting GEN____3_SM_generator_terminal with NETWORK__BUS____3_TN_ACPIN
2019-11-04 10:57:17 | DEBUG | connecting OMEGA_REF_omega_grp_3 with GEN____6_SM_generator_omegaPu
2019-11-04 10:57:17 | DEBUG | connecting OMEGA_REF_omegaRef_grp_3 with GEN____6_SM_generator_omegaRefPu
2019-11-04 10:57:17 | DEBUG | connecting OMEGA_REF_running_grp_3 with GEN____6_SM_generator_running
2019-11-04 10:57:17 | DEBUG | connecting GEN____6_SM_generator_switchOffSignal1 with NETWORK__BUS____6_TN_switchOff
2019-11-04 10:57:17 | DEBUG | connecting GEN____6_SM_generator_terminal with NETWORK__BUS____6_TN_ACPIN
2019-11-04 10:57:17 | DEBUG | connecting OMEGA_REF_omega_grp_4 with GEN____8_SM_generator_omegaPu
2019-11-04 10:57:17 | DEBUG | connecting OMEGA_REF_omegaRef_grp_4 with GEN____8_SM_generator_omegaRefPu
2019-11-04 10:57:17 | DEBUG | connecting OMEGA_REF_running_grp_4 with GEN____8_SM_generator_running
2019-11-04 10:57:17 | DEBUG | connecting GEN____8_SM_generator_switchOffSignal1 with NETWORK__BUS____8_TN_switchOff
2019-11-04 10:57:17 | DEBUG | connecting GEN____8_SM_generator_terminal with NETWORK__BUS____8_TN_ACPIN
2019-11-04 10:57:17 | DEBUG | connecting OMEGA_REF_numcc_node_0 with NETWORK__BUS____1_TN_numcc
2019-11-04 10:57:17 | DEBUG | connecting OMEGA_REF_numcc_node_1 with NETWORK__BUS____2_TN_numcc
2019-11-04 10:57:17 | DEBUG | connecting OMEGA_REF_numcc_node_2 with NETWORK__BUS____3_TN_numcc
2019-11-04 10:57:17 | DEBUG | connecting OMEGA_REF_numcc_node_3 with NETWORK__BUS____6_TN_numcc
2019-11-04 10:57:17 | DEBUG | connecting OMEGA_REF_numcc_node_4 with NETWORK__BUS____8_TN_numcc
2019-11-04 10:57:17 | DEBUG | connecting _LOAD__10_EC_load_terminal with NETWORK__BUS___10_TN_ACPIN
2019-11-04 10:57:17 | DEBUG | connecting _LOAD__11_EC_load_terminal with NETWORK__BUS___11_TN_ACPIN
2019-11-04 10:57:17 | DEBUG | connecting _LOAD__12_EC_load_terminal with NETWORK__BUS___12_TN_ACPIN
2019-11-04 10:57:17 | DEBUG | connecting _LOAD__13_EC_load_terminal with NETWORK__BUS___13_TN_ACPIN
2019-11-04 10:57:17 | DEBUG | connecting _LOAD__14_EC_load_terminal with NETWORK__BUS___14_TN_ACPIN
2019-11-04 10:57:17 | DEBUG | connecting _LOAD___2_EC_load_terminal with NETWORK__BUS____2_TN_ACPIN
2019-11-04 10:57:17 | DEBUG | connecting _LOAD___3_EC_load_terminal with NETWORK__BUS____3_TN_ACPIN
2019-11-04 10:57:17 | DEBUG | connecting _LOAD___4_EC_load_terminal with NETWORK__BUS____4_TN_ACPIN
2019-11-04 10:57:17 | DEBUG | connecting _LOAD___5_EC_load_terminal with NETWORK__BUS____5_TN_ACPIN
2019-11-04 10:57:17 | DEBUG | connecting _LOAD___6_EC_load_terminal with NETWORK__BUS____6_TN_ACPIN
2019-11-04 10:57:17 | DEBUG | connecting _LOAD___9_EC_load_terminal with NETWORK__BUS____9_TN_ACPIN
2019-11-04 10:57:17 | INFO | adding curve : Id: NETWORK; curve: _BUS____1_TN_Upu_value found. (exact name)
2019-11-04 10:57:17 | INFO | adding curve : Id: NETWORK; curve: _BUS____2_TN_Upu_value found. (exact name)
2019-11-04 10:57:17 | INFO | adding curve : Id: NETWORK; curve: _BUS____3_TN_Upu_value found. (exact name)
2019-11-04 10:57:17 | INFO | adding curve : Id: NETWORK; curve: _BUS____4_TN_Upu_value found. (exact name)
2019-11-04 10:57:17 | INFO | adding curve : Id: NETWORK; curve: _BUS____5_TN_Upu_value found. (exact name)
2019-11-04 10:57:17 | INFO | adding curve : Id: NETWORK; curve: _BUS____6_TN_Upu_value found. (exact name)
2019-11-04 10:57:17 | INFO | adding curve : Id: NETWORK; curve: _BUS____7_TN_Upu_value found. (exact name)
2019-11-04 10:57:17 | INFO | adding curve : Id: NETWORK; curve: _BUS____8_TN_Upu_value found. (exact name)
2019-11-04 10:57:17 | INFO | adding curve : Id: NETWORK; curve: _BUS____9_TN_Upu_value found. (exact name)
2019-11-04 10:57:17 | INFO | adding curve : Id: NETWORK; curve: _BUS___10_TN_Upu_value found. (exact name)
2019-11-04 10:57:17 | INFO | adding curve : Id: NETWORK; curve: _BUS___11_TN_Upu_value found. (exact name)
2019-11-04 10:57:17 | INFO | adding curve : Id: NETWORK; curve: _BUS___12_TN_Upu_value found. (exact name)
2019-11-04 10:57:17 | INFO | adding curve : Id: NETWORK; curve: _BUS___13_TN_Upu_value found. (exact name)
2019-11-04 10:57:17 | INFO | adding curve : Id: NETWORK; curve: _BUS___14_TN_Upu_value found. (exact name)
2019-11-04 10:57:17 | INFO | adding curve : Id: GEN____1_SM; output: generator_omegaPu found.( generator_omegaPu_value )
2019-11-04 10:57:17 | INFO | adding curve : Id: GEN____2_SM; output: generator_omegaPu found.( generator_omegaPu_value )
2019-11-04 10:57:17 | INFO | adding curve : Id: GEN____3_SM; output: generator_omegaPu found.( generator_omegaPu_value )
2019-11-04 10:57:17 | INFO | adding curve : Id: GEN____6_SM; output: generator_omegaPu found.( generator_omegaPu_value )
2019-11-04 10:57:17 | INFO | adding curve : Id: GEN____8_SM; output: generator_omegaPu found.( generator_omegaPu_value )
2019-11-04 10:57:17 | INFO | adding curve : Id: GEN____1_SM; curve: generator_PGen found. (exact name)
2019-11-04 10:57:17 | INFO | adding curve : Id: GEN____6_SM; curve: generator_PGen found. (exact name)
2019-11-04 10:57:17 | INFO | adding curve : Id: GEN____2_SM; curve: generator_PGen found. (exact name)
2019-11-04 10:57:17 | INFO | adding curve : Id: GEN____3_SM; curve: generator_PGen found. (exact name)
2019-11-04 10:57:17 | INFO | adding curve : Id: GEN____8_SM; curve: generator_PGen found. (exact name)
2019-11-04 10:57:17 | INFO | adding curve : Id: GEN____1_SM; curve: generator_QGen found. (exact name)
2019-11-04 10:57:17 | INFO | adding curve : Id: GEN____2_SM; curve: generator_QGen found. (exact name)
2019-11-04 10:57:17 | INFO | adding curve : Id: GEN____3_SM; curve: generator_QGen found. (exact name)
2019-11-04 10:57:17 | INFO | adding curve : Id: GEN____6_SM; curve: generator_QGen found. (exact name)
2019-11-04 10:57:17 | INFO | adding curve : Id: GEN____8_SM; curve: generator_QGen found. (exact name)
2019-11-04 10:57:17 | INFO | adding curve : Id: GEN____1_SM; output: generator_UStatorPu found.( generator_UStatorPu_value )
2019-11-04 10:57:17 | WARN | curve not added: Id: GEN____1_SM , name: voltageRegulator_UcEfdPu
2019-11-04 10:57:17 | INFO | adding curve : Id: GEN____6_SM; output: generator_UStatorPu found.( generator_UStatorPu_value )
2019-11-04 10:57:17 | WARN | curve not added: Id: GEN____6_SM , name: voltageRegulator_UcEfdPu
2019-11-04 10:57:17 | INFO | adding curve : Id: GEN____2_SM; output: generator_UStatorPu found.( generator_UStatorPu_value )
2019-11-04 10:57:17 | WARN | curve not added: Id: GEN____2_SM , name: voltageRegulator_UcEfdPu
2019-11-04 10:57:17 | INFO | adding curve : Id: GEN____3_SM; output: generator_UStatorPu found.( generator_UStatorPu_value )
2019-11-04 10:57:17 | WARN | curve not added: Id: GEN____3_SM , name: voltageRegulator_UcEfdPu
2019-11-04 10:57:17 | INFO | adding curve : Id: GEN____8_SM; output: generator_UStatorPu found.( generator_UStatorPu_value )
2019-11-04 10:57:17 | WARN | curve not added: Id: GEN____8_SM , name: voltageRegulator_UcEfdPu
2019-11-04 10:57:17 | INFO | adding curve : Id: GEN____1_SM; curve: voltageRegulator_EfdPu found. (exact name)
2019-11-04 10:57:17 | INFO | adding curve : Id: GEN____2_SM; curve: voltageRegulator_EfdPu found. (exact name)
2019-11-04 10:57:17 | INFO | adding curve : Id: GEN____3_SM; curve: voltageRegulator_EfdPu found. (exact name)
2019-11-04 10:57:17 | INFO | adding curve : Id: GEN____6_SM; curve: voltageRegulator_EfdPu found. (exact name)
2019-11-04 10:57:17 | INFO | adding curve : Id: GEN____8_SM; curve: voltageRegulator_EfdPu found. (exact name)
2019-11-04 10:57:17 | INFO | adding curve : Id: _LOAD___2_EC; curve: load_PPu found. (exact name)
2019-11-04 10:57:17 | INFO | adding curve : Id: _LOAD___2_EC; curve: load_QPu found. (exact name)
2019-11-04 10:57:17 | WARN | curve not added: Id: NETWORK , name: _BUS____1-BUS____5-1_Anrt/data/IEEE14/IEEE14_WithAutomata/IEEE14_PhaseShifterP/IEEE14.iidmC_iSide2
2019-11-04 10:57:17 | INFO | adding curve : Id: NETWORK; output: _BUS____1-BUS____5-1_AC_state found.( _BUS____1-BUS____5-1_AC_state_value )
2019-11-04 10:57:17 | INFO | adding curve : Id: NETWORK; output: _BUS____2-BUS____5-1_AC_iSide2 found.( _BUS____2-BUS____5-1_AC_iSide2_value )
2019-11-04 10:57:17 | INFO | adding curve : Id: NETWORK; output: _BUS____2-BUS____5-1_AC_state found.( _BUS____2-BUS____5-1_AC_state_value )
2019-11-04 10:57:17 | INFO | adding curve : Id: NETWORK; output: _BUS____2-BUS____4-1_AC_iSide2 found.( _BUS____2-BUS____4-1_AC_iSide2_value )
2019-11-04 10:57:17 | INFO | adding curve : Id: NETWORK; output: _BUS____2-BUS____4-1_AC_state found.( _BUS____2-BUS____4-1_AC_state_value )
2019-11-04 10:57:17 | INFO | adding curve : Id: CLA_2_4; output: currentLimitAutomaton_order found.( currentLimitAutomaton_order_value )
2019-11-04 10:57:17 | INFO | adding curve : Id: CLA_2_5; output: currentLimitAutomaton_order found.( currentLimitAutomaton_order_value )
2019-11-04 10:57:17 | INFO | adding parameter curve: Id: CLA_2_4; parameter curve: currentLimitAutomaton_IMax found. (exact name)
2019-11-04 10:57:17 | INFO | adding parameter curve: Id: CLA_2_5; parameter curve: currentLimitAutomaton_IMax found. (exact name)
2019-11-04 10:57:17 | DEBUG | nbSubNetwork = 1 nbsub = 1
2019-11-04 10:57:17 | DEBUG | subNetwork[0] nbBus = 14
2019-11-04 10:57:17 | DEBUG | keep SubNetworks num : 0
2019-11-04 10:57:17 | DEBUG | generator_Cm0Pu same value as Pm_Value0
2019-11-04 10:57:17 | DEBUG | generator_Pm0Pu same value as Pm_Value0
2019-11-04 10:57:17 | DEBUG | governor_Pm0Pu same value as Pm_Value0
2019-11-04 10:57:17 | DEBUG | voltageRegulator_UsRef0Pu same value as URef_Value0
2019-11-04 10:57:17 | DEBUG | generator_LambdaQ10Pu same value as generator_LambdaQ20Pu
2019-11-04 10:57:17 | DEBUG | generator_sStator0Pu_im opposite value of generator_QStator0Pu
2019-11-04 10:57:17 | DEBUG | generator_Theta0 same value as generator_ThetaInternal0
2019-11-04 10:57:17 | DEBUG | voltageRegulator_u0_im same value as generator_uStator0Pu_im
2019-11-04 10:57:17 | DEBUG | voltageRegulator_u0_re same value as generator_uStator0Pu_re
2019-11-04 10:57:17 | DEBUG | voltageRegulator_limiterWithLag_y0 same value as voltageRegulator_Efd0Pu
2019-11-04 10:57:17 | DEBUG | generator_Efd0Pu same value as voltageRegulator_Efd0PuLF
2019-11-04 10:57:17 | DEBUG | voltageRegulator_limiterWithLag_u0 same value as voltageRegulator_Efd0PuLF
2019-11-04 10:57:17 | DEBUG | voltageRegulator_limiterWithLag_y0LF same value as voltageRegulator_Efd0PuLF
2019-11-04 10:57:17 | DEBUG | voltageRegulator_tEfdMaxReached0 same value as voltageRegulator_limiterWithLag_tUMaxReached0
2019-11-04 10:57:17 | DEBUG | voltageRegulator_tEfdMinReached0 same value as voltageRegulator_limiterWithLag_tUMinReached0
2019-11-04 10:57:17 | DEBUG | generator_Cm0Pu same value as Pm_Value0
2019-11-04 10:57:17 | DEBUG | generator_Pm0Pu same value as Pm_Value0
2019-11-04 10:57:17 | DEBUG | governor_Pm0Pu same value as Pm_Value0
2019-11-04 10:57:17 | DEBUG | voltageRegulator_UsRef0Pu same value as URef_Value0
2019-11-04 10:57:17 | DEBUG | generator_LambdaQ10Pu same value as generator_LambdaQ20Pu
2019-11-04 10:57:17 | DEBUG | generator_sStator0Pu_im opposite value of generator_QStator0Pu
2019-11-04 10:57:17 | DEBUG | generator_Theta0 same value as generator_ThetaInternal0
2019-11-04 10:57:17 | DEBUG | voltageRegulator_u0_im same value as generator_uStator0Pu_im
2019-11-04 10:57:17 | DEBUG | voltageRegulator_u0_re same value as generator_uStator0Pu_re
2019-11-04 10:57:17 | DEBUG | voltageRegulator_limiterWithLag_y0 same value as voltageRegulator_Efd0Pu
2019-11-04 10:57:17 | DEBUG | generator_Efd0Pu same value as voltageRegulator_Efd0PuLF
2019-11-04 10:57:17 | DEBUG | voltageRegulator_limiterWithLag_u0 same value as voltageRegulator_Efd0PuLF
2019-11-04 10:57:17 | DEBUG | voltageRegulator_limiterWithLag_y0LF same value as voltageRegulator_Efd0PuLF
2019-11-04 10:57:17 | DEBUG | voltageRegulator_tEfdMaxReached0 same value as voltageRegulator_limiterWithLag_tUMaxReached0
2019-11-04 10:57:17 | DEBUG | voltageRegulator_tEfdMinReached0 same value as voltageRegulator_limiterWithLag_tUMinReached0
2019-11-04 10:57:17 | DEBUG | generator_Cm0Pu same value as Pm_Value0
2019-11-04 10:57:17 | DEBUG | generator_Pm0Pu same value as Pm_Value0
2019-11-04 10:57:17 | DEBUG | governor_Pm0Pu same value as Pm_Value0
2019-11-04 10:57:17 | DEBUG | voltageRegulator_UsRef0Pu same value as URef_Value0
2019-11-04 10:57:17 | DEBUG | generator_LambdaQ10Pu same value as generator_LambdaQ20Pu
2019-11-04 10:57:17 | DEBUG | generator_sStator0Pu_im opposite value of generator_QStator0Pu
2019-11-04 10:57:17 | DEBUG | generator_Theta0 same value as generator_ThetaInternal0
2019-11-04 10:57:17 | DEBUG | voltageRegulator_u0_im same value as generator_uStator0Pu_im
2019-11-04 10:57:17 | DEBUG | voltageRegulator_u0_re same value as generator_uStator0Pu_re
2019-11-04 10:57:17 | DEBUG | voltageRegulator_limiterWithLag_y0 same value as voltageRegulator_Efd0Pu
2019-11-04 10:57:17 | DEBUG | generator_Efd0Pu same value as voltageRegulator_Efd0PuLF
2019-11-04 10:57:17 | DEBUG | voltageRegulator_limiterWithLag_u0 same value as voltageRegulator_Efd0PuLF
2019-11-04 10:57:17 | DEBUG | voltageRegulator_limiterWithLag_y0LF same value as voltageRegulator_Efd0PuLF
2019-11-04 10:57:17 | DEBUG | voltageRegulator_tEfdMaxReached0 same value as voltageRegulator_limiterWithLag_tUMaxReached0
2019-11-04 10:57:17 | DEBUG | voltageRegulator_tEfdMinReached0 same value as voltageRegulator_limiterWithLag_tUMinReached0
2019-11-04 10:57:17 | DEBUG | generator_Cm0Pu same value as Pm_Value0
2019-11-04 10:57:17 | DEBUG | generator_Pm0Pu same value as Pm_Value0
2019-11-04 10:57:17 | DEBUG | governor_Pm0Pu same value as Pm_Value0
2019-11-04 10:57:17 | DEBUG | voltageRegulator_UsRef0Pu same value as URef_Value0
2019-11-04 10:57:17 | DEBUG | generator_LambdaQ10Pu same value as generator_LambdaQ20Pu
2019-11-04 10:57:17 | DEBUG | generator_sStator0Pu_im opposite value of generator_QStator0Pu
2019-11-04 10:57:17 | DEBUG | generator_Theta0 same value as generator_ThetaInternal0
2019-11-04 10:57:17 | DEBUG | voltageRegulator_u0_im same value as generator_uStator0Pu_im
2019-11-04 10:57:17 | DEBUG | voltageRegulator_u0_re same value as generator_uStator0Pu_re
2019-11-04 10:57:17 | DEBUG | voltageRegulator_limiterWithLag_y0 same value as voltageRegulator_Efd0Pu
2019-11-04 10:57:17 | DEBUG | generator_Efd0Pu same value as voltageRegulator_Efd0PuLF
2019-11-04 10:57:17 | DEBUG | voltageRegulator_limiterWithLag_u0 same value as voltageRegulator_Efd0PuLF
2019-11-04 10:57:17 | DEBUG | voltageRegulator_limiterWithLag_y0LF same value as voltageRegulator_Efd0PuLF
2019-11-04 10:57:17 | DEBUG | voltageRegulator_tEfdMaxReached0 same value as voltageRegulator_limiterWithLag_tUMaxReached0
2019-11-04 10:57:17 | DEBUG | voltageRegulator_tEfdMinReached0 same value as voltageRegulator_limiterWithLag_tUMinReached0
2019-11-04 10:57:17 | DEBUG | generator_Cm0Pu same value as Pm_Value0
2019-11-04 10:57:17 | DEBUG | generator_Pm0Pu same value as Pm_Value0
2019-11-04 10:57:17 | DEBUG | governor_Pm0Pu same value as Pm_Value0
2019-11-04 10:57:17 | DEBUG | voltageRegulator_UsRef0Pu same value as URef_Value0
2019-11-04 10:57:17 | DEBUG | generator_LambdaQ10Pu same value as generator_LambdaQ20Pu
2019-11-04 10:57:17 | DEBUG | generator_sStator0Pu_im opposite value of generator_QStator0Pu
2019-11-04 10:57:17 | DEBUG | generator_Theta0 same value as generator_ThetaInternal0
2019-11-04 10:57:17 | DEBUG | voltageRegulator_u0_im same value as generator_uStator0Pu_im
2019-11-04 10:57:17 | DEBUG | voltageRegulator_u0_re same value as generator_uStator0Pu_re
2019-11-04 10:57:17 | DEBUG | voltageRegulator_limiterWithLag_y0 same value as voltageRegulator_Efd0Pu
2019-11-04 10:57:17 | DEBUG | generator_Efd0Pu same value as voltageRegulator_Efd0PuLF
2019-11-04 10:57:17 | DEBUG | voltageRegulator_limiterWithLag_u0 same value as voltageRegulator_Efd0PuLF
2019-11-04 10:57:17 | DEBUG | voltageRegulator_limiterWithLag_y0LF same value as voltageRegulator_Efd0PuLF
2019-11-04 10:57:17 | DEBUG | voltageRegulator_tEfdMaxReached0 same value as voltageRegulator_limiterWithLag_tUMaxReached0
2019-11-04 10:57:17 | DEBUG | voltageRegulator_tEfdMinReached0 same value as voltageRegulator_limiterWithLag_tUMinReached0
2019-11-04 10:57:17 | DEBUG | _BUS____2-BUS____5-1_AC deactivate current Limits
2019-11-04 10:57:17 | DEBUG | _BUS____4-BUS____5-1_AC deactivate current Limits
2019-11-04 10:57:17 | DEBUG | call of SolverReInit ie a new symbolic and numerical factorization will be performed
2019-11-04 10:57:17 | DEBUG | -----------------------------------------------------------------------
2019-11-04 10:57:17 | DEBUG | number of continuous variables : 413 (display limited to 4 variables)
2019-11-04 10:57:17 | DEBUG | number of discrete variables : 240
2019-11-04 10:57:17 | DEBUG | -----------------------------------------------------------------------
2019-11-04 10:57:17 | DEBUG |     t              y1            y2            y3            y4      | nst k      h
2019-11-04 10:57:17 | DEBUG | -----------------------------------------------------------------------
2019-11-04 10:57:17 | DEBUG |        0.000  1.014792e+00 -2.737274e-01 -6.830820e-02  7.559011e-02 |   0 0 3.213254e-04 
2019-11-04 10:57:17 | DEBUG |        0.000  1.014792e+00 -2.737274e-01 -6.830819e-02  7.559010e-02 |   1 1 3.213253e-04 
2019-11-04 10:57:17 | DEBUG |        0.001  1.014791e+00 -2.737274e-01 -6.830819e-02  7.559009e-02 |   2 1 3.213253e-04 
2019-11-04 10:57:17 | DEBUG |        0.001  1.014791e+00 -2.737274e-01 -6.830818e-02  7.559008e-02 |   3 2 6.426507e-04 
2019-11-04 10:57:17 | DEBUG |        0.003  1.014791e+00 -2.737273e-01 -6.830817e-02  7.559005e-02 |   4 2 1.285301e-03 
2019-11-04 10:57:17 | DEBUG |        0.005  1.014790e+00 -2.737273e-01 -6.830814e-02  7.559000e-02 |   5 2 2.570603e-03 
2019-11-04 10:57:17 | DEBUG |        0.010  1.014789e+00 -2.737273e-01 -6.830810e-02  7.558992e-02 |   6 2 5.141206e-03 
2019-11-04 10:57:17 | DEBUG |        0.021  1.014787e+00 -2.737274e-01 -6.830804e-02  7.558983e-02 |   7 2 1.028241e-02 
2019-11-04 10:57:17 | DEBUG | Algebraic mode change for model GEN____3_SM
2019-11-04 10:57:17 | DEBUG |        0.037  1.014787e+00 -2.737277e-01 -6.830799e-02  7.558979e-02 |   8 2 2.056482e-02 
2019-11-04 10:57:17 | DEBUG | calculation of the new starting point of the simulation.
2019-11-04 10:57:17 | DEBUG |        0.037  1.014787e+00 -2.737277e-01 -6.830799e-02  7.558979e-02 |   0 0 0.000000e+00 
2019-11-04 10:57:17 | DEBUG |        0.037  1.014787e+00 -2.737277e-01 -6.830799e-02  7.558979e-02 |   1 1 3.330742e-04 
2019-11-04 10:57:17 | DEBUG |        0.037  1.014787e+00 -2.737277e-01 -6.830799e-02  7.558979e-02 |   2 1 3.330742e-04 
2019-11-04 10:57:17 | DEBUG |        0.038  1.014787e+00 -2.737277e-01 -6.830799e-02  7.558980e-02 |   3 2 6.661484e-04 
2019-11-04 10:57:17 | DEBUG |        0.039  1.014787e+00 -2.737278e-01 -6.830798e-02  7.558980e-02 |   4 2 1.332297e-03 
2019-11-04 10:57:17 | DEBUG |        0.042  1.014787e+00 -2.737278e-01 -6.830798e-02  7.558981e-02 |   5 2 2.664594e-03 
2019-11-04 10:57:17 | DEBUG |        0.047  1.014787e+00 -2.737280e-01 -6.830798e-02  7.558985e-02 |   6 2 5.329187e-03 
2019-11-04 10:57:17 | DEBUG |        0.058  1.014788e+00 -2.737284e-01 -6.830798e-02  7.558993e-02 |   7 2 1.065837e-02 
2019-11-04 10:57:17 | DEBUG |        0.079  1.014790e+00 -2.737294e-01 -6.830799e-02  7.559014e-02 |   8 2 2.131675e-02 
2019-11-04 10:57:17 | DEBUG |        0.122  1.014794e+00 -2.737317e-01 -6.830802e-02  7.559066e-02 |   9 2 4.263350e-02 
2019-11-04 10:57:17 | DEBUG |        0.207  1.014803e+00 -2.737367e-01 -6.830803e-02  7.559168e-02 |  10 2 8.526699e-02 
2019-11-04 10:57:17 | DEBUG |        0.378  1.014812e+00 -2.737460e-01 -6.830775e-02  7.559306e-02 |  11 1 1.705340e-01 
2019-11-04 10:57:17 | DEBUG |        0.719  1.014818e+00 -2.737552e-01 -6.830736e-02  7.559421e-02 |  12 1 3.410680e-01 
2019-11-04 10:57:17 | DEBUG | Algebraic mode change for model GEN____3_SM
2019-11-04 10:57:17 | DEBUG |        1.071  1.014819e+00 -2.737561e-01 -6.830734e-02  7.559437e-02 |  13 1 6.821359e-01 
2019-11-04 10:57:17 | DEBUG | calculation of the new starting point of the simulation.
2019-11-04 10:57:17 | DEBUG |        1.071  1.014819e+00 -2.737561e-01 -6.830734e-02  7.559437e-02 |   0 0 0.000000e+00 
2019-11-04 10:57:17 | DEBUG |        1.072  1.014819e+00 -2.737562e-01 -6.830734e-02  7.559437e-02 |   1 1 6.654783e-04 
2019-11-04 10:57:17 | DEBUG |        1.072  1.014819e+00 -2.737562e-01 -6.830734e-02  7.559437e-02 |   2 1 6.654783e-04 
2019-11-04 10:57:17 | DEBUG |        1.074  1.014819e+00 -2.737562e-01 -6.830734e-02  7.559438e-02 |   3 2 1.330957e-03 
2019-11-04 10:57:17 | DEBUG |        1.076  1.014819e+00 -2.737562e-01 -6.830734e-02  7.559438e-02 |   4 2 2.661913e-03 
2019-11-04 10:57:17 | DEBUG |        1.082  1.014819e+00 -2.737563e-01 -6.830733e-02  7.559439e-02 |   5 2 5.323826e-03 
2019-11-04 10:57:17 | DEBUG |        1.092  1.014819e+00 -2.737564e-01 -6.830733e-02  7.559441e-02 |   6 2 1.064765e-02 
2019-11-04 10:57:17 | DEBUG |        1.114  1.014819e+00 -2.737567e-01 -6.830732e-02  7.559444e-02 |   7 2 2.129530e-02 
2019-11-04 10:57:17 | DEBUG |        1.156  1.014819e+00 -2.737572e-01 -6.830730e-02  7.559450e-02 |   8 2 4.259061e-02 
2019-11-04 10:57:17 | DEBUG |        1.241  1.014820e+00 -2.737578e-01 -6.830727e-02  7.559458e-02 |   9 2 8.518122e-02 
2019-11-04 10:57:17 | DEBUG |        1.412  1.014820e+00 -2.737581e-01 -6.830727e-02  7.559463e-02 |  10 2 1.703624e-01 
2019-11-04 10:57:17 | DEBUG |        1.752  1.014821e+00 -2.737569e-01 -6.830736e-02  7.559456e-02 |  11 2 3.407249e-01 
2019-11-04 10:57:17 | DEBUG |        2.434  1.014820e+00 -2.737573e-01 -6.830733e-02  7.559458e-02 |  12 1 6.814497e-01 
2019-11-04 10:57:17 | DEBUG |        3.797  1.014820e+00 -2.737595e-01 -6.830716e-02  7.559472e-02 |  13 1 1.362899e+00 
2019-11-04 10:57:17 | DEBUG | state of Line _BUS____1-BUS____5-1_AC change from 3 to 2
2019-11-04 10:57:17 | DEBUG | nbSubNetwork = 1 nbsub = 1
2019-11-04 10:57:17 | DEBUG | subNetwork[0] nbBus = 14
2019-11-04 10:57:17 | DEBUG | keep SubNetworks num : 0
2019-11-04 10:57:17 | DEBUG | Algebraic mode (with J recalculation) change for model NETWORK
2019-11-04 10:57:17 | DEBUG |        5.000  1.014820e+00 -2.737602e-01 -6.830711e-02  7.559477e-02 |  14 1 2.725799e+00 
2019-11-04 10:57:17 | DEBUG | calculation of the new starting point of the simulation.
2019-11-04 10:57:17 | DEBUG | call of SolverReInit ie a new symbolic and numerical factorization will be performed
2019-11-04 10:57:17 | DEBUG | call of SolverReInit ie a new symbolic and numerical factorization will be performed
2019-11-04 10:57:17 | DEBUG |        5.000  1.003624e+00 -2.965682e-01 -6.640958e-02  7.680317e-02 |   0 0 0.000000e+00 
2019-11-04 10:57:17 | DEBUG |        5.001  1.003558e+00 -2.967337e-01 -6.639628e-02  7.681300e-02 |   1 1 8.347154e-04 
2019-11-04 10:57:17 | DEBUG |        5.002  1.003494e+00 -2.968949e-01 -6.638332e-02  7.682256e-02 |   2 1 8.347154e-04 
2019-11-04 10:57:17 | DEBUG |        5.003  1.003368e+00 -2.972076e-01 -6.635816e-02  7.684109e-02 |   3 2 1.669431e-03 
2019-11-04 10:57:17 | DEBUG |        5.007  1.003134e+00 -2.977889e-01 -6.631134e-02  7.687548e-02 |   4 2 3.338862e-03 
2019-11-04 10:57:17 | DEBUG |        5.013  1.002721e+00 -2.988066e-01 -6.622921e-02  7.693552e-02 |   5 2 6.677724e-03 
2019-11-04 10:57:17 | DEBUG |        5.020  1.002370e+00 -2.996648e-01 -6.615982e-02  7.698598e-02 |   6 2 6.677724e-03 
2019-11-04 10:57:17 | DEBUG |        5.033  1.001781e+00 -3.010982e-01 -6.604376e-02  7.707019e-02 |   7 2 1.335545e-02 
2019-11-04 10:57:17 | DEBUG |        5.047  1.001295e+00 -3.022869e-01 -6.594751e-02  7.714016e-02 |   8 2 1.335545e-02 
2019-11-04 10:57:17 | DEBUG |        5.060  1.000856e+00 -3.033740e-01 -6.585962e-02  7.720453e-02 |   9 2 1.335545e-02 
2019-11-04 10:57:17 | DEBUG |        5.073  1.000426e+00 -3.044486e-01 -6.577287e-02  7.726852e-02 |  10 2 1.335545e-02 
2019-11-04 10:57:17 | DEBUG |        5.087  9.999857e-01 -3.055603e-01 -6.568319e-02  7.733498e-02 |  11 2 1.335545e-02 
2019-11-04 10:57:17 | DEBUG |        5.114  9.990258e-01 -3.079788e-01 -6.548782e-02  7.747957e-02 |  12 2 2.671089e-02 
2019-11-04 10:57:17 | DEBUG |        5.140  9.979577e-01 -3.106470e-01 -6.527162e-02  7.763865e-02 |  13 2 2.671089e-02 
2019-11-04 10:57:17 | DEBUG |        5.167  9.967877e-01 -3.135247e-01 -6.503737e-02  7.780924e-02 |  14 2 2.671089e-02 
2019-11-04 10:57:17 | DEBUG |        5.194  9.955397e-01 -3.165407e-01 -6.479060e-02  7.798684e-02 |  15 2 2.671089e-02 
2019-11-04 10:57:17 | DEBUG |        5.220  9.942482e-01 -3.196114e-01 -6.453812e-02  7.816654e-02 |  16 2 2.671089e-02 
2019-11-04 10:57:17 | DEBUG |        5.261  9.923435e-01 -3.240732e-01 -6.416944e-02  7.842620e-02 |  17 2 5.342179e-02 
2019-11-04 10:57:17 | DEBUG |        5.274  9.917352e-01 -3.254802e-01 -6.405268e-02  7.850769e-02 |  17 2 5.342179e-02 
2019-11-04 10:57:17 | DEBUG |        5.322  9.896907e-01 -3.301651e-01 -6.366245e-02  7.877817e-02 |  18 2 4.807961e-02 
2019-11-04 10:57:17 | DEBUG |        5.370  9.880409e-01 -3.339262e-01 -6.334803e-02  7.899514e-02 |  19 2 4.807961e-02 
2019-11-04 10:57:17 | DEBUG |        5.418  9.869228e-01 -3.365236e-01 -6.313126e-02  7.914652e-02 |  20 2 4.807961e-02 
2019-11-04 10:57:17 | DEBUG | Algebraic mode change for model GEN____6_SM
2019-11-04 10:57:17 | DEBUG |        5.450  9.865145e-01 -3.375468e-01 -6.304699e-02  7.920822e-02 |  21 2 4.807961e-02 
2019-11-04 10:57:17 | DEBUG | calculation of the new starting point of the simulation.
2019-11-04 10:57:17 | DEBUG |        5.450  9.865139e-01 -3.375468e-01 -6.304696e-02  7.920819e-02 |   0 0 0.000000e+00 
2019-11-04 10:57:17 | DEBUG |        5.452  9.864980e-01 -3.375903e-01 -6.304343e-02  7.921091e-02 |   1 1 1.972643e-03 
2019-11-04 10:57:17 | DEBUG |        5.454  9.864832e-01 -3.376315e-01 -6.304009e-02  7.921350e-02 |   2 1 1.972643e-03 
2019-11-04 10:57:17 | DEBUG |        5.458  9.864563e-01 -3.377084e-01 -6.303390e-02  7.921837e-02 |   3 2 3.945286e-03 
2019-11-04 10:57:17 | DEBUG |        5.466  9.864159e-01 -3.378346e-01 -6.302387e-02  7.922661e-02 |   4 2 7.890572e-03 
2019-11-04 10:57:17 | DEBUG |        5.482  9.863885e-01 -3.379774e-01 -6.301319e-02  7.923710e-02 |   5 2 1.578114e-02 
2019-11-04 10:57:17 | DEBUG |        5.513  9.865418e-01 -3.378370e-01 -6.302838e-02  7.923477e-02 |   6 2 3.156229e-02 
2019-11-04 10:57:17 | DEBUG | Algebraic mode change for model GEN____8_SM
2019-11-04 10:57:17 | DEBUG |        5.567  9.873403e-01 -3.364952e-01 -6.314869e-02  7.917050e-02 |   7 2 6.312458e-02 
2019-11-04 10:57:17 | DEBUG | calculation of the new starting point of the simulation.
2019-11-04 10:57:17 | DEBUG | Algebraic mode change for model GEN____8_SM
2019-11-04 10:57:17 | DEBUG |        5.567  9.873404e-01 -3.364954e-01 -6.314870e-02  7.917052e-02 |   0 0 0.000000e+00 
2019-11-04 10:57:17 | DEBUG | Algebraic mode change for model GEN____8_SM
2019-11-04 10:57:17 | DEBUG |        5.567  9.873404e-01 -3.364954e-01 -6.314870e-02  7.917052e-02 |   1 1 1.958577e-03 
2019-11-04 10:57:17 | DEBUG | calculation of the new starting point of the simulation.
2019-11-04 10:57:17 | DEBUG |        5.567  9.873404e-01 -3.364954e-01 -6.314870e-02  7.917052e-02 |   0 0 0.000000e+00 
2019-11-04 10:57:17 | DEBUG |        5.569  9.873843e-01 -3.364162e-01 -6.315568e-02  7.916653e-02 |   1 1 1.958581e-03 
2019-11-04 10:57:17 | DEBUG |        5.571  9.874291e-01 -3.363353e-01 -6.316280e-02  7.916244e-02 |   2 1 1.958581e-03 
2019-11-04 10:57:17 | DEBUG |        5.574  9.875205e-01 -3.361697e-01 -6.317738e-02  7.915406e-02 |   3 2 3.917162e-03 
2019-11-04 10:57:17 | DEBUG |        5.582  9.877126e-01 -3.358190e-01 -6.320818e-02  7.913623e-02 |   4 2 7.834324e-03 
2019-11-04 10:57:17 | DEBUG |        5.598  9.881318e-01 -3.350456e-01 -6.327594e-02  7.909664e-02 |   5 2 1.566865e-02 
2019-11-04 10:57:17 | DEBUG |        5.629  9.890901e-01 -3.332506e-01 -6.343253e-02  7.900390e-02 |   6 2 3.133729e-02 
2019-11-04 10:57:17 | DEBUG |        5.661  9.901777e-01 -3.311849e-01 -6.361195e-02  7.889635e-02 |   7 2 3.133729e-02 
2019-11-04 10:57:17 | DEBUG |        5.723  9.925167e-01 -3.267060e-01 -6.399952e-02  7.866240e-02 |   8 2 6.267459e-02 
2019-11-04 10:57:17 | DEBUG |        5.780  9.946366e-01 -3.226266e-01 -6.435121e-02  7.844924e-02 |   9 2 5.640713e-02 
2019-11-04 10:57:17 | DEBUG |        5.836  9.965493e-01 -3.189687e-01 -6.466628e-02  7.825935e-02 |  10 2 5.640713e-02 
2019-11-04 10:57:17 | DEBUG | Algebraic mode change for model GEN____6_SM
2019-11-04 10:57:17 | DEBUG |        5.881  9.978002e-01 -3.166259e-01 -6.486868e-02  7.813963e-02 |  11 2 5.640713e-02 
2019-11-04 10:57:17 | DEBUG | calculation of the new starting point of the simulation.
2019-11-04 10:57:17 | DEBUG |        5.881  9.977999e-01 -3.166258e-01 -6.486866e-02  7.813962e-02 |   0 0 0.000000e+00 
2019-11-04 10:57:17 | DEBUG |        5.883  9.978520e-01 -3.165294e-01 -6.487701e-02  7.813474e-02 |   1 1 2.039323e-03 
2019-11-04 10:57:17 | DEBUG |        5.885  9.979035e-01 -3.164344e-01 -6.488523e-02  7.812994e-02 |   2 1 2.039323e-03 
2019-11-04 10:57:17 | DEBUG |        5.889  9.980049e-01 -3.162479e-01 -6.490140e-02  7.812053e-02 |   3 2 4.078645e-03 
2019-11-04 10:57:17 | DEBUG |        5.897  9.981996e-01 -3.158920e-01 -6.493229e-02  7.810267e-02 |   4 2 8.157291e-03 
2019-11-04 10:57:17 | DEBUG |        5.913  9.985559e-01 -3.152514e-01 -6.498808e-02  7.807092e-02 |   5 2 1.631458e-02 
2019-11-04 10:57:17 | DEBUG | Algebraic mode change for model GEN____3_SM
2019-11-04 10:57:17 | DEBUG |        5.932  9.989050e-01 -3.146433e-01 -6.504143e-02  7.804149e-02 |   6 2 3.262916e-02 
2019-11-04 10:57:17 | DEBUG | calculation of the new starting point of the simulation.
2019-11-04 10:57:17 | DEBUG |        5.932  9.989049e-01 -3.146433e-01 -6.504142e-02  7.804148e-02 |   0 0 0.000000e+00 
2019-11-04 10:57:17 | DEBUG |        5.934  9.989402e-01 -3.145835e-01 -6.504670e-02  7.803865e-02 |   1 1 2.083121e-03 
2019-11-04 10:57:17 | DEBUG |        5.936  9.989747e-01 -3.145254e-01 -6.505184e-02  7.803591e-02 |   2 1 2.083121e-03 
2019-11-04 10:57:17 | DEBUG |        5.940  9.990420e-01 -3.144130e-01 -6.506180e-02  7.803065e-02 |   3 2 4.166241e-03 
2019-11-04 10:57:17 | DEBUG |        5.949  9.991673e-01 -3.142080e-01 -6.508006e-02  7.802123e-02 |   4 2 8.332483e-03 
2019-11-04 10:57:17 | DEBUG |        5.965  9.993809e-01 -3.138771e-01 -6.510995e-02  7.800675e-02 |   5 2 1.666497e-02 
2019-11-04 10:57:17 | DEBUG |        5.999  9.996594e-01 -3.135320e-01 -6.514317e-02  7.799526e-02 |   6 2 3.332993e-02 
2019-11-04 10:57:17 | DEBUG | Algebraic mode change for model GEN____8_SM
2019-11-04 10:57:17 | DEBUG |        6.064  9.996669e-01 -3.139791e-01 -6.511374e-02  7.803395e-02 |   7 2 6.665986e-02 
2019-11-04 10:57:17 | DEBUG | calculation of the new starting point of the simulation.
2019-11-04 10:57:17 | DEBUG | Algebraic mode change for model GEN____8_SM
2019-11-04 10:57:17 | DEBUG |        6.064  9.996668e-01 -3.139791e-01 -6.511374e-02  7.803395e-02 |   0 0 0.000000e+00 
2019-11-04 10:57:17 | DEBUG | Algebraic mode change for model GEN____8_SM
2019-11-04 10:57:17 | DEBUG |        6.064  9.996668e-01 -3.139791e-01 -6.511374e-02  7.803395e-02 |   1 1 2.166368e-03 
2019-11-04 10:57:17 | DEBUG | calculation of the new starting point of the simulation.
2019-11-04 10:57:17 | DEBUG |        6.064  9.996668e-01 -3.139791e-01 -6.511374e-02  7.803395e-02 |   0 0 0.000000e+00 
2019-11-04 10:57:17 | DEBUG |        6.066  9.996544e-01 -3.140209e-01 -6.511051e-02  7.803671e-02 |   1 1 2.166368e-03 
2019-11-04 10:57:17 | DEBUG |        6.068  9.996412e-01 -3.140642e-01 -6.510714e-02  7.803956e-02 |   2 1 2.166368e-03 
2019-11-04 10:57:17 | DEBUG |        6.072  9.996131e-01 -3.141543e-01 -6.510012e-02  7.804544e-02 |   3 2 4.332736e-03 
2019-11-04 10:57:17 | DEBUG |        6.081  9.995484e-01 -3.143518e-01 -6.508459e-02  7.805814e-02 |   4 2 8.665471e-03 
2019-11-04 10:57:17 | DEBUG |        6.098  9.993865e-01 -3.148124e-01 -6.504799e-02  7.808703e-02 |   5 2 1.733094e-02 
2019-11-04 10:57:17 | DEBUG |        6.133  9.989453e-01 -3.159636e-01 -6.495510e-02  7.815690e-02 |   6 2 3.466188e-02 
2019-11-04 10:57:17 | DEBUG |        6.202  9.977196e-01 -3.188869e-01 -6.471504e-02  7.832766e-02 |   7 2 6.932377e-02 
2019-11-04 10:57:17 | DEBUG |        6.272  9.961973e-01 -3.222515e-01 -6.443402e-02  7.851731e-02 |   8 2 6.932377e-02 
2019-11-04 10:57:17 | DEBUG |        6.341  9.946105e-01 -3.255628e-01 -6.415356e-02  7.869861e-02 |   9 2 6.932377e-02 
2019-11-04 10:57:17 | DEBUG |        6.410  9.931923e-01 -3.284042e-01 -6.391041e-02  7.885081e-02 |  10 2 6.932377e-02 
2019-11-04 10:57:17 | DEBUG |        6.480  9.921368e-01 -3.304752e-01 -6.373217e-02  7.896048e-02 |  11 2 6.932377e-02 
2019-11-04 10:57:17 | DEBUG | Algebraic mode change for model GEN____3_SM
2019-11-04 10:57:17 | DEBUG |        6.498  9.919440e-01 -3.308579e-01 -6.369931e-02  7.898090e-02 |  12 2 6.932377e-02 
2019-11-04 10:57:17 | DEBUG | calculation of the new starting point of the simulation.
2019-11-04 10:57:17 | DEBUG | Algebraic mode change for model GEN____3_SM
2019-11-04 10:57:17 | DEBUG |        6.498  9.919592e-01 -3.308639e-01 -6.369963e-02  7.898226e-02 |   0 0 0.000000e+00 
2019-11-04 10:57:17 | DEBUG | Algebraic mode change for model GEN____3_SM
2019-11-04 10:57:17 | DEBUG |        6.498  9.919592e-01 -3.308639e-01 -6.369963e-02  7.898226e-02 |   1 1 2.321688e-03 
2019-11-04 10:57:17 | DEBUG | calculation of the new starting point of the simulation.
2019-11-04 10:57:17 | DEBUG |        6.498  9.919592e-01 -3.308639e-01 -6.369963e-02  7.898226e-02 |   0 0 0.000000e+00 
2019-11-04 10:57:17 | DEBUG |        6.500  9.919353e-01 -3.309107e-01 -6.369560e-02  7.898473e-02 |   1 1 2.321688e-03 
2019-11-04 10:57:17 | DEBUG |        6.502  9.919120e-01 -3.309563e-01 -6.369167e-02  7.898715e-02 |   2 1 2.321688e-03 
2019-11-04 10:57:17 | DEBUG |        6.507  9.918670e-01 -3.310446e-01 -6.368406e-02  7.899183e-02 |   3 2 4.643376e-03 
2019-11-04 10:57:17 | DEBUG |        6.516  9.917844e-01 -3.312071e-01 -6.367007e-02  7.900046e-02 |   4 2 9.286752e-03 
2019-11-04 10:57:17 | DEBUG |        6.535  9.916503e-01 -3.314749e-01 -6.364708e-02  7.901481e-02 |   5 2 1.857350e-02 
2019-11-04 10:57:17 | DEBUG |        6.572  9.915073e-01 -3.317825e-01 -6.362107e-02  7.903199e-02 |   6 2 3.714701e-02 
2019-11-04 10:57:17 | DEBUG | Algebraic mode change for model GEN____8_SM
2019-11-04 10:57:17 | DEBUG |        6.635  9.916160e-01 -3.316664e-01 -6.363292e-02  7.902899e-02 |   7 2 7.429402e-02 
2019-11-04 10:57:17 | DEBUG | calculation of the new starting point of the simulation.
2019-11-04 10:57:17 | DEBUG | Algebraic mode change for model GEN____8_SM
2019-11-04 10:57:17 | DEBUG |        6.635  9.916160e-01 -3.316665e-01 -6.363291e-02  7.902900e-02 |   0 0 0.000000e+00 
2019-11-04 10:57:17 | DEBUG | Algebraic mode change for model GEN____8_SM
2019-11-04 10:57:17 | DEBUG |        6.635  9.916160e-01 -3.316665e-01 -6.363291e-02  7.902900e-02 |   1 1 2.436405e-03 
2019-11-04 10:57:17 | DEBUG | calculation of the new starting point of the simulation.
2019-11-04 10:57:17 | DEBUG |        6.635  9.916160e-01 -3.316665e-01 -6.363291e-02  7.902900e-02 |   0 0 0.000000e+00 
2019-11-04 10:57:17 | DEBUG |        6.638  9.916299e-01 -3.316445e-01 -6.363490e-02  7.902800e-02 |   1 1 2.436405e-03 
2019-11-04 10:57:17 | DEBUG |        6.640  9.916443e-01 -3.316214e-01 -6.363699e-02  7.902695e-02 |   2 1 2.436405e-03 
2019-11-04 10:57:17 | DEBUG |        6.645  9.916747e-01 -3.315726e-01 -6.364141e-02  7.902471e-02 |   3 2 4.872811e-03 
2019-11-04 10:57:17 | DEBUG |        6.655  9.917427e-01 -3.314617e-01 -6.365139e-02  7.901956e-02 |   4 2 9.745621e-03 
2019-11-04 10:57:17 | DEBUG |        6.674  9.919064e-01 -3.311892e-01 -6.367579e-02  7.900669e-02 |   5 2 1.949124e-02 
2019-11-04 10:57:17 | DEBUG |        6.713  9.923314e-01 -3.304576e-01 -6.374075e-02  7.897124e-02 |   6 2 3.898248e-02 
2019-11-04 10:57:17 | DEBUG |        6.791  9.934373e-01 -3.284431e-01 -6.391708e-02  7.886965e-02 |   7 2 7.796497e-02 
2019-11-04 10:57:17 | DEBUG |        6.869  9.946876e-01 -3.259846e-01 -6.412828e-02  7.873952e-02 |   8 2 7.796497e-02 
2019-11-04 10:57:17 | DEBUG |        6.947  9.958308e-01 -3.235175e-01 -6.433574e-02  7.860200e-02 |   9 2 7.796497e-02 
2019-11-04 10:57:17 | DEBUG |        7.025  9.966575e-01 -3.214841e-01 -6.450224e-02  7.848134e-02 |  10 2 7.796497e-02 
2019-11-04 10:57:17 | DEBUG | Algebraic mode change for model GEN____8_SM
2019-11-04 10:57:17 | DEBUG |        7.084  9.969762e-01 -3.204713e-01 -6.458168e-02  7.841528e-02 |  11 2 7.796497e-02 
2019-11-04 10:57:17 | DEBUG | calculation of the new starting point of the simulation.
2019-11-04 10:57:17 | DEBUG |        7.084  9.969857e-01 -3.204752e-01 -6.458191e-02  7.841615e-02 |   0 0 0.000000e+00 
2019-11-04 10:57:17 | DEBUG |        7.087  9.969939e-01 -3.204404e-01 -6.458454e-02  7.841370e-02 |   1 1 2.557689e-03 
2019-11-04 10:57:17 | DEBUG |        7.089  9.970016e-01 -3.204068e-01 -6.458707e-02  7.841132e-02 |   2 1 2.557689e-03 
2019-11-04 10:57:17 | DEBUG |        7.095  9.970153e-01 -3.203424e-01 -6.459188e-02  7.840670e-02 |   3 2 5.115378e-03 
2019-11-04 10:57:17 | DEBUG |        7.105  9.970353e-01 -3.202278e-01 -6.460027e-02  7.839820e-02 |   4 2 1.023076e-02 
2019-11-04 10:57:17 | DEBUG |        7.125  9.970451e-01 -3.200568e-01 -6.461204e-02  7.838422e-02 |   5 2 2.046151e-02 
2019-11-04 10:57:17 | DEBUG |        7.166  9.969471e-01 -3.199515e-01 -6.461544e-02  7.836892e-02 |   6 2 4.092302e-02 
2019-11-04 10:57:17 | DEBUG |        7.248  9.963561e-01 -3.206043e-01 -6.455000e-02  7.838673e-02 |   7 2 8.184604e-02 
2019-11-04 10:57:17 | DEBUG |        7.330  9.953735e-01 -3.221972e-01 -6.440720e-02  7.845979e-02 |   8 2 8.184604e-02 
2019-11-04 10:57:17 | DEBUG |        7.412  9.942243e-01 -3.243437e-01 -6.422099e-02  7.856967e-02 |   9 2 8.184604e-02 
2019-11-04 10:57:17 | DEBUG |        7.494  9.931639e-01 -3.265771e-01 -6.403201e-02  7.869281e-02 |  10 2 8.184604e-02 
2019-11-04 10:57:17 | DEBUG |        7.575  9.924197e-01 -3.284376e-01 -6.387955e-02  7.880435e-02 |  11 2 8.184604e-02 
2019-11-04 10:57:17 | DEBUG |        7.657  9.921409e-01 -3.295658e-01 -6.379346e-02  7.888297e-02 |  12 2 8.184604e-02 
2019-11-04 10:57:17 | DEBUG |        7.739  9.923651e-01 -3.297741e-01 -6.378786e-02  7.891500e-02 |  13 2 8.184604e-02 
2019-11-04 10:57:17 | DEBUG | Algebraic mode change for model GEN____8_SM
2019-11-04 10:57:17 | DEBUG |        7.766  9.925319e-01 -3.296456e-01 -6.380270e-02  7.891464e-02 |  14 2 8.184604e-02 
2019-11-04 10:57:17 | DEBUG | calculation of the new starting point of the simulation.
2019-11-04 10:57:17 | DEBUG | Algebraic mode change for model GEN____8_SM
2019-11-04 10:57:17 | DEBUG |        7.766  9.925325e-01 -3.296451e-01 -6.380282e-02  7.891463e-02 |   0 0 0.000000e+00 
2019-11-04 10:57:17 | DEBUG | Algebraic mode change for model GEN____8_SM
2019-11-04 10:57:17 | DEBUG |        7.766  9.925325e-01 -3.296451e-01 -6.380282e-02  7.891463e-02 |   1 1 2.785257e-03 
2019-11-04 10:57:17 | DEBUG | calculation of the new starting point of the simulation.
2019-11-04 10:57:17 | DEBUG |        7.766  9.925325e-01 -3.296451e-01 -6.380282e-02  7.891463e-02 |   0 0 0.000000e+00 
2019-11-04 10:57:17 | DEBUG |        7.769  9.925539e-01 -3.296249e-01 -6.380497e-02  7.891427e-02 |   1 1 2.785257e-03 
2019-11-04 10:57:17 | DEBUG |        7.772  9.925759e-01 -3.296034e-01 -6.380722e-02  7.891384e-02 |   2 1 2.785257e-03 
2019-11-04 10:57:17 | DEBUG |        7.777  9.926209e-01 -3.295579e-01 -6.381195e-02  7.891282e-02 |   3 2 5.570513e-03 
2019-11-04 10:57:17 | DEBUG |        7.788  9.927168e-01 -3.294536e-01 -6.382251e-02  7.891002e-02 |   4 2 1.114103e-02 
2019-11-04 10:57:17 | DEBUG |        7.811  9.929295e-01 -3.291946e-01 -6.384780e-02  7.890145e-02 |   5 2 2.228205e-02 
2019-11-04 10:57:17 | DEBUG |        7.855  9.934204e-01 -3.285023e-01 -6.391248e-02  7.887362e-02 |   6 2 4.456411e-02 
2019-11-04 10:57:17 | DEBUG |        7.944  9.944921e-01 -3.267217e-01 -6.407166e-02  7.878996e-02 |   7 2 8.912821e-02 
2019-11-04 10:57:17 | DEBUG |        8.033  9.954713e-01 -3.248264e-01 -6.423489e-02  7.869074e-02 |   8 2 8.912821e-02 
2019-11-04 10:57:17 | DEBUG | Algebraic mode change for model GEN____8_SM
2019-11-04 10:57:17 | DEBUG |        8.070  9.957768e-01 -3.241700e-01 -6.429014e-02  7.865424e-02 |   9 2 8.912821e-02 
2019-11-04 10:57:17 | DEBUG | calculation of the new starting point of the simulation.
2019-11-04 10:57:17 | DEBUG |        8.070  9.957788e-01 -3.241705e-01 -6.429022e-02  7.865439e-02 |   0 0 0.000000e+00 
2019-11-04 10:57:17 | DEBUG |        8.073  9.958034e-01 -3.241154e-01 -6.429482e-02  7.865125e-02 |   1 1 2.858110e-03 
2019-11-04 10:57:17 | DEBUG |        8.076  9.958275e-01 -3.240611e-01 -6.429935e-02  7.864815e-02 |   2 1 2.858110e-03 
2019-11-04 10:57:17 | DEBUG |        8.081  9.958745e-01 -3.239541e-01 -6.430825e-02  7.864203e-02 |   3 2 5.716220e-03 
2019-11-04 10:57:17 | DEBUG |        8.093  9.959624e-01 -3.237495e-01 -6.432520e-02  7.863019e-02 |   4 2 1.143244e-02 
2019-11-04 10:57:17 | DEBUG |        8.116  9.961129e-01 -3.233813e-01 -6.435540e-02  7.860839e-02 |   5 2 2.286488e-02 
2019-11-04 10:57:17 | DEBUG |        8.161  9.963053e-01 -3.228335e-01 -6.439917e-02  7.857393e-02 |   6 2 4.572976e-02 
2019-11-04 10:57:17 | DEBUG |        8.253  9.962716e-01 -3.225384e-01 -6.441765e-02  7.854656e-02 |   7 2 9.145951e-02 
2019-11-04 10:57:17 | DEBUG |        8.344  9.957655e-01 -3.232140e-01 -6.435373e-02  7.857182e-02 |   8 2 9.145951e-02 
2019-11-04 10:57:17 | DEBUG |        8.436  9.949622e-01 -3.245722e-01 -6.423307e-02  7.863642e-02 |   9 2 9.145951e-02 
2019-11-04 10:57:17 | DEBUG |        8.527  9.940875e-01 -3.261847e-01 -6.409259e-02  7.871827e-02 |  10 2 9.145951e-02 
2019-11-04 10:57:17 | DEBUG |        8.619  9.933629e-01 -3.276027e-01 -6.397061e-02  7.879317e-02 |  11 2 9.145951e-02 
2019-11-04 10:57:17 | DEBUG |        8.710  9.929502e-01 -3.284767e-01 -6.389667e-02  7.884149e-02 |  12 2 9.145951e-02 
2019-11-04 10:57:17 | DEBUG |        8.802  9.929127e-01 -3.286387e-01 -6.388446e-02  7.885291e-02 |  13 2 9.145951e-02 
2019-11-04 10:57:17 | DEBUG |        8.893  9.932093e-01 -3.281281e-01 -6.392980e-02  7.882815e-02 |  14 2 9.145951e-02 
2019-11-04 10:57:17 | DEBUG |        9.011  9.938697e-01 -3.268412e-01 -6.404059e-02  7.876038e-02 |  15 1 1.177141e-01 
2019-11-04 10:57:17 | DEBUG |        9.112  9.943244e-01 -3.259417e-01 -6.411774e-02  7.871259e-02 |  16 1 1.011143e-01 
2019-11-04 10:57:17 | DEBUG |        9.213  9.945946e-01 -3.254164e-01 -6.416295e-02  7.868499e-02 |  17 1 1.011143e-01 
2019-11-04 10:57:17 | DEBUG |        9.314  9.946813e-01 -3.252768e-01 -6.417551e-02  7.867861e-02 |  18 1 1.011143e-01 
2019-11-04 10:57:17 | DEBUG |        9.516  9.945867e-01 -3.255682e-01 -6.415249e-02  7.869745e-02 |  19 2 2.022285e-01 
2019-11-04 10:57:17 | DEBUG |        9.698  9.943104e-01 -3.262320e-01 -6.409776e-02  7.873650e-02 |  20 2 1.820057e-01 
2019-11-04 10:57:17 | DEBUG |        9.880  9.940907e-01 -3.267537e-01 -6.405465e-02  7.876703e-02 |  21 2 1.820057e-01 
2019-11-04 10:57:17 | DEBUG |       10.062  9.940965e-01 -3.267375e-01 -6.405595e-02  7.876601e-02 |  22 1 1.820057e-01 
2019-11-04 10:57:17 | DEBUG |       10.244  9.941624e-01 -3.265588e-01 -6.407038e-02  7.875495e-02 |  23 1 1.820057e-01 
2019-11-04 10:57:17 | DEBUG | state of Line _BUS____2-BUS____5-1_AC change from 1 to 2
2019-11-04 10:57:17 | DEBUG | nbSubNetwork = 1 nbsub = 1
2019-11-04 10:57:17 | DEBUG | subNetwork[0] nbBus = 14
2019-11-04 10:57:17 | DEBUG | keep SubNetworks num : 0
2019-11-04 10:57:17 | DEBUG | Algebraic mode (with J recalculation) change for model NETWORK
2019-11-04 10:57:17 | DEBUG |       10.261  9.941666e-01 -3.265455e-01 -6.407142e-02  7.875409e-02 |  24 1 1.820057e-01 
2019-11-04 10:57:17 | DEBUG | calculation of the new starting point of the simulation.
2019-11-04 10:57:17 | DEBUG | call of SolverReInit ie a new symbolic and numerical factorization will be performed
2019-11-04 10:57:17 | DEBUG |       10.261  9.779716e-01 -3.573718e-01 -6.137959e-02  8.036804e-02 |   0 0 0.000000e+00 
2019-11-04 10:57:17 | DEBUG |       10.261  9.778801e-01 -3.575570e-01 -6.136349e-02  8.037819e-02 |   1 1 6.446808e-04 
2019-11-04 10:57:17 | DEBUG |       10.262  9.777905e-01 -3.577383e-01 -6.134771e-02  8.038811e-02 |   2 1 6.446808e-04 
2019-11-04 10:57:17 | DEBUG |       10.263  9.776152e-01 -3.580920e-01 -6.131691e-02  8.040746e-02 |   3 2 1.289362e-03 
2019-11-04 10:57:17 | DEBUG |       10.266  9.772836e-01 -3.587583e-01 -6.125883e-02  8.044383e-02 |   4 2 2.578723e-03 
2019-11-04 10:57:17 | DEBUG |       10.271  9.766863e-01 -3.599493e-01 -6.115478e-02  8.050856e-02 |   5 2 5.157446e-03 
2019-11-04 10:57:17 | DEBUG |       10.281  9.756916e-01 -3.619067e-01 -6.098312e-02  8.061423e-02 |   6 2 1.031489e-02 
2019-11-04 10:57:17 | DEBUG |       10.292  9.748955e-01 -3.634498e-01 -6.084721e-02  8.069687e-02 |   7 2 1.031489e-02 
2019-11-04 10:57:17 | DEBUG |       10.302  9.742228e-01 -3.647446e-01 -6.073289e-02  8.076596e-02 |   8 2 1.031489e-02 
2019-11-04 10:57:17 | DEBUG |       10.312  9.736177e-01 -3.659112e-01 -6.062985e-02  8.082832e-02 |   9 2 1.031489e-02 
2019-11-04 10:57:17 | DEBUG |       10.323  9.730418e-01 -3.670303e-01 -6.053110e-02  8.088845e-02 |  10 2 1.031489e-02 
2019-11-04 10:57:17 | DEBUG |       10.333  9.724691e-01 -3.681537e-01 -6.043209e-02  8.094918e-02 |  11 2 1.031489e-02 
2019-11-04 10:57:17 | DEBUG |       10.354  9.712640e-01 -3.705403e-01 -6.022196e-02  8.107901e-02 |  12 2 2.062979e-02 
2019-11-04 10:57:17 | DEBUG |       10.374  9.699543e-01 -3.731510e-01 -5.999209e-02  8.122172e-02 |  13 2 2.062979e-02 
2019-11-04 10:57:17 | DEBUG |       10.395  9.685187e-01 -3.760064e-01 -5.974012e-02  8.137777e-02 |  14 2 2.062979e-02 
2019-11-04 10:57:17 | DEBUG |       10.415  9.669579e-01 -3.790862e-01 -5.946736e-02  8.154556e-02 |  15 2 2.062979e-02 
2019-11-04 10:57:17 | DEBUG |       10.453  9.638559e-01 -3.851245e-01 -5.892952e-02  8.187259e-02 |  16 2 4.125957e-02 
2019-11-04 10:57:17 | DEBUG |       10.457  9.635721e-01 -3.856722e-01 -5.888055e-02  8.190214e-02 |  16 2 4.125957e-02 
2019-11-04 10:57:17 | DEBUG |       10.498  9.599730e-01 -3.925308e-01 -5.826399e-02  8.227014e-02 |  17 2 4.125957e-02 
2019-11-04 10:57:17 | DEBUG |       10.539  9.563801e-01 -3.992576e-01 -5.765421e-02  8.262835e-02 |  18 2 4.125957e-02 
2019-11-04 10:57:17 | DEBUG |       10.541  9.562261e-01 -3.995445e-01 -5.762812e-02  8.264361e-02 |  19 2 4.125957e-02 
2019-11-04 10:57:17 | DEBUG |       10.541  9.562261e-01 -3.995445e-01 -5.762812e-02  8.264361e-02 |  19 2 4.125957e-02 
2019-11-04 10:57:17 | DEBUG |       10.580  9.530266e-01 -4.054764e-01 -5.708702e-02  8.295847e-02 |  19 2 4.125957e-02 
2019-11-04 10:57:17 | DEBUG |       10.622  9.501236e-01 -4.108680e-01 -5.659370e-02  8.324557e-02 |  20 2 4.125957e-02 
2019-11-04 10:57:17 | DEBUG |       10.663  9.478439e-01 -4.151899e-01 -5.619891e-02  8.347888e-02 |  21 2 4.125957e-02 
2019-11-04 10:57:17 | DEBUG |       10.704  9.463067e-01 -4.182847e-01 -5.591928e-02  8.365170e-02 |  22 2 4.125957e-02 
2019-11-04 10:57:17 | DEBUG |       10.745  9.455686e-01 -4.200840e-01 -5.576249e-02  8.376131e-02 |  23 2 4.125957e-02 
2019-11-04 10:57:17 | DEBUG | Algebraic mode change for model GEN____6_SM
2019-11-04 10:57:17 | DEBUG |       10.747  9.455542e-01 -4.201342e-01 -5.575835e-02  8.376473e-02 |  24 2 4.125957e-02 
2019-11-04 10:57:17 | DEBUG | calculation of the new starting point of the simulation.
2019-11-04 10:57:17 | DEBUG |       10.747  9.455605e-01 -4.201367e-01 -5.575856e-02  8.376527e-02 |   0 0 0.000000e+00 
2019-11-04 10:57:17 | DEBUG |       10.750  9.455424e-01 -4.202117e-01 -5.575250e-02  8.377058e-02 |   1 1 3.124168e-03 
2019-11-04 10:57:17 | DEBUG |       10.754  9.455289e-01 -4.202792e-01 -5.574715e-02  8.377553e-02 |   2 1 3.124168e-03 
2019-11-04 10:57:17 | DEBUG |       10.760  9.455130e-01 -4.203965e-01 -5.573814e-02  8.378456e-02 |   3 2 6.248335e-03 
2019-11-04 10:57:17 | DEBUG |       10.772  9.455360e-01 -4.205424e-01 -5.572856e-02  8.379832e-02 |   4 2 1.249667e-02 
2019-11-04 10:57:17 | DEBUG |       10.797  9.457918e-01 -4.204934e-01 -5.574184e-02  8.380914e-02 |   5 2 2.499334e-02 
2019-11-04 10:57:17 | DEBUG |       10.847  9.470423e-01 -4.191758e-01 -5.588388e-02  8.377052e-02 |   6 2 4.998668e-02 
2019-11-04 10:57:17 | DEBUG | Algebraic mode change for model GEN____8_SM
2019-11-04 10:57:17 | DEBUG |       10.884  9.484533e-01 -4.173621e-01 -5.606732e-02  8.369933e-02 |   7 2 4.998668e-02 
2019-11-04 10:57:17 | DEBUG | calculation of the new starting point of the simulation.
2019-11-04 10:57:17 | DEBUG |       10.884  9.484548e-01 -4.173632e-01 -5.606736e-02  8.369948e-02 |   0 0 0.000000e+00 
2019-11-04 10:57:17 | DEBUG |       10.886  9.485799e-01 -4.171946e-01 -5.608418e-02  8.369250e-02 |   1 1 2.685413e-03 
2019-11-04 10:57:17 | DEBUG |       10.889  9.487067e-01 -4.170228e-01 -5.610129e-02  8.368536e-02 |   2 1 2.685413e-03 
2019-11-04 10:57:17 | DEBUG |       10.894  9.489643e-01 -4.166718e-01 -5.613618e-02  8.367070e-02 |   3 2 5.370826e-03 
2019-11-04 10:57:17 | DEBUG |       10.905  9.494985e-01 -4.159353e-01 -5.620912e-02  8.363956e-02 |   4 2 1.074165e-02 
2019-11-04 10:57:17 | DEBUG |       10.927  9.506311e-01 -4.143421e-01 -5.636592e-02  8.357092e-02 |   5 2 2.148330e-02 
2019-11-04 10:57:17 | DEBUG |       10.969  9.530602e-01 -4.108201e-01 -5.670913e-02  8.341511e-02 |   6 2 4.296661e-02 
2019-11-04 10:57:17 | DEBUG |       11.012  9.555836e-01 -4.070422e-01 -5.707324e-02  8.324365e-02 |   7 2 4.296661e-02 
2019-11-04 10:57:17 | DEBUG |       11.055  9.580447e-01 -4.032634e-01 -5.743415e-02  8.306892e-02 |   8 2 4.296661e-02 
2019-11-04 10:57:17 | DEBUG |       11.098  9.603068e-01 -3.997200e-01 -5.777011e-02  8.290276e-02 |   9 2 4.296661e-02 
2019-11-04 10:57:17 | DEBUG | Algebraic mode change for model GEN____6_SM
2019-11-04 10:57:17 | DEBUG |       11.111  9.609082e-01 -3.987682e-01 -5.786000e-02  8.285783e-02 |  10 2 4.296661e-02 
2019-11-04 10:57:17 | DEBUG | calculation of the new starting point of the simulation.
2019-11-04 10:57:17 | DEBUG |       11.111  9.609146e-01 -3.987712e-01 -5.786017e-02  8.285839e-02 |   0 0 0.000000e+00 
2019-11-04 10:57:17 | DEBUG |       11.114  9.610495e-01 -3.985568e-01 -5.788039e-02  8.284823e-02 |   1 1 2.832621e-03 
2019-11-04 10:57:17 | DEBUG |       11.117  9.611828e-01 -3.983447e-01 -5.790038e-02  8.283818e-02 |   2 1 2.832621e-03 
2019-11-04 10:57:17 | DEBUG |       11.122  9.614455e-01 -3.979261e-01 -5.793982e-02  8.281833e-02 |   3 2 5.665242e-03 
2019-11-04 10:57:17 | DEBUG |       11.134  9.619511e-01 -3.971183e-01 -5.801584e-02  8.277995e-02 |   4 2 1.133048e-02 
2019-11-04 10:57:17 | DEBUG |       11.156  9.628786e-01 -3.956291e-01 -5.815571e-02  8.270898e-02 |   5 2 2.266097e-02 
2019-11-04 10:57:17 | DEBUG |       11.202  9.643729e-01 -3.932095e-01 -5.838221e-02  8.259306e-02 |   6 2 4.532193e-02 
2019-11-04 10:57:17 | DEBUG |       11.247  9.653755e-01 -3.915707e-01 -5.853506e-02  8.251408e-02 |   7 2 4.532193e-02 
2019-11-04 10:57:17 | DEBUG |       11.292  9.658902e-01 -3.907287e-01 -5.861352e-02  8.247350e-02 |   8 2 4.532193e-02 
2019-11-04 10:57:17 | DEBUG | Algebraic mode change for model GEN____8_SM
2019-11-04 10:57:17 | DEBUG |       11.320  9.659771e-01 -3.905925e-01 -5.862636e-02  8.246716e-02 |   9 2 4.532193e-02 
2019-11-04 10:57:17 | DEBUG | calculation of the new starting point of the simulation.
2019-11-04 10:57:17 | DEBUG |       11.320  9.659782e-01 -3.905933e-01 -5.862633e-02  8.246730e-02 |   0 0 0.000000e+00 
2019-11-04 10:57:17 | DEBUG |       11.323  9.659755e-01 -3.905992e-01 -5.862582e-02  8.246764e-02 |   1 1 3.353458e-03 
2019-11-04 10:57:17 | DEBUG |       11.327  9.659703e-01 -3.906093e-01 -5.862492e-02  8.246818e-02 |   2 1 3.353458e-03 
2019-11-04 10:57:17 | DEBUG |       11.333  9.659542e-01 -3.906388e-01 -5.862224e-02  8.246972e-02 |   3 2 6.706916e-03 
2019-11-04 10:57:17 | DEBUG |       11.347  9.658946e-01 -3.907439e-01 -5.861263e-02  8.247506e-02 |   4 2 1.341383e-02 
2019-11-04 10:57:17 | DEBUG |       11.374  9.656735e-01 -3.911239e-01 -5.857764e-02  8.249405e-02 |   5 2 2.682766e-02 
2019-11-04 10:57:17 | DEBUG |       11.427  9.648906e-01 -3.924434e-01 -5.845553e-02  8.255908e-02 |   6 2 5.365533e-02 
2019-11-04 10:57:17 | DEBUG |       11.481  9.637453e-01 -3.943323e-01 -5.827961e-02  8.265080e-02 |   7 2 5.365533e-02 
2019-11-04 10:57:17 | DEBUG |       11.534  9.623664e-01 -3.965492e-01 -5.807154e-02  8.275651e-02 |   8 2 5.365533e-02 
2019-11-04 10:57:17 | DEBUG |       11.588  9.608885e-01 -3.988628e-01 -5.785263e-02  8.286467e-02 |   9 2 5.365533e-02 
2019-11-04 10:57:17 | DEBUG |       11.642  9.594437e-01 -4.010715e-01 -5.764208e-02  8.296606e-02 |  10 2 5.365533e-02 
2019-11-04 10:57:17 | DEBUG |       11.695  9.581562e-01 -4.030135e-01 -5.745607e-02  8.305432e-02 |  11 2 5.365533e-02 
2019-11-04 10:57:17 | DEBUG |       11.749  9.571331e-01 -4.045692e-01 -5.730722e-02  8.312562e-02 |  12 2 5.365533e-02 
2019-11-04 10:57:17 | DEBUG |       11.753  9.570760e-01 -4.046582e-01 -5.729876e-02  8.312978e-02 |  13 2 5.365533e-02 
2019-11-04 10:57:17 | DEBUG |       11.753  9.570760e-01 -4.046582e-01 -5.729876e-02  8.312978e-02 |  13 2 5.365533e-02 
2019-11-04 10:57:17 | DEBUG |       11.803  9.564545e-01 -4.056587e-01 -5.720434e-02  8.317783e-02 |  13 2 5.365533e-02 
2019-11-04 10:57:17 | DEBUG |       11.856  9.561653e-01 -4.062369e-01 -5.715242e-02  8.320978e-02 |  14 2 5.365533e-02 
2019-11-04 10:57:17 | DEBUG |       11.910  9.562711e-01 -4.062909e-01 -5.715262e-02  8.322064e-02 |  15 2 5.365533e-02 
2019-11-04 10:57:17 | DEBUG | Algebraic mode change for model GEN____8_SM
2019-11-04 10:57:17 | DEBUG |       11.956  9.565996e-01 -4.059800e-01 -5.718711e-02  8.321376e-02 |  16 2 1.073107e-01 
2019-11-04 10:57:17 | DEBUG | calculation of the new starting point of the simulation.
2019-11-04 10:57:17 | DEBUG |       11.956  9.565994e-01 -4.059797e-01 -5.718713e-02  8.321373e-02 |   0 0 0.000000e+00 
2019-11-04 10:57:17 | DEBUG |       11.960  9.566440e-01 -4.059316e-01 -5.719223e-02  8.321230e-02 |   1 1 3.950231e-03 
2019-11-04 10:57:17 | DEBUG |       11.964  9.566903e-01 -4.058809e-01 -5.719758e-02  8.321075e-02 |   2 1 3.950231e-03 
2019-11-04 10:57:17 | DEBUG |       11.971  9.567870e-01 -4.057734e-01 -5.720886e-02  8.320736e-02 |   3 2 7.900462e-03 
2019-11-04 10:57:17 | DEBUG |       11.987  9.570000e-01 -4.055283e-01 -5.723430e-02  8.319921e-02 |   4 2 1.580092e-02 
2019-11-04 10:57:17 | DEBUG |       12.019  9.574956e-01 -4.049245e-01 -5.729585e-02  8.317740e-02 |   5 2 3.160185e-02 
2019-11-04 10:57:17 | DEBUG |       12.078  9.585995e-01 -4.034584e-01 -5.744143e-02  8.311861e-02 |   6 2 6.320369e-02 
2019-11-04 10:57:17 | DEBUG |       12.078  9.585995e-01 -4.034584e-01 -5.744143e-02  8.311861e-02 |   6 2 6.320369e-02 
2019-11-04 10:57:17 | DEBUG |       12.082  9.586828e-01 -4.033430e-01 -5.745275e-02  8.311376e-02 |   6 2 6.320369e-02 
2019-11-04 10:57:17 | DEBUG |       12.145  9.600021e-01 -4.014062e-01 -5.763959e-02  8.302794e-02 |   7 2 6.320369e-02 
2019-11-04 10:57:17 | DEBUG |       12.208  9.612776e-01 -3.993514e-01 -5.783284e-02  8.292960e-02 |   8 2 6.320369e-02 
2019-11-04 10:57:17 | DEBUG |       12.272  9.623383e-01 -3.974565e-01 -5.800649e-02  8.283208e-02 |   9 2 6.320369e-02 
2019-11-04 10:57:17 | DEBUG | Algebraic mode change for model GEN____8_SM
2019-11-04 10:57:17 | DEBUG |       12.292  9.626004e-01 -3.969423e-01 -5.805261e-02  8.280408e-02 |  10 2 6.320369e-02 
2019-11-04 10:57:17 | DEBUG | calculation of the new starting point of the simulation.
2019-11-04 10:57:17 | DEBUG |       12.292  9.626071e-01 -3.969458e-01 -5.805271e-02  8.280473e-02 |   0 0 0.000000e+00 
2019-11-04 10:57:17 | DEBUG |       12.296  9.626572e-01 -3.968446e-01 -5.806173e-02  8.279913e-02 |   1 1 3.938090e-03 
2019-11-04 10:57:17 | DEBUG |       12.300  9.627055e-01 -3.967457e-01 -5.807053e-02  8.279361e-02 |   2 1 3.938090e-03 
2019-11-04 10:57:17 | DEBUG |       12.308  9.627980e-01 -3.965530e-01 -5.808759e-02  8.278278e-02 |   3 2 7.876180e-03 
2019-11-04 10:57:17 | DEBUG |       12.323  9.629613e-01 -3.961965e-01 -5.811886e-02  8.276226e-02 |   4 2 1.575236e-02 
2019-11-04 10:57:17 | DEBUG |       12.355  9.631959e-01 -3.956113e-01 -5.816891e-02  8.272658e-02 |   5 2 3.150472e-02 
2019-11-04 10:57:17 | DEBUG |       12.418  9.632753e-01 -3.950280e-01 -5.821297e-02  8.268169e-02 |   6 2 6.300944e-02 
2019-11-04 10:57:17 | DEBUG |       12.481  9.628428e-01 -3.952648e-01 -5.818001e-02  8.267580e-02 |   7 2 6.300944e-02 
2019-11-04 10:57:17 | DEBUG |       12.544  9.619480e-01 -3.963017e-01 -5.807327e-02  8.271024e-02 |   8 2 6.300944e-02 
2019-11-04 10:57:17 | DEBUG |       12.607  9.606971e-01 -3.980189e-01 -5.790502e-02  8.278131e-02 |   9 2 6.300944e-02 
2019-11-04 10:57:17 | DEBUG |       12.670  9.592448e-01 -4.002052e-01 -5.769583e-02  8.288039e-02 |  10 2 6.300944e-02 
2019-11-04 10:57:17 | DEBUG |       12.733  9.577772e-01 -4.025829e-01 -5.747219e-02  8.299504e-02 |  11 2 6.300944e-02 
2019-11-04 10:57:17 | DEBUG |       12.796  9.564867e-01 -4.048452e-01 -5.726312e-02  8.311058e-02 |  12 2 6.300944e-02 
2019-11-04 10:57:17 | DEBUG |       12.859  9.555455e-01 -4.066970e-01 -5.709614e-02  8.321209e-02 |  13 2 6.300944e-02 
2019-11-04 10:57:17 | DEBUG |       12.922  9.550791e-01 -4.078967e-01 -5.699333e-02  8.328638e-02 |  14 2 6.300944e-02 
2019-11-04 10:57:17 | DEBUG |       12.985  9.551474e-01 -4.082899e-01 -5.696805e-02  8.332384e-02 |  15 2 6.300944e-02 
2019-11-04 10:57:17 | DEBUG |       13.048  9.557354e-01 -4.078314e-01 -5.702297e-02  8.331977e-02 |  16 2 6.300944e-02 
2019-11-04 10:57:17 | DEBUG |       13.111  9.567555e-01 -4.065923e-01 -5.714963e-02  8.327510e-02 |  17 2 6.300944e-02 
2019-11-04 10:57:17 | DEBUG |       13.174  9.580632e-01 -4.047493e-01 -5.732983e-02  8.319632e-02 |  18 2 6.300944e-02 
2019-11-04 10:57:17 | DEBUG |       13.237  9.594809e-01 -4.025580e-01 -5.753857e-02  8.309467e-02 |  19 2 6.300944e-02 
2019-11-04 10:57:17 | DEBUG |       13.300  9.608260e-01 -4.003151e-01 -5.774789e-02  8.298444e-02 |  20 2 6.300944e-02 
2019-11-04 10:57:17 | DEBUG |       13.363  9.619372e-01 -3.983129e-01 -5.793112e-02  8.288079e-02 |  21 2 6.300944e-02 
2019-11-04 10:57:17 | DEBUG |       13.426  9.626953e-01 -3.967974e-01 -5.806652e-02  8.279740e-02 |  22 2 6.300944e-02 
2019-11-04 10:57:17 | DEBUG |       13.489  9.630342e-01 -3.959341e-01 -5.814009e-02  8.274432e-02 |  23 2 6.300944e-02 
2019-11-04 10:57:17 | DEBUG |       13.552  9.629449e-01 -3.957888e-01 -5.814696e-02  8.272657e-02 |  24 2 6.300944e-02 
2019-11-04 10:57:17 | DEBUG |       13.678  9.618428e-01 -3.972004e-01 -5.800597e-02  8.278043e-02 |  25 2 1.260189e-01 
2019-11-04 10:57:17 | DEBUG |       13.804  9.600847e-01 -3.999205e-01 -5.774756e-02  8.290652e-02 |  26 2 1.260189e-01 
2019-11-04 10:57:17 | DEBUG |       13.918  9.585758e-01 -4.024375e-01 -5.751279e-02  8.303033e-02 |  27 2 1.134170e-01 
2019-11-04 10:57:17 | DEBUG |       13.989  9.579946e-01 -4.034893e-01 -5.741639e-02  8.308508e-02 |  28 1 7.187046e-02 
2019-11-04 10:57:17 | DEBUG |       14.061  9.577511e-01 -4.039891e-01 -5.737178e-02  8.311308e-02 |  29 1 7.187046e-02 
2019-11-04 10:57:17 | DEBUG |       14.133  9.577909e-01 -4.040139e-01 -5.737152e-02  8.311756e-02 |  30 1 7.187046e-02 
2019-11-04 10:57:17 | DEBUG |       14.277  9.582693e-01 -4.033643e-01 -5.743562e-02  8.309086e-02 |  31 2 1.437409e-01 
2019-11-04 10:57:17 | DEBUG |       14.403  9.589748e-01 -4.022616e-01 -5.754032e-02  8.303921e-02 |  32 2 1.259453e-01 
2019-11-04 10:57:17 | DEBUG |       14.529  9.596140e-01 -4.012184e-01 -5.763823e-02  8.298869e-02 |  33 2 1.259453e-01 
2019-11-04 10:57:17 | DEBUG |       14.655  9.599723e-01 -4.006192e-01 -5.769417e-02  8.295915e-02 |  34 2 1.259453e-01 
2019-11-04 10:57:17 | DEBUG |       14.781  9.599943e-01 -4.005741e-01 -5.769815e-02  8.295664e-02 |  35 2 1.259453e-01 
2019-11-04 10:57:17 | DEBUG |       14.907  9.597725e-01 -4.009458e-01 -5.766346e-02  8.297501e-02 |  36 2 1.259453e-01 
2019-11-04 10:57:17 | DEBUG |       15.033  9.594693e-01 -4.014663e-01 -5.761518e-02  8.300116e-02 |  37 2 1.259453e-01 
2019-11-04 10:57:17 | DEBUG |       15.159  9.592402e-01 -4.018745e-01 -5.757766e-02  8.302218e-02 |  38 2 1.259453e-01 
2019-11-04 10:57:17 | DEBUG |       15.284  9.591741e-01 -4.020163e-01 -5.756516e-02  8.303028e-02 |  39 2 1.259453e-01 
2019-11-04 10:57:17 | DEBUG |       15.410  9.592713e-01 -4.018793e-01 -5.757856e-02  8.302442e-02 |  40 2 1.259453e-01 
2019-11-04 10:57:17 | DEBUG |       15.536  9.594606e-01 -4.015676e-01 -5.760777e-02  8.300922e-02 |  41 2 1.259453e-01 
2019-11-04 10:57:17 | DEBUG |       15.788  9.596852e-01 -4.011268e-01 -5.764740e-02  8.298517e-02 |  42 2 2.518906e-01 
2019-11-04 10:57:17 | DEBUG |       16.040  9.595315e-01 -4.013063e-01 -5.762890e-02  8.299124e-02 |  43 1 2.518906e-01 
2019-11-04 10:57:17 | DEBUG |       16.292  9.593654e-01 -4.015743e-01 -5.760368e-02  8.300410e-02 |  44 1 2.518906e-01 
2019-11-04 10:57:17 | DEBUG |       16.544  9.593128e-01 -4.016915e-01 -5.759341e-02  8.301092e-02 |  45 1 2.518906e-01 
2019-11-04 10:57:17 | DEBUG |       16.796  9.593431e-01 -4.016724e-01 -5.759590e-02  8.301111e-02 |  46 1 2.518906e-01 
2019-11-04 10:57:17 | DEBUG |       17.300  9.594032e-01 -4.015881e-01 -5.760413e-02  8.300754e-02 |  47 1 5.037813e-01 
2019-11-04 10:57:17 | DEBUG |       18.307  9.594057e-01 -4.015795e-01 -5.760484e-02  8.300696e-02 |  48 1 1.007563e+00 
2019-11-04 10:57:17 | DEBUG |       19.315  9.593987e-01 -4.015908e-01 -5.760377e-02  8.300750e-02 |  49 1 1.007563e+00 
2019-11-04 10:57:17 | DEBUG | state of Line _BUS____2-BUS____4-1_AC change from 3 to 2
2019-11-04 10:57:17 | DEBUG | nbSubNetwork = 1 nbsub = 1
2019-11-04 10:57:17 | DEBUG | subNetwork[0] nbBus = 14
2019-11-04 10:57:17 | DEBUG | keep SubNetworks num : 0
2019-11-04 10:57:17 | DEBUG | Algebraic mode (with J recalculation) change for model NETWORK
2019-11-04 10:57:17 | DEBUG |       20.453  9.593979e-01 -4.015933e-01 -5.760356e-02  8.300767e-02 |  50 1 2.015125e+00 
2019-11-04 10:57:17 | DEBUG | calculation of the new starting point of the simulation.
2019-11-04 10:57:17 | DEBUG | call of SolverReInit ie a new symbolic and numerical factorization will be performed
2019-11-04 10:57:17 | DEBUG |       20.453  9.164677e-01 -4.872242e-01 -4.971727e-02  8.777072e-02 |   0 0 0.000000e+00 
2019-11-04 10:57:17 | DEBUG |       20.454  9.163331e-01 -4.874501e-01 -4.969507e-02  8.778226e-02 |   1 1 3.000814e-04 
2019-11-04 10:57:17 | DEBUG |       20.454  9.161997e-01 -4.876741e-01 -4.967305e-02  8.779361e-02 |   2 1 3.000814e-04 
2019-11-04 10:57:17 | DEBUG |       20.455  9.159352e-01 -4.881173e-01 -4.962945e-02  8.781605e-02 |   3 2 6.001629e-04 
2019-11-04 10:57:17 | DEBUG |       20.456  9.154178e-01 -4.889812e-01 -4.954437e-02  8.785970e-02 |   4 2 1.200326e-03 
2019-11-04 10:57:17 | DEBUG |       20.458  9.144261e-01 -4.906247e-01 -4.938207e-02  8.794236e-02 |   5 2 2.400651e-03 
2019-11-04 10:57:17 | DEBUG |       20.463  9.125916e-01 -4.936174e-01 -4.908499e-02  8.809137e-02 |   6 2 4.801303e-03 
2019-11-04 10:57:17 | DEBUG |       20.468  9.109267e-01 -4.962713e-01 -4.881956e-02  8.822149e-02 |   7 2 4.801303e-03 
2019-11-04 10:57:17 | DEBUG |       20.477  9.079320e-01 -5.008873e-01 -4.835288e-02  8.844261e-02 |   8 2 9.602606e-03 
2019-11-04 10:57:17 | DEBUG |       20.487  9.052510e-01 -5.048301e-01 -4.794833e-02  8.862499e-02 |   9 2 9.602606e-03 
2019-11-04 10:57:17 | DEBUG |       20.497  9.027273e-01 -5.083933e-01 -4.757784e-02  8.878454e-02 |  10 2 9.602606e-03 
2019-11-04 10:57:17 | DEBUG |       20.506  9.002440e-01 -5.117920e-01 -4.722054e-02  8.893283e-02 |  11 2 9.602606e-03 
2019-11-04 10:57:17 | DEBUG |       20.516  8.977192e-01 -5.151765e-01 -4.686182e-02  8.907794e-02 |  12 2 9.602606e-03 
2019-11-04 10:57:17 | DEBUG |       20.525  8.950965e-01 -5.186466e-01 -4.649180e-02  8.922514e-02 |  13 2 9.602606e-03 
2019-11-04 10:57:17 | DEBUG |       20.535  8.923376e-01 -5.222663e-01 -4.610395e-02  8.937770e-02 |  14 2 9.602606e-03 
2019-11-04 10:57:17 | DEBUG |       20.554  8.863062e-01 -5.301091e-01 -4.525810e-02  8.970638e-02 |  15 2 1.920521e-02 
2019-11-04 10:57:17 | DEBUG |       20.563  8.832927e-01 -5.339911e-01 -4.483654e-02  8.986803e-02 |  16 2 1.920521e-02 
2019-11-04 10:57:17 | DEBUG |       20.563  8.832927e-01 -5.339911e-01 -4.483654e-02  8.986803e-02 |  16 2 1.920521e-02 
2019-11-04 10:57:17 | DEBUG |       20.573  8.795470e-01 -5.387887e-01 -4.431337e-02  9.006706e-02 |  16 2 1.920521e-02 
2019-11-04 10:57:17 | DEBUG |       20.593  8.720177e-01 -5.482998e-01 -4.326656e-02  9.045750e-02 |  17 2 1.920521e-02 
2019-11-04 10:57:17 | DEBUG |       20.612  8.637126e-01 -5.585762e-01 -4.212057e-02  9.087234e-02 |  18 2 1.920521e-02 
2019-11-04 10:57:17 | DEBUG |       20.631  8.546568e-01 -5.695182e-01 -4.088231e-02  9.130509e-02 |  19 2 1.920521e-02 
2019-11-04 10:57:17 | DEBUG |       20.669  8.346052e-01 -5.927929e-01 -3.818315e-02  9.219175e-02 |  20 2 3.841042e-02 
2019-11-04 10:57:17 | DEBUG |       20.704  8.145461e-01 -6.147742e-01 -3.554307e-02  9.298043e-02 |  21 2 3.456938e-02 
2019-11-04 10:57:17 | DEBUG |       20.739  7.930201e-01 -6.370327e-01 -3.277140e-02  9.372619e-02 |  22 2 3.456938e-02 
2019-11-04 10:57:17 | DEBUG |       20.773  7.705292e-01 -6.589618e-01 -2.993579e-02  9.440490e-02 |  23 2 3.456938e-02 
2019-11-04 10:57:17 | DEBUG |       20.808  7.476259e-01 -6.800536e-01 -2.710253e-02  9.500203e-02 |  24 2 3.456938e-02 
2019-11-04 10:57:17 | DEBUG |       20.842  7.248904e-01 -6.999116e-01 -2.433473e-02  9.551233e-02 |  25 2 3.456938e-02 
2019-11-04 10:57:17 | DEBUG |       20.877  7.028782e-01 -7.182554e-01 -2.168738e-02  9.593868e-02 |  26 2 3.456938e-02 
2019-11-04 10:57:17 | DEBUG |       20.911  6.821114e-01 -7.349140e-01 -1.920848e-02  9.629012e-02 |  27 2 3.456938e-02 
2019-11-04 10:57:17 | DEBUG |       20.946  6.630378e-01 -7.498093e-01 -1.693615e-02  9.657962e-02 |  28 2 3.456938e-02 
2019-11-04 10:57:17 | DEBUG |       20.981  6.460090e-01 -7.629371e-01 -1.489772e-02  9.682192e-02 |  29 2 3.456938e-02 
2019-11-04 10:57:17 | DEBUG |       21.015  6.312896e-01 -7.743537e-01 -1.311239e-02  9.703190e-02 |  30 2 3.456938e-02 
2019-11-04 10:57:17 | DEBUG |       21.050  6.190165e-01 -7.841523e-01 -1.158707e-02  9.722313e-02 |  31 2 3.456938e-02 
2019-11-04 10:57:17 | DEBUG |       21.084  6.092319e-01 -7.924353e-01 -1.032158e-02  9.740519e-02 |  32 2 3.456938e-02 
2019-11-04 10:57:17 | DEBUG |       21.119  6.018889e-01 -7.993302e-01 -9.307856e-03  9.758653e-02 |  33 2 3.456938e-02 
2019-11-04 10:57:17 | DEBUG |       21.153  5.968499e-01 -8.049426e-01 -8.532293e-03  9.776987e-02 |  34 2 3.456938e-02 
2019-11-04 10:57:17 | DEBUG |       21.188  5.939378e-01 -8.093888e-01 -7.977299e-03  9.795767e-02 |  35 2 3.456938e-02 
2019-11-04 10:57:17 | DEBUG |       21.223  5.929122e-01 -8.127540e-01 -7.623212e-03  9.814639e-02 |  36 2 3.456938e-02 
2019-11-04 10:57:17 | DEBUG | Algebraic mode change for model GEN____8_SM
2019-11-04 10:57:17 | DEBUG |       21.239  5.930085e-01 -8.140437e-01 -7.515284e-03  9.823843e-02 |  37 2 3.456938e-02 
2019-11-04 10:57:17 | DEBUG | calculation of the new starting point of the simulation.
2019-11-04 10:57:17 | DEBUG |       21.239  5.930077e-01 -8.140438e-01 -7.515122e-03  9.823834e-02 |   0 0 0.000000e+00 
2019-11-04 10:57:17 | DEBUG |       21.242  5.930638e-01 -8.142020e-01 -7.504393e-03  9.825137e-02 |   1 1 2.393791e-03 
2019-11-04 10:57:17 | DEBUG |       21.244  5.931264e-01 -8.143560e-01 -7.494383e-03  9.826442e-02 |   2 1 2.393791e-03 
2019-11-04 10:57:17 | DEBUG |       21.249  5.932679e-01 -8.146534e-01 -7.476207e-03  9.829046e-02 |   3 2 4.787582e-03 
2019-11-04 10:57:17 | DEBUG |       21.259  5.936310e-01 -8.151958e-01 -7.449000e-03  9.834220e-02 |   4 2 9.575163e-03 
2019-11-04 10:57:17 | DEBUG |       21.278  5.946573e-01 -8.160767e-01 -7.429413e-03  9.844396e-02 |   5 2 1.915033e-02 
2019-11-04 10:57:17 | DEBUG |       21.316  5.977573e-01 -8.170614e-01 -7.517417e-03  9.863725e-02 |   6 2 3.830065e-02 
2019-11-04 10:57:17 | DEBUG |       21.354  6.020371e-01 -8.170596e-01 -7.757775e-03  9.881180e-02 |   7 2 3.830065e-02 
2019-11-04 10:57:17 | DEBUG |       21.393  6.072139e-01 -8.161526e-01 -8.126722e-03  9.896177e-02 |   8 2 3.830065e-02 
2019-11-04 10:57:17 | DEBUG |       21.431  6.130211e-01 -8.144392e-01 -8.600031e-03  9.908289e-02 |   9 2 3.830065e-02 
2019-11-04 10:57:17 | DEBUG |       21.469  6.192151e-01 -8.120289e-01 -9.153942e-03  9.917248e-02 |  10 2 3.830065e-02 
2019-11-04 10:57:17 | DEBUG |       21.508  6.255831e-01 -8.090439e-01 -9.765611e-03  9.922984e-02 |  11 2 3.830065e-02 
2019-11-04 10:57:17 | DEBUG |       21.546  6.319428e-01 -8.056124e-01 -1.041354e-02  9.925597e-02 |  12 2 3.830065e-02 
2019-11-04 10:57:17 | DEBUG |       21.584  6.381406e-01 -8.018626e-01 -1.107811e-02  9.925307e-02 |  13 2 3.830065e-02 
2019-11-04 10:57:17 | DEBUG |       21.622  6.440503e-01 -7.979140e-01 -1.174215e-02  9.922393e-02 |  14 2 3.830065e-02 
2019-11-04 10:57:17 | DEBUG | Algebraic mode change for model GEN____8_SM
2019-11-04 10:57:17 | DEBUG |       21.631  6.453154e-01 -7.970204e-01 -1.188824e-02  9.921424e-02 |  15 2 3.830065e-02 
2019-11-04 10:57:17 | DEBUG | calculation of the new starting point of the simulation.
2019-11-04 10:57:17 | DEBUG |       21.631  6.453224e-01 -7.970380e-01 -1.188754e-02  9.921604e-02 |   0 0 0.000000e+00 
2019-11-04 10:57:17 | DEBUG |       21.635  6.458689e-01 -7.966418e-01 -1.195139e-02  9.921094e-02 |   1 1 3.708268e-03 
2019-11-04 10:57:17 | DEBUG |       21.638  6.464104e-01 -7.962475e-01 -1.201489e-02  9.920596e-02 |   2 1 3.708268e-03 
2019-11-04 10:57:17 | DEBUG |       21.646  6.474834e-01 -7.954579e-01 -1.214140e-02  9.919550e-02 |   3 2 7.416535e-03 
2019-11-04 10:57:17 | DEBUG |       21.661  6.495794e-01 -7.938753e-01 -1.239179e-02  9.917214e-02 |   4 2 1.483307e-02 
2019-11-04 10:57:17 | DEBUG |       21.690  6.535652e-01 -7.907104e-01 -1.288066e-02  9.911655e-02 |   5 2 2.966614e-02 
2019-11-04 10:57:17 | DEBUG |       21.750  6.607201e-01 -7.844390e-01 -1.380682e-02  9.897395e-02 |   6 2 5.933228e-02 
2019-11-04 10:57:17 | DEBUG |       21.809  6.668655e-01 -7.782643e-01 -1.466783e-02  9.879392e-02 |   7 2 5.933228e-02 
2019-11-04 10:57:17 | DEBUG |       21.868  6.722077e-01 -7.721627e-01 -1.547760e-02  9.858335e-02 |   8 2 5.933228e-02 
2019-11-04 10:57:17 | DEBUG | Algebraic mode change for model GEN____3_SM
2019-11-04 10:57:17 | DEBUG |       21.925  6.768647e-01 -7.663651e-01 -1.622295e-02  9.836383e-02 |   9 2 5.933228e-02 
2019-11-04 10:57:17 | DEBUG | calculation of the new starting point of the simulation.
2019-11-04 10:57:17 | DEBUG | Algebraic mode change for model GEN____3_SM
2019-11-04 10:57:17 | DEBUG |       21.925  6.768875e-01 -7.663809e-01 -1.622233e-02  9.836591e-02 |   0 0 0.000000e+00 
2019-11-04 10:57:17 | DEBUG | Algebraic mode change for model GEN____3_SM
2019-11-04 10:57:17 | DEBUG |       21.925  6.768875e-01 -7.663809e-01 -1.622233e-02  9.836591e-02 |   1 1 2.611017e-03 
2019-11-04 10:57:17 | DEBUG | calculation of the new starting point of the simulation.
2019-11-04 10:57:17 | DEBUG |       21.925  6.768877e-01 -7.663822e-01 -1.622233e-02  9.836607e-02 |   0 0 0.000000e+00 
2019-11-04 10:57:17 | DEBUG |       21.927  6.770926e-01 -7.661146e-01 -1.625612e-02  9.835547e-02 |   1 1 2.610969e-03 
2019-11-04 10:57:17 | DEBUG |       21.930  6.772979e-01 -7.658468e-01 -1.628997e-02  9.834488e-02 |   2 1 2.610969e-03 
2019-11-04 10:57:17 | DEBUG |       21.935  6.777083e-01 -7.653107e-01 -1.635770e-02  9.832362e-02 |   3 2 5.221938e-03 
2019-11-04 10:57:17 | DEBUG |       21.946  6.785297e-01 -7.642360e-01 -1.649334e-02  9.828093e-02 |   4 2 1.044388e-02 
2019-11-04 10:57:17 | DEBUG |       21.967  6.801890e-01 -7.620737e-01 -1.676637e-02  9.819513e-02 |   5 2 2.088775e-02 
2019-11-04 10:57:17 | DEBUG |       22.008  6.836781e-01 -7.576658e-01 -1.732746e-02  9.802413e-02 |   6 2 4.177551e-02 
2019-11-04 10:57:17 | DEBUG |       22.050  6.875265e-01 -7.531055e-01 -1.791879e-02  9.785652e-02 |   7 2 4.177551e-02 
2019-11-04 10:57:17 | DEBUG |       22.092  6.919062e-01 -7.483298e-01 -1.855420e-02  9.769510e-02 |   8 2 4.177551e-02 
2019-11-04 10:57:17 | DEBUG | Algebraic mode change for model GEN____3_SM
2019-11-04 10:57:17 | DEBUG |       22.100  6.928887e-01 -7.473150e-01 -1.869159e-02  9.766293e-02 |   9 2 4.177551e-02 
2019-11-04 10:57:17 | DEBUG | calculation of the new starting point of the simulation.
2019-11-04 10:57:17 | DEBUG |       22.100  6.928899e-01 -7.473147e-01 -1.869158e-02  9.766300e-02 |   0 0 0.000000e+00 
2019-11-04 10:57:17 | DEBUG |       22.103  6.931798e-01 -7.470176e-01 -1.873191e-02  9.765363e-02 |   1 1 2.499907e-03 
2019-11-04 10:57:17 | DEBUG |       22.105  6.934720e-01 -7.467196e-01 -1.877242e-02  9.764433e-02 |   2 1 2.499907e-03 
2019-11-04 10:57:17 | DEBUG |       22.110  6.940627e-01 -7.461208e-01 -1.885397e-02  9.762579e-02 |   3 2 4.999815e-03 
2019-11-04 10:57:17 | DEBUG |       22.120  6.952768e-01 -7.449094e-01 -1.901983e-02  9.758906e-02 |   4 2 9.999630e-03 
2019-11-04 10:57:17 | DEBUG |       22.140  6.978416e-01 -7.424269e-01 -1.936318e-02  9.751697e-02 |   5 2 1.999926e-02 
2019-11-04 10:57:17 | DEBUG |       22.180  7.035516e-01 -7.371930e-01 -2.010032e-02  9.737755e-02 |   6 2 3.999852e-02 
2019-11-04 10:57:17 | DEBUG |       22.220  7.100439e-01 -7.315689e-01 -2.090703e-02  9.724259e-02 |   7 2 3.999852e-02 
2019-11-04 10:57:17 | DEBUG | Algebraic mode change for model GEN____8_SM
2019-11-04 10:57:17 | DEBUG |       22.255  7.163031e-01 -7.263378e-01 -2.166503e-02  9.712635e-02 |   8 2 3.999852e-02 
2019-11-04 10:57:17 | DEBUG | calculation of the new starting point of the simulation.
2019-11-04 10:57:17 | DEBUG |       22.255  7.163039e-01 -7.263394e-01 -2.166498e-02  9.712650e-02 |   0 0 0.000000e+00 
2019-11-04 10:57:17 | DEBUG |       22.258  7.167596e-01 -7.259648e-01 -2.171951e-02  9.711848e-02 |   1 1 2.405303e-03 
2019-11-04 10:57:17 | DEBUG |       22.260  7.172177e-01 -7.255887e-01 -2.177428e-02  9.711046e-02 |   2 1 2.405303e-03 
2019-11-04 10:57:17 | DEBUG |       22.265  7.181399e-01 -7.248326e-01 -2.188438e-02  9.709440e-02 |   3 2 4.810607e-03 
2019-11-04 10:57:17 | DEBUG |       22.274  7.200142e-01 -7.233012e-01 -2.210748e-02  9.706215e-02 |   4 2 9.621214e-03 
2019-11-04 10:57:17 | DEBUG |       22.294  7.238753e-01 -7.201635e-01 -2.256472e-02  9.699696e-02 |   5 2 1.924243e-02 
2019-11-04 10:57:17 | DEBUG |       22.332  7.319780e-01 -7.136098e-01 -2.351772e-02  9.686246e-02 |   6 2 3.848485e-02 
2019-11-04 10:57:17 | DEBUG |       22.371  7.404604e-01 -7.067288e-01 -2.451132e-02  9.672029e-02 |   7 2 3.848485e-02 
2019-11-04 10:57:17 | DEBUG |       22.448  7.574071e-01 -6.926520e-01 -2.650689e-02  9.641206e-02 |   8 2 7.696971e-02 
2019-11-04 10:57:17 | DEBUG | Algebraic mode change for model GEN____6_SM
2019-11-04 10:57:17 | DEBUG |       22.495  7.672189e-01 -6.841953e-01 -2.767733e-02  9.621090e-02 |   9 2 6.927274e-02 
2019-11-04 10:57:17 | DEBUG | calculation of the new starting point of the simulation.
2019-11-04 10:57:17 | DEBUG |       22.495  7.672182e-01 -6.841920e-01 -2.767735e-02  9.621066e-02 |   0 0 0.000000e+00 
2019-11-04 10:57:17 | DEBUG |       22.498  7.677256e-01 -6.837496e-01 -2.773808e-02  9.619987e-02 |   1 1 2.462873e-03 
2019-11-04 10:57:17 | DEBUG |       22.500  7.682302e-01 -6.833088e-01 -2.779852e-02  9.618909e-02 |   2 1 2.462873e-03 
2019-11-04 10:57:17 | DEBUG |       22.505  7.692326e-01 -6.824306e-01 -2.791872e-02  9.616748e-02 |   3 2 4.925746e-03 
2019-11-04 10:57:17 | DEBUG |       22.515  7.712025e-01 -6.806940e-01 -2.815559e-02  9.612423e-02 |   4 2 9.851493e-03 
2019-11-04 10:57:17 | DEBUG |       22.534  7.749838e-01 -6.773182e-01 -2.861288e-02  9.603800e-02 |   5 2 1.970299e-02 
2019-11-04 10:57:17 | DEBUG | Algebraic mode change for model GEN____6_SM
2019-11-04 10:57:17 | DEBUG |       22.569  7.809332e-01 -6.718748e-01 -2.934089e-02  9.589233e-02 |   6 2 3.940597e-02 
2019-11-04 10:57:17 | DEBUG | calculation of the new starting point of the simulation.
2019-11-04 10:57:17 | DEBUG |       22.569  7.809325e-01 -6.718740e-01 -2.934089e-02  9.589224e-02 |   0 0 0.000000e+00 
2019-11-04 10:57:17 | DEBUG |       22.571  7.813699e-01 -6.714666e-01 -2.939488e-02  9.588098e-02 |   1 1 2.708804e-03 
2019-11-04 10:57:17 | DEBUG |       22.574  7.818015e-01 -6.710635e-01 -2.944823e-02  9.586978e-02 |   2 1 2.708804e-03 
2019-11-04 10:57:17 | DEBUG | Algebraic mode change for model GEN____8_SM
2019-11-04 10:57:17 | DEBUG |       22.579  7.826097e-01 -6.703058e-01 -2.954834e-02  9.584861e-02 |   3 2 5.417608e-03 
2019-11-04 10:57:17 | DEBUG | calculation of the new starting point of the simulation.
2019-11-04 10:57:17 | DEBUG |       22.579  7.826097e-01 -6.703058e-01 -2.954834e-02  9.584861e-02 |   0 0 0.000000e+00 
2019-11-04 10:57:17 | DEBUG |       22.582  7.830333e-01 -6.699069e-01 -2.960093e-02  9.583737e-02 |   1 1 2.768164e-03 
2019-11-04 10:57:17 | DEBUG |       22.585  7.834506e-01 -6.695128e-01 -2.965281e-02  9.582621e-02 |   2 1 2.768164e-03 
2019-11-04 10:57:17 | DEBUG |       22.590  7.842699e-01 -6.687359e-01 -2.975490e-02  9.580407e-02 |   3 2 5.536328e-03 
2019-11-04 10:57:17 | DEBUG |       22.601  7.858304e-01 -6.672426e-01 -2.995032e-02  9.576084e-02 |   4 2 1.107266e-02 
2019-11-04 10:57:17 | DEBUG |       22.624  7.886205e-01 -6.645204e-01 -3.030348e-02  9.567952e-02 |   5 2 2.214531e-02 
2019-11-04 10:57:17 | DEBUG |       22.668  7.927424e-01 -6.603027e-01 -3.084014e-02  9.554413e-02 |   6 2 4.429062e-02 
2019-11-04 10:57:17 | DEBUG |       22.712  7.948142e-01 -6.578982e-01 -3.113279e-02  9.545382e-02 |   7 2 4.429062e-02 
2019-11-04 10:57:17 | DEBUG |       22.756  7.947332e-01 -6.574861e-01 -3.116325e-02  9.541772e-02 |   8 2 4.429062e-02 
2019-11-04 10:57:17 | DEBUG |       22.801  7.924643e-01 -6.591504e-01 -3.092307e-02  9.544090e-02 |   9 2 4.429062e-02 
2019-11-04 10:57:17 | DEBUG |       22.845  7.880433e-01 -6.628653e-01 -3.041472e-02  9.552330e-02 |  10 2 4.429062e-02 
2019-11-04 10:57:17 | DEBUG |       22.934  7.736536e-01 -6.754998e-01 -2.870348e-02  9.583570e-02 |  11 2 8.858125e-02 
2019-11-04 10:57:17 | DEBUG |       23.013  7.553790e-01 -6.914541e-01 -2.651228e-02  9.622814e-02 |  12 2 7.972312e-02 
2019-11-04 10:57:17 | DEBUG |       23.093  7.338763e-01 -7.096867e-01 -2.394305e-02  9.665052e-02 |  13 2 7.972312e-02 
2019-11-04 10:57:17 | DEBUG |       23.165  7.134026e-01 -7.264619e-01 -2.151092e-02  9.700872e-02 |  14 2 7.175081e-02 
2019-11-04 10:57:17 | DEBUG |       23.237  6.936400e-01 -7.421959e-01 -1.917045e-02  9.731893e-02 |  15 2 7.175081e-02 
2019-11-04 10:57:17 | DEBUG |       23.301  6.776995e-01 -7.546914e-01 -1.727702e-02  9.755272e-02 |  16 2 6.457573e-02 
2019-11-04 10:57:17 | DEBUG |       23.366  6.645376e-01 -7.650749e-01 -1.569312e-02  9.774835e-02 |  17 2 6.457573e-02 
2019-11-04 10:57:17 | DEBUG |       23.430  6.547944e-01 -7.730872e-01 -1.448378e-02  9.791474e-02 |  18 2 6.457573e-02 
2019-11-04 10:57:17 | DEBUG |       23.495  6.487535e-01 -7.786544e-01 -1.367807e-02  9.805953e-02 |  19 2 6.457573e-02 
2019-11-04 10:57:17 | DEBUG |       23.559  6.463572e-01 -7.818400e-01 -1.327239e-02  9.818596e-02 |  20 2 6.457573e-02 
2019-11-04 10:57:17 | DEBUG |       23.624  6.472568e-01 -7.828200e-01 -1.323506e-02  9.829306e-02 |  21 2 6.457573e-02 
2019-11-04 10:57:17 | DEBUG |       23.689  6.509019e-01 -7.818320e-01 -1.351554e-02  9.837532e-02 |  22 2 6.457573e-02 
2019-11-04 10:57:17 | DEBUG |       23.753  6.566376e-01 -7.791711e-01 -1.405166e-02  9.842659e-02 |  23 2 6.457573e-02 
2019-11-04 10:57:17 | DEBUG |       23.818  6.637872e-01 -7.751594e-01 -1.477733e-02  9.844132e-02 |  24 2 6.457573e-02 
2019-11-04 10:57:17 | DEBUG |       23.882  6.717298e-01 -7.701398e-01 -1.562873e-02  9.841750e-02 |  25 2 6.457573e-02 
2019-11-04 10:57:17 | DEBUG |       23.947  6.799298e-01 -7.644337e-01 -1.654842e-02  9.835505e-02 |  26 2 6.457573e-02 
2019-11-04 10:57:17 | DEBUG |       24.011  6.879755e-01 -7.583448e-01 -1.748851e-02  9.825787e-02 |  27 2 6.457573e-02 
2019-11-04 10:57:17 | DEBUG |       24.076  6.955731e-01 -7.521346e-01 -1.841154e-02  9.813197e-02 |  28 2 6.457573e-02 
2019-11-04 10:57:17 | DEBUG |       24.141  7.025379e-01 -7.460156e-01 -1.929040e-02  9.798464e-02 |  29 2 6.457573e-02 
2019-11-04 10:57:17 | DEBUG |       24.205  7.087779e-01 -7.401495e-01 -2.010740e-02  9.782362e-02 |  30 2 6.457573e-02 
2019-11-04 10:57:17 | DEBUG |       24.270  7.142746e-01 -7.346506e-01 -2.085273e-02  9.765649e-02 |  31 2 6.457573e-02 
2019-11-04 10:57:17 | DEBUG |       24.334  7.190643e-01 -7.295926e-01 -2.152273e-02  9.749040e-02 |  32 2 6.457573e-02 
2019-11-04 10:57:17 | DEBUG |       24.399  7.232183e-01 -7.250199e-01 -2.211792e-02  9.733187e-02 |  33 2 6.457573e-02 
2019-11-04 10:57:17 | DEBUG |       24.464  7.268239e-01 -7.209533e-01 -2.264142e-02  9.718651e-02 |  34 2 6.457573e-02 
2019-11-04 10:57:17 | DEBUG |       24.528  7.299699e-01 -7.174017e-01 -2.309740e-02  9.705902e-02 |  35 2 6.457573e-02 
2019-11-04 10:57:17 | DEBUG |       24.593  7.327235e-01 -7.143673e-01 -2.348937e-02  9.695274e-02 |  36 2 6.457573e-02 
2019-11-04 10:57:17 | DEBUG |       24.657  7.351159e-01 -7.118553e-01 -2.381878e-02  9.686960e-02 |  37 2 6.457573e-02 
2019-11-04 10:57:17 | DEBUG |       24.786  7.386159e-01 -7.084984e-01 -2.427263e-02  9.677187e-02 |  38 2 1.291515e-01 
2019-11-04 10:57:17 | DEBUG |       24.916  7.399307e-01 -7.075905e-01 -2.441287e-02  9.676189e-02 |  39 2 1.291515e-01 
2019-11-04 10:57:17 | DEBUG |       25.045  7.383513e-01 -7.094420e-01 -2.417979e-02  9.683148e-02 |  40 2 1.291515e-01 
2019-11-04 10:57:17 | DEBUG |       25.174  7.333822e-01 -7.141848e-01 -2.353683e-02  9.696825e-02 |  41 2 1.291515e-01 
2019-11-04 10:57:17 | DEBUG |       25.303  7.251002e-01 -7.215179e-01 -2.250897e-02  9.715263e-02 |  42 2 1.291515e-01 
2019-11-04 10:57:17 | DEBUG |       25.432  7.143930e-01 -7.305588e-01 -2.120914e-02  9.735739e-02 |  43 2 1.291515e-01 
2019-11-04 10:57:17 | DEBUG |       25.561  7.029003e-01 -7.399656e-01 -1.982938e-02  9.755431e-02 |  44 2 1.291515e-01 
2019-11-04 10:57:17 | DEBUG |       25.690  6.926311e-01 -7.482486e-01 -1.859794e-02  9.772036e-02 |  45 2 1.291515e-01 
2019-11-04 10:57:17 | DEBUG |       25.807  6.859741e-01 -7.537147e-01 -1.778681e-02  9.783449e-02 |  46 2 1.162363e-01 
2019-11-04 10:57:17 | DEBUG |       25.923  6.828963e-01 -7.565742e-01 -1.738203e-02  9.791139e-02 |  47 2 1.162363e-01 
2019-11-04 10:57:17 | DEBUG |       26.039  6.837509e-01 -7.565405e-01 -1.742908e-02  9.794546e-02 |  48 2 1.162363e-01 
2019-11-04 10:57:17 | DEBUG |       26.155  6.880935e-01 -7.537979e-01 -1.788785e-02  9.793142e-02 |  49 2 1.162363e-01 
2019-11-04 10:57:17 | DEBUG |       26.272  6.949518e-01 -7.489210e-01 -1.865751e-02  9.786965e-02 |  50 2 1.162363e-01 
2019-11-04 10:57:17 | DEBUG |       26.388  7.030226e-01 -7.427222e-01 -1.959844e-02  9.776310e-02 |  51 2 1.162363e-01 
2019-11-04 10:57:17 | DEBUG |       26.504  7.110266e-01 -7.361230e-01 -2.056533e-02  9.762361e-02 |  52 2 1.162363e-01 
2019-11-04 10:57:17 | DEBUG |       26.620  7.179145e-01 -7.300228e-01 -2.142915e-02  9.747187e-02 |  53 2 1.162363e-01 
2019-11-04 10:57:17 | DEBUG |       26.737  7.230426e-01 -7.251138e-01 -2.210130e-02  9.733116e-02 |  54 2 1.162363e-01 
2019-11-04 10:57:17 | DEBUG |       26.853  7.261541e-01 -7.217771e-01 -2.253847e-02  9.721865e-02 |  55 2 1.162363e-01 
2019-11-04 10:57:17 | DEBUG |       26.969  7.273041e-01 -7.201363e-01 -2.273442e-02  9.714639e-02 |  56 2 1.162363e-01 
2019-11-04 10:57:17 | DEBUG |       27.085  7.267666e-01 -7.200914e-01 -2.271208e-02  9.711924e-02 |  57 2 1.162363e-01 
2019-11-04 10:57:17 | DEBUG |       27.202  7.249030e-01 -7.213866e-01 -2.251061e-02  9.713408e-02 |  58 2 1.162363e-01 
2019-11-04 10:57:17 | DEBUG |       27.318  7.220914e-01 -7.236992e-01 -2.217549e-02  9.718335e-02 |  59 2 1.162363e-01 
2019-11-04 10:57:17 | DEBUG |       27.434  7.186781e-01 -7.266928e-01 -2.175185e-02  9.725704e-02 |  60 2 1.162363e-01 
2019-11-04 10:57:17 | DEBUG |       27.550  7.149668e-01 -7.300412e-01 -2.128207e-02  9.734398e-02 |  61 2 1.162363e-01 
2019-11-04 10:57:17 | DEBUG |       27.666  7.112186e-01 -7.334612e-01 -2.080317e-02  9.743447e-02 |  62 2 1.162363e-01 
2019-11-04 10:57:17 | DEBUG |       27.783  7.076808e-01 -7.366839e-01 -2.035048e-02  9.751928e-02 |  63 2 1.162363e-01 
2019-11-04 10:57:17 | DEBUG |       27.899  7.045995e-01 -7.394728e-01 -1.995686e-02  9.759165e-02 |  64 2 1.162363e-01 
2019-11-04 10:57:17 | DEBUG |       28.015  7.022146e-01 -7.416234e-01 -1.965236e-02  9.764696e-02 |  65 2 1.162363e-01 
2019-11-04 10:57:17 | DEBUG |       28.131  7.007411e-01 -7.429720e-01 -1.946229e-02  9.768256e-02 |  66 2 1.162363e-01 
2019-11-04 10:57:17 | DEBUG |       28.248  7.003352e-01 -7.434116e-01 -1.940406e-02  9.769738e-02 |  67 2 1.162363e-01 
2019-11-04 10:57:17 | DEBUG |       28.480  7.025758e-01 -7.417352e-01 -1.966088e-02  9.767087e-02 |  68 2 2.324726e-01 
2019-11-04 10:57:17 | DEBUG |       28.713  7.076637e-01 -7.375867e-01 -2.027158e-02  9.758536e-02 |  69 2 2.324726e-01 
2019-11-04 10:57:17 | DEBUG |       28.945  7.134056e-01 -7.326696e-01 -2.097753e-02  9.747107e-02 |  70 2 2.324726e-01 
2019-11-04 10:57:17 | DEBUG |       29.154  7.174278e-01 -7.291247e-01 -2.148207e-02  9.738359e-02 |  71 2 2.092254e-01 
2019-11-04 10:57:17 | DEBUG |       29.364  7.190804e-01 -7.274420e-01 -2.170750e-02  9.733064e-02 |  72 2 2.092254e-01 
2019-11-04 10:57:17 | DEBUG |       29.573  7.182537e-01 -7.278849e-01 -2.162858e-02  9.732727e-02 |  73 2 2.092254e-01 
2019-11-04 10:57:17 | DEBUG |       29.782  7.155976e-01 -7.300209e-01 -2.131563e-02  9.737012e-02 |  74 2 2.092254e-01 
2019-11-04 10:57:17 | DEBUG |       29.991  7.120713e-01 -7.329766e-01 -2.088708e-02  9.743572e-02 |  75 2 2.092254e-01 
2019-11-04 10:57:17 | DEBUG |       30.200  7.088933e-01 -7.357726e-01 -2.048919e-02  9.750456e-02 |  76 2 2.092254e-01 
2019-11-04 10:57:17 | DEBUG |       30.410  7.075687e-01 -7.370895e-01 -2.031007e-02  9.754444e-02 |  77 1 2.092254e-01 
2019-11-04 10:57:17 | DEBUG |       30.585  7.074838e-01 -7.373030e-01 -2.028749e-02  9.755656e-02 |  78 1 1.757241e-01 
2019-11-04 10:57:17 | DEBUG |       30.761  7.081376e-01 -7.368468e-01 -2.035927e-02  9.755124e-02 |  79 1 1.757241e-01 
2019-11-04 10:57:17 | DEBUG |       30.937  7.091972e-01 -7.359957e-01 -2.048515e-02  9.753435e-02 |  80 1 1.757241e-01 
2019-11-04 10:57:17 | DEBUG |       31.113  7.103768e-01 -7.350018e-01 -2.062925e-02  9.751212e-02 |  81 1 1.757241e-01 
2019-11-04 10:57:17 | DEBUG |       31.464  7.118352e-01 -7.336911e-01 -2.081409e-02  9.747848e-02 |  82 1 3.514482e-01 
2019-11-04 10:57:17 | DEBUG |       31.815  7.122546e-01 -7.332665e-01 -2.087131e-02  9.746526e-02 |  83 1 3.514482e-01 
2019-11-04 10:57:17 | DEBUG |       32.167  7.120289e-01 -7.334232e-01 -2.084670e-02  9.746704e-02 |  84 1 3.514482e-01 
2019-11-04 10:57:17 | DEBUG |       32.518  7.116151e-01 -7.337607e-01 -2.079719e-02  9.747403e-02 |  85 2 3.514482e-01 
2019-11-04 10:57:17 | DEBUG |       32.870  7.111937e-01 -7.341255e-01 -2.074493e-02  9.748272e-02 |  86 2 3.514482e-01 
2019-11-04 10:57:17 | DEBUG |       33.573  7.109493e-01 -7.343657e-01 -2.071224e-02  9.748988e-02 |  87 2 7.028963e-01 
2019-11-04 10:57:17 | DEBUG |       34.276  7.112235e-01 -7.341455e-01 -2.074473e-02  9.748550e-02 |  88 2 7.028963e-01 
2019-11-04 10:57:17 | DEBUG |       34.978  7.114832e-01 -7.339145e-01 -2.077744e-02  9.747969e-02 |  89 2 7.028963e-01 
2019-11-04 10:57:17 | DEBUG |       36.384  7.114039e-01 -7.339739e-01 -2.076841e-02  9.748064e-02 |  90 1 1.405793e+00 
2019-11-04 10:57:17 | DEBUG |       37.790  7.113644e-01 -7.340085e-01 -2.076348e-02  9.748148e-02 |  91 1 1.405793e+00 
2019-11-04 10:57:17 | DEBUG |       40.602  7.113645e-01 -7.340092e-01 -2.076343e-02  9.748154e-02 |  92 1 2.811585e+00 
2019-11-04 10:57:17 | DEBUG |       46.225  7.113663e-01 -7.340077e-01 -2.076364e-02  9.748151e-02 |  93 1 5.623171e+00 
2019-11-04 10:57:17 | DEBUG |       50.000  7.113665e-01 -7.340075e-01 -2.076367e-02  9.748150e-02 |  94 1 3.775184e+00 
2019-11-04 10:57:17 | DEBUG | get parameter value in model multi : currentLimitAutomaton_IMax value: 1000 in submodel: CLA_2_4
2019-11-04 10:57:17 | INFO | parameter curve:CLA_2_4 curve variable:currentLimitAutomaton_IMax updated.
2019-11-04 10:57:17 | DEBUG | get parameter value in model multi : currentLimitAutomaton_IMax value: 600 in submodel: CLA_2_5
2019-11-04 10:57:17 | INFO | parameter curve:CLA_2_5 curve variable:currentLimitAutomaton_IMax updated.
2019-11-04 10:57:17 | DEBUG | 
2019-11-04 10:57:17 | DEBUG | execution Stats :
2019-11-04 10:57:17 | DEBUG | 
2019-11-04 10:57:17 | DEBUG | number of iterations                     = 486
2019-11-04 10:57:17 | DEBUG | number of Residual evaluations           = 869
2019-11-04 10:57:17 | DEBUG | number of Jacobian evaluations           = 172
2019-11-04 10:57:17 | DEBUG | number of Nonlinear iterations           = 867
2019-11-04 10:57:17 | DEBUG | number of error test failures            = 2
2019-11-04 10:57:17 | DEBUG | number of Nonlinear convergence failures = 0
2019-11-04 10:57:17 | DEBUG | number of root functions evaluations     = 2292
2019-11-04 10:57:17 | DEBUG | end of job 'IEEE14 - Current Limit Automaton'
