2019-11-04 10:57:19 | DEBUG |  ============================================================ 
2019-11-04 10:57:19 | DEBUG | DYNAWO VERSION  :     1.0.1
2019-11-04 10:57:19 | DEBUG | DYNAWO REVISION :  504_dynawo_precision-bacb807
2019-11-04 10:57:19 | DEBUG |  ============================================================ 
2019-11-04 10:57:19 | DEBUG | connecting OMEGA_REF_omega_grp_0 with GEN____1_SM_generator_omegaPu
2019-11-04 10:57:19 | DEBUG | connecting OMEGA_REF_omegaRef_grp_0 with GEN____1_SM_generator_omegaRefPu
2019-11-04 10:57:19 | DEBUG | connecting OMEGA_REF_running_grp_0 with GEN____1_SM_generator_running
2019-11-04 10:57:19 | DEBUG | connecting GEN____1_SM_generator_switchOffSignal1 with NETWORK__BUS____1_TN_switchOff
2019-11-04 10:57:19 | DEBUG | connecting GEN____1_SM_generator_terminal with NETWORK__BUS____1_TN_ACPIN
2019-11-04 10:57:19 | DEBUG | connecting OMEGA_REF_omega_grp_1 with GEN____2_SM_generator_omegaPu
2019-11-04 10:57:19 | DEBUG | connecting OMEGA_REF_omegaRef_grp_1 with GEN____2_SM_generator_omegaRefPu
2019-11-04 10:57:19 | DEBUG | connecting OMEGA_REF_running_grp_1 with GEN____2_SM_generator_running
2019-11-04 10:57:19 | DEBUG | connecting GEN____2_SM_generator_switchOffSignal1 with NETWORK__BUS____2_TN_switchOff
2019-11-04 10:57:19 | DEBUG | connecting GEN____2_SM_generator_terminal with NETWORK__BUS____2_TN_ACPIN
2019-11-04 10:57:19 | DEBUG | connecting OMEGA_REF_omega_grp_2 with GEN____3_SM_generator_omegaPu
2019-11-04 10:57:19 | DEBUG | connecting OMEGA_REF_omegaRef_grp_2 with GEN____3_SM_generator_omegaRefPu
2019-11-04 10:57:19 | DEBUG | connecting OMEGA_REF_running_grp_2 with GEN____3_SM_generator_running
2019-11-04 10:57:19 | DEBUG | connecting GEN____3_SM_generator_switchOffSignal1 with NETWORK__BUS____3_TN_switchOff
2019-11-04 10:57:19 | DEBUG | connecting GEN____3_SM_generator_terminal with NETWORK__BUS____3_TN_ACPIN
2019-11-04 10:57:19 | DEBUG | connecting OMEGA_REF_omega_grp_3 with GEN____6_SM_generator_omegaPu
2019-11-04 10:57:19 | DEBUG | connecting OMEGA_REF_omegaRef_grp_3 with GEN____6_SM_generator_omegaRefPu
2019-11-04 10:57:19 | DEBUG | connecting OMEGA_REF_running_grp_3 with GEN____6_SM_generator_running
2019-11-04 10:57:19 | DEBUG | connecting GEN____6_SM_generator_switchOffSignal1 with NETWORK__BUS____6_TN_switchOff
2019-11-04 10:57:19 | DEBUG | connecting GEN____6_SM_generator_terminal with NETWORK__BUS____6_TN_ACPIN
2019-11-04 10:57:19 | DEBUG | connecting OMEGA_REF_omega_grp_4 with GEN____8_SM_generator_omegaPu
2019-11-04 10:57:19 | DEBUG | connecting OMEGA_REF_omegaRef_grp_4 with GEN____8_SM_generator_omegaRefPu
2019-11-04 10:57:19 | DEBUG | connecting OMEGA_REF_running_grp_4 with GEN____8_SM_generator_running
2019-11-04 10:57:19 | DEBUG | connecting GEN____8_SM_generator_switchOffSignal1 with NETWORK__BUS____8_TN_switchOff
2019-11-04 10:57:19 | DEBUG | connecting GEN____8_SM_generator_terminal with NETWORK__BUS____8_TN_ACPIN
2019-11-04 10:57:19 | DEBUG | connecting LOADVAR_LOAD3_event_state1 with _LOAD___3_EC_load_PRefPu
2019-11-04 10:57:19 | DEBUG | connecting LOADVAR_LOAD3_event_state2 with _LOAD___3_EC_load_QRefPu
2019-11-04 10:57:19 | DEBUG | connecting OMEGA_REF_numcc_node_0 with NETWORK__BUS____1_TN_numcc
2019-11-04 10:57:19 | DEBUG | connecting OMEGA_REF_numcc_node_1 with NETWORK__BUS____2_TN_numcc
2019-11-04 10:57:19 | DEBUG | connecting OMEGA_REF_numcc_node_2 with NETWORK__BUS____3_TN_numcc
2019-11-04 10:57:19 | DEBUG | connecting OMEGA_REF_numcc_node_3 with NETWORK__BUS____6_TN_numcc
2019-11-04 10:57:19 | DEBUG | connecting OMEGA_REF_numcc_node_4 with NETWORK__BUS____8_TN_numcc
2019-11-04 10:57:19 | DEBUG | connecting _LOAD__10_EC_load_terminal with NETWORK__BUS___10_TN_ACPIN
2019-11-04 10:57:19 | DEBUG | connecting _LOAD__11_EC_load_terminal with NETWORK__BUS___11_TN_ACPIN
2019-11-04 10:57:19 | DEBUG | connecting _LOAD__12_EC_load_terminal with NETWORK__BUS___12_TN_ACPIN
2019-11-04 10:57:19 | DEBUG | connecting _LOAD__13_EC_load_terminal with NETWORK__BUS___13_TN_ACPIN
2019-11-04 10:57:19 | DEBUG | connecting _LOAD__14_EC_load_terminal with NETWORK__BUS___14_TN_ACPIN
2019-11-04 10:57:19 | DEBUG | connecting _LOAD___2_EC_load_terminal with NETWORK__BUS____2_TN_ACPIN
2019-11-04 10:57:19 | DEBUG | connecting _LOAD___3_EC_transformer_terminal1 with NETWORK__BUS____3_TN_ACPIN
2019-11-04 10:57:19 | DEBUG | connecting _LOAD___4_EC_load_terminal with NETWORK__BUS____4_TN_ACPIN
2019-11-04 10:57:19 | DEBUG | connecting _LOAD___5_EC_load_terminal with NETWORK__BUS____5_TN_ACPIN
2019-11-04 10:57:19 | DEBUG | connecting _LOAD___6_EC_load_terminal with NETWORK__BUS____6_TN_ACPIN
2019-11-04 10:57:19 | DEBUG | connecting _LOAD___9_EC_load_terminal with NETWORK__BUS____9_TN_ACPIN
2019-11-04 10:57:19 | DEBUG | connecting _LOAD___3_EC_transformer_U2Pu with TAP_CHANGER_LOAD_3_tapChanger_UMonitored
2019-11-04 10:57:19 | DEBUG | connecting _LOAD___3_EC_transformer_tap with TAP_CHANGER_LOAD_3_tapChanger_tap
2019-11-04 10:57:19 | INFO | adding curve : Id: NETWORK; curve: _BUS____1_TN_Upu_value found. (exact name)
2019-11-04 10:57:19 | INFO | adding curve : Id: NETWORK; curve: _BUS____2_TN_Upu_value found. (exact name)
2019-11-04 10:57:19 | INFO | adding curve : Id: NETWORK; curve: _BUS____3_TN_Upu_value found. (exact name)
2019-11-04 10:57:19 | INFO | adding curve : Id: NETWORK; curve: _BUS____4_TN_Upu_value found. (exact name)
2019-11-04 10:57:19 | INFO | adding curve : Id: NETWORK; curve: _BUS____5_TN_Upu_value found. (exact name)
2019-11-04 10:57:19 | INFO | adding curve : Id: NETWORK; curve: _BUS____6_TN_Upu_value found. (exact name)
2019-11-04 10:57:19 | INFO | adding curve : Id: NETWORK; curve: _BUS____7_TN_Upu_value found. (exact name)
2019-11-04 10:57:19 | INFO | adding curve : Id: NETWORK; curve: _BUS____8_TN_Upu_value found. (exact name)
2019-11-04 10:57:19 | INFO | adding curve : Id: NETWORK; curve: _BUS____9_TN_Upu_value found. (exact name)
2019-11-04 10:57:19 | INFO | adding curve : Id: NETWORK; curve: _BUS___10_TN_Upu_value found. (exact name)
2019-11-04 10:57:19 | INFO | adding curve : Id: NETWORK; curve: _BUS___11_TN_Upu_value found. (exact name)
2019-11-04 10:57:19 | INFO | adding curve : Id: NETWORK; curve: _BUS___12_TN_Upu_value found. (exact name)
2019-11-04 10:57:19 | INFO | adding curve : Id: NETWORK; curve: _BUS___13_TN_Upu_value found. (exact name)
2019-11-04 10:57:19 | INFO | adding curve : Id: NETWORK; curve: _BUS___14_TN_Upu_value found. (exact name)
2019-11-04 10:57:19 | INFO | adding curve : Id: GEN____1_SM; output: generator_omegaPu found.( generator_omegaPu_value )
2019-11-04 10:57:19 | INFO | adding curve : Id: GEN____2_SM; output: generator_omegaPu found.( generator_omegaPu_value )
2019-11-04 10:57:19 | INFO | adding curve : Id: GEN____3_SM; output: generator_omegaPu found.( generator_omegaPu_value )
2019-11-04 10:57:19 | INFO | adding curve : Id: GEN____6_SM; output: generator_omegaPu found.( generator_omegaPu_value )
2019-11-04 10:57:19 | INFO | adding curve : Id: GEN____8_SM; output: generator_omegaPu found.( generator_omegaPu_value )
2019-11-04 10:57:19 | INFO | adding curve : Id: GEN____1_SM; curve: generator_PGen found. (exact name)
2019-11-04 10:57:19 | INFO | adding curve : Id: GEN____2_SM; curve: generator_PGen found. (exact name)
2019-11-04 10:57:19 | INFO | adding curve : Id: GEN____3_SM; curve: generator_PGen found. (exact name)
2019-11-04 10:57:19 | INFO | adding curve : Id: GEN____6_SM; curve: generator_PGen found. (exact name)
2019-11-04 10:57:19 | INFO | adding curve : Id: GEN____8_SM; curve: generator_PGen found. (exact name)
2019-11-04 10:57:19 | INFO | adding curve : Id: GEN____1_SM; curve: generator_QGen found. (exact name)
2019-11-04 10:57:19 | INFO | adding curve : Id: GEN____2_SM; curve: generator_QGen found. (exact name)
2019-11-04 10:57:19 | INFO | adding curve : Id: GEN____3_SM; curve: generator_QGen found. (exact name)
2019-11-04 10:57:19 | INFO | adding curve : Id: GEN____6_SM; curve: generator_QGen found. (exact name)
2019-11-04 10:57:19 | INFO | adding curve : Id: GEN____8_SM; curve: generator_QGen found. (exact name)
2019-11-04 10:57:19 | INFO | adding curve : Id: _LOAD___2_EC; curve: load_PPu found. (exact name)
2019-11-04 10:57:19 | INFO | adding curve : Id: _LOAD___2_EC; curve: load_QPu found. (exact name)
2019-11-04 10:57:19 | INFO | adding curve : Id: _LOAD___3_EC; curve: load_PPu found. (exact name)
2019-11-04 10:57:19 | INFO | adding curve : Id: _LOAD___3_EC; curve: load_QPu found. (exact name)
2019-11-04 10:57:19 | INFO | adding curve : Id: _LOAD___3_EC; output: load_UPu found.( load_UPu_value )
2019-11-04 10:57:19 | INFO | adding curve : Id: _LOAD___3_EC; output: transformer_U1Pu found.( transformer_U1Pu_value )
2019-11-04 10:57:19 | INFO | adding curve : Id: _LOAD___3_EC; output: transformer_U2Pu found.( transformer_U2Pu_value )
2019-11-04 10:57:19 | INFO | adding curve : Id: _LOAD___3_EC; output: transformer_tap found.( transformer_tap_value )
2019-11-04 10:57:19 | INFO | adding parameter curve: Id: TAP_CHANGER_LOAD_3; parameter curve: tapChanger_valueMin found. (exact name)
2019-11-04 10:57:19 | INFO | adding parameter curve: Id: TAP_CHANGER_LOAD_3; parameter curve: tapChanger_valueMax found. (exact name)
2019-11-04 10:57:19 | DEBUG | nbSubNetwork = 1 nbsub = 1
2019-11-04 10:57:19 | DEBUG | subNetwork[0] nbBus = 14
2019-11-04 10:57:19 | DEBUG | keep SubNetworks num : 0
2019-11-04 10:57:19 | DEBUG | generator_Cm0Pu same value as Pm_Value0
2019-11-04 10:57:19 | DEBUG | generator_Pm0Pu same value as Pm_Value0
2019-11-04 10:57:19 | DEBUG | governor_Pm0Pu same value as Pm_Value0
2019-11-04 10:57:19 | DEBUG | voltageRegulator_UsRef0Pu same value as URef_Value0
2019-11-04 10:57:19 | DEBUG | generator_LambdaQ10Pu same value as generator_LambdaQ20Pu
2019-11-04 10:57:19 | DEBUG | generator_sStator0Pu_im opposite value of generator_QStator0Pu
2019-11-04 10:57:19 | DEBUG | generator_Theta0 same value as generator_ThetaInternal0
2019-11-04 10:57:19 | DEBUG | voltageRegulator_u0_im same value as generator_uStator0Pu_im
2019-11-04 10:57:19 | DEBUG | voltageRegulator_u0_re same value as generator_uStator0Pu_re
2019-11-04 10:57:19 | DEBUG | voltageRegulator_limiterWithLag_y0 same value as voltageRegulator_Efd0Pu
2019-11-04 10:57:19 | DEBUG | generator_Efd0Pu same value as voltageRegulator_Efd0PuLF
2019-11-04 10:57:19 | DEBUG | voltageRegulator_limiterWithLag_u0 same value as voltageRegulator_Efd0PuLF
2019-11-04 10:57:19 | DEBUG | voltageRegulator_limiterWithLag_y0LF same value as voltageRegulator_Efd0PuLF
2019-11-04 10:57:19 | DEBUG | voltageRegulator_tEfdMaxReached0 same value as voltageRegulator_limiterWithLag_tUMaxReached0
2019-11-04 10:57:19 | DEBUG | voltageRegulator_tEfdMinReached0 same value as voltageRegulator_limiterWithLag_tUMinReached0
2019-11-04 10:57:19 | DEBUG | generator_Cm0Pu same value as Pm_Value0
2019-11-04 10:57:19 | DEBUG | generator_Pm0Pu same value as Pm_Value0
2019-11-04 10:57:19 | DEBUG | governor_Pm0Pu same value as Pm_Value0
2019-11-04 10:57:19 | DEBUG | voltageRegulator_UsRef0Pu same value as URef_Value0
2019-11-04 10:57:19 | DEBUG | generator_LambdaQ10Pu same value as generator_LambdaQ20Pu
2019-11-04 10:57:19 | DEBUG | generator_sStator0Pu_im opposite value of generator_QStator0Pu
2019-11-04 10:57:19 | DEBUG | generator_Theta0 same value as generator_ThetaInternal0
2019-11-04 10:57:19 | DEBUG | voltageRegulator_u0_im same value as generator_uStator0Pu_im
2019-11-04 10:57:19 | DEBUG | voltageRegulator_u0_re same value as generator_uStator0Pu_re
2019-11-04 10:57:19 | DEBUG | voltageRegulator_limiterWithLag_y0 same value as voltageRegulator_Efd0Pu
2019-11-04 10:57:19 | DEBUG | generator_Efd0Pu same value as voltageRegulator_Efd0PuLF
2019-11-04 10:57:19 | DEBUG | voltageRegulator_limiterWithLag_u0 same value as voltageRegulator_Efd0PuLF
2019-11-04 10:57:19 | DEBUG | voltageRegulator_limiterWithLag_y0LF same value as voltageRegulator_Efd0PuLF
2019-11-04 10:57:19 | DEBUG | voltageRegulator_tEfdMaxReached0 same value as voltageRegulator_limiterWithLag_tUMaxReached0
2019-11-04 10:57:19 | DEBUG | voltageRegulator_tEfdMinReached0 same value as voltageRegulator_limiterWithLag_tUMinReached0
2019-11-04 10:57:19 | DEBUG | generator_Cm0Pu same value as Pm_Value0
2019-11-04 10:57:19 | DEBUG | generator_Pm0Pu same value as Pm_Value0
2019-11-04 10:57:19 | DEBUG | governor_Pm0Pu same value as Pm_Value0
2019-11-04 10:57:19 | DEBUG | voltageRegulator_UsRef0Pu same value as URef_Value0
2019-11-04 10:57:19 | DEBUG | generator_LambdaQ10Pu same value as generator_LambdaQ20Pu
2019-11-04 10:57:19 | DEBUG | generator_sStator0Pu_im opposite value of generator_QStator0Pu
2019-11-04 10:57:19 | DEBUG | generator_Theta0 same value as generator_ThetaInternal0
2019-11-04 10:57:19 | DEBUG | voltageRegulator_u0_im same value as generator_uStator0Pu_im
2019-11-04 10:57:19 | DEBUG | voltageRegulator_u0_re same value as generator_uStator0Pu_re
2019-11-04 10:57:19 | DEBUG | voltageRegulator_limiterWithLag_y0 same value as voltageRegulator_Efd0Pu
2019-11-04 10:57:19 | DEBUG | generator_Efd0Pu same value as voltageRegulator_Efd0PuLF
2019-11-04 10:57:19 | DEBUG | voltageRegulator_limiterWithLag_u0 same value as voltageRegulator_Efd0PuLF
2019-11-04 10:57:19 | DEBUG | voltageRegulator_limiterWithLag_y0LF same value as voltageRegulator_Efd0PuLF
2019-11-04 10:57:19 | DEBUG | voltageRegulator_tEfdMaxReached0 same value as voltageRegulator_limiterWithLag_tUMaxReached0
2019-11-04 10:57:19 | DEBUG | voltageRegulator_tEfdMinReached0 same value as voltageRegulator_limiterWithLag_tUMinReached0
2019-11-04 10:57:19 | DEBUG | generator_Cm0Pu same value as Pm_Value0
2019-11-04 10:57:19 | DEBUG | generator_Pm0Pu same value as Pm_Value0
2019-11-04 10:57:19 | DEBUG | governor_Pm0Pu same value as Pm_Value0
2019-11-04 10:57:19 | DEBUG | voltageRegulator_UsRef0Pu same value as URef_Value0
2019-11-04 10:57:19 | DEBUG | generator_LambdaQ10Pu same value as generator_LambdaQ20Pu
2019-11-04 10:57:19 | DEBUG | generator_sStator0Pu_im opposite value of generator_QStator0Pu
2019-11-04 10:57:19 | DEBUG | generator_Theta0 same value as generator_ThetaInternal0
2019-11-04 10:57:19 | DEBUG | voltageRegulator_u0_im same value as generator_uStator0Pu_im
2019-11-04 10:57:19 | DEBUG | voltageRegulator_u0_re same value as generator_uStator0Pu_re
2019-11-04 10:57:19 | DEBUG | voltageRegulator_limiterWithLag_y0 same value as voltageRegulator_Efd0Pu
2019-11-04 10:57:19 | DEBUG | generator_Efd0Pu same value as voltageRegulator_Efd0PuLF
2019-11-04 10:57:19 | DEBUG | voltageRegulator_limiterWithLag_u0 same value as voltageRegulator_Efd0PuLF
2019-11-04 10:57:19 | DEBUG | voltageRegulator_limiterWithLag_y0LF same value as voltageRegulator_Efd0PuLF
2019-11-04 10:57:19 | DEBUG | voltageRegulator_tEfdMaxReached0 same value as voltageRegulator_limiterWithLag_tUMaxReached0
2019-11-04 10:57:19 | DEBUG | voltageRegulator_tEfdMinReached0 same value as voltageRegulator_limiterWithLag_tUMinReached0
2019-11-04 10:57:19 | DEBUG | generator_Cm0Pu same value as Pm_Value0
2019-11-04 10:57:19 | DEBUG | generator_Pm0Pu same value as Pm_Value0
2019-11-04 10:57:19 | DEBUG | governor_Pm0Pu same value as Pm_Value0
2019-11-04 10:57:19 | DEBUG | voltageRegulator_UsRef0Pu same value as URef_Value0
2019-11-04 10:57:19 | DEBUG | generator_LambdaQ10Pu same value as generator_LambdaQ20Pu
2019-11-04 10:57:19 | DEBUG | generator_sStator0Pu_im opposite value of generator_QStator0Pu
2019-11-04 10:57:19 | DEBUG | generator_Theta0 same value as generator_ThetaInternal0
2019-11-04 10:57:19 | DEBUG | voltageRegulator_u0_im same value as generator_uStator0Pu_im
2019-11-04 10:57:19 | DEBUG | voltageRegulator_u0_re same value as generator_uStator0Pu_re
2019-11-04 10:57:19 | DEBUG | voltageRegulator_limiterWithLag_y0 same value as voltageRegulator_Efd0Pu
2019-11-04 10:57:19 | DEBUG | generator_Efd0Pu same value as voltageRegulator_Efd0PuLF
2019-11-04 10:57:19 | DEBUG | voltageRegulator_limiterWithLag_u0 same value as voltageRegulator_Efd0PuLF
2019-11-04 10:57:19 | DEBUG | voltageRegulator_limiterWithLag_y0LF same value as voltageRegulator_Efd0PuLF
2019-11-04 10:57:19 | DEBUG | voltageRegulator_tEfdMaxReached0 same value as voltageRegulator_limiterWithLag_tUMaxReached0
2019-11-04 10:57:19 | DEBUG | voltageRegulator_tEfdMinReached0 same value as voltageRegulator_limiterWithLag_tUMinReached0
2019-11-04 10:57:19 | DEBUG | transformer_i20Pu_im opposite value of load_i0Pu_im
2019-11-04 10:57:19 | DEBUG | transformer_i20Pu_re opposite value of load_i0Pu_re
2019-11-04 10:57:19 | DEBUG | transformer_u20Pu_im same value as load_u0Pu_im
2019-11-04 10:57:19 | DEBUG | transformer_u20Pu_re same value as load_u0Pu_re
2019-11-04 10:57:19 | DEBUG | call of SolverReInit ie a new symbolic and numerical factorization will be performed
2019-11-04 10:57:19 | DEBUG | -----------------------------------------------------------------------
2019-11-04 10:57:19 | DEBUG | number of continuous variables : 411 (display limited to 4 variables)
2019-11-04 10:57:19 | DEBUG | number of discrete variables : 253
2019-11-04 10:57:19 | DEBUG | -----------------------------------------------------------------------
2019-11-04 10:57:19 | DEBUG |     t              y1            y2            y3            y4      | nst k      h
2019-11-04 10:57:19 | DEBUG | -----------------------------------------------------------------------
2019-11-04 10:57:19 | DEBUG |        0.000  1.014792e+00 -2.737274e-01 -6.830820e-02  7.559011e-02 |   0 0 3.205464e-04 
2019-11-04 10:57:19 | DEBUG |        0.000  1.014792e+00 -2.737274e-01 -6.830820e-02  7.559011e-02 |   1 1 3.205464e-04 
2019-11-04 10:57:19 | DEBUG |        0.000  1.014792e+00 -2.737274e-01 -6.830819e-02  7.559010e-02 |   1 1 3.205464e-04 
2019-11-04 10:57:19 | DEBUG |        0.001  1.014791e+00 -2.737274e-01 -6.830819e-02  7.559009e-02 |   2 1 3.205464e-04 
2019-11-04 10:57:19 | DEBUG |        0.001  1.014791e+00 -2.737274e-01 -6.830818e-02  7.559008e-02 |   3 2 6.410928e-04 
2019-11-04 10:57:19 | DEBUG |        0.003  1.014791e+00 -2.737273e-01 -6.830817e-02  7.559005e-02 |   4 2 1.282186e-03 
2019-11-04 10:57:19 | DEBUG |        0.005  1.014790e+00 -2.737273e-01 -6.830814e-02  7.559000e-02 |   5 2 2.564371e-03 
2019-11-04 10:57:19 | DEBUG |        0.010  1.014789e+00 -2.737273e-01 -6.830810e-02  7.558992e-02 |   6 2 5.128742e-03 
2019-11-04 10:57:19 | DEBUG |        0.021  1.014787e+00 -2.737274e-01 -6.830804e-02  7.558983e-02 |   7 2 1.025748e-02 
2019-11-04 10:57:19 | DEBUG | Algebraic mode change for model GEN____3_SM
2019-11-04 10:57:19 | DEBUG |        0.037  1.014787e+00 -2.737277e-01 -6.830799e-02  7.558979e-02 |   8 2 2.051497e-02 
2019-11-04 10:57:19 | DEBUG | calculation of the new starting point of the simulation.
2019-11-04 10:57:19 | DEBUG |        0.037  1.014787e+00 -2.737277e-01 -6.830799e-02  7.558979e-02 |   0 0 0.000000e+00 
2019-11-04 10:57:19 | DEBUG |        0.037  1.014787e+00 -2.737277e-01 -6.830799e-02  7.558979e-02 |   1 1 3.322673e-04 
2019-11-04 10:57:19 | DEBUG |        0.037  1.014787e+00 -2.737277e-01 -6.830799e-02  7.558979e-02 |   2 1 3.322673e-04 
2019-11-04 10:57:19 | DEBUG |        0.038  1.014787e+00 -2.737277e-01 -6.830799e-02  7.558980e-02 |   3 2 6.645347e-04 
2019-11-04 10:57:19 | DEBUG |        0.039  1.014787e+00 -2.737278e-01 -6.830798e-02  7.558980e-02 |   4 2 1.329069e-03 
2019-11-04 10:57:19 | DEBUG |        0.042  1.014787e+00 -2.737278e-01 -6.830798e-02  7.558981e-02 |   5 2 2.658139e-03 
2019-11-04 10:57:19 | DEBUG |        0.047  1.014787e+00 -2.737280e-01 -6.830798e-02  7.558985e-02 |   6 2 5.316278e-03 
2019-11-04 10:57:19 | DEBUG |        0.058  1.014788e+00 -2.737284e-01 -6.830798e-02  7.558993e-02 |   7 2 1.063256e-02 
2019-11-04 10:57:19 | DEBUG |        0.079  1.014790e+00 -2.737294e-01 -6.830799e-02  7.559014e-02 |   8 2 2.126511e-02 
2019-11-04 10:57:19 | DEBUG |        0.122  1.014794e+00 -2.737317e-01 -6.830802e-02  7.559065e-02 |   9 2 4.253022e-02 
2019-11-04 10:57:19 | DEBUG |        0.207  1.014803e+00 -2.737367e-01 -6.830803e-02  7.559168e-02 |  10 2 8.506044e-02 
2019-11-04 10:57:19 | DEBUG |        0.377  1.014812e+00 -2.737459e-01 -6.830776e-02  7.559305e-02 |  11 1 1.701209e-01 
2019-11-04 10:57:19 | DEBUG |        0.717  1.014818e+00 -2.737552e-01 -6.830736e-02  7.559421e-02 |  12 1 3.402418e-01 
2019-11-04 10:57:19 | DEBUG | Algebraic mode change for model GEN____3_SM
2019-11-04 10:57:19 | DEBUG |        1.070  1.014819e+00 -2.737561e-01 -6.830734e-02  7.559437e-02 |  13 1 6.804835e-01 
2019-11-04 10:57:19 | DEBUG | calculation of the new starting point of the simulation.
2019-11-04 10:57:19 | DEBUG |        1.070  1.014819e+00 -2.737561e-01 -6.830734e-02  7.559437e-02 |   0 0 0.000000e+00 
2019-11-04 10:57:19 | DEBUG |        1.071  1.014819e+00 -2.737561e-01 -6.830734e-02  7.559437e-02 |   1 1 6.635770e-04 
2019-11-04 10:57:19 | DEBUG |        1.071  1.014819e+00 -2.737562e-01 -6.830734e-02  7.559437e-02 |   2 1 6.635770e-04 
2019-11-04 10:57:19 | DEBUG |        1.073  1.014819e+00 -2.737562e-01 -6.830734e-02  7.559438e-02 |   3 2 1.327154e-03 
2019-11-04 10:57:19 | DEBUG |        1.075  1.014819e+00 -2.737562e-01 -6.830734e-02  7.559438e-02 |   4 2 2.654308e-03 
2019-11-04 10:57:19 | DEBUG |        1.081  1.014819e+00 -2.737563e-01 -6.830733e-02  7.559439e-02 |   5 2 5.308616e-03 
2019-11-04 10:57:19 | DEBUG |        1.091  1.014819e+00 -2.737564e-01 -6.830733e-02  7.559441e-02 |   6 2 1.061723e-02 
2019-11-04 10:57:19 | DEBUG |        1.113  1.014819e+00 -2.737567e-01 -6.830732e-02  7.559444e-02 |   7 2 2.123446e-02 
2019-11-04 10:57:19 | DEBUG |        1.155  1.014819e+00 -2.737572e-01 -6.830730e-02  7.559450e-02 |   8 2 4.246893e-02 
2019-11-04 10:57:19 | DEBUG |        1.240  1.014820e+00 -2.737578e-01 -6.830727e-02  7.559458e-02 |   9 2 8.493785e-02 
2019-11-04 10:57:19 | DEBUG |        1.410  1.014820e+00 -2.737581e-01 -6.830727e-02  7.559463e-02 |  10 2 1.698757e-01 
2019-11-04 10:57:19 | DEBUG |        1.750  1.014821e+00 -2.737569e-01 -6.830736e-02  7.559456e-02 |  11 2 3.397514e-01 
2019-11-04 10:57:19 | DEBUG |        2.429  1.014820e+00 -2.737573e-01 -6.830733e-02  7.559458e-02 |  12 1 6.795028e-01 
2019-11-04 10:57:19 | DEBUG |        3.788  1.014820e+00 -2.737595e-01 -6.830716e-02  7.559472e-02 |  13 1 1.359006e+00 
2019-11-04 10:57:19 | DEBUG |        6.506  1.014819e+00 -2.737611e-01 -6.830704e-02  7.559483e-02 |  14 1 2.718011e+00 
2019-11-04 10:57:19 | DEBUG |       11.942  1.014819e+00 -2.737619e-01 -6.830698e-02  7.559488e-02 |  15 1 5.436023e+00 
2019-11-04 10:57:19 | DEBUG | Algebraic mode change for model _LOAD___3_EC
2019-11-04 10:57:19 | DEBUG |       20.000  1.014819e+00 -2.737621e-01 -6.830696e-02  7.559490e-02 |  16 1 1.000000e+01 
2019-11-04 10:57:19 | DEBUG | calculation of the new starting point of the simulation.
2019-11-04 10:57:19 | DEBUG | call of SolverReInit ie a new symbolic and numerical factorization will be performed
2019-11-04 10:57:19 | DEBUG |       20.000  1.013975e+00 -2.733553e-01 -6.830205e-02  7.550384e-02 |   0 0 0.000000e+00 
2019-11-04 10:57:19 | DEBUG | Algebraic mode change for model GEN____3_SM
2019-11-04 10:57:19 | DEBUG |       20.001  1.013971e+00 -2.733532e-01 -6.830206e-02  7.550343e-02 |   1 1 6.644184e-03 
2019-11-04 10:57:19 | DEBUG | calculation of the new starting point of the simulation.
2019-11-04 10:57:19 | DEBUG |       20.001  1.013971e+00 -2.733531e-01 -6.830206e-02  7.550342e-02 |   0 0 0.000000e+00 
2019-11-04 10:57:19 | DEBUG |       20.007  1.013943e+00 -2.733356e-01 -6.830216e-02  7.550006e-02 |   1 1 6.646464e-03 
2019-11-04 10:57:19 | DEBUG |       20.014  1.013920e+00 -2.733204e-01 -6.830229e-02  7.549723e-02 |   2 1 6.646464e-03 
2019-11-04 10:57:19 | DEBUG |       20.027  1.013884e+00 -2.732947e-01 -6.830262e-02  7.549264e-02 |   3 2 1.329293e-02 
2019-11-04 10:57:19 | DEBUG |       20.054  1.013849e+00 -2.732624e-01 -6.830342e-02  7.548757e-02 |   4 2 2.658586e-02 
2019-11-04 10:57:19 | DEBUG | Algebraic mode change for model GEN____8_SM
2019-11-04 10:57:19 | DEBUG |       20.080  1.013842e+00 -2.732467e-01 -6.830416e-02  7.548573e-02 |   5 2 5.317172e-02 
2019-11-04 10:57:19 | DEBUG | calculation of the new starting point of the simulation.
2019-11-04 10:57:19 | DEBUG |       20.080  1.013842e+00 -2.732467e-01 -6.830416e-02  7.548573e-02 |   0 0 0.000000e+00 
2019-11-04 10:57:19 | DEBUG |       20.087  1.013849e+00 -2.732471e-01 -6.830438e-02  7.548621e-02 |   1 1 6.745185e-03 
2019-11-04 10:57:19 | DEBUG |       20.094  1.013856e+00 -2.732482e-01 -6.830458e-02  7.548680e-02 |   2 1 6.745185e-03 
2019-11-04 10:57:19 | DEBUG |       20.107  1.013873e+00 -2.732519e-01 -6.830495e-02  7.548821e-02 |   3 2 1.349037e-02 
2019-11-04 10:57:19 | DEBUG |       20.134  1.013911e+00 -2.732654e-01 -6.830548e-02  7.549189e-02 |   4 2 2.698074e-02 
2019-11-04 10:57:19 | DEBUG |       20.188  1.013995e+00 -2.733084e-01 -6.830581e-02  7.550117e-02 |   5 2 5.396148e-02 
2019-11-04 10:57:19 | DEBUG | Algebraic mode change for model GEN____6_SM
2019-11-04 10:57:19 | DEBUG |       20.252  1.014092e+00 -2.733671e-01 -6.830563e-02  7.551271e-02 |   6 2 1.079230e-01 
2019-11-04 10:57:19 | DEBUG | calculation of the new starting point of the simulation.
2019-11-04 10:57:19 | DEBUG |       20.252  1.014092e+00 -2.733671e-01 -6.830563e-02  7.551271e-02 |   0 0 0.000000e+00 
2019-11-04 10:57:19 | DEBUG |       20.259  1.014104e+00 -2.733752e-01 -6.830552e-02  7.551414e-02 |   1 1 6.793734e-03 
2019-11-04 10:57:19 | DEBUG |       20.266  1.014115e+00 -2.733832e-01 -6.830541e-02  7.551555e-02 |   2 1 6.793734e-03 
2019-11-04 10:57:19 | DEBUG |       20.280  1.014136e+00 -2.733989e-01 -6.830519e-02  7.551832e-02 |   3 2 1.358747e-02 
2019-11-04 10:57:19 | DEBUG |       20.307  1.014176e+00 -2.734289e-01 -6.830474e-02  7.552356e-02 |   4 2 2.717494e-02 
2019-11-04 10:57:19 | DEBUG |       20.361  1.014249e+00 -2.734795e-01 -6.830417e-02  7.553276e-02 |   5 2 5.434987e-02 
2019-11-04 10:57:19 | DEBUG |       20.470  1.014376e+00 -2.735290e-01 -6.830565e-02  7.554543e-02 |   6 2 1.086997e-01 
2019-11-04 10:57:19 | DEBUG |       20.687  1.014577e+00 -2.734325e-01 -6.831929e-02  7.555060e-02 |   7 2 2.173995e-01 
2019-11-04 10:57:19 | DEBUG |       20.905  1.014715e+00 -2.731609e-01 -6.834191e-02  7.553666e-02 |   8 2 2.173995e-01 
2019-11-04 10:57:19 | DEBUG |       21.122  1.014798e+00 -2.728402e-01 -6.836566e-02  7.551484e-02 |   9 2 2.173995e-01 
2019-11-04 10:57:19 | DEBUG |       21.339  1.014844e+00 -2.725616e-01 -6.838534e-02  7.549416e-02 |  10 2 2.173995e-01 
2019-11-04 10:57:19 | DEBUG |       21.557  1.014878e+00 -2.723643e-01 -6.839930e-02  7.547959e-02 |  11 2 2.173995e-01 
2019-11-04 10:57:19 | DEBUG |       21.774  1.014914e+00 -2.722546e-01 -6.840770e-02  7.547261e-02 |  12 2 2.173995e-01 
2019-11-04 10:57:19 | DEBUG |       21.992  1.014949e+00 -2.722224e-01 -6.841107e-02  7.547220e-02 |  13 2 2.173995e-01 
2019-11-04 10:57:19 | DEBUG |       22.426  1.014984e+00 -2.722391e-01 -6.841130e-02  7.547599e-02 |  14 2 4.347990e-01 
2019-11-04 10:57:19 | DEBUG |       22.861  1.014993e+00 -2.721974e-01 -6.841432e-02  7.547303e-02 |  15 1 4.347990e-01 
2019-11-04 10:57:19 | DEBUG |       23.296  1.015011e+00 -2.721033e-01 -6.842104e-02  7.546621e-02 |  16 1 4.347990e-01 
2019-11-04 10:57:19 | DEBUG |       23.731  1.015030e+00 -2.720289e-01 -6.842653e-02  7.546110e-02 |  17 1 4.347990e-01 
2019-11-04 10:57:19 | DEBUG |       24.600  1.015052e+00 -2.719653e-01 -6.843145e-02  7.545717e-02 |  18 1 8.695980e-01 
2019-11-04 10:57:19 | DEBUG |       26.340  1.015073e+00 -2.719138e-01 -6.843556e-02  7.545419e-02 |  19 1 1.739196e+00 
2019-11-04 10:57:19 | DEBUG |       29.818  1.015090e+00 -2.718805e-01 -6.843831e-02  7.545246e-02 |  20 1 3.478392e+00 
2019-11-04 10:57:19 | DEBUG |       33.296  1.015097e+00 -2.718702e-01 -6.843924e-02  7.545205e-02 |  21 1 3.478392e+00 
2019-11-04 10:57:19 | DEBUG |       40.253  1.015101e+00 -2.718665e-01 -6.843964e-02  7.545203e-02 |  22 1 6.956784e+00 
2019-11-04 10:57:19 | DEBUG |       47.210  1.015103e+00 -2.718658e-01 -6.843974e-02  7.545208e-02 |  23 1 6.956784e+00 
2019-11-04 10:57:19 | DEBUG |       57.210  1.015104e+00 -2.718657e-01 -6.843977e-02  7.545212e-02 |  24 1 1.000000e+01 
2019-11-04 10:57:19 | DEBUG |       67.210  1.015104e+00 -2.718657e-01 -6.843978e-02  7.545213e-02 |  25 1 1.000000e+01 
2019-11-04 10:57:19 | DEBUG |       77.210  1.015104e+00 -2.718657e-01 -6.843978e-02  7.545213e-02 |  26 1 1.000000e+01 
2019-11-04 10:57:19 | DEBUG | Algebraic mode change for model _LOAD___3_EC
2019-11-04 10:57:19 | DEBUG |       80.000  1.015104e+00 -2.718657e-01 -6.843978e-02  7.545213e-02 |  27 1 1.000000e+01 
2019-11-04 10:57:19 | DEBUG | calculation of the new starting point of the simulation.
2019-11-04 10:57:19 | DEBUG |       80.000  1.014995e+00 -2.719791e-01 -6.842847e-02  7.545454e-02 |   0 0 0.000000e+00 
2019-11-04 10:57:19 | DEBUG |       80.026  1.014980e+00 -2.720029e-01 -6.842638e-02  7.545558e-02 |   1 1 2.556214e-02 
2019-11-04 10:57:19 | DEBUG |       80.051  1.014971e+00 -2.720188e-01 -6.842501e-02  7.545632e-02 |   2 1 2.556214e-02 
2019-11-04 10:57:19 | DEBUG |       80.102  1.014960e+00 -2.720399e-01 -6.842325e-02  7.545740e-02 |   3 2 5.112428e-02 
2019-11-04 10:57:19 | DEBUG |       80.204  1.014956e+00 -2.720534e-01 -6.842224e-02  7.545830e-02 |   4 2 1.022486e-01 
2019-11-04 10:57:19 | DEBUG |       80.409  1.014959e+00 -2.720532e-01 -6.842233e-02  7.545843e-02 |   5 2 2.044971e-01 
2019-11-04 10:57:19 | DEBUG |       80.818  1.014936e+00 -2.721682e-01 -6.841408e-02  7.546669e-02 |   6 1 4.089942e-01 
2019-11-04 10:57:19 | DEBUG |       81.227  1.014902e+00 -2.723320e-01 -6.840228e-02  7.547844e-02 |   7 1 4.089942e-01 
2019-11-04 10:57:19 | DEBUG |       81.636  1.014871e+00 -2.724684e-01 -6.839232e-02  7.548798e-02 |   8 1 4.089942e-01 
2019-11-04 10:57:19 | DEBUG |       82.454  1.014829e+00 -2.726136e-01 -6.838144e-02  7.549760e-02 |   9 1 8.179885e-01 
2019-11-04 10:57:19 | DEBUG |       83.272  1.014803e+00 -2.726979e-01 -6.837502e-02  7.550302e-02 |  10 1 8.179885e-01 
2019-11-04 10:57:19 | DEBUG |       84.908  1.014776e+00 -2.727796e-01 -6.836875e-02  7.550817e-02 |  11 1 1.635977e+00 
2019-11-04 10:57:19 | DEBUG |       88.180  1.014756e+00 -2.728318e-01 -6.836465e-02  7.551131e-02 |  12 1 3.271954e+00 
2019-11-04 10:57:19 | DEBUG | Algebraic mode change for model _LOAD___3_EC
2019-11-04 10:57:19 | DEBUG |       90.000  1.014752e+00 -2.728410e-01 -6.836390e-02  7.551180e-02 |  13 1 3.271954e+00 
2019-11-04 10:57:19 | DEBUG | calculation of the new starting point of the simulation.
2019-11-04 10:57:19 | DEBUG |       90.000  1.014640e+00 -2.729547e-01 -6.835247e-02  7.551409e-02 |   0 0 0.000000e+00 
2019-11-04 10:57:19 | DEBUG |       90.029  1.014624e+00 -2.729807e-01 -6.835019e-02  7.551521e-02 |   1 1 2.860010e-02 
2019-11-04 10:57:19 | DEBUG |       90.057  1.014614e+00 -2.729976e-01 -6.834874e-02  7.551601e-02 |   2 1 2.860010e-02 
2019-11-04 10:57:19 | DEBUG |       90.114  1.014604e+00 -2.730193e-01 -6.834694e-02  7.551714e-02 |   3 2 5.720019e-02 
2019-11-04 10:57:19 | DEBUG |       90.229  1.014601e+00 -2.730314e-01 -6.834605e-02  7.551797e-02 |   4 2 1.144004e-01 
2019-11-04 10:57:19 | DEBUG |       90.458  1.014601e+00 -2.730345e-01 -6.834587e-02  7.551828e-02 |   5 2 2.288008e-01 
2019-11-04 10:57:19 | DEBUG |       90.915  1.014570e+00 -2.731860e-01 -6.833495e-02  7.552913e-02 |   6 1 4.576016e-01 
2019-11-04 10:57:19 | DEBUG |       91.373  1.014532e+00 -2.733666e-01 -6.832189e-02  7.554198e-02 |   7 1 4.576016e-01 
2019-11-04 10:57:19 | DEBUG |       91.830  1.014498e+00 -2.735015e-01 -6.831195e-02  7.555125e-02 |   8 1 4.576016e-01 
2019-11-04 10:57:19 | DEBUG |       92.746  1.014457e+00 -2.736380e-01 -6.830161e-02  7.556014e-02 |   9 1 9.152031e-01 
2019-11-04 10:57:19 | DEBUG |       93.661  1.014431e+00 -2.737174e-01 -6.829552e-02  7.556516e-02 |  10 1 9.152031e-01 
2019-11-04 10:57:19 | DEBUG |       95.491  1.014405e+00 -2.737905e-01 -6.828984e-02  7.556968e-02 |  11 1 1.830406e+00 
2019-11-04 10:57:19 | DEBUG | Algebraic mode change for model GEN____6_SM
2019-11-04 10:57:19 | DEBUG |       98.588  1.014389e+00 -2.738271e-01 -6.828691e-02  7.557177e-02 |  12 1 3.660812e+00 
2019-11-04 10:57:19 | DEBUG | calculation of the new starting point of the simulation.
2019-11-04 10:57:19 | DEBUG |       98.588  1.014389e+00 -2.738271e-01 -6.828691e-02  7.557177e-02 |   0 0 0.000000e+00 
2019-11-04 10:57:19 | DEBUG |       98.620  1.014389e+00 -2.738276e-01 -6.828687e-02  7.557180e-02 |   1 1 3.192236e-02 
2019-11-04 10:57:19 | DEBUG |       98.652  1.014389e+00 -2.738281e-01 -6.828684e-02  7.557182e-02 |   2 1 3.192236e-02 
2019-11-04 10:57:19 | DEBUG |       98.716  1.014389e+00 -2.738289e-01 -6.828677e-02  7.557187e-02 |   3 2 6.384471e-02 
2019-11-04 10:57:19 | DEBUG |       98.843  1.014388e+00 -2.738301e-01 -6.828667e-02  7.557194e-02 |   4 2 1.276894e-01 
2019-11-04 10:57:19 | DEBUG |       99.099  1.014387e+00 -2.738313e-01 -6.828657e-02  7.557199e-02 |   5 2 2.553789e-01 
2019-11-04 10:57:19 | DEBUG |       99.610  1.014386e+00 -2.738327e-01 -6.828643e-02  7.557203e-02 |   6 2 5.107577e-01 
2019-11-04 10:57:19 | DEBUG | Algebraic mode change for model GEN____8_SM
2019-11-04 10:57:19 | DEBUG |       99.763  1.014386e+00 -2.738327e-01 -6.828642e-02  7.557201e-02 |   7 1 1.021515e+00 
2019-11-04 10:57:19 | DEBUG | calculation of the new starting point of the simulation.
2019-11-04 10:57:19 | DEBUG |       99.763  1.014386e+00 -2.738327e-01 -6.828642e-02  7.557201e-02 |   0 0 0.000000e+00 
2019-11-04 10:57:19 | DEBUG |       99.795  1.014386e+00 -2.738327e-01 -6.828642e-02  7.557201e-02 |   1 1 3.229937e-02 
2019-11-04 10:57:19 | DEBUG |       99.827  1.014386e+00 -2.738327e-01 -6.828642e-02  7.557201e-02 |   2 1 3.229937e-02 
2019-11-04 10:57:19 | DEBUG |       99.892  1.014386e+00 -2.738327e-01 -6.828642e-02  7.557200e-02 |   3 2 6.459873e-02 
2019-11-04 10:57:19 | DEBUG |      100.021  1.014386e+00 -2.738319e-01 -6.828647e-02  7.557195e-02 |   4 2 1.291975e-01 
2019-11-04 10:57:19 | DEBUG | Algebraic mode change for model GEN____3_SM
2019-11-04 10:57:19 | DEBUG |      100.044  1.014386e+00 -2.738318e-01 -6.828649e-02  7.557194e-02 |   5 2 2.583949e-01 
2019-11-04 10:57:19 | DEBUG | calculation of the new starting point of the simulation.
2019-11-04 10:57:19 | DEBUG |      100.044  1.014386e+00 -2.738318e-01 -6.828649e-02  7.557194e-02 |   0 0 0.000000e+00 
2019-11-04 10:57:19 | DEBUG |      100.076  1.014386e+00 -2.738314e-01 -6.828652e-02  7.557192e-02 |   1 1 3.238942e-02 
2019-11-04 10:57:19 | DEBUG |      100.108  1.014386e+00 -2.738310e-01 -6.828655e-02  7.557190e-02 |   2 1 3.238942e-02 
2019-11-04 10:57:19 | DEBUG |      100.173  1.014387e+00 -2.738301e-01 -6.828662e-02  7.557185e-02 |   3 2 6.477883e-02 
2019-11-04 10:57:19 | DEBUG |      100.303  1.014387e+00 -2.738283e-01 -6.828677e-02  7.557175e-02 |   4 2 1.295577e-01 
2019-11-04 10:57:19 | DEBUG |      100.562  1.014389e+00 -2.738265e-01 -6.828693e-02  7.557167e-02 |   5 2 2.591153e-01 
2019-11-04 10:57:19 | DEBUG |      101.080  1.014389e+00 -2.738277e-01 -6.828686e-02  7.557180e-02 |   6 2 5.182306e-01 
2019-11-04 10:57:19 | DEBUG |      102.116  1.014389e+00 -2.738292e-01 -6.828678e-02  7.557196e-02 |   7 2 1.036461e+00 
2019-11-04 10:57:19 | DEBUG |      104.189  1.014391e+00 -2.738269e-01 -6.828699e-02  7.557185e-02 |   8 1 2.072923e+00 
2019-11-04 10:57:19 | DEBUG |      108.335  1.014392e+00 -2.738255e-01 -6.828712e-02  7.557180e-02 |   9 1 4.145845e+00 
2019-11-04 10:57:19 | DEBUG |      116.627  1.014392e+00 -2.738248e-01 -6.828718e-02  7.557178e-02 |  10 1 8.291690e+00 
2019-11-04 10:57:19 | DEBUG |      126.627  1.014393e+00 -2.738246e-01 -6.828719e-02  7.557177e-02 |  11 1 1.000000e+01 
2019-11-04 10:57:19 | DEBUG |      136.627  1.014393e+00 -2.738246e-01 -6.828719e-02  7.557177e-02 |  12 1 1.000000e+01 
2019-11-04 10:57:19 | DEBUG |      146.627  1.014393e+00 -2.738246e-01 -6.828720e-02  7.557177e-02 |  13 1 1.000000e+01 
2019-11-04 10:57:19 | DEBUG |      150.000  1.014393e+00 -2.738246e-01 -6.828720e-02  7.557177e-02 |  14 1 3.373097e+00 
2019-11-04 10:57:19 | DEBUG | get parameter value in model multi : tapChanger_valueMin value: 0.99 in submodel: TAP_CHANGER_LOAD_3
2019-11-04 10:57:19 | INFO | parameter curve:TAP_CHANGER_LOAD_3 curve variable:tapChanger_valueMin updated.
2019-11-04 10:57:19 | DEBUG | get parameter value in model multi : tapChanger_valueMax value: 1.01 in submodel: TAP_CHANGER_LOAD_3
2019-11-04 10:57:19 | INFO | parameter curve:TAP_CHANGER_LOAD_3 curve variable:tapChanger_valueMax updated.
2019-11-04 10:57:19 | DEBUG | 
2019-11-04 10:57:19 | DEBUG | execution Stats :
2019-11-04 10:57:19 | DEBUG | 
2019-11-04 10:57:19 | DEBUG | number of iterations                     = 127
2019-11-04 10:57:19 | DEBUG | number of Residual evaluations           = 217
2019-11-04 10:57:19 | DEBUG | number of Jacobian evaluations           = 83
2019-11-04 10:57:19 | DEBUG | number of Nonlinear iterations           = 215
2019-11-04 10:57:19 | DEBUG | number of error test failures            = 0
2019-11-04 10:57:19 | DEBUG | number of Nonlinear convergence failures = 0
2019-11-04 10:57:19 | DEBUG | number of root functions evaluations     = 694
2019-11-04 10:57:19 | DEBUG | end of job 'IEEE14 - TapChanger'
