2019-11-04 10:57:12 | DEBUG |  ============================================================ 
2019-11-04 10:57:12 | DEBUG | DYNAWO VERSION  :     1.0.1
2019-11-04 10:57:12 | DEBUG | DYNAWO REVISION :  504_dynawo_precision-bacb807
2019-11-04 10:57:12 | DEBUG |  ============================================================ 
2019-11-04 10:57:12 | DEBUG | connecting OMEGA_REF_omega_grp_0 with GEN____1_SM_generator_omegaPu
2019-11-04 10:57:12 | DEBUG | connecting OMEGA_REF_omegaRef_grp_0 with GEN____1_SM_generator_omegaRefPu
2019-11-04 10:57:12 | DEBUG | connecting OMEGA_REF_running_grp_0 with GEN____1_SM_generator_running
2019-11-04 10:57:12 | DEBUG | connecting GEN____1_SM_generator_switchOffSignal1 with NETWORK__BUS____1_TN_switchOff
2019-11-04 10:57:12 | DEBUG | connecting GEN____1_SM_generator_terminal with NETWORK__BUS____1_TN_ACPIN
2019-11-04 10:57:12 | DEBUG | connecting OMEGA_REF_omega_grp_1 with GEN____2_SM_generator_omegaPu
2019-11-04 10:57:12 | DEBUG | connecting OMEGA_REF_omegaRef_grp_1 with GEN____2_SM_generator_omegaRefPu
2019-11-04 10:57:12 | DEBUG | connecting OMEGA_REF_running_grp_1 with GEN____2_SM_generator_running
2019-11-04 10:57:12 | DEBUG | connecting GEN____2_SM_generator_switchOffSignal1 with NETWORK__BUS____2_TN_switchOff
2019-11-04 10:57:12 | DEBUG | connecting GEN____2_SM_generator_terminal with NETWORK__BUS____2_TN_ACPIN
2019-11-04 10:57:12 | DEBUG | connecting GEN____3_SM_generator_UPu with UVA_underVoltageAutomaton_UPu_value
2019-11-04 10:57:12 | DEBUG | connecting OMEGA_REF_omega_grp_2 with GEN____3_SM_generator_omegaPu
2019-11-04 10:57:12 | DEBUG | connecting OMEGA_REF_omegaRef_grp_2 with GEN____3_SM_generator_omegaRefPu
2019-11-04 10:57:12 | DEBUG | connecting OMEGA_REF_running_grp_2 with GEN____3_SM_generator_running
2019-11-04 10:57:12 | DEBUG | connecting GEN____3_SM_generator_switchOffSignal1 with NETWORK__BUS____3_TN_switchOff
2019-11-04 10:57:12 | DEBUG | connecting GEN____3_SM_generator_switchOffSignal3 with UVA_underVoltageAutomaton_switchOffSignal
2019-11-04 10:57:12 | DEBUG | connecting GEN____3_SM_generator_terminal with NETWORK__BUS____3_TN_ACPIN
2019-11-04 10:57:12 | DEBUG | connecting OMEGA_REF_omega_grp_3 with GEN____6_SM_generator_omegaPu
2019-11-04 10:57:12 | DEBUG | connecting OMEGA_REF_omegaRef_grp_3 with GEN____6_SM_generator_omegaRefPu
2019-11-04 10:57:12 | DEBUG | connecting OMEGA_REF_running_grp_3 with GEN____6_SM_generator_running
2019-11-04 10:57:12 | DEBUG | connecting GEN____6_SM_generator_switchOffSignal1 with NETWORK__BUS____6_TN_switchOff
2019-11-04 10:57:12 | DEBUG | connecting GEN____6_SM_generator_terminal with NETWORK__BUS____6_TN_ACPIN
2019-11-04 10:57:12 | DEBUG | connecting OMEGA_REF_omega_grp_4 with GEN____8_SM_generator_omegaPu
2019-11-04 10:57:12 | DEBUG | connecting OMEGA_REF_omegaRef_grp_4 with GEN____8_SM_generator_omegaRefPu
2019-11-04 10:57:12 | DEBUG | connecting OMEGA_REF_running_grp_4 with GEN____8_SM_generator_running
2019-11-04 10:57:12 | DEBUG | connecting GEN____8_SM_generator_switchOffSignal1 with NETWORK__BUS____8_TN_switchOff
2019-11-04 10:57:12 | DEBUG | connecting GEN____8_SM_generator_terminal with NETWORK__BUS____8_TN_ACPIN
2019-11-04 10:57:12 | DEBUG | connecting LOADVAR_LOAD2_event_state1 with _LOAD___2_EC_load_PRefPu
2019-11-04 10:57:12 | DEBUG | connecting LOADVAR_LOAD2_event_state2 with _LOAD___2_EC_load_QRefPu
2019-11-04 10:57:12 | DEBUG | connecting LOADVAR_LOAD3_event_state1 with _LOAD___3_EC_load_PRefPu
2019-11-04 10:57:12 | DEBUG | connecting LOADVAR_LOAD3_event_state2 with _LOAD___3_EC_load_QRefPu
2019-11-04 10:57:12 | DEBUG | connecting OMEGA_REF_numcc_node_0 with NETWORK__BUS____1_TN_numcc
2019-11-04 10:57:12 | DEBUG | connecting OMEGA_REF_numcc_node_1 with NETWORK__BUS____2_TN_numcc
2019-11-04 10:57:12 | DEBUG | connecting OMEGA_REF_numcc_node_2 with NETWORK__BUS____3_TN_numcc
2019-11-04 10:57:12 | DEBUG | connecting OMEGA_REF_numcc_node_3 with NETWORK__BUS____6_TN_numcc
2019-11-04 10:57:12 | DEBUG | connecting OMEGA_REF_numcc_node_4 with NETWORK__BUS____8_TN_numcc
2019-11-04 10:57:12 | DEBUG | connecting _LOAD__10_EC_load_terminal with NETWORK__BUS___10_TN_ACPIN
2019-11-04 10:57:12 | DEBUG | connecting _LOAD__11_EC_load_terminal with NETWORK__BUS___11_TN_ACPIN
2019-11-04 10:57:12 | DEBUG | connecting _LOAD__12_EC_load_terminal with NETWORK__BUS___12_TN_ACPIN
2019-11-04 10:57:12 | DEBUG | connecting _LOAD__13_EC_load_terminal with NETWORK__BUS___13_TN_ACPIN
2019-11-04 10:57:12 | DEBUG | connecting _LOAD__14_EC_load_terminal with NETWORK__BUS___14_TN_ACPIN
2019-11-04 10:57:12 | DEBUG | connecting _LOAD___2_EC_load_terminal with NETWORK__BUS____2_TN_ACPIN
2019-11-04 10:57:12 | DEBUG | connecting _LOAD___3_EC_load_terminal with NETWORK__BUS____3_TN_ACPIN
2019-11-04 10:57:12 | DEBUG | connecting _LOAD___4_EC_load_terminal with NETWORK__BUS____4_TN_ACPIN
2019-11-04 10:57:12 | DEBUG | connecting _LOAD___5_EC_load_terminal with NETWORK__BUS____5_TN_ACPIN
2019-11-04 10:57:12 | DEBUG | connecting _LOAD___6_EC_load_terminal with NETWORK__BUS____6_TN_ACPIN
2019-11-04 10:57:12 | DEBUG | connecting _LOAD___9_EC_load_terminal with NETWORK__BUS____9_TN_ACPIN
2019-11-04 10:57:12 | INFO | adding curve : Id: NETWORK; curve: _BUS____1_TN_Upu_value found. (exact name)
2019-11-04 10:57:12 | INFO | adding curve : Id: NETWORK; curve: _BUS____2_TN_Upu_value found. (exact name)
2019-11-04 10:57:12 | INFO | adding curve : Id: NETWORK; curve: _BUS____3_TN_Upu_value found. (exact name)
2019-11-04 10:57:12 | INFO | adding curve : Id: NETWORK; curve: _BUS____4_TN_Upu_value found. (exact name)
2019-11-04 10:57:12 | INFO | adding curve : Id: NETWORK; curve: _BUS____5_TN_Upu_value found. (exact name)
2019-11-04 10:57:12 | INFO | adding curve : Id: NETWORK; curve: _BUS____6_TN_Upu_value found. (exact name)
2019-11-04 10:57:12 | INFO | adding curve : Id: NETWORK; curve: _BUS____7_TN_Upu_value found. (exact name)
2019-11-04 10:57:12 | INFO | adding curve : Id: NETWORK; curve: _BUS____8_TN_Upu_value found. (exact name)
2019-11-04 10:57:12 | INFO | adding curve : Id: NETWORK; curve: _BUS____9_TN_Upu_value found. (exact name)
2019-11-04 10:57:12 | INFO | adding curve : Id: NETWORK; curve: _BUS___10_TN_Upu_value found. (exact name)
2019-11-04 10:57:12 | INFO | adding curve : Id: NETWORK; curve: _BUS___11_TN_Upu_value found. (exact name)
2019-11-04 10:57:12 | INFO | adding curve : Id: NETWORK; curve: _BUS___12_TN_Upu_value found. (exact name)
2019-11-04 10:57:12 | INFO | adding curve : Id: NETWORK; curve: _BUS___13_TN_Upu_value found. (exact name)
2019-11-04 10:57:12 | INFO | adding curve : Id: NETWORK; curve: _BUS___14_TN_Upu_value found. (exact name)
2019-11-04 10:57:12 | INFO | adding curve : Id: GEN____1_SM; output: generator_omegaPu found.( generator_omegaPu_value )
2019-11-04 10:57:12 | INFO | adding curve : Id: GEN____2_SM; output: generator_omegaPu found.( generator_omegaPu_value )
2019-11-04 10:57:12 | INFO | adding curve : Id: GEN____3_SM; output: generator_omegaPu found.( generator_omegaPu_value )
2019-11-04 10:57:12 | INFO | adding curve : Id: GEN____6_SM; output: generator_omegaPu found.( generator_omegaPu_value )
2019-11-04 10:57:12 | INFO | adding curve : Id: GEN____8_SM; output: generator_omegaPu found.( generator_omegaPu_value )
2019-11-04 10:57:12 | INFO | adding curve : Id: GEN____1_SM; curve: generator_PGen found. (exact name)
2019-11-04 10:57:12 | INFO | adding curve : Id: GEN____2_SM; curve: generator_PGen found. (exact name)
2019-11-04 10:57:12 | INFO | adding curve : Id: GEN____3_SM; curve: generator_PGen found. (exact name)
2019-11-04 10:57:12 | INFO | adding curve : Id: GEN____6_SM; curve: generator_PGen found. (exact name)
2019-11-04 10:57:12 | INFO | adding curve : Id: GEN____8_SM; curve: generator_PGen found. (exact name)
2019-11-04 10:57:12 | INFO | adding curve : Id: GEN____1_SM; curve: generator_QGen found. (exact name)
2019-11-04 10:57:12 | INFO | adding curve : Id: GEN____2_SM; curve: generator_QGen found. (exact name)
2019-11-04 10:57:12 | INFO | adding curve : Id: GEN____3_SM; curve: generator_QGen found. (exact name)
2019-11-04 10:57:12 | INFO | adding curve : Id: GEN____6_SM; curve: generator_QGen found. (exact name)
2019-11-04 10:57:12 | INFO | adding curve : Id: GEN____8_SM; curve: generator_QGen found. (exact name)
2019-11-04 10:57:12 | INFO | adding curve : Id: GEN____3_SM; output: generator_running found.( generator_running_value )
2019-11-04 10:57:12 | INFO | adding curve : Id: _LOAD___2_EC; curve: load_PPu found. (exact name)
2019-11-04 10:57:12 | INFO | adding curve : Id: _LOAD___2_EC; curve: load_QPu found. (exact name)
2019-11-04 10:57:12 | INFO | adding curve : Id: _LOAD___3_EC; curve: load_PPu found. (exact name)
2019-11-04 10:57:12 | INFO | adding curve : Id: _LOAD___3_EC; curve: load_QPu found. (exact name)
2019-11-04 10:57:12 | INFO | adding parameter curve: Id: UVA; parameter curve: underVoltageAutomaton_UMinPu found. (exact name)
2019-11-04 10:57:12 | DEBUG | nbSubNetwork = 1 nbsub = 1
2019-11-04 10:57:12 | DEBUG | subNetwork[0] nbBus = 14
2019-11-04 10:57:12 | DEBUG | keep SubNetworks num : 0
2019-11-04 10:57:12 | DEBUG | generator_Cm0Pu same value as Pm_Value0
2019-11-04 10:57:12 | DEBUG | generator_Pm0Pu same value as Pm_Value0
2019-11-04 10:57:12 | DEBUG | generator_Efd0Pu same value as URef_Value0
2019-11-04 10:57:12 | DEBUG | generator_LambdaQ10Pu same value as generator_LambdaQ20Pu
2019-11-04 10:57:12 | DEBUG | generator_sStator0Pu_im opposite value of generator_QStator0Pu
2019-11-04 10:57:12 | DEBUG | generator_Theta0 same value as generator_ThetaInternal0
2019-11-04 10:57:12 | DEBUG | generator_Cm0Pu same value as Pm_Value0
2019-11-04 10:57:12 | DEBUG | generator_Pm0Pu same value as Pm_Value0
2019-11-04 10:57:12 | DEBUG | generator_Efd0Pu same value as URef_Value0
2019-11-04 10:57:12 | DEBUG | generator_LambdaQ10Pu same value as generator_LambdaQ20Pu
2019-11-04 10:57:12 | DEBUG | generator_sStator0Pu_im opposite value of generator_QStator0Pu
2019-11-04 10:57:12 | DEBUG | generator_Theta0 same value as generator_ThetaInternal0
2019-11-04 10:57:12 | DEBUG | generator_Cm0Pu same value as Pm_Value0
2019-11-04 10:57:12 | DEBUG | generator_Pm0Pu same value as Pm_Value0
2019-11-04 10:57:12 | DEBUG | generator_Efd0Pu same value as URef_Value0
2019-11-04 10:57:12 | DEBUG | generator_LambdaQ10Pu same value as generator_LambdaQ20Pu
2019-11-04 10:57:12 | DEBUG | generator_sStator0Pu_im opposite value of generator_QStator0Pu
2019-11-04 10:57:12 | DEBUG | generator_Theta0 same value as generator_ThetaInternal0
2019-11-04 10:57:12 | DEBUG | generator_Cm0Pu same value as Pm_Value0
2019-11-04 10:57:12 | DEBUG | generator_Pm0Pu same value as Pm_Value0
2019-11-04 10:57:12 | DEBUG | generator_Efd0Pu same value as URef_Value0
2019-11-04 10:57:12 | DEBUG | generator_LambdaQ10Pu same value as generator_LambdaQ20Pu
2019-11-04 10:57:12 | DEBUG | generator_sStator0Pu_im opposite value of generator_QStator0Pu
2019-11-04 10:57:12 | DEBUG | generator_Theta0 same value as generator_ThetaInternal0
2019-11-04 10:57:12 | DEBUG | generator_Cm0Pu same value as Pm_Value0
2019-11-04 10:57:12 | DEBUG | generator_Pm0Pu same value as Pm_Value0
2019-11-04 10:57:12 | DEBUG | generator_Efd0Pu same value as URef_Value0
2019-11-04 10:57:12 | DEBUG | generator_LambdaQ10Pu same value as generator_LambdaQ20Pu
2019-11-04 10:57:12 | DEBUG | generator_sStator0Pu_im opposite value of generator_QStator0Pu
2019-11-04 10:57:12 | DEBUG | generator_Theta0 same value as generator_ThetaInternal0
2019-11-04 10:57:12 | DEBUG | call of SolverReInit ie a new symbolic and numerical factorization will be performed
2019-11-04 10:57:12 | DEBUG | -----------------------------------------------------------------------
2019-11-04 10:57:12 | DEBUG | number of continuous variables : 367 (display limited to 4 variables)
2019-11-04 10:57:12 | DEBUG | number of discrete variables : 202
2019-11-04 10:57:12 | DEBUG | -----------------------------------------------------------------------
2019-11-04 10:57:12 | DEBUG |     t              y1            y2            y3            y4      | nst k      h
2019-11-04 10:57:12 | DEBUG | -----------------------------------------------------------------------
2019-11-04 10:57:12 | DEBUG |        0.000  1.014792e+00 -2.737274e-01 -6.830820e-02  7.559011e-02 |   0 0 3.029026e-04 
2019-11-04 10:57:12 | DEBUG |        0.000  1.014792e+00 -2.737274e-01 -6.830819e-02  7.559010e-02 |   1 1 3.029026e-04 
2019-11-04 10:57:12 | DEBUG |        0.001  1.014791e+00 -2.737274e-01 -6.830819e-02  7.559009e-02 |   2 1 3.029026e-04 
2019-11-04 10:57:12 | DEBUG |        0.001  1.014791e+00 -2.737273e-01 -6.830818e-02  7.559007e-02 |   3 2 6.058052e-04 
2019-11-04 10:57:12 | DEBUG |        0.002  1.014791e+00 -2.737273e-01 -6.830817e-02  7.559004e-02 |   4 2 1.211610e-03 
2019-11-04 10:57:12 | DEBUG |        0.005  1.014790e+00 -2.737272e-01 -6.830814e-02  7.558997e-02 |   5 2 2.423221e-03 
2019-11-04 10:57:12 | DEBUG |        0.010  1.014788e+00 -2.737271e-01 -6.830809e-02  7.558986e-02 |   6 2 4.846442e-03 
2019-11-04 10:57:12 | DEBUG |        0.019  1.014786e+00 -2.737269e-01 -6.830800e-02  7.558967e-02 |   7 2 9.692883e-03 
2019-11-04 10:57:12 | DEBUG |        0.039  1.014782e+00 -2.737267e-01 -6.830789e-02  7.558941e-02 |   8 2 1.938577e-02 
2019-11-04 10:57:12 | DEBUG |        0.078  1.014779e+00 -2.737266e-01 -6.830776e-02  7.558917e-02 |   9 2 3.877153e-02 
2019-11-04 10:57:12 | DEBUG |        0.155  1.014776e+00 -2.737273e-01 -6.830763e-02  7.558907e-02 |  10 2 7.754306e-02 
2019-11-04 10:57:12 | DEBUG |        0.310  1.014776e+00 -2.737302e-01 -6.830743e-02  7.558929e-02 |  11 1 1.550861e-01 
2019-11-04 10:57:12 | DEBUG |        0.620  1.014773e+00 -2.737339e-01 -6.830708e-02  7.558940e-02 |  12 1 3.101723e-01 
2019-11-04 10:57:12 | DEBUG |        1.241  1.014769e+00 -2.737316e-01 -6.830707e-02  7.558893e-02 |  13 1 6.203445e-01 
2019-11-04 10:57:12 | DEBUG |        2.481  1.014767e+00 -2.737271e-01 -6.830729e-02  7.558841e-02 |  14 1 1.240689e+00 
2019-11-04 10:57:12 | DEBUG |        4.963  1.014768e+00 -2.737258e-01 -6.830744e-02  7.558841e-02 |  15 1 2.481378e+00 
2019-11-04 10:57:12 | DEBUG |        9.926  1.014774e+00 -2.737262e-01 -6.830760e-02  7.558880e-02 |  16 1 4.962756e+00 
2019-11-04 10:57:12 | DEBUG |       19.851  1.014780e+00 -2.737274e-01 -6.830776e-02  7.558933e-02 |  17 1 9.925512e+00 
2019-11-04 10:57:12 | DEBUG | Algebraic mode change for model _LOAD___2_EC
2019-11-04 10:57:12 | DEBUG | Algebraic mode change for model _LOAD___3_EC
2019-11-04 10:57:12 | DEBUG |       20.000  1.014780e+00 -2.737274e-01 -6.830776e-02  7.558933e-02 |  18 1 1.000000e+01 
2019-11-04 10:57:12 | DEBUG | calculation of the new starting point of the simulation.
2019-11-04 10:57:12 | DEBUG | call of SolverReInit ie a new symbolic and numerical factorization will be performed
2019-11-04 10:57:12 | DEBUG |       20.000  9.936884e-01 -2.805070e-01 -6.708687e-02  7.477636e-02 |   0 0 0.000000e+00 
2019-11-04 10:57:12 | DEBUG |       20.002  9.934436e-01 -2.806616e-01 -6.706773e-02  7.477366e-02 |   1 1 1.548655e-03 
2019-11-04 10:57:12 | DEBUG |       20.003  9.932064e-01 -2.808099e-01 -6.704927e-02  7.477090e-02 |   2 1 1.548655e-03 
2019-11-04 10:57:12 | DEBUG |       20.006  9.927476e-01 -2.810927e-01 -6.701383e-02  7.476524e-02 |   3 2 3.097311e-03 
2019-11-04 10:57:12 | DEBUG |       20.012  9.919017e-01 -2.815977e-01 -6.694953e-02  7.475344e-02 |   4 2 6.194622e-03 
2019-11-04 10:57:12 | DEBUG |       20.025  9.904459e-01 -2.824253e-01 -6.684151e-02  7.472971e-02 |   5 2 1.238924e-02 
2019-11-04 10:57:12 | DEBUG |       20.037  9.892532e-01 -2.830664e-01 -6.675535e-02  7.470722e-02 |   6 2 1.238924e-02 
2019-11-04 10:57:12 | DEBUG |       20.050  9.882609e-01 -2.835839e-01 -6.668467e-02  7.468724e-02 |   7 2 1.238924e-02 
2019-11-04 10:57:12 | DEBUG |       20.062  9.874196e-01 -2.840217e-01 -6.662478e-02  7.467029e-02 |   8 2 1.238924e-02 
2019-11-04 10:57:12 | DEBUG |       20.087  9.860212e-01 -2.847794e-01 -6.652323e-02  7.464484e-02 |   9 2 2.477849e-02 
2019-11-04 10:57:12 | DEBUG |       20.112  9.849029e-01 -2.854317e-01 -6.643898e-02  7.462859e-02 |  10 2 2.477849e-02 
2019-11-04 10:57:12 | DEBUG |       20.136  9.839552e-01 -2.860305e-01 -6.636455e-02  7.461888e-02 |  11 2 2.477849e-02 
2019-11-04 10:57:12 | DEBUG |       20.161  9.831081e-01 -2.866007e-01 -6.629573e-02  7.461330e-02 |  12 2 2.477849e-02 
2019-11-04 10:57:12 | DEBUG |       20.211  9.815429e-01 -2.876909e-01 -6.616610e-02  7.460633e-02 |  13 2 4.955698e-02 
2019-11-04 10:57:12 | DEBUG |       20.260  9.800849e-01 -2.887124e-01 -6.604489e-02  7.460055e-02 |  14 2 4.955698e-02 
2019-11-04 10:57:12 | DEBUG |       20.310  9.786746e-01 -2.896581e-01 -6.593031e-02  7.459150e-02 |  15 2 4.955698e-02 
2019-11-04 10:57:12 | DEBUG |       20.359  9.772948e-01 -2.905146e-01 -6.582261e-02  7.457689e-02 |  16 2 4.955698e-02 
2019-11-04 10:57:12 | DEBUG |       20.409  9.759492e-01 -2.912694e-01 -6.572275e-02  7.455586e-02 |  17 2 4.955698e-02 
2019-11-04 10:57:12 | DEBUG |       20.508  9.734180e-01 -2.924801e-01 -6.554839e-02  7.449861e-02 |  18 2 9.911395e-02 
2019-11-04 10:57:12 | DEBUG |       20.607  9.711318e-01 -2.933895e-01 -6.540275e-02  7.443142e-02 |  19 2 9.911395e-02 
2019-11-04 10:57:12 | DEBUG |       20.706  9.691022e-01 -2.941919e-01 -6.527365e-02  7.437168e-02 |  20 2 9.911395e-02 
2019-11-04 10:57:12 | DEBUG |       20.805  9.672870e-01 -2.951205e-01 -6.514434e-02  7.433679e-02 |  21 2 9.911395e-02 
2019-11-04 10:57:12 | DEBUG |       20.904  9.655982e-01 -2.963733e-01 -6.499852e-02  7.433834e-02 |  22 2 9.911395e-02 
2019-11-04 10:57:12 | DEBUG |       21.004  9.639313e-01 -2.980575e-01 -6.482517e-02  7.437901e-02 |  23 2 9.911395e-02 
2019-11-04 10:57:12 | DEBUG |       21.103  9.621955e-01 -3.001642e-01 -6.462130e-02  7.445237e-02 |  24 2 9.911395e-02 
2019-11-04 10:57:12 | DEBUG |       21.202  9.603389e-01 -3.025796e-01 -6.439227e-02  7.454533e-02 |  25 2 9.911395e-02 
2019-11-04 10:57:12 | DEBUG |       21.301  9.583585e-01 -3.051175e-01 -6.415012e-02  7.464160e-02 |  26 2 9.911395e-02 
2019-11-04 10:57:12 | DEBUG |       21.400  9.562954e-01 -3.075615e-01 -6.391062e-02  7.472502e-02 |  27 2 9.911395e-02 
2019-11-04 10:57:12 | DEBUG |       21.499  9.542215e-01 -3.097048e-01 -6.369020e-02  7.478209e-02 |  28 2 9.911395e-02 
2019-11-04 10:57:12 | DEBUG |       21.598  9.522200e-01 -3.113801e-01 -6.350321e-02  7.480337e-02 |  29 2 9.911395e-02 
2019-11-04 10:57:12 | DEBUG |       21.697  9.503659e-01 -3.124785e-01 -6.335982e-02  7.478391e-02 |  30 2 9.911395e-02 
2019-11-04 10:57:12 | DEBUG |       21.796  9.487068e-01 -3.129596e-01 -6.326461e-02  7.472302e-02 |  31 2 9.911395e-02 
2019-11-04 10:57:12 | DEBUG |       21.896  9.472504e-01 -3.128567e-01 -6.321574e-02  7.462392e-02 |  32 2 9.911395e-02 
2019-11-04 10:57:12 | DEBUG |       21.995  9.459628e-01 -3.122761e-01 -6.320487e-02  7.449368e-02 |  33 2 9.911395e-02 
2019-11-04 10:57:12 | DEBUG |       22.094  9.447784e-01 -3.113889e-01 -6.321812e-02  7.434311e-02 |  34 2 9.911395e-02 
2019-11-04 10:57:12 | DEBUG |       22.193  9.436168e-01 -3.104105e-01 -6.323813e-02  7.418602e-02 |  35 2 9.911395e-02 
2019-11-04 10:57:12 | DEBUG |       22.292  9.424024e-01 -3.095666e-01 -6.324711e-02  7.403749e-02 |  36 2 9.911395e-02 
2019-11-04 10:57:12 | DEBUG |       22.391  9.410818e-01 -3.090514e-01 -6.323022e-02  7.391121e-02 |  37 2 9.911395e-02 
2019-11-04 10:57:12 | DEBUG |       22.490  9.396347e-01 -3.089874e-01 -6.317862e-02  7.381675e-02 |  38 2 9.911395e-02 
2019-11-04 10:57:12 | DEBUG |       22.589  9.380782e-01 -3.094000e-01 -6.309132e-02  7.375744e-02 |  39 2 9.911395e-02 
2019-11-04 10:57:12 | DEBUG |       22.688  9.364616e-01 -3.102145e-01 -6.297512e-02  7.372980e-02 |  40 2 9.911395e-02 
2019-11-04 10:57:12 | DEBUG |       22.788  9.348525e-01 -3.112778e-01 -6.284272e-02  7.372461e-02 |  41 2 9.911395e-02 
2019-11-04 10:57:12 | DEBUG |       22.887  9.333190e-01 -3.123991e-01 -6.270933e-02  7.372924e-02 |  42 2 9.911395e-02 
2019-11-04 10:57:12 | DEBUG |       22.986  9.319097e-01 -3.133981e-01 -6.258879e-02  7.373085e-02 |  43 2 9.911395e-02 
2019-11-04 10:57:12 | DEBUG |       23.085  9.306413e-01 -3.141465e-01 -6.249025e-02  7.371914e-02 |  44 2 9.911395e-02 
2019-11-04 10:57:12 | DEBUG |       23.184  9.294945e-01 -3.145915e-01 -6.241647e-02  7.368831e-02 |  45 2 9.911395e-02 
2019-11-04 10:57:12 | DEBUG |       23.283  9.284220e-01 -3.147555e-01 -6.236412e-02  7.363745e-02 |  46 2 9.911395e-02 
2019-11-04 10:57:12 | DEBUG |       23.382  9.273639e-01 -3.147142e-01 -6.232583e-02  7.356959e-02 |  47 2 9.911395e-02 
2019-11-04 10:57:12 | DEBUG |       23.481  9.262666e-01 -3.145626e-01 -6.229322e-02  7.348984e-02 |  48 2 9.911395e-02 
2019-11-04 10:57:12 | DEBUG |       23.580  9.250981e-01 -3.143794e-01 -6.225984e-02  7.340317e-02 |  49 2 9.911395e-02 
2019-11-04 10:57:12 | DEBUG |       23.680  9.238572e-01 -3.142043e-01 -6.222302e-02  7.331297e-02 |  50 2 9.911395e-02 
2019-11-04 10:57:12 | DEBUG |       23.878  9.213379e-01 -3.137935e-01 -6.215191e-02  7.312495e-02 |  51 2 1.982279e-01 
2019-11-04 10:57:12 | DEBUG |       24.056  9.191783e-01 -3.132494e-01 -6.210351e-02  7.294706e-02 |  52 2 1.784051e-01 
2019-11-04 10:57:12 | DEBUG |       24.235  9.172377e-01 -3.125421e-01 -6.207430e-02  7.276812e-02 |  53 2 1.784051e-01 
2019-11-04 10:57:12 | DEBUG |       24.413  9.154786e-01 -3.118789e-01 -6.204914e-02  7.260407e-02 |  54 2 1.784051e-01 
2019-11-04 10:57:12 | DEBUG |       24.591  9.137648e-01 -3.115431e-01 -6.200407e-02  7.247172e-02 |  55 2 1.784051e-01 
2019-11-04 10:57:12 | DEBUG |       24.770  9.119688e-01 -3.116913e-01 -6.192376e-02  7.237734e-02 |  56 2 1.784051e-01 
2019-11-04 10:57:12 | DEBUG |       24.948  9.100561e-01 -3.122293e-01 -6.181307e-02  7.231067e-02 |  57 2 1.784051e-01 
2019-11-04 10:57:12 | DEBUG |       25.127  9.080963e-01 -3.128520e-01 -6.169481e-02  7.224898e-02 |  58 2 1.784051e-01 
2019-11-04 10:57:12 | DEBUG |       25.305  9.062041e-01 -3.132121e-01 -6.159642e-02  7.216837e-02 |  59 2 1.784051e-01 
2019-11-04 10:57:12 | DEBUG |       25.483  9.044609e-01 -3.131008e-01 -6.153493e-02  7.205509e-02 |  60 2 1.784051e-01 
2019-11-04 10:57:12 | DEBUG |       25.662  9.028636e-01 -3.125507e-01 -6.150806e-02  7.191168e-02 |  61 2 1.784051e-01 
2019-11-04 10:57:12 | DEBUG |       25.912  9.007545e-01 -3.115007e-01 -6.149377e-02  7.169381e-02 |  62 1 2.498895e-01 
2019-11-04 10:57:12 | DEBUG |       26.134  8.988426e-01 -3.108475e-01 -6.146098e-02  7.152290e-02 |  63 1 2.224189e-01 
2019-11-04 10:57:12 | DEBUG |       26.357  8.969216e-01 -3.104678e-01 -6.140968e-02  7.137587e-02 |  64 1 2.224189e-01 
2019-11-04 10:57:12 | DEBUG |       26.579  8.950294e-01 -3.102537e-01 -6.134851e-02  7.124539e-02 |  65 1 2.224189e-01 
2019-11-04 10:57:12 | DEBUG |       26.801  8.931647e-01 -3.100936e-01 -6.128478e-02  7.112159e-02 |  66 2 2.224189e-01 
2019-11-04 10:57:12 | DEBUG |       26.940  8.920223e-01 -3.100033e-01 -6.124516e-02  7.104654e-02 |  67 2 2.224189e-01 
2019-11-04 10:57:12 | DEBUG |       27.024  8.913448e-01 -3.099528e-01 -6.122145e-02  7.100232e-02 |  67 2 2.224189e-01 
2019-11-04 10:57:12 | DEBUG |       27.469  8.878475e-01 -3.095528e-01 -6.110798e-02  7.076198e-02 |  68 2 4.448378e-01 
2019-11-04 10:57:12 | DEBUG |       27.914  8.845891e-01 -3.089330e-01 -6.101815e-02  7.051660e-02 |  69 1 4.448378e-01 
2019-11-04 10:57:12 | DEBUG |       28.358  8.814657e-01 -3.083166e-01 -6.093316e-02  7.027987e-02 |  70 1 4.448378e-01 
2019-11-04 10:57:12 | DEBUG |       29.248  8.757085e-01 -3.072683e-01 -6.076990e-02  6.985251e-02 |  71 1 8.896755e-01 
2019-11-04 10:57:12 | DEBUG |       30.138  8.704034e-01 -3.063183e-01 -6.061735e-02  6.946164e-02 |  72 1 8.896755e-01 
2019-11-04 10:57:12 | DEBUG |       31.027  8.655080e-01 -3.054260e-01 -6.047676e-02  6.910076e-02 |  73 1 8.896755e-01 
2019-11-04 10:57:12 | DEBUG | Algebraic mode (with J recalculation) change for model GEN____3_SM
2019-11-04 10:57:12 | DEBUG | Algebraic mode (with J recalculation) change for model OMEGA_REF
2019-11-04 10:57:12 | DEBUG |       31.940  8.607779e-01 -3.045534e-01 -6.034094e-02  6.875201e-02 |  74 2 1.779351e+00 
2019-11-04 10:57:12 | DEBUG | calculation of the new starting point of the simulation.
2019-11-04 10:57:12 | DEBUG | call of SolverReInit ie a new symbolic and numerical factorization will be performed
2019-11-04 10:57:12 | DEBUG |       31.940  8.359844e-01 -2.958656e-01 -5.988327e-02  6.656638e-02 |   0 0 0.000000e+00 
2019-11-04 10:57:12 | DEBUG |       31.944  8.356373e-01 -2.958132e-01 -5.987219e-02  6.654226e-02 |   1 1 3.749619e-03 
2019-11-04 10:57:12 | DEBUG |       31.948  8.353169e-01 -2.957621e-01 -5.986214e-02  6.651975e-02 |   2 1 3.749619e-03 
2019-11-04 10:57:12 | DEBUG |       31.955  8.347297e-01 -2.956633e-01 -5.984404e-02  6.647803e-02 |   3 2 7.499238e-03 
2019-11-04 10:57:12 | DEBUG |       31.970  8.337695e-01 -2.954863e-01 -5.981541e-02  6.640845e-02 |   4 2 1.499848e-02 
2019-11-04 10:57:12 | DEBUG |       32.000  8.323879e-01 -2.952179e-01 -5.977506e-02  6.630715e-02 |   5 2 2.999695e-02 
2019-11-04 10:57:12 | DEBUG |       32.030  8.314717e-01 -2.950524e-01 -5.974747e-02  6.624115e-02 |   6 2 2.999695e-02 
2019-11-04 10:57:12 | DEBUG |       32.060  8.307835e-01 -2.949663e-01 -5.972424e-02  6.619511e-02 |   7 2 2.999695e-02 
2019-11-04 10:57:12 | DEBUG |       32.090  8.301966e-01 -2.949348e-01 -5.970169e-02  6.615971e-02 |   8 2 2.999695e-02 
2019-11-04 10:57:12 | DEBUG |       32.150  8.291079e-01 -2.949427e-01 -5.965553e-02  6.610019e-02 |   9 2 5.999390e-02 
2019-11-04 10:57:12 | DEBUG |       32.270  8.272947e-01 -2.948064e-01 -5.958827e-02  6.598750e-02 |  10 1 1.199878e-01 
2019-11-04 10:57:12 | DEBUG |       32.285  8.271006e-01 -2.947474e-01 -5.958393e-02  6.597137e-02 |  11 1 1.077378e-01 
2019-11-04 10:57:12 | DEBUG |       32.378  8.258752e-01 -2.943747e-01 -5.955658e-02  6.586959e-02 |  11 1 1.077378e-01 
2019-11-04 10:57:12 | DEBUG |       32.486  8.246510e-01 -2.936759e-01 -5.955032e-02  6.573798e-02 |  12 1 1.077378e-01 
2019-11-04 10:57:12 | DEBUG |       32.594  8.235680e-01 -2.928202e-01 -5.956009e-02  6.559975e-02 |  13 1 1.077378e-01 
2019-11-04 10:57:12 | DEBUG |       32.701  8.225615e-01 -2.919299e-01 -5.957522e-02  6.546253e-02 |  14 1 1.077378e-01 
2019-11-04 10:57:12 | DEBUG |       32.917  8.205483e-01 -2.905108e-01 -5.958191e-02  6.522129e-02 |  15 1 2.154756e-01 
2019-11-04 10:57:12 | DEBUG |       33.111  8.186755e-01 -2.895845e-01 -5.956249e-02  6.503317e-02 |  16 1 1.939280e-01 
2019-11-04 10:57:12 | DEBUG |       33.305  8.167753e-01 -2.889125e-01 -5.952537e-02  6.486707e-02 |  17 1 1.939280e-01 
2019-11-04 10:57:12 | DEBUG |       33.499  8.149033e-01 -2.883759e-01 -5.948056e-02  6.471514e-02 |  18 1 1.939280e-01 
2019-11-04 10:57:12 | DEBUG |       33.779  8.123867e-01 -2.877310e-01 -5.941513e-02  6.451824e-02 |  19 1 3.878561e-01 
2019-11-04 10:57:12 | DEBUG |       33.886  8.114248e-01 -2.874845e-01 -5.939012e-02  6.444298e-02 |  19 1 3.878561e-01 
2019-11-04 10:57:12 | DEBUG |       34.274  8.081860e-01 -2.867359e-01 -5.930023e-02  6.419761e-02 |  20 1 3.878561e-01 
2019-11-04 10:57:12 | DEBUG |       34.662  8.051377e-01 -2.861405e-01 -5.920824e-02  6.397722e-02 |  21 1 3.878561e-01 
2019-11-04 10:57:12 | DEBUG |       35.438  7.994174e-01 -2.852485e-01 -5.902029e-02  6.358578e-02 |  22 2 7.757122e-01 
2019-11-04 10:57:12 | DEBUG |       35.940  7.960100e-01 -2.848721e-01 -5.889779e-02  6.336791e-02 |  23 2 7.757122e-01 
2019-11-04 10:57:12 | DEBUG |       36.214  7.942544e-01 -2.847339e-01 -5.883088e-02  6.326114e-02 |  23 2 7.757122e-01 
2019-11-04 10:57:12 | DEBUG |       37.765  7.854207e-01 -2.842622e-01 -5.847833e-02  6.274736e-02 |  24 2 1.551424e+00 
2019-11-04 10:57:12 | DEBUG |       39.161  7.789227e-01 -2.842553e-01 -5.819531e-02  6.240450e-02 |  25 2 1.396282e+00 
2019-11-04 10:57:12 | DEBUG |       40.558  7.735210e-01 -2.844145e-01 -5.794828e-02  6.213713e-02 |  26 2 1.396282e+00 
2019-11-04 10:57:12 | DEBUG |       41.954  7.690242e-01 -2.846402e-01 -5.773577e-02  6.192485e-02 |  27 2 1.396282e+00 
2019-11-04 10:57:12 | DEBUG |       43.350  7.652725e-01 -2.848866e-01 -5.755413e-02  6.175431e-02 |  28 2 1.396282e+00 
2019-11-04 10:57:12 | DEBUG |       46.143  7.594059e-01 -2.853598e-01 -5.726319e-02  6.149827e-02 |  29 2 2.792564e+00 
2019-11-04 10:57:12 | DEBUG |       46.985  7.579809e-01 -2.854940e-01 -5.719115e-02  6.143816e-02 |  30 2 2.792564e+00 
2019-11-04 10:57:12 | DEBUG |       48.935  7.552965e-01 -2.857893e-01 -5.705239e-02  6.132953e-02 |  30 2 2.792564e+00 
2019-11-04 10:57:12 | DEBUG |       51.728  7.524469e-01 -2.861557e-01 -5.690142e-02  6.121975e-02 |  31 2 2.792564e+00 
2019-11-04 10:57:12 | DEBUG |       54.520  7.504891e-01 -2.864564e-01 -5.679429e-02  6.114943e-02 |  32 2 2.792564e+00 
2019-11-04 10:57:12 | DEBUG |       57.313  7.491604e-01 -2.866980e-01 -5.671905e-02  6.110549e-02 |  33 2 2.792564e+00 
2019-11-04 10:57:12 | DEBUG |       60.106  7.482755e-01 -2.868909e-01 -5.666683e-02  6.107936e-02 |  34 2 2.792564e+00 
2019-11-04 10:57:12 | DEBUG |       65.691  7.472567e-01 -2.871806e-01 -5.660224e-02  6.105590e-02 |  35 2 5.585128e+00 
2019-11-04 10:57:12 | DEBUG |       71.276  7.469342e-01 -2.873764e-01 -5.657512e-02  6.105832e-02 |  36 2 5.585128e+00 
2019-11-04 10:57:12 | DEBUG |       76.861  7.469756e-01 -2.875167e-01 -5.656795e-02  6.107372e-02 |  37 2 5.585128e+00 
2019-11-04 10:57:12 | DEBUG |       82.446  7.471882e-01 -2.876252e-01 -5.657052e-02  6.109471e-02 |  38 2 5.585128e+00 
2019-11-04 10:57:12 | DEBUG |       88.031  7.474698e-01 -2.877158e-01 -5.657736e-02  6.111744e-02 |  39 2 5.585128e+00 
2019-11-04 10:57:12 | DEBUG |       98.031  7.479900e-01 -2.878563e-01 -5.659171e-02  6.115689e-02 |  40 2 1.000000e+01 
2019-11-04 10:57:12 | DEBUG |      100.000  7.480958e-01 -2.878801e-01 -5.659494e-02  6.116446e-02 |  41 1 1.968830e+00 
2019-11-04 10:57:12 | DEBUG | get parameter value in model multi : underVoltageAutomaton_UMinPu value: 0.85 in submodel: UVA
2019-11-04 10:57:12 | INFO | parameter curve:UVA curve variable:underVoltageAutomaton_UMinPu updated.
2019-11-04 10:57:12 | DEBUG | 
2019-11-04 10:57:12 | DEBUG | execution Stats :
2019-11-04 10:57:12 | DEBUG | 
2019-11-04 10:57:12 | DEBUG | number of iterations                     = 133
2019-11-04 10:57:12 | DEBUG | number of Residual evaluations           = 200
2019-11-04 10:57:12 | DEBUG | number of Jacobian evaluations           = 39
2019-11-04 10:57:12 | DEBUG | number of Nonlinear iterations           = 198
2019-11-04 10:57:12 | DEBUG | number of error test failures            = 1
2019-11-04 10:57:12 | DEBUG | number of Nonlinear convergence failures = 0
2019-11-04 10:57:12 | DEBUG | number of root functions evaluations     = 474
2019-11-04 10:57:12 | DEBUG | end of job 'IEEE14 - UnderVoltageAutomaton'
